#
# A fatal error has been detected by the Java Runtime Environment:
#
#  SIGSEGV (0xb) at pc=0x00007c8b76aff8c7, pid=7504, tid=7519
#
# JRE version: OpenJDK Runtime Environment Temurin-17.0.12+7 (17.0.12+7) (build 17.0.12+7)
# Java VM: OpenJDK 64-Bit Server VM Temurin-17.0.12+7 (17.0.12+7, mixed mode, tiered, compressed oops, compressed class ptrs, g1 gc, linux-amd64)
# Problematic frame:
# V  [libjvm.so+0x6ff8c7]  G1ConcurrentMark::scan_root_region(MemRegion const*, unsigned int)+0xd7
#
# Core dump will be written. Default location: Core dumps may be processed with "/usr/share/apport/apport -p%p -s%s -c%c -d%d -P%P -u%u -g%g -- %E" (or dumping to /home/antonio/IdeaProjects/gestionDigitalisation/core.7504)
#
# If you would like to submit a bug report, please visit:
#   https://github.com/adoptium/adoptium-support/issues
#

---------------  S U M M A R Y ------------

Command Line: -XX:+ShowCodeDetailsInExceptionMessages com.example.gestiondigitalisation.GestionDigitalisationApplication

Host: Intel(R) Core(TM) i5-3210M CPU @ 2.50GHz, 4 cores, 7G, Ubuntu 22.04.3 LTS
Time: Wed Oct 30 16:40:44 2024 EET elapsed time: 25.725939 seconds (0d 0h 0m 25s)

---------------  T H R E A D  ---------------

Current thread (0x00007c8b70094430):  ConcurrentGCThread "G1 Conc#0" [stack: 0x00007c8b74dff000,0x00007c8b74eff000] [id=7519]

Stack: [0x00007c8b74dff000,0x00007c8b74eff000],  sp=0x00007c8b74efdca0,  free space=1019k
Native frames: (J=compiled Java code, j=interpreted, Vv=VM code, C=native code)
V  [libjvm.so+0x6ff8c7]  G1ConcurrentMark::scan_root_region(MemRegion const*, unsigned int)+0xd7
V  [libjvm.so+0x707304]  G1CMRootRegionScanTask::work(unsigned int)+0x84
V  [libjvm.so+0xf1cbbf]  GangWorker::loop()+0x5f
V  [libjvm.so+0xf1cc1f]
V  [libjvm.so+0xe6bcba]  Thread::call_run()+0xaa
V  [libjvm.so+0xc29c13]  thread_native_entry(Thread*)+0xe3


siginfo: si_signo: 11 (SIGSEGV), si_code: 1 (SEGV_MAPERR), si_addr: 0x0000000000000008

Registers:
RAX=0x0000000000000001, RBX=0x0000000087ec2160, RCX=0x0000000000000003, RDX=0x0000000000000000
RSP=0x00007c8b74efdca0, RBP=0x00007c8b74efdd10, RSI=0x0000000087e5ee98, RDI=0x00007c8b776c5320
R8 =0x0000000000000116, R9 =0x0000000000000007, R10=0x0000000000000000, R11=0x0000000000000000
R12=0x0000000000000240, R13=0x00007c8b7770ab20, R14=0x00007c8b74efdcb0, R15=0x0000000087e5ee98
RIP=0x00007c8b76aff8c7, EFLAGS=0x0000000000010246, CSGSFS=0x002b000000000033, ERR=0x0000000000000004
  TRAPNO=0x000000000000000e


Register to memory mapping:

RAX=0x0000000000000001 is an unknown value
RBX=0x0000000087ec2160 points into unknown readable memory: 0x0000000087e5cc00 | 00 cc e5 87 00 00 00 00
RCX=0x0000000000000003 is an unknown value
RDX=0x0 is NULL
RSP=0x00007c8b74efdca0 points into unknown readable memory: 0x0000000087e4d4e0 | e0 d4 e4 87 00 00 00 00
RBP=0x00007c8b74efdd10 points into unknown readable memory: 0x00007c8b74efdd50 | 50 dd ef 74 8b 7c 00 00
RSI=0x0000000087e5ee98 points into unknown readable memory: 0x000000002000935c | 5c 93 00 20 00 00 00 00
RDI=0x00007c8b776c5320: <offset 0x00000000012c5320> in /home/antonio/.vscode/extensions/redhat.java-1.35.1-linux-x64/jre/17.0.12-linux-x86_64/lib/server/libjvm.so at 0x00007c8b76400000
R8 =0x0000000000000116 is an unknown value
R9 =0x0000000000000007 is an unknown value
R10=0x0 is NULL
R11=0x0 is NULL
R12=0x0000000000000240 is an unknown value
R13=0x00007c8b7770ab20: <offset 0x000000000130ab20> in /home/antonio/.vscode/extensions/redhat.java-1.35.1-linux-x64/jre/17.0.12-linux-x86_64/lib/server/libjvm.so at 0x00007c8b76400000
R14=0x00007c8b74efdcb0 points into unknown readable memory: 0x00007c8b77614570 | 70 45 61 77 8b 7c 00 00
R15=0x0000000087e5ee98 points into unknown readable memory: 0x000000002000935c | 5c 93 00 20 00 00 00 00


Top of Stack: (sp=0x00007c8b74efdca0)
0x00007c8b74efdca0:   0000000087e4d4e0 0000000100042868
0x00007c8b74efdcb0:   00007c8b77614570 0000000000000000
0x00007c8b74efdcc0:   00007c8b00000003 00007c8b7003b9e0
0x00007c8b74efdcd0:   00007c8b70083490 00007c8b00000000
0x00007c8b74efdce0:   00007c8b7789cbb0 00007c8b70083558
0x00007c8b74efdcf0:   0000000000000001 00007c8b70083490
0x00007c8b74efdd00:   00007c8b74ffeb90 0000000000000000
0x00007c8b74efdd10:   00007c8b74efdd50 00007c8b76b07304
0x00007c8b74efdd20:   00007c8b74efdd50 00007c8b74efdd6c
0x00007c8b74efdd30:   00007c8b74ffeb90 0000000000000000
0x00007c8b74efdd40:   0000000000000001 00007c8b70094430
0x00007c8b74efdd50:   00007c8b74efdda0 00007c8b7731cbbf
0x00007c8b74efdd60:   0000000000000058 ffffffff70094ff0
0x00007c8b74efdd70:   00007c8b74efddc0 00007c8b70094ff0
0x00007c8b74efdd80:   00007c8b70094430 00007c8b74dff000
0x00007c8b74efdd90:   0000000000100000 00007c8b763fe600
0x00007c8b74efdda0:   00007c8b74efddc0 00007c8b7731cc1f
0x00007c8b74efddb0:   00007c8b70094430 00007c8b70094430
0x00007c8b74efddc0:   00007c8b74efde20 00007c8b7726bcba
0x00007c8b74efddd0:   0000000000000000 00007c8b700950d0
0x00007c8b74efdde0:   0000000000000000 00007c8b70094430
0x00007c8b74efddf0:   00007c8b74efde20 00007c8b76fe2da9
0x00007c8b74efde00:   00007c8b74efde50 00007c8b700950d0
0x00007c8b74efde10:   00007c8b70094430 00007c8b778947d0
0x00007c8b74efde20:   00007c8b74efde50 00007c8b77029c13
0x00007c8b74efde30:   0000000000000000 00007c8b74efe640
0x00007c8b74efde40:   00007c8b74efe640 0000000000000016
0x00007c8b74efde50:   0000000000000000 00007c8b77894ac3
0x00007c8b74efde60:   0000000000000000 00007c8b74efe640
0x00007c8b74efde70:   00007c8b763fe4a0 d5d38c600f7e74d8
0x00007c8b74efde80:   00007c8b74efe640 0000000000000016
0x00007c8b74efde90:   00007c8b778947d0 00007c8b763fe600 

Instructions: (pc=0x00007c8b76aff8c7)
0x00007c8b76aff7c7:   8d 05 af 65 c4 00 8b 93 20 07 00 00 be 01 00 00
0x00007c8b76aff7d7:   00 8b bb 24 07 00 00 48 8b 5d f8 48 63 08 c9 e9
0x00007c8b76aff7e7:   15 cd 81 00 90 0f 1f 40 00 55 48 89 f0 48 89 e5
0x00007c8b76aff7f7:   41 57 41 56 41 55 41 54 53 48 8d 1d 69 4d b1 00
0x00007c8b76aff807:   48 83 ec 48 48 8b 36 48 8b 40 08 89 55 c8 48 8b
0x00007c8b76aff817:   4f 08 48 8d 15 80 66 bc 00 48 89 5d a0 48 8d 1c
0x00007c8b76aff827:   c6 48 c7 45 a8 00 00 00 00 c7 45 b0 03 00 00 00
0x00007c8b76aff837:   4c 8b 22 48 89 4d b8 48 89 7d c0 48 39 f3 0f 86
0x00007c8b76aff847:   25 01 00 00 4c 8d 75 a0 4c 8d 2d ca b2 c0 00 eb
0x00007c8b76aff857:   49 0f 1f 84 00 00 00 00 00 f6 c1 01 74 1a 48 8b
0x00007c8b76aff867:   02 48 8d 3d 51 f3 b8 ff 48 8b 80 00 01 00 00 48
0x00007c8b76aff877:   39 f8 0f 85 01 01 00 00 c1 f9 03 48 63 c9 4c 8d
0x00007c8b76aff887:   3c ce 48 63 4a 0c 4c 89 f7 41 ff 54 cd 00 4c 39
0x00007c8b76aff897:   fb 0f 86 d2 00 00 00 4c 89 fe 42 0f 18 0c 26 48
0x00007c8b76aff8a7:   8d 05 00 cb c0 00 0f b6 00 84 c0 74 6c 48 8d 3d
0x00007c8b76aff8b7:   65 5a bc 00 8b 56 08 8b 4f 08 48 d3 e2 48 03 17
0x00007c8b76aff8c7:   8b 4a 08 85 c9 7f 92 74 60 3c 01 48 8d 05 53 64
0x00007c8b76aff8d7:   bc 00 4d 19 c0 8b 38 41 83 e0 04 89 c8 4e 63 44
0x00007c8b76aff8e7:   06 0c c1 f8 10 44 8d 4f ff 0f b6 c0 f7 df 4d 63
0x00007c8b76aff8f7:   c9 49 d3 e0 48 63 cf 4c 01 c8 4c 01 c0 48 21 c8
0x00007c8b76aff907:   48 c1 e8 03 48 98 4c 8d 3c c6 e9 73 ff ff ff 66
0x00007c8b76aff917:   2e 0f 1f 84 00 00 00 00 00 48 8b 56 08 eb a1 66
0x00007c8b76aff927:   2e 0f 1f 84 00 00 00 00 00 48 8b 02 49 89 f7 48
0x00007c8b76aff937:   8b 88 00 01 00 00 48 8d 05 7c f2 b8 ff 48 39 c1
0x00007c8b76aff947:   0f 84 3c ff ff ff 48 89 75 90 48 89 d7 48 89 55
0x00007c8b76aff957:   98 ff d1 48 8b 75 90 48 8b 55 98 48 98 4c 8d 3c
0x00007c8b76aff967:   c6 e9 1c ff ff ff 0f 1f 00 48 83 c4 48 5b 41 5c
0x00007c8b76aff977:   41 5d 41 5e 41 5f 5d c3 90 48 89 75 90 48 89 d7
0x00007c8b76aff987:   48 89 55 98 ff d0 48 8b 75 90 48 8b 55 98 48 98
0x00007c8b76aff997:   4c 8d 3c c6 e9 e9 fe ff ff 55 48 89 e5 41 56 41
0x00007c8b76aff9a7:   55 41 54 4c 8d 65 d0 53 48 89 fb 48 83 ec 20 4c
0x00007c8b76aff9b7:   8b af 90 05 00 00 49 8b 45 00 4c 8b 30 e8 e7 a9 


Stack slot to memory mapping:
stack at sp + 0 slots: 0x0000000087e4d4e0 is an oop: java.lang.Class 
{0x0000000087e4d4e0} - klass: 'java/lang/Class'
 - ---- fields (total size 14 words):
 - private volatile transient 'classRedefinedCount' 'I' @12  0
 - private volatile transient 'cachedConstructor' 'Ljava/lang/reflect/Constructor;' @40  NULL (0)
 - private transient 'name' 'Ljava/lang/String;' @44  NULL (0)
 - private transient 'module' 'Ljava/lang/Module;' @48  a 'java/lang/Module'{0x0000000085edf580} (85edf580)
 - private final 'classLoader' 'Ljava/lang/ClassLoader;' @52  NULL (0)
 - private transient 'classData' 'Ljava/lang/Object;' @56  NULL (0)
 - private transient 'packageName' 'Ljava/lang/String;' @60  NULL (0)
 - private final 'componentType' 'Ljava/lang/Class;' @64  [I{0x0000000087e4d550} (87e4d550)
 - private volatile transient 'reflectionData' 'Ljava/lang/ref/SoftReference;' @68  NULL (0)
 - private volatile transient 'genericInfo' 'Lsun/reflect/generics/repository/ClassRepository;' @72  NULL (0)
 - private volatile transient 'enumConstants' '[Ljava/lang/Object;' @76  NULL (0)
 - private volatile transient 'enumConstantDirectory' 'Ljava/util/Map;' @80  NULL (0)
 - private volatile transient 'annotationData' 'Ljava/lang/Class$AnnotationData;' @84  NULL (0)
 - private volatile transient 'annotationType' 'Lsun/reflect/annotation/AnnotationType;' @88  NULL (0)
 - transient 'classValueMap' 'Ljava/lang/ClassValue$ClassValueMap;' @92  NULL (0)
 - signature: Ljava/io/ObjectInput;
 - fake entry for mirror: 'java/io/ObjectInput'
 - fake entry for array: NULL
 - fake entry for oop_size: 14
 - fake entry for static_oop_field_count: 0
stack at sp + 1 slots: 0x0000000100042868 is a pointer to class: 
java.lang.Class {0x0000000100042868}
 - instance size:     14
 - klass size:        96
 - access:            public final synchronized 
 - state:             fully_initialized
 - name:              'java/lang/Class'
 - super:             'java/lang/Object'
 - sub:               
 - arrays:            'java/lang/Class'[]
 - methods:           Array<T>(0x00007c8b380121f0)
 - method ordering:   Array<T>(0x00007c8b38000018)
 - default_methods:   Array<T>(0x0000000000000000)
 - local interfaces:  Array<T>(0x00007c8b38010850)
 - trans. interfaces: Array<T>(0x00007c8b3801a068)
 - constants:         constant pool [1462]/operands[49] {0x00007c8b3800d6f0} for 'java/lang/Class' cache=0x00007c8b3810e5f8
 - class loader data:  loader data: 0x00007c8b7010b3e0 of 'bootstrap'
 - class annotations:       Array<T>(0x0000000000000000)
 - class type annotations:  Array<T>(0x0000000000000000)
 - field annotations:       Array<T>(0x0000000000000000)
 - field type annotations:  Array<T>(0x0000000000000000)
 - generic signature: '<T:Ljava/lang/Object;>Ljava/lang/Object;Ljava/io/Serializable;Ljava/lang/reflect/GenericDeclaration;Ljava/lang/reflect/Type;Ljava/lang/reflect/AnnotatedElement;Ljava/lang/invoke/TypeDescriptor$OfField<Ljava/lang/Class<*>;>;Ljava/lang/constant/Constable;'
 - inner classes:     Array<T>(0x00007c8b38019fd8)
 - nest members:     Array<T>(0x00007c8b3801a050)
 - permitted subclasses:     Array<T>(0x00007c8b38000028)
 - java mirror:       a 'java/lang/Class'{0x0000000085ed37a8} = 'java/lang/Class'
 - vtable length      5  (start addr: 0x0000000100042a38)
 - itable length      32 (start addr: 0x0000000100042a60)
 - ---- static fields (5 words):
 - private static final 'ANNOTATION' 'I' @136 
 - private static final 'ENUM' 'I' @140 
 - private static final 'SYNTHETIC' 'I' @144 
 - private static 'allPermDomain' 'Ljava/security/ProtectionDomain;' @112 
 - private static final 'EMPTY_CLASS_ARRAY' '[Ljava/lang/Class;' @116 
 - private static final 'serialVersionUID' 'J' @128 
 - private static final 'serialPersistentFields' '[Ljava/io/ObjectStreamField;' @120 
 - private static 'reflectionFactory' 'Ljdk/internal/reflect/ReflectionFactory;' @124 
 - ---- non-static fields (24 words):
 - private volatile transient 'classRedefinedCount' 'I' @12 
 - private volatile transient 'cachedConstructor' 'Ljava/lang/reflect/Constructor;' @40 
 - private transient 'name' 'Ljava/lang/String;' @44 
 - private transient 'module' 'Ljava/lang/Module;' @48 
 - private final 'classLoader' 'Ljava/lang/ClassLoader;' @52 
 - private transient 'classData' 'Ljava/lang/Object;' @56 
 - private transient 'packageName' 'Ljava/lang/String;' @60 
 - private final 'componentType' 'Ljava/lang/Class;' @64 
 - private volatile transient 'reflectionData' 'Ljava/lang/ref/SoftReference;' @68 
 - private volatile transient 'genericInfo' 'Lsun/reflect/generics/repository/ClassRepository;' @72 
 - private volatile transient 'enumConstants' '[Ljava/lang/Object;' @76 
 - private volatile transient 'enumConstantDirectory' 'Ljava/util/Map;' @80 
 - private volatile transient 'annotationData' 'Ljava/lang/Class$AnnotationData;' @84 
 - private volatile transient 'annotationType' 'Lsun/reflect/annotation/AnnotationType;' @88 
 - transient 'classValueMap' 'Ljava/lang/ClassValue$ClassValueMap;' @92 
 - non-static oop maps: 40-104 
stack at sp + 2 slots: 0x00007c8b77614570: <offset 0x0000000001214570> in /home/antonio/.vscode/extensions/redhat.java-1.35.1-linux-x64/jre/17.0.12-linux-x86_64/lib/server/libjvm.so at 0x00007c8b76400000
stack at sp + 3 slots: 0x0 is NULL
stack at sp + 4 slots: 0x00007c8b00000003 points into unknown readable memory: 00 8b 7c 00 00
stack at sp + 5 slots: 0x00007c8b7003b9e0 points into unknown readable memory: 0x00007c8b776b56a0 | a0 56 6b 77 8b 7c 00 00
stack at sp + 6 slots: 0x00007c8b70083490 points into unknown readable memory: 0x00007c8b700934c0 | c0 34 09 70 8b 7c 00 00
stack at sp + 7 slots: 0x00007c8b00000000 points into unknown readable memory: 0x00007c8b00000030 | 30 00 00 00 8b 7c 00 00


---------------  P R O C E S S  ---------------

Threads class SMR info:
_java_thread_list=0x00007c8b084b0380, length=12, elements={
0x00007c8b70029250, 0x00007c8b70180b50, 0x00007c8b70182100, 0x00007c8b701ad350,
0x00007c8b701b0c60, 0x00007c8b701b1c30, 0x00007c8b701b32c0, 0x00007c8b701b47b0,
0x00007c8b701bdc40, 0x00007c8b70232e90, 0x00007c8b7023c1c0, 0x00007c8b084af960
}

Java Threads: ( => current thread )
  0x00007c8b70029250 JavaThread "main" [_thread_in_native, id=7516, stack(0x00007c8b76300000,0x00007c8b76400000)]
  0x00007c8b70180b50 JavaThread "Reference Handler" daemon [_thread_blocked, id=7523, stack(0x00007c8b7451b000,0x00007c8b7461b000)]
  0x00007c8b70182100 JavaThread "Finalizer" daemon [_thread_blocked, id=7524, stack(0x00007c8b7441b000,0x00007c8b7451b000)]
  0x00007c8b701ad350 JavaThread "Signal Dispatcher" daemon [_thread_blocked, id=7525, stack(0x00007c8b7404f000,0x00007c8b7414f000)]
  0x00007c8b701b0c60 JavaThread "Service Thread" daemon [_thread_blocked, id=7526, stack(0x00007c8b6ff00000,0x00007c8b70000000)]
  0x00007c8b701b1c30 JavaThread "Monitor Deflation Thread" daemon [_thread_blocked, id=7527, stack(0x00007c8b5e100000,0x00007c8b5e200000)]
  0x00007c8b701b32c0 JavaThread "C2 CompilerThread0" daemon [_thread_blocked, id=7528, stack(0x00007c8b5c100000,0x00007c8b5c200000)]
  0x00007c8b701b47b0 JavaThread "C1 CompilerThread0" daemon [_thread_blocked, id=7529, stack(0x00007c8b58100000,0x00007c8b58200000)]
  0x00007c8b701bdc40 JavaThread "Sweeper thread" daemon [_thread_blocked, id=7530, stack(0x00007c8b58000000,0x00007c8b58100000)]
  0x00007c8b70232e90 JavaThread "Notification Thread" daemon [_thread_blocked, id=7531, stack(0x00007c8b53f00000,0x00007c8b54000000)]
  0x00007c8b7023c1c0 JavaThread "Common-Cleaner" daemon [_thread_blocked, id=7533, stack(0x00007c8b53cff000,0x00007c8b53dff000)]
  0x00007c8b084af960 JavaThread "C2 CompilerThread1" daemon [_thread_in_native, id=7654, stack(0x00007c8b537fc000,0x00007c8b538fc000)]

Other Threads:
  0x00007c8b7012cd20 VMThread "VM Thread" [stack: 0x00007c8b7461c000,0x00007c8b7471c000] [id=7522]
  0x00007c8b70234560 WatcherThread [stack: 0x00007c8b53e00000,0x00007c8b53f00000] [id=7532]
  0x00007c8b70082a10 GCTaskThread "GC Thread#0" [stack: 0x00007c8b75c26000,0x00007c8b75d26000] [id=7517]
  0x00007c8b300050a0 GCTaskThread "GC Thread#1" [stack: 0x00007c8b53aff000,0x00007c8b53bff000] [id=7568]
  0x00007c8b3000afc0 GCTaskThread "GC Thread#2" [stack: 0x00007c8b539fe000,0x00007c8b53afe000] [id=7569]
  0x00007c8b3000b800 GCTaskThread "GC Thread#3" [stack: 0x00007c8b538fd000,0x00007c8b539fd000] [id=7570]
  0x00007c8b700934c0 ConcurrentGCThread "G1 Main Marker" [stack: 0x00007c8b74f00000,0x00007c8b75000000] [id=7518]
=>0x00007c8b70094430 ConcurrentGCThread "G1 Conc#0" [stack: 0x00007c8b74dff000,0x00007c8b74eff000] [id=7519]
  0x00007c8b700f8b30 ConcurrentGCThread "G1 Refine#0" [stack: 0x00007c8b748fa000,0x00007c8b749fa000] [id=7520]
  0x00007c8b700f9a30 ConcurrentGCThread "G1 Service" [stack: 0x00007c8b747f9000,0x00007c8b748f9000] [id=7521]

Threads with active compile tasks:
C2 CompilerThread1    25733 4018   !   4       org.springframework.core.annotation.AnnotationsScanner::processClassHierarchy (234 bytes)

VM state: not at safepoint (normal execution)

VM Mutex/Monitor currently owned by a thread: None

Heap address: 0x0000000085a00000, size: 1958 MB, Compressed Oops mode: 32-bit

CDS archive(s) not mapped
Compressed class space mapped at: 0x0000000100000000-0x0000000140000000, reserved size: 1073741824
Narrow klass base: 0x0000000000000000, Narrow klass shift: 3, Narrow klass range: 0x140000000

GC Precious Log:
 CPUs: 4 total, 4 available
 Memory: 7828M
 Large Page Support: Disabled
 NUMA Support: Disabled
 Compressed Oops: Enabled (32-bit)
 Heap Region Size: 1M
 Heap Min Capacity: 8M
 Heap Initial Capacity: 124M
 Heap Max Capacity: 1958M
 Pre-touch: Disabled
 Parallel Workers: 4
 Concurrent Workers: 1
 Concurrent Refinement Workers: 4
 Periodic GC: Disabled

Heap:
 garbage-first heap   total 45056K, used 25915K [0x0000000085a00000, 0x0000000100000000)
  region size 1024K, 7 young (7168K), 1 survivors (1024K)
 Metaspace       used 36584K, committed 36928K, reserved 1114112K
  class space    used 4603K, committed 4736K, reserved 1048576K

Heap Regions: E=young(eden), S=young(survivor), O=old, HS=humongous(starts), HC=humongous(continues), CS=collection set, F=free, OA=open archive, CA=closed archive, TAMS=top-at-mark-start (previous, next)
|   0|0x0000000085a00000, 0x0000000085b00000, 0x0000000085b00000|100%|HS|  |TAMS 0x0000000085b00000, 0x0000000085b00000| Complete 
|   1|0x0000000085b00000, 0x0000000085c00000, 0x0000000085c00000|100%| O|  |TAMS 0x0000000085c00000, 0x0000000085c00000| Untracked 
|   2|0x0000000085c00000, 0x0000000085d00000, 0x0000000085d00000|100%| O|  |TAMS 0x0000000085d00000, 0x0000000085d00000| Untracked 
|   3|0x0000000085d00000, 0x0000000085e00000, 0x0000000085e00000|100%| O|  |TAMS 0x0000000085e00000, 0x0000000085e00000| Untracked 
|   4|0x0000000085e00000, 0x0000000085f00000, 0x0000000085f00000|100%| O|  |TAMS 0x0000000085f00000, 0x0000000085f00000| Untracked 
|   5|0x0000000085f00000, 0x0000000086000000, 0x0000000086000000|100%| O|  |TAMS 0x0000000086000000, 0x0000000086000000| Untracked 
|   6|0x0000000086000000, 0x00000000860d1200, 0x0000000086100000| 81%| O|  |TAMS 0x00000000860d1200, 0x00000000860d1200| Untracked 
|   7|0x0000000086100000, 0x0000000086200000, 0x0000000086200000|100%| O|  |TAMS 0x0000000086100000, 0x0000000086200000| Untracked 
|   8|0x0000000086200000, 0x0000000086300000, 0x0000000086300000|100%| O|  |TAMS 0x0000000086200000, 0x0000000086300000| Untracked 
|   9|0x0000000086300000, 0x0000000086400000, 0x0000000086400000|100%| O|  |TAMS 0x0000000086300000, 0x0000000086400000| Untracked 
|  10|0x0000000086400000, 0x0000000086500000, 0x0000000086500000|100%| O|  |TAMS 0x0000000086400000, 0x0000000086500000| Untracked 
|  11|0x0000000086500000, 0x0000000086600000, 0x0000000086600000|100%| O|  |TAMS 0x0000000086500000, 0x0000000086600000| Untracked 
|  12|0x0000000086600000, 0x0000000086700000, 0x0000000086700000|100%| O|  |TAMS 0x0000000086600000, 0x0000000086700000| Untracked 
|  13|0x0000000086700000, 0x0000000086800000, 0x0000000086800000|100%| O|  |TAMS 0x0000000086700000, 0x0000000086800000| Untracked 
|  14|0x0000000086800000, 0x0000000086900000, 0x0000000086900000|100%| O|  |TAMS 0x0000000086800000, 0x0000000086900000| Untracked 
|  15|0x0000000086900000, 0x0000000086a00000, 0x0000000086a00000|100%| O|  |TAMS 0x0000000086900000, 0x0000000086a00000| Untracked 
|  16|0x0000000086a00000, 0x0000000086b00000, 0x0000000086b00000|100%| O|  |TAMS 0x0000000086a00000, 0x0000000086b00000| Untracked 
|  17|0x0000000086b00000, 0x0000000086c00000, 0x0000000086c00000|100%| O|  |TAMS 0x0000000086b00000, 0x0000000086c00000| Untracked 
|  18|0x0000000086c00000, 0x0000000086d00000, 0x0000000086d00000|100%| O|  |TAMS 0x0000000086c00000, 0x0000000086c64e00| Untracked 
|  19|0x0000000086d00000, 0x0000000086dbbc00, 0x0000000086e00000| 73%| O|  |TAMS 0x0000000086d00000, 0x0000000086d00000| Untracked 
|  20|0x0000000086e00000, 0x0000000086e00000, 0x0000000086f00000|  0%| F|  |TAMS 0x0000000086e00000, 0x0000000086e00000| Untracked 
|  21|0x0000000086f00000, 0x0000000086f00000, 0x0000000087000000|  0%| F|  |TAMS 0x0000000086f00000, 0x0000000086f00000| Untracked 
|  22|0x0000000087000000, 0x0000000087000000, 0x0000000087100000|  0%| F|  |TAMS 0x0000000087000000, 0x0000000087000000| Untracked 
|  23|0x0000000087100000, 0x0000000087100000, 0x0000000087200000|  0%| F|  |TAMS 0x0000000087100000, 0x0000000087100000| Untracked 
|  24|0x0000000087200000, 0x0000000087200000, 0x0000000087300000|  0%| F|  |TAMS 0x0000000087200000, 0x0000000087200000| Untracked 
|  25|0x0000000087300000, 0x0000000087300000, 0x0000000087400000|  0%| F|  |TAMS 0x0000000087300000, 0x0000000087300000| Untracked 
|  26|0x0000000087400000, 0x0000000087400000, 0x0000000087500000|  0%| F|  |TAMS 0x0000000087400000, 0x0000000087400000| Untracked 
|  27|0x0000000087500000, 0x0000000087500000, 0x0000000087600000|  0%| F|  |TAMS 0x0000000087500000, 0x0000000087500000| Untracked 
|  28|0x0000000087600000, 0x0000000087600000, 0x0000000087700000|  0%| F|  |TAMS 0x0000000087600000, 0x0000000087600000| Untracked 
|  29|0x0000000087700000, 0x0000000087700000, 0x0000000087800000|  0%| F|  |TAMS 0x0000000087700000, 0x0000000087700000| Untracked 
|  30|0x0000000087800000, 0x0000000087800000, 0x0000000087900000|  0%| F|  |TAMS 0x0000000087800000, 0x0000000087800000| Untracked 
|  31|0x0000000087900000, 0x0000000087900000, 0x0000000087a00000|  0%| F|  |TAMS 0x0000000087900000, 0x0000000087900000| Untracked 
|  32|0x0000000087a00000, 0x0000000087a00000, 0x0000000087b00000|  0%| F|  |TAMS 0x0000000087a00000, 0x0000000087a00000| Untracked 
|  33|0x0000000087b00000, 0x0000000087b00000, 0x0000000087c00000|  0%| F|  |TAMS 0x0000000087b00000, 0x0000000087b00000| Untracked 
|  34|0x0000000087c00000, 0x0000000087c00000, 0x0000000087d00000|  0%| F|  |TAMS 0x0000000087c00000, 0x0000000087c00000| Untracked 
|  35|0x0000000087d00000, 0x0000000087d00000, 0x0000000087e00000|  0%| F|  |TAMS 0x0000000087d00000, 0x0000000087d00000| Untracked 
|  36|0x0000000087e00000, 0x0000000087ec2160, 0x0000000087f00000| 75%| S|CS|TAMS 0x0000000087e00000, 0x0000000087e00000| Complete 
|  37|0x0000000087f00000, 0x0000000087f00000, 0x0000000088000000|  0%| F|  |TAMS 0x0000000087f00000, 0x0000000087f00000| Untracked 
|  98|0x000000008bc00000, 0x000000008bc36e00, 0x000000008bd00000| 21%| E|  |TAMS 0x000000008bc00000, 0x000000008bc00000| Complete 
|  99|0x000000008bd00000, 0x000000008be00000, 0x000000008be00000|100%| E|CS|TAMS 0x000000008bd00000, 0x000000008bd00000| Complete 
| 100|0x000000008be00000, 0x000000008bf00000, 0x000000008bf00000|100%| E|CS|TAMS 0x000000008be00000, 0x000000008be00000| Complete 
| 101|0x000000008bf00000, 0x000000008c000000, 0x000000008c000000|100%| E|CS|TAMS 0x000000008bf00000, 0x000000008bf00000| Complete 
| 102|0x000000008c000000, 0x000000008c100000, 0x000000008c100000|100%| E|CS|TAMS 0x000000008c000000, 0x000000008c000000| Complete 
| 123|0x000000008d500000, 0x000000008d600000, 0x000000008d600000|100%| E|CS|TAMS 0x000000008d500000, 0x000000008d500000| Complete 

Card table byte_map: [0x00007c8b75400000,0x00007c8b757d3000] _byte_map_base: 0x00007c8b74fd3000

Marking Bits (Prev, Next): (CMBitMap*) 0x00007c8b700834e0, (CMBitMap*) 0x00007c8b700834a0
 Prev Bits: [0x00007c8b5a200000, 0x00007c8b5c098000)
 Next Bits: [0x00007c8b5c200000, 0x00007c8b5e098000)

Polling page: 0x00007c8b77b76000

Metaspace:

Usage:
  Non-class:     31,23 MB used.
      Class:      4,50 MB used.
       Both:     35,73 MB used.

Virtual space:
  Non-class space:       64,00 MB reserved,      31,44 MB ( 49%) committed,  1 nodes.
      Class space:        1,00 GB reserved,       4,62 MB ( <1%) committed,  1 nodes.
             Both:        1,06 GB reserved,      36,06 MB (  3%) committed. 

Chunk freelists:
   Non-Class:  15,70 MB
       Class:  11,19 MB
        Both:  26,89 MB

MaxMetaspaceSize: unlimited
CompressedClassSpaceSize: 1,00 GB
Initial GC threshold: 21,00 MB
Current GC threshold: 36,19 MB
CDS: off
MetaspaceReclaimPolicy: balanced
 - commit_granule_bytes: 65536.
 - commit_granule_words: 8192.
 - virtual_space_node_default_size: 8388608.
 - enlarge_chunks_in_place: 1.
 - new_chunks_are_fully_committed: 0.
 - uncommit_free_chunks: 1.
 - use_allocation_guard: 0.
 - handle_deallocations: 1.


Internal statistics:

num_allocs_failed_limit: 12.
num_arena_births: 456.
num_arena_deaths: 0.
num_vsnodes_births: 2.
num_vsnodes_deaths: 0.
num_space_committed: 577.
num_space_uncommitted: 0.
num_chunks_returned_to_freelist: 12.
num_chunks_taken_from_freelist: 1547.
num_chunk_merges: 9.
num_chunk_splits: 1046.
num_chunks_enlarged: 766.
num_inconsistent_stats: 0.

CodeHeap 'non-profiled nmethods': size=120032Kb used=2384Kb max_used=2384Kb free=117647Kb
 bounds [0x00007c8b65cc8000, 0x00007c8b65f38000, 0x00007c8b6d200000]
CodeHeap 'profiled nmethods': size=120028Kb used=8656Kb max_used=8656Kb free=111371Kb
 bounds [0x00007c8b5e200000, 0x00007c8b5ea80000, 0x00007c8b65737000]
CodeHeap 'non-nmethods': size=5700Kb used=1208Kb max_used=1268Kb free=4491Kb
 bounds [0x00007c8b65737000, 0x00007c8b659a7000, 0x00007c8b65cc8000]
 total_blobs=4620 nmethods=4105 adapters=427
 compilation: enabled
              stopped_count=0, restarted_count=0
 full_count=0

Compilation events (20 events):
Event: 24,911 Thread 0x00007c8b701b47b0 4003       3       org.springframework.core.MethodClassKey::<init> (15 bytes)
Event: 24,912 Thread 0x00007c8b701b47b0 nmethod 4003 0x00007c8b5ea3a990 code [0x00007c8b5ea3ab40, 0x00007c8b5ea3ad50]
Event: 24,913 Thread 0x00007c8b701b47b0 4004       3       org.springframework.aop.support.MethodMatchers$UnionMethodMatcher::matches (50 bytes)
Event: 24,913 Thread 0x00007c8b701b47b0 nmethod 4004 0x00007c8b5ea3ae10 code [0x00007c8b5ea3b000, 0x00007c8b5ea3b530]
Event: 24,913 Thread 0x00007c8b701b47b0 4005       3       org.springframework.aop.support.MethodMatchers$ClassFilterAwareUnionMethodMatcher::matchesClass1 (11 bytes)
Event: 24,914 Thread 0x00007c8b701b47b0 nmethod 4005 0x00007c8b5ea3b690 code [0x00007c8b5ea3b840, 0x00007c8b5ea3ba00]
Event: 24,914 Thread 0x00007c8b701b47b0 4006       3       org.springframework.aop.support.annotation.AnnotationMethodMatcher::matches (44 bytes)
Event: 24,919 Thread 0x00007c8b701b47b0 nmethod 4006 0x00007c8b5ea3bb10 code [0x00007c8b5ea3bec0, 0x00007c8b5ea3d800]
Event: 24,919 Thread 0x00007c8b701b47b0 4007       3       org.springframework.aop.support.MethodMatchers$ClassFilterAwareUnionMethodMatcher::matchesClass2 (11 bytes)
Event: 24,919 Thread 0x00007c8b701b47b0 nmethod 4007 0x00007c8b5ea3e010 code [0x00007c8b5ea3e1c0, 0x00007c8b5ea3e380]
Event: 24,927 Thread 0x00007c8b701b32c0 nmethod 3992 0x00007c8b65ef8a90 code [0x00007c8b65ef8c20, 0x00007c8b65ef96f8]
Event: 24,927 Thread 0x00007c8b701b32c0 4001       4       java.util.concurrent.ConcurrentHashMap::sumCount (60 bytes)
Event: 24,930 Thread 0x00007c8b701b32c0 nmethod 4001 0x00007c8b65ef9790 code [0x00007c8b65ef9920, 0x00007c8b65ef9a58]
Event: 24,930 Thread 0x00007c8b701b32c0 4008       4       org.springframework.core.annotation.MergedAnnotations$Search$$Lambda$28/0x00000001000aa000::test (8 bytes)
Event: 24,930 Thread 0x00007c8b701b32c0 nmethod 4008 0x00007c8b65ef9b90 code [0x00007c8b65ef9d20, 0x00007c8b65ef9db8]
Event: 24,930 Thread 0x00007c8b701b32c0 4000       4       org.springframework.aop.framework.autoproxy.AbstractAutoProxyCreator::predictBeanType (35 bytes)
Event: 24,934 Thread 0x00007c8b701b32c0 nmethod 4000 0x00007c8b65ef9e90 code [0x00007c8b65efa020, 0x00007c8b65efa1d8]
Event: 24,934 Thread 0x00007c8b701b32c0 3995       4       java.lang.Class::annotationData (44 bytes)
Event: 24,950 Thread 0x00007c8b701b32c0 nmethod 3995 0x00007c8b65efa390 code [0x00007c8b65efa5c0, 0x00007c8b65efad50]
Event: 25,050 Thread 0x00007c8b084af960 nmethod 3969 0x00007c8b65efb510 code [0x00007c8b65efbc80, 0x00007c8b65f01da0]

GC Heap History (20 events):
Event: 5,061 GC heap before
{Heap before GC invocations=0 (full 0):
 garbage-first heap   total 126976K, used 14336K [0x0000000085a00000, 0x0000000100000000)
  region size 1024K, 13 young (13312K), 0 survivors (0K)
 Metaspace       used 9441K, committed 9600K, reserved 1114112K
  class space    used 963K, committed 1024K, reserved 1048576K
}
Event: 5,068 GC heap after
{Heap after GC invocations=1 (full 0):
 garbage-first heap   total 126976K, used 6950K [0x0000000085a00000, 0x0000000100000000)
  region size 1024K, 2 young (2048K), 2 survivors (2048K)
 Metaspace       used 9441K, committed 9600K, reserved 1114112K
  class space    used 963K, committed 1024K, reserved 1048576K
}
Event: 8,155 GC heap before
{Heap before GC invocations=1 (full 0):
 garbage-first heap   total 126976K, used 18214K [0x0000000085a00000, 0x0000000100000000)
  region size 1024K, 13 young (13312K), 2 survivors (2048K)
 Metaspace       used 13139K, committed 13376K, reserved 1114112K
  class space    used 1468K, committed 1600K, reserved 1048576K
}
Event: 8,161 GC heap after
{Heap after GC invocations=2 (full 0):
 garbage-first heap   total 126976K, used 8115K [0x0000000085a00000, 0x0000000100000000)
  region size 1024K, 2 young (2048K), 2 survivors (2048K)
 Metaspace       used 13139K, committed 13376K, reserved 1114112K
  class space    used 1468K, committed 1600K, reserved 1048576K
}
Event: 12,222 GC heap before
{Heap before GC invocations=2 (full 0):
 garbage-first heap   total 126976K, used 31667K [0x0000000085a00000, 0x0000000100000000)
  region size 1024K, 26 young (26624K), 2 survivors (2048K)
 Metaspace       used 19254K, committed 19520K, reserved 1114112K
  class space    used 2372K, committed 2496K, reserved 1048576K
}
Event: 12,231 GC heap after
{Heap after GC invocations=3 (full 0):
 garbage-first heap   total 126976K, used 9818K [0x0000000085a00000, 0x0000000100000000)
  region size 1024K, 3 young (3072K), 3 survivors (3072K)
 Metaspace       used 19254K, committed 19520K, reserved 1114112K
  class space    used 2372K, committed 2496K, reserved 1048576K
}
Event: 13,635 GC heap before
{Heap before GC invocations=3 (full 0):
 garbage-first heap   total 126976K, used 30298K [0x0000000085a00000, 0x0000000100000000)
  region size 1024K, 24 young (24576K), 3 survivors (3072K)
 Metaspace       used 21265K, committed 21504K, reserved 1114112K
  class space    used 2594K, committed 2688K, reserved 1048576K
}
Event: 13,643 GC heap after
{Heap after GC invocations=4 (full 0):
 garbage-first heap   total 126976K, used 11870K [0x0000000085a00000, 0x0000000100000000)
  region size 1024K, 5 young (5120K), 5 survivors (5120K)
 Metaspace       used 21265K, committed 21504K, reserved 1114112K
  class space    used 2594K, committed 2688K, reserved 1048576K
}
Event: 16,819 GC heap before
{Heap before GC invocations=5 (full 0):
 garbage-first heap   total 45056K, used 33374K [0x0000000085a00000, 0x0000000100000000)
  region size 1024K, 26 young (26624K), 5 survivors (5120K)
 Metaspace       used 26083K, committed 26368K, reserved 1114112K
  class space    used 3127K, committed 3264K, reserved 1048576K
}
Event: 16,837 GC heap after
{Heap after GC invocations=6 (full 0):
 garbage-first heap   total 45056K, used 14305K [0x0000000085a00000, 0x0000000100000000)
  region size 1024K, 3 young (3072K), 3 survivors (3072K)
 Metaspace       used 26083K, committed 26368K, reserved 1114112K
  class space    used 3127K, committed 3264K, reserved 1048576K
}
Event: 18,553 GC heap before
{Heap before GC invocations=6 (full 0):
 garbage-first heap   total 45056K, used 28641K [0x0000000085a00000, 0x0000000100000000)
  region size 1024K, 18 young (18432K), 3 survivors (3072K)
 Metaspace       used 28766K, committed 28992K, reserved 1114112K
  class space    used 3503K, committed 3584K, reserved 1048576K
}
Event: 18,560 GC heap after
{Heap after GC invocations=7 (full 0):
 garbage-first heap   total 45056K, used 16072K [0x0000000085a00000, 0x0000000100000000)
  region size 1024K, 2 young (2048K), 2 survivors (2048K)
 Metaspace       used 28766K, committed 28992K, reserved 1114112K
  class space    used 3503K, committed 3584K, reserved 1048576K
}
Event: 21,169 GC heap before
{Heap before GC invocations=7 (full 0):
 garbage-first heap   total 45056K, used 31432K [0x0000000085a00000, 0x0000000100000000)
  region size 1024K, 17 young (17408K), 2 survivors (2048K)
 Metaspace       used 30665K, committed 30912K, reserved 1114112K
  class space    used 3763K, committed 3904K, reserved 1048576K
}
Event: 21,177 GC heap after
{Heap after GC invocations=8 (full 0):
 garbage-first heap   total 45056K, used 17583K [0x0000000085a00000, 0x0000000100000000)
  region size 1024K, 2 young (2048K), 2 survivors (2048K)
 Metaspace       used 30665K, committed 30912K, reserved 1114112K
  class space    used 3763K, committed 3904K, reserved 1048576K
}
Event: 22,380 GC heap before
{Heap before GC invocations=8 (full 0):
 garbage-first heap   total 45056K, used 31919K [0x0000000085a00000, 0x0000000100000000)
  region size 1024K, 16 young (16384K), 2 survivors (2048K)
 Metaspace       used 32402K, committed 32704K, reserved 1114112K
  class space    used 3973K, committed 4096K, reserved 1048576K
}
Event: 22,387 GC heap after
{Heap after GC invocations=9 (full 0):
 garbage-first heap   total 45056K, used 18896K [0x0000000085a00000, 0x0000000100000000)
  region size 1024K, 2 young (2048K), 2 survivors (2048K)
 Metaspace       used 32402K, committed 32704K, reserved 1114112K
  class space    used 3973K, committed 4096K, reserved 1048576K
}
Event: 24,086 GC heap before
{Heap before GC invocations=9 (full 0):
 garbage-first heap   total 45056K, used 32208K [0x0000000085a00000, 0x0000000100000000)
  region size 1024K, 15 young (15360K), 2 survivors (2048K)
 Metaspace       used 34564K, committed 34944K, reserved 1114112K
  class space    used 4283K, committed 4480K, reserved 1048576K
}
Event: 24,094 GC heap after
{Heap after GC invocations=10 (full 0):
 garbage-first heap   total 45056K, used 20138K [0x0000000085a00000, 0x0000000100000000)
  region size 1024K, 2 young (2048K), 2 survivors (2048K)
 Metaspace       used 34564K, committed 34944K, reserved 1114112K
  class space    used 4283K, committed 4480K, reserved 1048576K
}
Event: 25,083 GC heap before
{Heap before GC invocations=10 (full 0):
 garbage-first heap   total 45056K, used 26282K [0x0000000085a00000, 0x0000000100000000)
  region size 1024K, 9 young (9216K), 2 survivors (2048K)
 Metaspace       used 35779K, committed 36096K, reserved 1114112K
  class space    used 4472K, committed 4608K, reserved 1048576K
}
Event: 25,089 GC heap after
{Heap after GC invocations=11 (full 0):
 garbage-first heap   total 45056K, used 20795K [0x0000000085a00000, 0x0000000100000000)
  region size 1024K, 1 young (1024K), 1 survivors (1024K)
 Metaspace       used 35779K, committed 36096K, reserved 1114112K
  class space    used 4472K, committed 4608K, reserved 1048576K
}

Dll operation events (5 events):
Event: 0,002 Loaded shared library /home/antonio/.vscode/extensions/redhat.java-1.35.1-linux-x64/jre/17.0.12-linux-x86_64/lib/libjava.so
Event: 0,226 Loaded shared library /home/antonio/.vscode/extensions/redhat.java-1.35.1-linux-x64/jre/17.0.12-linux-x86_64/lib/libnio.so
Event: 0,235 Loaded shared library /home/antonio/.vscode/extensions/redhat.java-1.35.1-linux-x64/jre/17.0.12-linux-x86_64/lib/libzip.so
Event: 1,592 Loaded shared library /home/antonio/.vscode/extensions/redhat.java-1.35.1-linux-x64/jre/17.0.12-linux-x86_64/lib/libjimage.so
Event: 2,278 Loaded shared library /home/antonio/.vscode/extensions/redhat.java-1.35.1-linux-x64/jre/17.0.12-linux-x86_64/lib/libnet.so

Deoptimization events (20 events):
Event: 24,558 Thread 0x00007c8b70029250 Uncommon trap: trap_request=0xffffffde fr.pc=0x00007c8b65edfae8 relative=0x0000000000002168
Event: 24,558 Thread 0x00007c8b70029250 Uncommon trap: reason=class_check action=maybe_recompile pc=0x00007c8b65edfae8 method=org.springframework.beans.factory.support.AbstractAutowireCapableBeanFactory.predictBeanType(Ljava/lang/String;Lorg/springframework/beans/factory/support/RootBeanDefinit
Event: 24,558 Thread 0x00007c8b70029250 DEOPT PACKING pc=0x00007c8b65edfae8 sp=0x00007c8b763fc110
Event: 24,558 Thread 0x00007c8b70029250 DEOPT UNPACKING pc=0x00007c8b6578d699 sp=0x00007c8b763fc118 mode 2
Event: 24,558 Thread 0x00007c8b70029250 Uncommon trap: trap_request=0xffffffde fr.pc=0x00007c8b65edfae8 relative=0x0000000000002168
Event: 24,558 Thread 0x00007c8b70029250 Uncommon trap: reason=class_check action=maybe_recompile pc=0x00007c8b65edfae8 method=org.springframework.beans.factory.support.AbstractAutowireCapableBeanFactory.predictBeanType(Ljava/lang/String;Lorg/springframework/beans/factory/support/RootBeanDefinit
Event: 24,558 Thread 0x00007c8b70029250 DEOPT PACKING pc=0x00007c8b65edfae8 sp=0x00007c8b763fc110
Event: 24,559 Thread 0x00007c8b70029250 DEOPT UNPACKING pc=0x00007c8b6578d699 sp=0x00007c8b763fc118 mode 2
Event: 24,568 Thread 0x00007c8b70029250 Uncommon trap: trap_request=0xffffff45 fr.pc=0x00007c8b65ee8270 relative=0x00000000000038b0
Event: 24,568 Thread 0x00007c8b70029250 Uncommon trap: reason=unstable_if action=reinterpret pc=0x00007c8b65ee8270 method=org.springframework.beans.factory.support.AbstractBeanFactory.isTypeMatch(Ljava/lang/String;Lorg/springframework/core/ResolvableType;Z)Z @ 79 c2
Event: 24,568 Thread 0x00007c8b70029250 DEOPT PACKING pc=0x00007c8b65ee8270 sp=0x00007c8b763fa8d0
Event: 24,568 Thread 0x00007c8b70029250 DEOPT UNPACKING pc=0x00007c8b6578d699 sp=0x00007c8b763fa898 mode 2
Event: 24,597 Thread 0x00007c8b70029250 Uncommon trap: trap_request=0xfffffff4 fr.pc=0x00007c8b65d8e69c relative=0x00000000000001fc
Event: 24,597 Thread 0x00007c8b70029250 Uncommon trap: reason=null_check action=make_not_entrant pc=0x00007c8b65d8e69c method=java.lang.reflect.Method.equals(Ljava/lang/Object;)Z @ 1 c2
Event: 24,597 Thread 0x00007c8b70029250 DEOPT PACKING pc=0x00007c8b65d8e69c sp=0x00007c8b763fa9c0
Event: 24,597 Thread 0x00007c8b70029250 DEOPT UNPACKING pc=0x00007c8b6578d699 sp=0x00007c8b763fa978 mode 2
Event: 24,676 Thread 0x00007c8b70029250 Uncommon trap: trap_request=0xffffffde fr.pc=0x00007c8b65dd7cbc relative=0x0000000000000ffc
Event: 24,676 Thread 0x00007c8b70029250 Uncommon trap: reason=class_check action=maybe_recompile pc=0x00007c8b65dd7cbc method=java.util.concurrent.ConcurrentHashMap.putVal(Ljava/lang/Object;Ljava/lang/Object;Z)Ljava/lang/Object; @ 242 c2
Event: 24,676 Thread 0x00007c8b70029250 DEOPT PACKING pc=0x00007c8b65dd7cbc sp=0x00007c8b763fb870
Event: 24,676 Thread 0x00007c8b70029250 DEOPT UNPACKING pc=0x00007c8b6578d699 sp=0x00007c8b763fb7f0 mode 2

Classes loaded (20 events):
Event: 24,161 Loading class java/lang/Class$EnclosingMethodInfo
Event: 24,161 Loading class java/lang/Class$EnclosingMethodInfo done
Event: 24,644 Loading class java/io/ObjectInputStream
Event: 24,645 Loading class java/io/ObjectInput
Event: 24,645 Loading class java/io/ObjectInput done
Event: 24,645 Loading class java/io/ObjectStreamConstants
Event: 24,645 Loading class java/io/ObjectStreamConstants done
Event: 24,645 Loading class java/io/ObjectInputStream done
Event: 24,645 Loading class java/io/ObjectOutputStream
Event: 24,646 Loading class java/io/ObjectOutput
Event: 24,646 Loading class java/io/ObjectOutput done
Event: 24,646 Loading class java/io/ObjectOutputStream done
Event: 24,898 Loading class java/text/MessageFormat
Event: 24,902 Loading class java/text/MessageFormat done
Event: 24,972 Loading class java/net/URLClassLoader
Event: 24,973 Loading class java/net/URLClassLoader done
Event: 25,089 Loading class java/nio/file/InvalidPathException
Event: 25,089 Loading class java/nio/file/InvalidPathException done
Event: 25,090 Loading class java/lang/UnsatisfiedLinkError
Event: 25,090 Loading class java/lang/UnsatisfiedLinkError done

Classes unloaded (0 events):
No events

Classes redefined (0 events):
No events

Internal exceptions (20 events):
Event: 23,079 Thread 0x00007c8b70029250 Exception <a 'java/lang/NoSuchMethodError'{0x000000008bd5e990}: 'int java.lang.invoke.DirectMethodHandle$Holder.invokeStaticInit(java.lang.Object, float, float)'> (0x000000008bd5e990) 
thrown [src/hotspot/share/interpreter/linkResolver.cpp, line 758]
Event: 23,080 Thread 0x00007c8b70029250 Exception <a 'java/lang/NoSuchMethodError'{0x000000008bd657e8}: 'int java.lang.invoke.DirectMethodHandle$Holder.invokeStaticInit(java.lang.Object, double, double)'> (0x000000008bd657e8) 
thrown [src/hotspot/share/interpreter/linkResolver.cpp, line 758]
Event: 23,081 Thread 0x00007c8b70029250 Exception <a 'java/lang/NoSuchMethodError'{0x000000008bd69db8}: 'int java.lang.invoke.DirectMethodHandle$Holder.invokeStatic(java.lang.Object, long)'> (0x000000008bd69db8) 
thrown [src/hotspot/share/interpreter/linkResolver.cpp, line 758]
Event: 23,090 Thread 0x00007c8b70029250 Exception <a 'java/lang/NoSuchMethodError'{0x000000008bd8eb40}: 'int java.lang.invoke.DirectMethodHandle$Holder.invokeSpecial(java.lang.Object, java.lang.Object, int)'> (0x000000008bd8eb40) 
thrown [src/hotspot/share/interpreter/linkResolver.cpp, line 758]
Event: 23,091 Thread 0x00007c8b70029250 Exception <a 'java/lang/NoSuchMethodError'{0x000000008bd964a0}: 'int java.lang.invoke.Invokers$Holder.linkToTargetMethod(java.lang.Object, java.lang.Object)'> (0x000000008bd964a0) 
thrown [src/hotspot/share/interpreter/linkResolver.cpp, line 758]
Event: 23,108 Thread 0x00007c8b70029250 Exception <a 'java/lang/NoSuchMethodError'{0x000000008bc27f68}: 'java.lang.Object java.lang.invoke.DirectMethodHandle$Holder.invokeSpecial(java.lang.Object, java.lang.Object, java.lang.Object, java.lang.Object, java.lang.Object, java.lang.Object, java.lang.Object, java.lang.Object, java.lang.Object, java.lang.Object)'> (0x000000008bc27f68) 
thrown [src/hotspot/share/interpreter/linkResolver.cpp, line 758]
Event: 23,108 Thread 0x00007c8b70029250 Exception <a 'java/lang/NoSuchMethodError'{0x000000008bc2c550}: 'java.lang.Object java.lang.invoke.Invokers$Holder.invoke_MT(java.lang.Object, java.lang.Object, java.lang.Object, java.lang.Object, java.lang.Object, java.lang.Object, java.lang.Object, java.lang.Object, java.lang.Object, java.lang.Object)'> (0x000000008bc2c550) 
thrown [src/hotspot/share/interpreter/linkResolver.cpp, line 758]
Event: 23,119 Thread 0x00007c8b70029250 Exception <a 'java/lang/NoSuchMethodError'{0x000000008bc6bc88}: 'java.lang.Object java.lang.invoke.DirectMethodHandle$Holder.invokeSpecial(java.lang.Object, java.lang.Object, int, java.lang.Object, java.lang.Object)'> (0x000000008bc6bc88) 
thrown [src/hotspot/share/interpreter/linkResolver.cpp, line 758]
Event: 23,119 Thread 0x00007c8b70029250 Exception <a 'java/lang/NoSuchMethodError'{0x000000008bc6f930}: 'java.lang.Object java.lang.invoke.DelegatingMethodHandle$Holder.delegate(java.lang.Object, int, java.lang.Object, java.lang.Object)'> (0x000000008bc6f930) 
thrown [src/hotspot/share/interpreter/linkResolver.cpp, line 758]
Event: 23,123 Thread 0x00007c8b70029250 Exception <a 'java/lang/NoSuchMethodError'{0x000000008bc809d8}: 'int java.lang.invoke.Invokers$Holder.linkToTargetMethod(java.lang.Object, java.lang.Object, java.lang.Object)'> (0x000000008bc809d8) 
thrown [src/hotspot/share/interpreter/linkResolver.cpp, line 758]
Event: 23,322 Thread 0x00007c8b70029250 Exception <a 'java/lang/NoClassDefFoundError'{0x0000000087eec1e8}: org/flywaydb/core/Flyway> (0x0000000087eec1e8) 
thrown [src/hotspot/share/classfile/systemDictionary.cpp, line 245]
Event: 23,322 Thread 0x00007c8b70029250 Exception <a 'java/lang/NoClassDefFoundError'{0x0000000087eed6f0}: liquibase/integration/spring/SpringLiquibase> (0x0000000087eed6f0) 
thrown [src/hotspot/share/classfile/systemDictionary.cpp, line 245]
Event: 23,452 Thread 0x00007c8b70029250 Exception <a 'java/lang/NoClassDefFoundError'{0x0000000087b98190}: org/jooq/DSLContext> (0x0000000087b98190) 
thrown [src/hotspot/share/classfile/systemDictionary.cpp, line 245]
Event: 23,455 Thread 0x00007c8b70029250 Exception <a 'java/lang/NoClassDefFoundError'{0x0000000087bb76d0}: org/springframework/batch/core/repository/JobRepository> (0x0000000087bb76d0) 
thrown [src/hotspot/share/classfile/systemDictionary.cpp, line 245]
Event: 23,455 Thread 0x00007c8b70029250 Exception <a 'java/lang/NoClassDefFoundError'{0x0000000087bb89a8}: org/quartz/Scheduler> (0x0000000087bb89a8) 
thrown [src/hotspot/share/classfile/systemDictionary.cpp, line 245]
Event: 23,455 Thread 0x00007c8b70029250 Exception <a 'java/lang/NoClassDefFoundError'{0x0000000087bba0f8}: org/springframework/session/jdbc/JdbcIndexedSessionRepository> (0x0000000087bba0f8) 
thrown [src/hotspot/share/classfile/systemDictionary.cpp, line 245]
Event: 23,719 Thread 0x00007c8b70029250 Exception <a 'java/lang/NoSuchMethodError'{0x0000000087947ae8}: 'void java.lang.invoke.DirectMethodHandle$Holder.invokeSpecial(java.lang.Object, java.lang.Object, java.lang.Object, java.lang.Object, java.lang.Object, java.lang.Object)'> (0x0000000087947ae8) 
thrown [src/hotspot/share/interpreter/linkResolver.cpp, line 758]
Event: 24,597 Thread 0x00007c8b70029250 Implicit null exception at 0x00007c8b65d8e4cc to 0x00007c8b65d8e68c
Event: 24,667 Thread 0x00007c8b70029250 Exception <a 'java/lang/NoSuchMethodError'{0x000000008bd95068}: 'int java.lang.invoke.DirectMethodHandle$Holder.invokeSpecialIFC(java.lang.Object, java.lang.Object, java.lang.Object)'> (0x000000008bd95068) 
thrown [src/hotspot/share/interpreter/linkResolver.cpp, line 758]
Event: 24,867 Thread 0x00007c8b70029250 Exception <a 'java/lang/NoSuchMethodError'{0x000000008bc8b9d8}: 'java.lang.Object java.lang.invoke.DirectMethodHandle$Holder.invokeSpecialIFC(java.lang.Object, java.lang.Object, java.lang.Object)'> (0x000000008bc8b9d8) 
thrown [src/hotspot/share/interpreter/linkResolver.cpp, line 758]

VM Operations (20 events):
Event: 21,950 Executing VM operation: ICBufferFull
Event: 21,951 Executing VM operation: ICBufferFull done
Event: 22,380 Executing VM operation: G1CollectForAllocation
Event: 22,387 Executing VM operation: G1CollectForAllocation done
Event: 23,058 Executing VM operation: HandshakeAllThreads
Event: 23,058 Executing VM operation: HandshakeAllThreads done
Event: 23,095 Executing VM operation: HandshakeAllThreads
Event: 23,095 Executing VM operation: HandshakeAllThreads done
Event: 23,099 Executing VM operation: HandshakeAllThreads
Event: 23,099 Executing VM operation: HandshakeAllThreads done
Event: 24,078 Executing VM operation: HandshakeAllThreads
Event: 24,078 Executing VM operation: HandshakeAllThreads done
Event: 24,078 Executing VM operation: Cleanup
Event: 24,078 Executing VM operation: Cleanup done
Event: 24,086 Executing VM operation: G1CollectForAllocation
Event: 24,094 Executing VM operation: G1CollectForAllocation done
Event: 24,191 Executing VM operation: HandshakeAllThreads
Event: 24,191 Executing VM operation: HandshakeAllThreads done
Event: 25,083 Executing VM operation: CollectForMetadataAllocation
Event: 25,089 Executing VM operation: CollectForMetadataAllocation done

Events (20 events):
Event: 15,747 Protecting memory [0x00007c8b537fc000,0x00007c8b53800000] with protection modes 0
Event: 16,680 Thread 0x00007c8b08047130 Thread exited: 0x00007c8b08047130
Event: 18,247 Thread 0x00007c8b08157eb0 Thread added: 0x00007c8b08157eb0
Event: 18,247 Protecting memory [0x00007c8b537fc000,0x00007c8b53800000] with protection modes 0
Event: 18,365 Thread 0x00007c8b708c6a30 Thread exited: 0x00007c8b708c6a30
Event: 19,140 Thread 0x00007c8b08157eb0 Thread exited: 0x00007c8b08157eb0
Event: 21,007 Thread 0x00007c8b0838d440 Thread added: 0x00007c8b0838d440
Event: 21,007 Protecting memory [0x00007c8b537fc000,0x00007c8b53800000] with protection modes 0
Event: 21,415 Thread 0x00007c8b0838d440 Thread exited: 0x00007c8b0838d440
Event: 21,742 Thread 0x00007c8b082ea880 Thread added: 0x00007c8b082ea880
Event: 21,742 Protecting memory [0x00007c8b537fc000,0x00007c8b53800000] with protection modes 0
Event: 22,108 Thread 0x00007c8b082ea880 Thread exited: 0x00007c8b082ea880
Event: 22,332 Thread 0x00007c8b0842e4f0 Thread added: 0x00007c8b0842e4f0
Event: 22,332 Protecting memory [0x00007c8b537fc000,0x00007c8b53800000] with protection modes 0
Event: 23,026 Thread 0x00007c8b0842e4f0 Thread exited: 0x00007c8b0842e4f0
Event: 23,205 Thread 0x00007c8b08439f70 Thread added: 0x00007c8b08439f70
Event: 23,205 Protecting memory [0x00007c8b537fc000,0x00007c8b53800000] with protection modes 0
Event: 24,080 Thread 0x00007c8b08439f70 Thread exited: 0x00007c8b08439f70
Event: 24,210 Thread 0x00007c8b084af960 Thread added: 0x00007c8b084af960
Event: 24,210 Protecting memory [0x00007c8b537fc000,0x00007c8b53800000] with protection modes 0


Dynamic libraries:
85a00000-88000000 rw-p 00000000 00:00 0 
88000000-8bc00000 ---p 00000000 00:00 0 
8bc00000-8c100000 rw-p 00000000 00:00 0 
8c100000-8d500000 ---p 00000000 00:00 0 
8d500000-8d600000 rw-p 00000000 00:00 0 
8d600000-100000000 ---p 00000000 00:00 0 
100000000-100010000 rw-p 00000000 00:00 0 
100010000-100030000 rw-p 00000000 00:00 0 
100030000-1000b0000 rw-p 00000000 00:00 0 
1000b0000-100130000 rw-p 00000000 00:00 0 
100130000-100170000 rw-p 00000000 00:00 0 
100170000-100270000 rw-p 00000000 00:00 0 
100270000-100430000 rw-p 00000000 00:00 0 
100430000-100450000 rw-p 00000000 00:00 0 
100450000-100480000 ---p 00000000 00:00 0 
100480000-1004d0000 rw-p 00000000 00:00 0 
1004d0000-140000000 ---p 00000000 00:00 0 
56b4b5de2000-56b4b5de3000 r--p 00000000 08:08 44939                      /home/antonio/.vscode/extensions/redhat.java-1.35.1-linux-x64/jre/17.0.12-linux-x86_64/bin/java
56b4b5de3000-56b4b5de4000 r-xp 00001000 08:08 44939                      /home/antonio/.vscode/extensions/redhat.java-1.35.1-linux-x64/jre/17.0.12-linux-x86_64/bin/java
56b4b5de4000-56b4b5de5000 r--p 00002000 08:08 44939                      /home/antonio/.vscode/extensions/redhat.java-1.35.1-linux-x64/jre/17.0.12-linux-x86_64/bin/java
56b4b5de5000-56b4b5de6000 r--p 00002000 08:08 44939                      /home/antonio/.vscode/extensions/redhat.java-1.35.1-linux-x64/jre/17.0.12-linux-x86_64/bin/java
56b4b5de6000-56b4b5de7000 rw-p 00003000 08:08 44939                      /home/antonio/.vscode/extensions/redhat.java-1.35.1-linux-x64/jre/17.0.12-linux-x86_64/bin/java
56b4b699a000-56b4b69e4000 rw-p 00000000 00:00 0                          [heap]
7c8ad0000000-7c8ad148c000 rw-p 00000000 00:00 0 
7c8ad148c000-7c8ad4000000 ---p 00000000 00:00 0 
7c8ad8000000-7c8ad91ae000 rw-p 00000000 00:00 0 
7c8ad91ae000-7c8adc000000 ---p 00000000 00:00 0 
7c8adc000000-7c8adc021000 rw-p 00000000 00:00 0 
7c8adc021000-7c8ae0000000 ---p 00000000 00:00 0 
7c8ae4000000-7c8ae4021000 rw-p 00000000 00:00 0 
7c8ae4021000-7c8ae8000000 ---p 00000000 00:00 0 
7c8ae8000000-7c8ae8037000 rw-p 00000000 00:00 0 
7c8ae8037000-7c8aec000000 ---p 00000000 00:00 0 
7c8af0000000-7c8af0021000 rw-p 00000000 00:00 0 
7c8af0021000-7c8af4000000 ---p 00000000 00:00 0 
7c8af4000000-7c8af4021000 rw-p 00000000 00:00 0 
7c8af4021000-7c8af8000000 ---p 00000000 00:00 0 
7c8afc000000-7c8afc021000 rw-p 00000000 00:00 0 
7c8afc021000-7c8b00000000 ---p 00000000 00:00 0 
7c8b00000000-7c8b00021000 rw-p 00000000 00:00 0 
7c8b00021000-7c8b04000000 ---p 00000000 00:00 0 
7c8b08000000-7c8b084c2000 rw-p 00000000 00:00 0 
7c8b084c2000-7c8b0c000000 ---p 00000000 00:00 0 
7c8b0c000000-7c8b0d26d000 rw-p 00000000 00:00 0 
7c8b0d26d000-7c8b10000000 ---p 00000000 00:00 0 
7c8b14000000-7c8b14021000 rw-p 00000000 00:00 0 
7c8b14021000-7c8b18000000 ---p 00000000 00:00 0 
7c8b18000000-7c8b18021000 rw-p 00000000 00:00 0 
7c8b18021000-7c8b1c000000 ---p 00000000 00:00 0 
7c8b20000000-7c8b20021000 rw-p 00000000 00:00 0 
7c8b20021000-7c8b24000000 ---p 00000000 00:00 0 
7c8b24000000-7c8b24021000 rw-p 00000000 00:00 0 
7c8b24021000-7c8b28000000 ---p 00000000 00:00 0 
7c8b2c000000-7c8b2c021000 rw-p 00000000 00:00 0 
7c8b2c021000-7c8b30000000 ---p 00000000 00:00 0 
7c8b30000000-7c8b30021000 rw-p 00000000 00:00 0 
7c8b30021000-7c8b34000000 ---p 00000000 00:00 0 
7c8b38000000-7c8b383f0000 rw-p 00000000 00:00 0 
7c8b383f0000-7c8b38470000 rw-p 00000000 00:00 0 
7c8b38470000-7c8b384f0000 rw-p 00000000 00:00 0 
7c8b384f0000-7c8b38670000 rw-p 00000000 00:00 0 
7c8b38670000-7c8b386f0000 rw-p 00000000 00:00 0 
7c8b386f0000-7c8b388f0000 rw-p 00000000 00:00 0 
7c8b388f0000-7c8b389f0000 rw-p 00000000 00:00 0 
7c8b389f0000-7c8b38af0000 rw-p 00000000 00:00 0 
7c8b38af0000-7c8b38bf0000 rw-p 00000000 00:00 0 
7c8b38bf0000-7c8b38ef0000 rw-p 00000000 00:00 0 
7c8b38ef0000-7c8b38ff0000 rw-p 00000000 00:00 0 
7c8b38ff0000-7c8b392f0000 rw-p 00000000 00:00 0 
7c8b392f0000-7c8b393f0000 rw-p 00000000 00:00 0 
7c8b393f0000-7c8b398f0000 rw-p 00000000 00:00 0 
7c8b398f0000-7c8b399f0000 rw-p 00000000 00:00 0 
7c8b399f0000-7c8b39ef0000 rw-p 00000000 00:00 0 
7c8b39ef0000-7c8b39f20000 rw-p 00000000 00:00 0 
7c8b39f20000-7c8b3a000000 ---p 00000000 00:00 0 
7c8b3a000000-7c8b3a050000 rw-p 00000000 00:00 0 
7c8b3a050000-7c8b3c000000 ---p 00000000 00:00 0 
7c8b3c000000-7c8b3c021000 rw-p 00000000 00:00 0 
7c8b3c021000-7c8b40000000 ---p 00000000 00:00 0 
7c8b40000000-7c8b40021000 rw-p 00000000 00:00 0 
7c8b40021000-7c8b44000000 ---p 00000000 00:00 0 
7c8b48000000-7c8b48161000 rw-p 00000000 00:00 0 
7c8b48161000-7c8b4c000000 ---p 00000000 00:00 0 
7c8b4c000000-7c8b4c021000 rw-p 00000000 00:00 0 
7c8b4c021000-7c8b50000000 ---p 00000000 00:00 0 
7c8b53400000-7c8b53692000 rw-p 00000000 00:00 0 
7c8b537fc000-7c8b53800000 ---p 00000000 00:00 0 
7c8b53800000-7c8b538fc000 rw-p 00000000 00:00 0 
7c8b538fc000-7c8b538fd000 ---p 00000000 00:00 0 
7c8b538fd000-7c8b539fd000 rw-p 00000000 00:00 0 
7c8b539fd000-7c8b539fe000 ---p 00000000 00:00 0 
7c8b539fe000-7c8b53afe000 rw-p 00000000 00:00 0 
7c8b53afe000-7c8b53aff000 ---p 00000000 00:00 0 
7c8b53aff000-7c8b53bff000 rw-p 00000000 00:00 0 
7c8b53bff000-7c8b53c03000 ---p 00000000 00:00 0 
7c8b53c03000-7c8b53cff000 rw-p 00000000 00:00 0 
7c8b53cff000-7c8b53d03000 ---p 00000000 00:00 0 
7c8b53d03000-7c8b53dff000 rw-p 00000000 00:00 0 
7c8b53dff000-7c8b53e00000 ---p 00000000 00:00 0 
7c8b53e00000-7c8b53f00000 rw-p 00000000 00:00 0 
7c8b53f00000-7c8b53f04000 ---p 00000000 00:00 0 
7c8b53f04000-7c8b54000000 rw-p 00000000 00:00 0 
7c8b54000000-7c8b54021000 rw-p 00000000 00:00 0 
7c8b54021000-7c8b58000000 ---p 00000000 00:00 0 
7c8b58000000-7c8b58004000 ---p 00000000 00:00 0 
7c8b58004000-7c8b58100000 rw-p 00000000 00:00 0 
7c8b58100000-7c8b58104000 ---p 00000000 00:00 0 
7c8b58104000-7c8b58200000 rw-p 00000000 00:00 0 
7c8b58200000-7c8b5a298000 rw-p 00000000 00:00 0 
7c8b5a298000-7c8b5a388000 ---p 00000000 00:00 0 
7c8b5a388000-7c8b5a39c000 rw-p 00000000 00:00 0 
7c8b5a39c000-7c8b5a3ec000 ---p 00000000 00:00 0 
7c8b5a3ec000-7c8b5a3f0000 rw-p 00000000 00:00 0 
7c8b5a3f0000-7c8b5c098000 ---p 00000000 00:00 0 
7c8b5c100000-7c8b5c104000 ---p 00000000 00:00 0 
7c8b5c104000-7c8b5c200000 rw-p 00000000 00:00 0 
7c8b5c200000-7c8b5c298000 rw-p 00000000 00:00 0 
7c8b5c298000-7c8b5c388000 ---p 00000000 00:00 0 
7c8b5c388000-7c8b5c39c000 rw-p 00000000 00:00 0 
7c8b5c39c000-7c8b5c3ec000 ---p 00000000 00:00 0 
7c8b5c3ec000-7c8b5c3f0000 rw-p 00000000 00:00 0 
7c8b5c3f0000-7c8b5e098000 ---p 00000000 00:00 0 
7c8b5e100000-7c8b5e104000 ---p 00000000 00:00 0 
7c8b5e104000-7c8b5e200000 rw-p 00000000 00:00 0 
7c8b5e200000-7c8b5ea80000 rwxp 00000000 00:00 0 
7c8b5ea80000-7c8b65737000 ---p 00000000 00:00 0 
7c8b65737000-7c8b659a7000 rwxp 00000000 00:00 0 
7c8b659a7000-7c8b65cc8000 ---p 00000000 00:00 0 
7c8b65cc8000-7c8b65f38000 rwxp 00000000 00:00 0 
7c8b65f38000-7c8b6d200000 ---p 00000000 00:00 0 
7c8b6d200000-7c8b6fe2e000 r--s 00000000 08:08 44807                      /home/antonio/.vscode/extensions/redhat.java-1.35.1-linux-x64/jre/17.0.12-linux-x86_64/lib/modules
7c8b6ff00000-7c8b6ff04000 ---p 00000000 00:00 0 
7c8b6ff04000-7c8b70000000 rw-p 00000000 00:00 0 
7c8b70000000-7c8b70f5f000 rw-p 00000000 00:00 0 
7c8b70f5f000-7c8b74000000 ---p 00000000 00:00 0 
7c8b7401e000-7c8b7404f000 rw-p 00000000 00:00 0 
7c8b7404f000-7c8b74053000 ---p 00000000 00:00 0 
7c8b74053000-7c8b7414f000 rw-p 00000000 00:00 0 
7c8b7414f000-7c8b741a3000 r--p 00000000 07:21 189                        /snap/code/173/usr/lib/locale/aa_DJ.utf8/LC_CTYPE
7c8b741a3000-7c8b7441b000 r--p 00000000 07:21 188                        /snap/code/173/usr/lib/locale/aa_DJ.utf8/LC_COLLATE
7c8b7441b000-7c8b7441f000 ---p 00000000 00:00 0 
7c8b7441f000-7c8b7451b000 rw-p 00000000 00:00 0 
7c8b7451b000-7c8b7451f000 ---p 00000000 00:00 0 
7c8b7451f000-7c8b7461b000 rw-p 00000000 00:00 0 
7c8b7461b000-7c8b7461c000 ---p 00000000 00:00 0 
7c8b7461c000-7c8b7471c000 rw-p 00000000 00:00 0 
7c8b7471c000-7c8b747f8000 rw-p 00000000 00:00 0 
7c8b747f8000-7c8b747f9000 ---p 00000000 00:00 0 
7c8b747f9000-7c8b748f9000 rw-p 00000000 00:00 0 
7c8b748f9000-7c8b748fa000 ---p 00000000 00:00 0 
7c8b748fa000-7c8b749fa000 rw-p 00000000 00:00 0 
7c8b749fa000-7c8b74dfe000 rw-p 00000000 00:00 0 
7c8b74dfe000-7c8b74dff000 ---p 00000000 00:00 0 
7c8b74dff000-7c8b74eff000 rw-p 00000000 00:00 0 
7c8b74eff000-7c8b74f00000 ---p 00000000 00:00 0 
7c8b74f00000-7c8b75000000 rw-p 00000000 00:00 0 
7c8b75000000-7c8b75013000 rw-p 00000000 00:00 0 
7c8b75013000-7c8b75031000 ---p 00000000 00:00 0 
7c8b75031000-7c8b75034000 rw-p 00000000 00:00 0 
7c8b75034000-7c8b7503d000 ---p 00000000 00:00 0 
7c8b7503d000-7c8b7503e000 rw-p 00000000 00:00 0 
7c8b7503e000-7c8b753d3000 ---p 00000000 00:00 0 
7c8b75400000-7c8b75413000 rw-p 00000000 00:00 0 
7c8b75413000-7c8b75431000 ---p 00000000 00:00 0 
7c8b75431000-7c8b75434000 rw-p 00000000 00:00 0 
7c8b75434000-7c8b7543d000 ---p 00000000 00:00 0 
7c8b7543d000-7c8b7543e000 rw-p 00000000 00:00 0 
7c8b7543e000-7c8b757d3000 ---p 00000000 00:00 0 
7c8b757db000-7c8b75800000 r--p 00000000 08:08 7499311                    /usr/share/locale-langpack/fr/LC_MESSAGES/libc.mo
7c8b75800000-7c8b75813000 rw-p 00000000 00:00 0 
7c8b75813000-7c8b75831000 ---p 00000000 00:00 0 
7c8b75831000-7c8b75834000 rw-p 00000000 00:00 0 
7c8b75834000-7c8b7583d000 ---p 00000000 00:00 0 
7c8b7583d000-7c8b7583e000 rw-p 00000000 00:00 0 
7c8b7583e000-7c8b75bd3000 ---p 00000000 00:00 0 
7c8b75beb000-7c8b75bef000 r--p 00000000 08:08 44836                      /home/antonio/.vscode/extensions/redhat.java-1.35.1-linux-x64/jre/17.0.12-linux-x86_64/lib/libnet.so
7c8b75bef000-7c8b75bfd000 r-xp 00004000 08:08 44836                      /home/antonio/.vscode/extensions/redhat.java-1.35.1-linux-x64/jre/17.0.12-linux-x86_64/lib/libnet.so
7c8b75bfd000-7c8b75c01000 r--p 00012000 08:08 44836                      /home/antonio/.vscode/extensions/redhat.java-1.35.1-linux-x64/jre/17.0.12-linux-x86_64/lib/libnet.so
7c8b75c01000-7c8b75c02000 r--p 00015000 08:08 44836                      /home/antonio/.vscode/extensions/redhat.java-1.35.1-linux-x64/jre/17.0.12-linux-x86_64/lib/libnet.so
7c8b75c02000-7c8b75c03000 rw-p 00016000 08:08 44836                      /home/antonio/.vscode/extensions/redhat.java-1.35.1-linux-x64/jre/17.0.12-linux-x86_64/lib/libnet.so
7c8b75c03000-7c8b75c0a000 r--p 00000000 08:08 44832                      /home/antonio/.vscode/extensions/redhat.java-1.35.1-linux-x64/jre/17.0.12-linux-x86_64/lib/libnio.so
7c8b75c0a000-7c8b75c13000 r-xp 00007000 08:08 44832                      /home/antonio/.vscode/extensions/redhat.java-1.35.1-linux-x64/jre/17.0.12-linux-x86_64/lib/libnio.so
7c8b75c13000-7c8b75c17000 r--p 00010000 08:08 44832                      /home/antonio/.vscode/extensions/redhat.java-1.35.1-linux-x64/jre/17.0.12-linux-x86_64/lib/libnio.so
7c8b75c17000-7c8b75c18000 ---p 00014000 08:08 44832                      /home/antonio/.vscode/extensions/redhat.java-1.35.1-linux-x64/jre/17.0.12-linux-x86_64/lib/libnio.so
7c8b75c18000-7c8b75c19000 r--p 00014000 08:08 44832                      /home/antonio/.vscode/extensions/redhat.java-1.35.1-linux-x64/jre/17.0.12-linux-x86_64/lib/libnio.so
7c8b75c19000-7c8b75c1a000 rw-p 00015000 08:08 44832                      /home/antonio/.vscode/extensions/redhat.java-1.35.1-linux-x64/jre/17.0.12-linux-x86_64/lib/libnio.so
7c8b75c1a000-7c8b75c1b000 r--p 00000000 07:21 1190                       /snap/code/173/usr/lib/locale/br_FR.utf8/LC_NUMERIC
7c8b75c1b000-7c8b75c1c000 r--p 00000000 07:21 3433                       /snap/code/173/usr/lib/locale/fr_FR.utf8/LC_TIME
7c8b75c1c000-7c8b75c1d000 r--p 00000000 07:21 1188                       /snap/code/173/usr/lib/locale/br_FR.utf8/LC_MONETARY
7c8b75c1d000-7c8b75c1e000 r--p 00000000 07:21 3371                       /snap/code/173/usr/lib/locale/fr_CA.utf8/LC_MESSAGES/SYS_LC_MESSAGES
7c8b75c1e000-7c8b75c25000 r--s 00000000 08:08 7103195                    /usr/lib/x86_64-linux-gnu/gconv/gconv-modules.cache
7c8b75c25000-7c8b75c26000 ---p 00000000 00:00 0 
7c8b75c26000-7c8b75d26000 rw-p 00000000 00:00 0 
7c8b75d26000-7c8b7612f000 rw-p 00000000 00:00 0 
7c8b7612f000-7c8b76215000 ---p 00000000 00:00 0 
7c8b76215000-7c8b76226000 rw-p 00000000 00:00 0 
7c8b76226000-7c8b76300000 ---p 00000000 00:00 0 
7c8b76300000-7c8b76304000 ---p 00000000 00:00 0 
7c8b76304000-7c8b76400000 rw-p 00000000 00:00 0 
7c8b76400000-7c8b76653000 r--p 00000000 08:08 44987                      /home/antonio/.vscode/extensions/redhat.java-1.35.1-linux-x64/jre/17.0.12-linux-x86_64/lib/server/libjvm.so
7c8b76653000-7c8b7737b000 r-xp 00253000 08:08 44987                      /home/antonio/.vscode/extensions/redhat.java-1.35.1-linux-x64/jre/17.0.12-linux-x86_64/lib/server/libjvm.so
7c8b7737b000-7c8b77608000 r--p 00f7b000 08:08 44987                      /home/antonio/.vscode/extensions/redhat.java-1.35.1-linux-x64/jre/17.0.12-linux-x86_64/lib/server/libjvm.so
7c8b77608000-7c8b776c1000 r--p 01207000 08:08 44987                      /home/antonio/.vscode/extensions/redhat.java-1.35.1-linux-x64/jre/17.0.12-linux-x86_64/lib/server/libjvm.so
7c8b776c1000-7c8b776f6000 rw-p 012c0000 08:08 44987                      /home/antonio/.vscode/extensions/redhat.java-1.35.1-linux-x64/jre/17.0.12-linux-x86_64/lib/server/libjvm.so
7c8b776f6000-7c8b77750000 rw-p 00000000 00:00 0 
7c8b77750000-7c8b77751000 r--p 00000000 07:21 197                        /snap/code/173/usr/lib/locale/aa_DJ.utf8/LC_PAPER
7c8b77751000-7c8b77752000 r--p 00000000 07:21 1189                       /snap/code/173/usr/lib/locale/br_FR.utf8/LC_NAME
7c8b77752000-7c8b77753000 r--p 00000000 07:21 3169                       /snap/code/173/usr/lib/locale/eu_FR.utf8/LC_ADDRESS
7c8b77753000-7c8b777d6000 rw-p 00000000 00:00 0 
7c8b777d6000-7c8b777e4000 r--p 00000000 08:08 44857                      /home/antonio/.vscode/extensions/redhat.java-1.35.1-linux-x64/jre/17.0.12-linux-x86_64/lib/libjava.so
7c8b777e4000-7c8b777f6000 r-xp 0000e000 08:08 44857                      /home/antonio/.vscode/extensions/redhat.java-1.35.1-linux-x64/jre/17.0.12-linux-x86_64/lib/libjava.so
7c8b777f6000-7c8b777fc000 r--p 00020000 08:08 44857                      /home/antonio/.vscode/extensions/redhat.java-1.35.1-linux-x64/jre/17.0.12-linux-x86_64/lib/libjava.so
7c8b777fc000-7c8b777fd000 ---p 00026000 08:08 44857                      /home/antonio/.vscode/extensions/redhat.java-1.35.1-linux-x64/jre/17.0.12-linux-x86_64/lib/libjava.so
7c8b777fd000-7c8b777fe000 r--p 00026000 08:08 44857                      /home/antonio/.vscode/extensions/redhat.java-1.35.1-linux-x64/jre/17.0.12-linux-x86_64/lib/libjava.so
7c8b777fe000-7c8b777ff000 rw-p 00027000 08:08 44857                      /home/antonio/.vscode/extensions/redhat.java-1.35.1-linux-x64/jre/17.0.12-linux-x86_64/lib/libjava.so
7c8b777ff000-7c8b77800000 rw-p 00000000 00:00 0 
7c8b77800000-7c8b77828000 r--p 00000000 08:08 6949005                    /usr/lib/x86_64-linux-gnu/libc.so.6
7c8b77828000-7c8b779bd000 r-xp 00028000 08:08 6949005                    /usr/lib/x86_64-linux-gnu/libc.so.6
7c8b779bd000-7c8b77a15000 r--p 001bd000 08:08 6949005                    /usr/lib/x86_64-linux-gnu/libc.so.6
7c8b77a15000-7c8b77a16000 ---p 00215000 08:08 6949005                    /usr/lib/x86_64-linux-gnu/libc.so.6
7c8b77a16000-7c8b77a1a000 r--p 00215000 08:08 6949005                    /usr/lib/x86_64-linux-gnu/libc.so.6
7c8b77a1a000-7c8b77a1c000 rw-p 00219000 08:08 6949005                    /usr/lib/x86_64-linux-gnu/libc.so.6
7c8b77a1c000-7c8b77a29000 rw-p 00000000 00:00 0 
7c8b77a29000-7c8b77a2a000 r--p 00000000 07:21 1192                       /snap/code/173/usr/lib/locale/br_FR.utf8/LC_TELEPHONE
7c8b77a2a000-7c8b77a2b000 r--p 00000000 07:21 191                        /snap/code/173/usr/lib/locale/aa_DJ.utf8/LC_MEASUREMENT
7c8b77a2b000-7c8b77a2c000 r--p 00000000 07:21 3424                       /snap/code/173/usr/lib/locale/fr_FR.utf8/LC_IDENTIFICATION
7c8b77a2c000-7c8b77a2e000 r--p 00000000 08:08 44810                      /home/antonio/.vscode/extensions/redhat.java-1.35.1-linux-x64/jre/17.0.12-linux-x86_64/lib/libzip.so
7c8b77a2e000-7c8b77a40000 r-xp 00002000 08:08 44810                      /home/antonio/.vscode/extensions/redhat.java-1.35.1-linux-x64/jre/17.0.12-linux-x86_64/lib/libzip.so
7c8b77a40000-7c8b77a48000 r--p 00014000 08:08 44810                      /home/antonio/.vscode/extensions/redhat.java-1.35.1-linux-x64/jre/17.0.12-linux-x86_64/lib/libzip.so
7c8b77a48000-7c8b77a49000 r--p 0001b000 08:08 44810                      /home/antonio/.vscode/extensions/redhat.java-1.35.1-linux-x64/jre/17.0.12-linux-x86_64/lib/libzip.so
7c8b77a49000-7c8b77a4a000 rw-p 0001c000 08:08 44810                      /home/antonio/.vscode/extensions/redhat.java-1.35.1-linux-x64/jre/17.0.12-linux-x86_64/lib/libzip.so
7c8b77a4a000-7c8b77a4e000 r--p 00000000 08:08 44851                      /home/antonio/.vscode/extensions/redhat.java-1.35.1-linux-x64/jre/17.0.12-linux-x86_64/lib/libjimage.so
7c8b77a4e000-7c8b77a61000 r-xp 00004000 08:08 44851                      /home/antonio/.vscode/extensions/redhat.java-1.35.1-linux-x64/jre/17.0.12-linux-x86_64/lib/libjimage.so
7c8b77a61000-7c8b77a67000 r--p 00017000 08:08 44851                      /home/antonio/.vscode/extensions/redhat.java-1.35.1-linux-x64/jre/17.0.12-linux-x86_64/lib/libjimage.so
7c8b77a67000-7c8b77a69000 r--p 0001c000 08:08 44851                      /home/antonio/.vscode/extensions/redhat.java-1.35.1-linux-x64/jre/17.0.12-linux-x86_64/lib/libjimage.so
7c8b77a69000-7c8b77a6a000 rw-p 0001e000 08:08 44851                      /home/antonio/.vscode/extensions/redhat.java-1.35.1-linux-x64/jre/17.0.12-linux-x86_64/lib/libjimage.so
7c8b77a6a000-7c8b77a78000 r--p 00000000 08:08 6949031                    /usr/lib/x86_64-linux-gnu/libm.so.6
7c8b77a78000-7c8b77af4000 r-xp 0000e000 08:08 6949031                    /usr/lib/x86_64-linux-gnu/libm.so.6
7c8b77af4000-7c8b77b4f000 r--p 0008a000 08:08 6949031                    /usr/lib/x86_64-linux-gnu/libm.so.6
7c8b77b4f000-7c8b77b50000 r--p 000e4000 08:08 6949031                    /usr/lib/x86_64-linux-gnu/libm.so.6
7c8b77b50000-7c8b77b51000 rw-p 000e5000 08:08 6949031                    /usr/lib/x86_64-linux-gnu/libm.so.6
7c8b77b51000-7c8b77b52000 r--p 00000000 08:08 6949124                    /usr/lib/x86_64-linux-gnu/librt.so.1
7c8b77b52000-7c8b77b53000 r-xp 00001000 08:08 6949124                    /usr/lib/x86_64-linux-gnu/librt.so.1
7c8b77b53000-7c8b77b54000 r--p 00002000 08:08 6949124                    /usr/lib/x86_64-linux-gnu/librt.so.1
7c8b77b54000-7c8b77b55000 r--p 00002000 08:08 6949124                    /usr/lib/x86_64-linux-gnu/librt.so.1
7c8b77b55000-7c8b77b56000 rw-p 00003000 08:08 6949124                    /usr/lib/x86_64-linux-gnu/librt.so.1
7c8b77b56000-7c8b77b58000 rw-p 00000000 00:00 0 
7c8b77b58000-7c8b77b59000 r--p 00000000 08:08 6949016                    /usr/lib/x86_64-linux-gnu/libdl.so.2
7c8b77b59000-7c8b77b5a000 r-xp 00001000 08:08 6949016                    /usr/lib/x86_64-linux-gnu/libdl.so.2
7c8b77b5a000-7c8b77b5b000 r--p 00002000 08:08 6949016                    /usr/lib/x86_64-linux-gnu/libdl.so.2
7c8b77b5b000-7c8b77b5c000 r--p 00002000 08:08 6949016                    /usr/lib/x86_64-linux-gnu/libdl.so.2
7c8b77b5c000-7c8b77b5d000 rw-p 00003000 08:08 6949016                    /usr/lib/x86_64-linux-gnu/libdl.so.2
7c8b77b5d000-7c8b77b5e000 r--p 00000000 08:08 6949096                    /usr/lib/x86_64-linux-gnu/libpthread.so.0
7c8b77b5e000-7c8b77b5f000 r-xp 00001000 08:08 6949096                    /usr/lib/x86_64-linux-gnu/libpthread.so.0
7c8b77b5f000-7c8b77b60000 r--p 00002000 08:08 6949096                    /usr/lib/x86_64-linux-gnu/libpthread.so.0
7c8b77b60000-7c8b77b61000 r--p 00002000 08:08 6949096                    /usr/lib/x86_64-linux-gnu/libpthread.so.0
7c8b77b61000-7c8b77b62000 rw-p 00003000 08:08 6949096                    /usr/lib/x86_64-linux-gnu/libpthread.so.0
7c8b77b62000-7c8b77b67000 rw-p 00000000 00:00 0 
7c8b77b67000-7c8b77b6e000 ---p 00000000 00:00 0 
7c8b77b6e000-7c8b77b76000 rw-s 00000000 08:08 5112071                    /tmp/hsperfdata_antonio/7504
7c8b77b76000-7c8b77b77000 ---p 00000000 00:00 0 
7c8b77b77000-7c8b77b78000 r--p 00000000 00:00 0 
7c8b77b78000-7c8b77b7b000 r--p 00000000 08:08 44850                      /home/antonio/.vscode/extensions/redhat.java-1.35.1-linux-x64/jre/17.0.12-linux-x86_64/lib/libjli.so
7c8b77b7b000-7c8b77b8b000 r-xp 00003000 08:08 44850                      /home/antonio/.vscode/extensions/redhat.java-1.35.1-linux-x64/jre/17.0.12-linux-x86_64/lib/libjli.so
7c8b77b8b000-7c8b77b92000 r--p 00013000 08:08 44850                      /home/antonio/.vscode/extensions/redhat.java-1.35.1-linux-x64/jre/17.0.12-linux-x86_64/lib/libjli.so
7c8b77b92000-7c8b77b93000 r--p 00019000 08:08 44850                      /home/antonio/.vscode/extensions/redhat.java-1.35.1-linux-x64/jre/17.0.12-linux-x86_64/lib/libjli.so
7c8b77b93000-7c8b77b94000 rw-p 0001a000 08:08 44850                      /home/antonio/.vscode/extensions/redhat.java-1.35.1-linux-x64/jre/17.0.12-linux-x86_64/lib/libjli.so
7c8b77b94000-7c8b77b96000 rw-p 00000000 00:00 0 
7c8b77b96000-7c8b77b98000 r--p 00000000 08:08 6948975                    /usr/lib/x86_64-linux-gnu/ld-linux-x86-64.so.2
7c8b77b98000-7c8b77bc2000 r-xp 00002000 08:08 6948975                    /usr/lib/x86_64-linux-gnu/ld-linux-x86-64.so.2
7c8b77bc2000-7c8b77bcd000 r--p 0002c000 08:08 6948975                    /usr/lib/x86_64-linux-gnu/ld-linux-x86-64.so.2
7c8b77bcd000-7c8b77bce000 ---p 00000000 00:00 0 
7c8b77bce000-7c8b77bd0000 r--p 00037000 08:08 6948975                    /usr/lib/x86_64-linux-gnu/ld-linux-x86-64.so.2
7c8b77bd0000-7c8b77bd2000 rw-p 00039000 08:08 6948975                    /usr/lib/x86_64-linux-gnu/ld-linux-x86-64.so.2
7ffe87ec0000-7ffe87ee2000 rw-p 00000000 00:00 0                          [stack]
7ffe87fd8000-7ffe87fdc000 r--p 00000000 00:00 0                          [vvar]
7ffe87fdc000-7ffe87fde000 r-xp 00000000 00:00 0                          [vdso]
ffffffffff600000-ffffffffff601000 --xp 00000000 00:00 0                  [vsyscall]


VM Arguments:
jvm_args: -XX:+ShowCodeDetailsInExceptionMessages 
java_command: com.example.gestiondigitalisation.GestionDigitalisationApplication
java_class_path (initial): /home/antonio/IdeaProjects/gestionDigitalisation/target/classes:/home/antonio/.m2/repository/org/springframework/boot/spring-boot-starter-security/3.3.3/spring-boot-starter-security-3.3.3.jar:/home/antonio/.m2/repository/org/springframework/boot/spring-boot-starter/3.3.3/spring-boot-starter-3.3.3.jar:/home/antonio/.m2/repository/org/springframework/boot/spring-boot/3.3.3/spring-boot-3.3.3.jar:/home/antonio/.m2/repository/org/springframework/boot/spring-boot-autoconfigure/3.3.3/spring-boot-autoconfigure-3.3.3.jar:/home/antonio/.m2/repository/org/springframework/boot/spring-boot-starter-logging/3.3.3/spring-boot-starter-logging-3.3.3.jar:/home/antonio/.m2/repository/ch/qos/logback/logback-classic/1.5.7/logback-classic-1.5.7.jar:/home/antonio/.m2/repository/ch/qos/logback/logback-core/1.5.7/logback-core-1.5.7.jar:/home/antonio/.m2/repository/org/apache/logging/log4j/log4j-to-slf4j/2.23.1/log4j-to-slf4j-2.23.1.jar:/home/antonio/.m2/repository/org/apache/logging/log4j/log4j-api/2.23.1/log4j-api-2.23.1.jar:/home/antonio/.m2/repository/org/slf4j/jul-to-slf4j/2.0.16/jul-to-slf4j-2.0.16.jar:/home/antonio/.m2/repository/jakarta/annotation/jakarta.annotation-api/2.1.1/jakarta.annotation-api-2.1.1.jar:/home/antonio/.m2/repository/org/yaml/snakeyaml/2.2/snakeyaml-2.2.jar:/home/antonio/.m2/repository/org/springframework/spring-aop/6.1.12/spring-aop-6.1.12.jar:/home/antonio/.m2/repository/org/springframework/spring-beans/6.1.12/spring-beans-6.1.12.jar:/home/antonio/.m2/repository/org/springframework/security/spring-security-config/6.3.3/spring-security-config-6.3.3.jar:/home/antonio/.m2/repository/org/springframework/security/spring-security-core/6.3.3/spring-security-core-6.3.3.jar:/home/antonio/.m2/repository/org/springframework/security/spring-security-crypto/6.3.3/spring-security-crypto-6.3.3.jar:/home/antonio/.m2/repository/org/springframework/spring-context/6.1.12/spring-context-6.1.12.jar:/home/antonio/.m2/repository/org/springframework/security
Launcher Type: SUN_STANDARD

[Global flags]
     intx CICompilerCount                          = 3                                         {product} {ergonomic}
     uint ConcGCThreads                            = 1                                         {product} {ergonomic}
     uint G1ConcRefinementThreads                  = 4                                         {product} {ergonomic}
   size_t G1HeapRegionSize                         = 1048576                                   {product} {ergonomic}
    uintx GCDrainStackTargetSize                   = 64                                        {product} {ergonomic}
   size_t InitialHeapSize                          = 130023424                                 {product} {ergonomic}
   size_t MarkStackSize                            = 4194304                                   {product} {ergonomic}
   size_t MaxHeapSize                              = 2053111808                                {product} {ergonomic}
   size_t MaxNewSize                               = 1231028224                                {product} {ergonomic}
   size_t MinHeapDeltaBytes                        = 1048576                                   {product} {ergonomic}
   size_t MinHeapSize                              = 8388608                                   {product} {ergonomic}
    uintx NonNMethodCodeHeapSize                   = 5832780                                {pd product} {ergonomic}
    uintx NonProfiledCodeHeapSize                  = 122912730                              {pd product} {ergonomic}
    uintx ProfiledCodeHeapSize                     = 122912730                              {pd product} {ergonomic}
    uintx ReservedCodeCacheSize                    = 251658240                              {pd product} {ergonomic}
     bool SegmentedCodeCache                       = true                                      {product} {ergonomic}
     bool ShowCodeDetailsInExceptionMessages       = true                                   {manageable} {command line}
   size_t SoftMaxHeapSize                          = 2053111808                             {manageable} {ergonomic}
     bool UseCompressedClassPointers               = true                           {product lp64_product} {ergonomic}
     bool UseCompressedOops                        = true                           {product lp64_product} {ergonomic}
     bool UseG1GC                                  = true                                      {product} {ergonomic}

Logging:
Log output configuration:
 #0: stdout all=warning uptime,level,tags
 #1: stderr all=off uptime,level,tags

Environment Variables:
PATH=/usr/local/sbin:/usr/local/bin:/usr/sbin:/usr/bin:/sbin:/bin:/usr/games:/usr/local/games:/snap/bin:/snap/bin
USERNAME=antonio
SHELL=/bin/bash
DISPLAY=:0
LANG=fr_FR.UTF-8
TERM=xterm-256color

Active Locale:
LC_ALL=fr_FR.UTF-8
LC_COLLATE=fr_FR.UTF-8
LC_CTYPE=fr_FR.UTF-8
LC_MESSAGES=fr_FR.UTF-8
LC_MONETARY=fr_FR.UTF-8
LC_NUMERIC=fr_FR.UTF-8
LC_TIME=fr_FR.UTF-8

Signal Handlers:
   SIGSEGV: crash_handler in libjvm.so, mask=11100100010111111101111111111110, flags=SA_RESTART|SA_SIGINFO, unblocked
    SIGBUS: crash_handler in libjvm.so, mask=11100100010111111101111111111110, flags=SA_RESTART|SA_SIGINFO, unblocked
    SIGFPE: crash_handler in libjvm.so, mask=11100100010111111101111111111110, flags=SA_RESTART|SA_SIGINFO, unblocked
   SIGPIPE: javaSignalHandler in libjvm.so, mask=11100100010111111101111111111110, flags=SA_RESTART|SA_SIGINFO, blocked
   SIGXFSZ: javaSignalHandler in libjvm.so, mask=11100100010111111101111111111110, flags=SA_RESTART|SA_SIGINFO, blocked
    SIGILL: crash_handler in libjvm.so, mask=11100100010111111101111111111110, flags=SA_RESTART|SA_SIGINFO, unblocked
   SIGUSR2: SR_handler in libjvm.so, mask=00000000000000000000000000000000, flags=SA_RESTART|SA_SIGINFO, blocked
    SIGHUP: UserHandler in libjvm.so, mask=11100100010111111101111111111110, flags=SA_RESTART|SA_SIGINFO, blocked
    SIGINT: UserHandler in libjvm.so, mask=11100100010111111101111111111110, flags=SA_RESTART|SA_SIGINFO, blocked
   SIGTERM: UserHandler in libjvm.so, mask=11100100010111111101111111111110, flags=SA_RESTART|SA_SIGINFO, blocked
   SIGQUIT: UserHandler in libjvm.so, mask=11100100010111111101111111111110, flags=SA_RESTART|SA_SIGINFO, blocked
   SIGTRAP: crash_handler in libjvm.so, mask=11100100010111111101111111111110, flags=SA_RESTART|SA_SIGINFO, unblocked


Periodic native trim disabled


---------------  S Y S T E M  ---------------

OS:
DISTRIB_ID=Ubuntu
DISTRIB_RELEASE=22.04
DISTRIB_CODENAME=jammy
DISTRIB_DESCRIPTION="Ubuntu 22.04.3 LTS"
uname: Linux 6.8.0-45-generic #45~22.04.1-Ubuntu SMP PREEMPT_DYNAMIC Wed Sep 11 15:25:05 UTC 2 x86_64
OS uptime: 0 days 0:19 hours
libc: glibc 2.35 NPTL 2.35 
rlimit (soft/hard): STACK 8192k/infinity , CORE 0k/infinity , NPROC 31008/31008 , NOFILE 4096/4096 , AS infinity/infinity , CPU infinity/infinity , DATA infinity/infinity , FSIZE infinity/infinity , MEMLOCK 1002008k/1002008k
load average: 8,77 7,87 5,86

/proc/meminfo:
MemTotal:        8016080 kB
MemFree:          514628 kB
MemAvailable:    2669212 kB
Buffers:          481032 kB
Cached:          1631816 kB
SwapCached:        34012 kB
Active:          3510300 kB
Inactive:        2805348 kB
Active(anon):    2828284 kB
Inactive(anon):  1728876 kB
Active(file):     682016 kB
Inactive(file):  1076472 kB
Unevictable:       64064 kB
Mlocked:              16 kB
SwapTotal:       2097148 kB
SwapFree:        1712528 kB
Zswap:                 0 kB
Zswapped:              0 kB
Dirty:              1160 kB
Writeback:             4 kB
AnonPages:       4234984 kB
Mapped:           806716 kB
Shmem:            354180 kB
KReclaimable:     701480 kB
Slab:             922484 kB
SReclaimable:     701480 kB
SUnreclaim:       221004 kB
KernelStack:       19616 kB
PageTables:        65800 kB
SecPageTables:         0 kB
NFS_Unstable:          0 kB
Bounce:                0 kB
WritebackTmp:          0 kB
CommitLimit:     6105188 kB
Committed_AS:   30234084 kB
VmallocTotal:   34359738367 kB
VmallocUsed:       50016 kB
VmallocChunk:          0 kB
Percpu:             7712 kB
HardwareCorrupted:     0 kB
AnonHugePages:         0 kB
ShmemHugePages:        0 kB
ShmemPmdMapped:        0 kB
FileHugePages:         0 kB
FilePmdMapped:         0 kB
Unaccepted:            0 kB
HugePages_Total:       0
HugePages_Free:        0
HugePages_Rsvd:        0
HugePages_Surp:        0
Hugepagesize:       2048 kB
Hugetlb:               0 kB
DirectMap4k:      192196 kB
DirectMap2M:     8081408 kB

/sys/kernel/mm/transparent_hugepage/enabled: always [madvise] never
/sys/kernel/mm/transparent_hugepage/hpage_pmd_size: 2097152
/sys/kernel/mm/transparent_hugepage/defrag (defrag/compaction efforts parameter): always defer defer+madvise [madvise] never

Process Memory:
Virtual Size: 5090120K (peak: 5153024K)
Resident Set Size: 191816K (peak: 191816K) (anon: 163784K, file: 28032K, shmem: 0K)
Swapped out: 0K
C-Heap outstanding allocations: 59273K, retained: 22826K
glibc malloc tunables: (default)

/proc/sys/kernel/threads-max (system-wide limit on the number of threads): 62017
/proc/sys/vm/max_map_count (maximum number of memory map areas a process may have): 65530
/proc/sys/vm/swappiness (control to define how aggressively the kernel swaps out anonymous memory): 60
/proc/sys/kernel/pid_max (system-wide limit on number of process identifiers): 4194304

container (cgroup) information:
container_type: cgroupv2
cpu_cpuset_cpus: not supported
cpu_memory_nodes: not supported
active_processor_count: 4
cpu_quota: not supported
cpu_period: not supported
cpu_shares: not supported
memory_limit_in_bytes: unlimited
memory_and_swap_limit_in_bytes: unlimited
memory_soft_limit_in_bytes: unlimited
memory_usage_in_bytes: 4323448 k
memory_max_usage_in_bytes: not supported
memory_swap_current_in_bytes: 174672 k
memory_swap_max_limit_in_bytes: unlimited
maximum number of tasks: 9302
current number of tasks: 371

Steal ticks since vm start: 0
Steal ticks percentage since vm start:  0,000

CPU: total 4 (initial active 4) (2 cores per cpu, 2 threads per core) family 6 model 58 stepping 9 microcode 0x21, cx8, cmov, fxsr, ht, mmx, sse, sse2, sse3, ssse3, sse4.1, sse4.2, popcnt, tsc, tscinvbit, avx, aes, erms, clmul, vzeroupper, clflush
CPU Model and flags from /proc/cpuinfo:
model name	: Intel(R) Core(TM) i5-3210M CPU @ 2.50GHz
flags		: fpu vme de pse tsc msr pae mce cx8 apic sep mtrr pge mca cmov pat pse36 clflush dts acpi mmx fxsr sse sse2 ss ht tm pbe syscall nx rdtscp lm constant_tsc arch_perfmon pebs bts rep_good nopl xtopology nonstop_tsc cpuid aperfmperf pni pclmulqdq dtes64 monitor ds_cpl vmx est tm2 ssse3 cx16 xtpr pdcm pcid sse4_1 sse4_2 x2apic popcnt tsc_deadline_timer aes xsave avx f16c rdrand lahf_lm cpuid_fault epb pti ssbd ibrs ibpb stibp tpr_shadow flexpriority ept vpid fsgsbase smep erms xsaveopt dtherm ida arat pln pts vnmi md_clear flush_l1d

Online cpus: 0-3
Offline cpus: 4-7
BIOS frequency limitation: <Not Available>
Frequency switch latency (ns): 20000
Available cpu frequencies: <Not Available>
Current governor: schedutil
Core performance/turbo boost: <Not Available>

Memory: 4k page, physical 8016080k(514628k free), swap 2097148k(1712528k free)
Page Sizes: 4k

vm_info: OpenJDK 64-Bit Server VM (17.0.12+7) for linux-amd64 JRE (17.0.12+7), built on Jul 16 2024 00:00:00 by "admin" with gcc 10.3.0

END.
