#
# A fatal error has been detected by the Java Runtime Environment:
#
#  SIGSEGV (0xb) at pc=0x00007271a1873bfe, pid=7723, tid=7759
#
# JRE version: OpenJDK Runtime Environment Temurin-17.0.12+7 (17.0.12+7) (build 17.0.12+7)
# Java VM: OpenJDK 64-Bit Server VM Temurin-17.0.12+7 (17.0.12+7, mixed mode, tiered, compressed oops, compressed class ptrs, g1 gc, linux-amd64)
# Problematic frame:
# V  [libjvm.so+0xc73bfe]  PhaseIterGVN::remove_speculative_types()+0x4e
#
# Core dump will be written. Default location: Core dumps may be processed with "/usr/share/apport/apport -p%p -s%s -c%c -d%d -P%P -u%u -g%g -- %E" (or dumping to /home/antonio/IdeaProjects/gestionDigitalisation/core.7723)
#
# If you would like to submit a bug report, please visit:
#   https://github.com/adoptium/adoptium-support/issues
#

---------------  S U M M A R Y ------------

Command Line: -Dcom.sun.management.jmxremote -Dcom.sun.management.jmxremote.port=45967 -Dcom.sun.management.jmxremote.authenticate=false -Dcom.sun.management.jmxremote.ssl=false -Dspring.jmx.enabled=true -Djava.rmi.server.hostname=localhost -Dspring.application.admin.enabled=true -Dspring.boot.project.name=gestionDigitalisation -XX:+ShowCodeDetailsInExceptionMessages com.example.gestiondigitalisation.GestionDigitalisationApplication

Host: Intel(R) Core(TM) i5-3210M CPU @ 2.50GHz, 4 cores, 7G, Ubuntu 22.04.3 LTS
Time: Wed Oct 30 16:41:06 2024 EET elapsed time: 6.757851 seconds (0d 0h 0m 6s)

---------------  T H R E A D  ---------------

Current thread (0x00007271344039c0):  JavaThread "C2 CompilerThread1" daemon [_thread_in_native, id=7759, stack(0x000072717dcfe000,0x000072717ddfe000)]


Current CompileTask:
C2:   6757 4124   !   4       org.springframework.core.annotation.AnnotationsScanner::processClassHierarchy (234 bytes)

Stack: [0x000072717dcfe000,0x000072717ddfe000],  sp=0x000072717ddf99e0,  free space=1006k
Native frames: (J=compiled Java code, j=interpreted, Vv=VM code, C=native code)
V  [libjvm.so+0xc73bfe]  PhaseIterGVN::remove_speculative_types()+0x4e
V  [libjvm.so+0x5c55c8]  Compile::remove_speculative_types(PhaseIterGVN&) [clone .part.0]+0x208
V  [libjvm.so+0x5d4abb]  Compile::Optimize()+0x3fb
V  [libjvm.so+0x5d6ce5]  Compile::Compile(ciEnv*, ciMethod*, int, bool, bool, bool, bool, bool, DirectiveSet*)+0xe65
V  [libjvm.so+0x516279]  C2Compiler::compile_method(ciEnv*, ciMethod*, int, bool, DirectiveSet*)+0xe9
V  [libjvm.so+0x5dfcc3]  CompileBroker::invoke_compiler_on_method(CompileTask*)+0xea3
V  [libjvm.so+0x5e0ba8]  CompileBroker::compiler_thread_loop()+0x6a8
V  [libjvm.so+0xe68306]  JavaThread::thread_main_inner()+0x196
V  [libjvm.so+0xe6bcba]  Thread::call_run()+0xaa
V  [libjvm.so+0xc29c13]  thread_native_entry(Thread*)+0xe3


siginfo: si_signo: 11 (SIGSEGV), si_code: 1 (SEGV_MAPERR), si_addr: 0x0000327138019f58

Registers:
RAX=0x00007270ec8be570, RBX=0x000000000000008f, RCX=0x00000000ff780000, RDX=0x0000000000008000
RSP=0x000072717ddf99e0, RBP=0x000072717ddf9a10, RSI=0x000072713897f57c, RDI=0x0000327138019f58
R8 =0x000000000000054d, R9 =0x00000000ff780000, R10=0x00007270ec72b360, R11=0x00007270ec000090
R12=0x000072717ddf9cb0, R13=0x00007270eca8a5b0, R14=0x000072717ddf9cf0, R15=0x000000000000008f
RIP=0x00007271a1873bfe, EFLAGS=0x0000000000010202, CSGSFS=0x002b000000000033, ERR=0x0000000000000004
  TRAPNO=0x000000000000000e


Register to memory mapping:

RAX=0x00007270ec8be570 points into unknown readable memory: 0x0000727138019f20 | 20 9f 01 38 71 72 00 00
RBX=0x000000000000008f is an unknown value
RCX=0x00000000ff780000 is an unallocated location in the heap
RDX=0x0000000000008000 is an unknown value
RSP=0x000072717ddf99e0 is pointing into the stack for thread: 0x00007271344039c0
RBP=0x000072717ddf9a10 is pointing into the stack for thread: 0x00007271344039c0
RSI=0x000072713897f57c points into unknown readable memory: 00 00 78 ff
RDI=0x0000327138019f58 is an unknown value
R8 =0x000000000000054d is an unknown value
R9 =0x00000000ff780000 is an unallocated location in the heap
R10=0x00007270ec72b360 points into unknown readable memory: 0x0000000000010020 | 20 00 01 00 00 00 00 00
R11=0x00007270ec000090 points into unknown readable memory: 0x00007270eccd0c30 | 30 0c cd ec 70 72 00 00
R12=0x000072717ddf9cb0 is pointing into the stack for thread: 0x00007271344039c0
R13=0x00007270eca8a5b0 points into unknown readable memory: 0x00007271a1e208b0 | b0 08 e2 a1 71 72 00 00
R14=0x000072717ddf9cf0 is pointing into the stack for thread: 0x00007271344039c0
R15=0x000000000000008f is an unknown value


Top of Stack: (sp=0x000072717ddf99e0)
0x000072717ddf99e0:   000072717ddf9a10 000000000000207b
0x000072717ddf99f0:   0000000000000001 00007271388d1ac8
0x000072717ddf9a00:   00007271388d1a98 00007271388d1a98
0x000072717ddf9a10:   000072717ddf9ad0 00007271a11c55c8
0x000072717ddf9a20:   000072717ddfa688 000072717ddfa638
0x000072717ddf9a30:   000072717ddf9cb0 000072717ddf9a70
0x000072717ddf9a40:   00004a8e0000001f 0000727138019f58
0x000072717ddf9a50:   000072713440b120 0000727100004000
0x000072717ddf9a60:   00007270ec8fe590 000072710000207b
0x000072717ddf9a70:   0000727100000400 000072713897eda0
0x000072717ddf9a80:   0000000000000400 000072713440b120
0x000072717ddf9a90:   0000000000000000 000072717ddf9b80
0x000072717ddf9aa0:   000072717ddf9ad0 00007271a1f0c309
0x000072717ddf9ab0:   000072717ddfbe20 000072717ddf9cb0
0x000072717ddf9ac0:   000072717ddfa6d0 000072717ddf9b80
0x000072717ddf9ad0:   000072717ddfb170 00007271a11d4abb
0x000072717ddf9ae0:   0000000009bbcf94 000072719c8ef9c8
0x000072717ddf9af0:   0000000000000034 0000000009bbcf94
0x000072717ddf9b00:   000072717ddf9b40 00007271a1402683
0x000072717ddf9b10:   000072719be69228 000072719c046330
0x000072717ddf9b20:   000072713440b120 0000727138979ba0
0x000072717ddf9b30:   000072713897db80 0000727138981b88
0x000072717ddf9b40:   0000000000040298 000072717ddfc8d0
0x000072717ddf9b50:   000072717ddfc8d0 0000727164cee3b8
0x000072717ddf9b60:   00007271344039c0 000072717ddf9b88
0x000072717ddf9b70:   000072717ddf9bb0 0000000000000000
0x000072717ddf9b80:   00007271380a0000 0000000000000000
0x000072717ddf9b90:   0000000000000000 0000000000000000
0x000072717ddf9ba0:   00007271380a6640 00007271a1baaadc
0x000072717ddf9bb0:   0000000000000000 0000000000000000
0x000072717ddf9bc0:   0000000000000000 00007271a1baaadc
0x000072717ddf9bd0:   0000000000000000 00007271342d1910 

Instructions: (pc=0x00007271a1873bfe)
0x00007271a1873afe:   00 00 49 8d bf 88 09 00 00 4c 89 e6 e8 d1 ac ff
0x00007271a1873b0e:   ff 48 89 c3 48 85 c0 74 ce 4c 39 e0 74 c9 eb ab
0x00007271a1873b1e:   66 90 49 8d 7f 40 e8 77 ea ff ff 49 8b 47 50 48
0x00007271a1873b2e:   01 d8 e9 4c ff ff ff 0f 1f 00 49 8d 7f 40 89 de
0x00007271a1873b3e:   e8 5d ea ff ff 49 8b 47 50 48 c7 04 d8 00 00 00
0x00007271a1873b4e:   00 e9 fb fe ff ff 0f 1f 40 00 49 8b 87 a8 09 00
0x00007271a1873b5e:   00 48 89 01 e9 25 fe ff ff 66 0f 1f 84 00 00 00
0x00007271a1873b6e:   00 00 b9 01 00 00 00 4c 89 f2 4c 89 fe ff d0 49
0x00007271a1873b7e:   89 c4 48 85 c0 0f 85 64 fe ff ff e9 23 fe ff ff
0x00007271a1873b8e:   66 90 4c 89 ee 4c 89 ff e8 a5 b4 ff ff 48 89 c3
0x00007271a1873b9e:   e9 26 ff ff ff 90 66 66 2e 0f 1f 84 00 00 00 00
0x00007271a1873bae:   00 90 8b 57 48 85 d2 74 79 55 48 89 e5 41 57 41
0x00007271a1873bbe:   56 4c 8d 77 40 41 55 41 54 49 89 fc 53 31 db 48
0x00007271a1873bce:   83 ec 08 eb 1a 0f 1f 44 00 00 49 8b 44 24 50 4e
0x00007271a1873bde:   89 2c f8 41 8b 54 24 48 83 c3 01 39 d3 73 33 49
0x00007271a1873bee:   8b 44 24 50 41 89 df 4a 8b 3c f8 48 85 ff 74 e8
0x00007271a1873bfe:   48 8b 07 ff 90 80 00 00 00 49 89 c5 41 39 5c 24
0x00007271a1873c0e:   48 77 c7 89 de 4c 89 f7 e8 85 e9 ff ff eb bb 0f
0x00007271a1873c1e:   1f 00 48 83 c4 08 5b 41 5c 41 5d 41 5e 41 5f 5d
0x00007271a1873c2e:   c3 90 c3 90 66 66 2e 0f 1f 84 00 00 00 00 00 0f
0x00007271a1873c3e:   1f 00 55 48 89 e5 41 57 41 56 49 89 fe 41 55 41
0x00007271a1873c4e:   54 53 48 81 ec c8 00 00 00 48 8b 47 10 8b 98 40
0x00007271a1873c5e:   02 00 00 83 eb 01 78 52 48 8d 47 40 4c 63 e3 4c
0x00007271a1873c6e:   8d 3d d4 28 6d 00 48 89 85 78 ff ff ff 49 c1 e4
0x00007271a1873c7e:   03 eb 1b 0f 1f 80 00 00 00 00 49 8b 46 50 83 eb
0x00007271a1873c8e:   01 4e 89 2c 20 49 83 ec 08 83 fb ff 74 1c 4d 8b
0x00007271a1873c9e:   2f 41 39 5e 48 77 e3 48 8b bd 78 ff ff ff 89 de
0x00007271a1873cae:   e8 ed e8 ff ff eb d3 0f 1f 00 66 48 8d 3d e8 d2
0x00007271a1873cbe:   64 00 66 66 48 e8 38 f8 5d ff c7 45 88 04 00 00
0x00007271a1873cce:   00 48 8b 00 4c 8b a0 38 02 00 00 49 8b 7c 24 18
0x00007271a1873cde:   4c 89 65 80 48 83 ff df 76 19 4c 89 e7 48 8d 15
0x00007271a1873cee:   aa 6a 31 00 be 20 00 00 00 e8 24 e0 75 ff 49 8b 


Stack slot to memory mapping:
stack at sp + 0 slots: 0x000072717ddf9a10 is pointing into the stack for thread: 0x00007271344039c0
stack at sp + 1 slots: 0x000000000000207b is an unknown value
stack at sp + 2 slots: 0x0000000000000001 is an unknown value
stack at sp + 3 slots: 0x00007271388d1ac8 points into unknown readable memory: 0x00007271a1e9fd78 | 78 fd e9 a1 71 72 00 00
stack at sp + 4 slots: 0x00007271388d1a98 points into unknown readable memory: 0x00007271388d1bd8 | d8 1b 8d 38 71 72 00 00
stack at sp + 5 slots: 0x00007271388d1a98 points into unknown readable memory: 0x00007271388d1bd8 | d8 1b 8d 38 71 72 00 00
stack at sp + 6 slots: 0x000072717ddf9ad0 is pointing into the stack for thread: 0x00007271344039c0
stack at sp + 7 slots: 0x00007271a11c55c8: <offset 0x00000000005c55c8> in /home/antonio/.vscode/extensions/redhat.java-1.35.1-linux-x64/jre/17.0.12-linux-x86_64/lib/server/libjvm.so at 0x00007271a0c00000


---------------  P R O C E S S  ---------------

Threads class SMR info:
_java_thread_list=0x00007270e43b4940, length=15, elements={
0x000072719c029cd0, 0x000072719c181580, 0x000072719c182b30, 0x000072719c1adda0,
0x000072719c1b1690, 0x000072719c1b2680, 0x000072719c1b3d10, 0x000072719c1b5200,
0x000072719c1be670, 0x000072719c22cab0, 0x000072719c277600, 0x000072719c6a9960,
0x000072719c6b2b10, 0x000072719c7128c0, 0x00007271344039c0
}

Java Threads: ( => current thread )
  0x000072719c029cd0 JavaThread "main" [_thread_in_native, id=7724, stack(0x00007271a0a19000,0x00007271a0b19000)]
  0x000072719c181580 JavaThread "Reference Handler" daemon [_thread_blocked, id=7731, stack(0x000072718517c000,0x000072718527c000)]
  0x000072719c182b30 JavaThread "Finalizer" daemon [_thread_blocked, id=7732, stack(0x000072718507c000,0x000072718517c000)]
  0x000072719c1adda0 JavaThread "Signal Dispatcher" daemon [_thread_blocked, id=7733, stack(0x0000727184d04000,0x0000727184e04000)]
  0x000072719c1b1690 JavaThread "Service Thread" daemon [_thread_blocked, id=7734, stack(0x0000727184c04000,0x0000727184d04000)]
  0x000072719c1b2680 JavaThread "Monitor Deflation Thread" daemon [_thread_blocked, id=7735, stack(0x0000727184b04000,0x0000727184c04000)]
  0x000072719c1b3d10 JavaThread "C2 CompilerThread0" daemon [_thread_in_native, id=7736, stack(0x0000727184a04000,0x0000727184b04000)]
  0x000072719c1b5200 JavaThread "C1 CompilerThread0" daemon [_thread_blocked, id=7737, stack(0x0000727184904000,0x0000727184a04000)]
  0x000072719c1be670 JavaThread "Sweeper thread" daemon [_thread_blocked, id=7738, stack(0x0000727184804000,0x0000727184904000)]
  0x000072719c22cab0 JavaThread "Common-Cleaner" daemon [_thread_blocked, id=7739, stack(0x0000727184704000,0x0000727184804000)]
  0x000072719c277600 JavaThread "Notification Thread" daemon [_thread_blocked, id=7740, stack(0x0000727184604000,0x0000727184704000)]
  0x000072719c6a9960 JavaThread "RMI TCP Accept-0" daemon [_thread_in_native, id=7751, stack(0x0000727184504000,0x0000727184604000)]
  0x000072719c6b2b10 JavaThread "RMI TCP Accept-45967" daemon [_thread_in_native, id=7752, stack(0x0000727184404000,0x0000727184504000)]
  0x000072719c7128c0 JavaThread "RMI TCP Accept-0" daemon [_thread_in_native, id=7753, stack(0x0000727184304000,0x0000727184404000)]
=>0x00007271344039c0 JavaThread "C2 CompilerThread1" daemon [_thread_in_native, id=7759, stack(0x000072717dcfe000,0x000072717ddfe000)]

Other Threads:
  0x000072719c12d750 VMThread "VM Thread" [stack: 0x000072718527d000,0x000072718537d000] [id=7730]
  0x000072719c295870 WatcherThread [stack: 0x0000727184204000,0x0000727184304000] [id=7754]
  0x000072719c083440 GCTaskThread "GC Thread#0" [stack: 0x00007271a033f000,0x00007271a043f000] [id=7725]
  0x000072715c005100 GCTaskThread "GC Thread#1" [stack: 0x0000727184103000,0x0000727184203000] [id=7755]
  0x000072715c00b2d0 GCTaskThread "GC Thread#2" [stack: 0x0000727184002000,0x0000727184102000] [id=7756]
  0x000072715c00bc60 GCTaskThread "GC Thread#3" [stack: 0x000072717df00000,0x000072717e000000] [id=7757]
  0x000072719c093ef0 ConcurrentGCThread "G1 Main Marker" [stack: 0x00007271a023e000,0x00007271a033e000] [id=7726]
  0x000072719c094e60 ConcurrentGCThread "G1 Conc#0" [stack: 0x00007271a013d000,0x00007271a023d000] [id=7727]
  0x000072719c0f9560 ConcurrentGCThread "G1 Refine#0" [stack: 0x0000727185500000,0x0000727185600000] [id=7728]
  0x000072716c000eb0 ConcurrentGCThread "G1 Refine#1" [stack: 0x000072717ddff000,0x000072717deff000] [id=7758]
  0x000072719c0fa460 ConcurrentGCThread "G1 Service" [stack: 0x00007271853ff000,0x00007271854ff000] [id=7729]

Threads with active compile tasks:
C2 CompilerThread0     6762 4152       4       org.springframework.core.annotation.TypeMappedAnnotations$IsPresent::doWithAnnotations (183 bytes)
C2 CompilerThread1     6762 4124   !   4       org.springframework.core.annotation.AnnotationsScanner::processClassHierarchy (234 bytes)

VM state: not at safepoint (normal execution)

VM Mutex/Monitor currently owned by a thread: None

Heap address: 0x0000000085a00000, size: 1958 MB, Compressed Oops mode: 32-bit

CDS archive(s) not mapped
Compressed class space mapped at: 0x0000000100000000-0x0000000140000000, reserved size: 1073741824
Narrow klass base: 0x0000000000000000, Narrow klass shift: 3, Narrow klass range: 0x140000000

GC Precious Log:
 CPUs: 4 total, 4 available
 Memory: 7828M
 Large Page Support: Disabled
 NUMA Support: Disabled
 Compressed Oops: Enabled (32-bit)
 Heap Region Size: 1M
 Heap Min Capacity: 8M
 Heap Initial Capacity: 124M
 Heap Max Capacity: 1958M
 Pre-touch: Disabled
 Parallel Workers: 4
 Concurrent Workers: 1
 Concurrent Refinement Workers: 4
 Periodic GC: Disabled

Heap:
 garbage-first heap   total 49152K, used 31215K [0x0000000085a00000, 0x0000000100000000)
  region size 1024K, 14 young (14336K), 3 survivors (3072K)
 Metaspace       used 39578K, committed 40000K, reserved 1114112K
  class space    used 5040K, committed 5248K, reserved 1048576K

Heap Regions: E=young(eden), S=young(survivor), O=old, HS=humongous(starts), HC=humongous(continues), CS=collection set, F=free, OA=open archive, CA=closed archive, TAMS=top-at-mark-start (previous, next)
|   0|0x0000000085a00000, 0x0000000085b00000, 0x0000000085b00000|100%|HS|  |TAMS 0x0000000085b00000, 0x0000000085a00000| Complete 
|   1|0x0000000085b00000, 0x0000000085c00000, 0x0000000085c00000|100%| O|  |TAMS 0x0000000085c00000, 0x0000000085b00000| Untracked 
|   2|0x0000000085c00000, 0x0000000085d00000, 0x0000000085d00000|100%| O|  |TAMS 0x0000000085d00000, 0x0000000085c00000| Untracked 
|   3|0x0000000085d00000, 0x0000000085e00000, 0x0000000085e00000|100%| O|  |TAMS 0x0000000085e00000, 0x0000000085d00000| Untracked 
|   4|0x0000000085e00000, 0x0000000085f00000, 0x0000000085f00000|100%| O|  |TAMS 0x0000000085f00000, 0x0000000085e00000| Untracked 
|   5|0x0000000085f00000, 0x0000000086000000, 0x0000000086000000|100%| O|  |TAMS 0x0000000086000000, 0x0000000085f00000| Untracked 
|   6|0x0000000086000000, 0x0000000086100000, 0x0000000086100000|100%| O|  |TAMS 0x0000000086100000, 0x0000000086000000| Untracked 
|   7|0x0000000086100000, 0x0000000086141400, 0x0000000086200000| 25%| O|  |TAMS 0x0000000086141400, 0x0000000086100000| Untracked 
|   8|0x0000000086200000, 0x0000000086300000, 0x0000000086300000|100%| O|  |TAMS 0x0000000086300000, 0x0000000086200000| Untracked 
|   9|0x0000000086300000, 0x0000000086400000, 0x0000000086400000|100%| O|  |TAMS 0x0000000086400000, 0x0000000086300000| Untracked 
|  10|0x0000000086400000, 0x0000000086500000, 0x0000000086500000|100%| O|  |TAMS 0x0000000086500000, 0x0000000086400000| Untracked 
|  11|0x0000000086500000, 0x0000000086600000, 0x0000000086600000|100%| O|  |TAMS 0x0000000086600000, 0x0000000086500000| Untracked 
|  12|0x0000000086600000, 0x0000000086700000, 0x0000000086700000|100%| O|  |TAMS 0x0000000086700000, 0x0000000086600000| Untracked 
|  13|0x0000000086700000, 0x0000000086800000, 0x0000000086800000|100%| O|  |TAMS 0x0000000086800000, 0x0000000086700000| Untracked 
|  14|0x0000000086800000, 0x0000000086900000, 0x0000000086900000|100%| O|  |TAMS 0x0000000086900000, 0x0000000086800000| Untracked 
|  15|0x0000000086900000, 0x0000000086a00000, 0x0000000086a00000|100%| O|  |TAMS 0x0000000086a00000, 0x0000000086900000| Untracked 
|  16|0x0000000086a00000, 0x0000000086b00000, 0x0000000086b00000|100%| O|  |TAMS 0x0000000086a84800, 0x0000000086a00000| Untracked 
|  17|0x0000000086b00000, 0x0000000086c00000, 0x0000000086c00000|100%| O|  |TAMS 0x0000000086c00000, 0x0000000086b00000| Untracked 
|  18|0x0000000086c00000, 0x0000000086cace00, 0x0000000086d00000| 67%| O|  |TAMS 0x0000000086c00000, 0x0000000086c00000| Untracked 
|  19|0x0000000086d00000, 0x0000000086d00000, 0x0000000086e00000|  0%| F|  |TAMS 0x0000000086d00000, 0x0000000086d00000| Untracked 
|  20|0x0000000086e00000, 0x0000000086e00000, 0x0000000086f00000|  0%| F|  |TAMS 0x0000000086e00000, 0x0000000086e00000| Untracked 
|  21|0x0000000086f00000, 0x0000000086f00000, 0x0000000087000000|  0%| F|  |TAMS 0x0000000086f00000, 0x0000000086f00000| Untracked 
|  22|0x0000000087000000, 0x0000000087000000, 0x0000000087100000|  0%| F|  |TAMS 0x0000000087000000, 0x0000000087000000| Untracked 
|  23|0x0000000087100000, 0x0000000087100000, 0x0000000087200000|  0%| F|  |TAMS 0x0000000087100000, 0x0000000087100000| Untracked 
|  24|0x0000000087200000, 0x0000000087200000, 0x0000000087300000|  0%| F|  |TAMS 0x0000000087200000, 0x0000000087200000| Untracked 
|  25|0x0000000087300000, 0x0000000087300000, 0x0000000087400000|  0%| F|  |TAMS 0x0000000087300000, 0x0000000087300000| Untracked 
|  26|0x0000000087400000, 0x000000008748dbe8, 0x0000000087500000| 55%| S|CS|TAMS 0x0000000087400000, 0x0000000087400000| Complete 
|  27|0x0000000087500000, 0x0000000087600000, 0x0000000087600000|100%| S|CS|TAMS 0x0000000087500000, 0x0000000087500000| Complete 
|  28|0x0000000087600000, 0x0000000087700000, 0x0000000087700000|100%| S|CS|TAMS 0x0000000087600000, 0x0000000087600000| Complete 
|  29|0x0000000087700000, 0x0000000087700000, 0x0000000087800000|  0%| F|  |TAMS 0x0000000087700000, 0x0000000087700000| Untracked 
|  30|0x0000000087800000, 0x0000000087800000, 0x0000000087900000|  0%| F|  |TAMS 0x0000000087800000, 0x0000000087800000| Untracked 
|  31|0x0000000087900000, 0x0000000087900000, 0x0000000087a00000|  0%| F|  |TAMS 0x0000000087900000, 0x0000000087900000| Untracked 
|  32|0x0000000087a00000, 0x0000000087a00000, 0x0000000087b00000|  0%| F|  |TAMS 0x0000000087a00000, 0x0000000087a00000| Untracked 
|  33|0x0000000087b00000, 0x0000000087b00000, 0x0000000087c00000|  0%| F|  |TAMS 0x0000000087b00000, 0x0000000087b00000| Untracked 
|  34|0x0000000087c00000, 0x0000000087c00000, 0x0000000087d00000|  0%| F|  |TAMS 0x0000000087c00000, 0x0000000087c00000| Untracked 
|  35|0x0000000087d00000, 0x0000000087d00000, 0x0000000087e00000|  0%| F|  |TAMS 0x0000000087d00000, 0x0000000087d00000| Untracked 
|  36|0x0000000087e00000, 0x0000000087e00000, 0x0000000087f00000|  0%| F|  |TAMS 0x0000000087e00000, 0x0000000087e00000| Untracked 
|  37|0x0000000087f00000, 0x0000000087f47430, 0x0000000088000000| 27%| E|  |TAMS 0x0000000087f00000, 0x0000000087f00000| Complete 
|  38|0x0000000088000000, 0x0000000088100000, 0x0000000088100000|100%| E|CS|TAMS 0x0000000088000000, 0x0000000088000000| Complete 
|  39|0x0000000088100000, 0x0000000088200000, 0x0000000088200000|100%| E|CS|TAMS 0x0000000088100000, 0x0000000088100000| Complete 
|  40|0x0000000088200000, 0x0000000088300000, 0x0000000088300000|100%| E|CS|TAMS 0x0000000088200000, 0x0000000088200000| Complete 
|  41|0x0000000088300000, 0x0000000088400000, 0x0000000088400000|100%| E|CS|TAMS 0x0000000088300000, 0x0000000088300000| Complete 
|  42|0x0000000088400000, 0x0000000088500000, 0x0000000088500000|100%| E|CS|TAMS 0x0000000088400000, 0x0000000088400000| Complete 
|  43|0x0000000088500000, 0x0000000088600000, 0x0000000088600000|100%| E|CS|TAMS 0x0000000088500000, 0x0000000088500000| Complete 
| 118|0x000000008d000000, 0x000000008d100000, 0x000000008d100000|100%| E|CS|TAMS 0x000000008d000000, 0x000000008d000000| Complete 
| 119|0x000000008d100000, 0x000000008d200000, 0x000000008d200000|100%| E|CS|TAMS 0x000000008d100000, 0x000000008d100000| Complete 
| 120|0x000000008d200000, 0x000000008d300000, 0x000000008d300000|100%| E|CS|TAMS 0x000000008d200000, 0x000000008d200000| Complete 
| 123|0x000000008d500000, 0x000000008d600000, 0x000000008d600000|100%| E|CS|TAMS 0x000000008d500000, 0x000000008d500000| Complete 

Card table byte_map: [0x0000727189a00000,0x0000727189dd3000] _byte_map_base: 0x00007271895d3000

Marking Bits (Prev, Next): (CMBitMap*) 0x000072719c083ed0, (CMBitMap*) 0x000072719c083f10
 Prev Bits: [0x0000727187600000, 0x0000727189498000)
 Next Bits: [0x0000727185600000, 0x0000727187498000)

Polling page: 0x00007271a225e000

Metaspace:

Usage:
  Non-class:     33,73 MB used.
      Class:      4,92 MB used.
       Both:     38,65 MB used.

Virtual space:
  Non-class space:       64,00 MB reserved,      33,94 MB ( 53%) committed,  1 nodes.
      Class space:        1,00 GB reserved,       5,12 MB ( <1%) committed,  1 nodes.
             Both:        1,06 GB reserved,      39,06 MB (  4%) committed. 

Chunk freelists:
   Non-Class:  13,92 MB
       Class:  10,78 MB
        Both:  24,70 MB

MaxMetaspaceSize: unlimited
CompressedClassSpaceSize: 1,00 GB
Initial GC threshold: 21,00 MB
Current GC threshold: 59,00 MB
CDS: off
MetaspaceReclaimPolicy: balanced
 - commit_granule_bytes: 65536.
 - commit_granule_words: 8192.
 - virtual_space_node_default_size: 8388608.
 - enlarge_chunks_in_place: 1.
 - new_chunks_are_fully_committed: 0.
 - uncommit_free_chunks: 1.
 - use_allocation_guard: 0.
 - handle_deallocations: 1.


Internal statistics:

num_allocs_failed_limit: 8.
num_arena_births: 480.
num_arena_deaths: 0.
num_vsnodes_births: 2.
num_vsnodes_deaths: 0.
num_space_committed: 625.
num_space_uncommitted: 0.
num_chunks_returned_to_freelist: 8.
num_chunks_taken_from_freelist: 1592.
num_chunk_merges: 8.
num_chunk_splits: 1091.
num_chunks_enlarged: 802.
num_inconsistent_stats: 0.

CodeHeap 'non-profiled nmethods': size=120032Kb used=1969Kb max_used=1969Kb free=118062Kb
 bounds [0x0000727191cc8000, 0x0000727191f38000, 0x0000727199200000]
CodeHeap 'profiled nmethods': size=120028Kb used=8471Kb max_used=8471Kb free=111557Kb
 bounds [0x000072718a200000, 0x000072718aa50000, 0x0000727191737000]
CodeHeap 'non-nmethods': size=5700Kb used=1222Kb max_used=1281Kb free=4477Kb
 bounds [0x0000727191737000, 0x00007271919a7000, 0x0000727191cc8000]
 total_blobs=4666 nmethods=4136 adapters=443
 compilation: enabled
              stopped_count=0, restarted_count=0
 full_count=0

Compilation events (20 events):
Event: 6,705 Thread 0x000072719c1b5200 4145       1       org.springframework.beans.factory.support.AbstractBeanFactory::getBeanPostProcessors (5 bytes)
Event: 6,705 Thread 0x000072719c1b5200 nmethod 4145 0x0000727191ea3e90 code [0x0000727191ea4020, 0x0000727191ea40f0]
Event: 6,705 Thread 0x000072719c1b5200 4146       1       org.springframework.boot.web.servlet.context.ServletWebServerApplicationContext::getServletConfig (5 bytes)
Event: 6,705 Thread 0x000072719c1b5200 nmethod 4146 0x0000727191ea4190 code [0x0000727191ea4320, 0x0000727191ea43f0]
Event: 6,705 Thread 0x000072719c1b5200 4147       1       org.springframework.web.context.support.ServletContextAwareProcessor::getServletConfig (5 bytes)
Event: 6,705 Thread 0x000072719c1b5200 nmethod 4147 0x0000727191ea4490 code [0x0000727191ea4620, 0x0000727191ea46f0]
Event: 6,710 Thread 0x000072719c1b3d10 nmethod 3892 0x0000727191ea4790 code [0x0000727191ea50c0, 0x0000727191ead088]
Event: 6,710 Thread 0x000072719c1b3d10 4113       4       org.springframework.core.annotation.MergedAnnotations$Search$$Lambda$142/0x0000000100191c08::test (8 bytes)
Event: 6,711 Thread 0x000072719c1b3d10 nmethod 4113 0x0000727191eb1c90 code [0x0000727191eb1e20, 0x0000727191eb1eb8]
Event: 6,711 Thread 0x000072719c1b3d10 4029       4       org.springframework.util.ConcurrentReferenceHashMap$Segment::getReference (55 bytes)
Event: 6,729 Thread 0x000072719c1b5200 4155       3       java.lang.Class::getMethod0 (31 bytes)
Event: 6,730 Thread 0x000072719c1b5200 nmethod 4155 0x000072718aa44290 code [0x000072718aa44460, 0x000072718aa44690]
Event: 6,730 Thread 0x000072719c1b5200 4156       1       org.springframework.security.config.annotation.method.configuration.DeferringMethodInterceptor::getPointcut (5 bytes)
Event: 6,730 Thread 0x000072719c1b5200 nmethod 4156 0x0000727191eb1f90 code [0x0000727191eb2120, 0x0000727191eb21f0]
Event: 6,732 Thread 0x000072719c1b3d10 nmethod 4029 0x0000727191eb2290 code [0x0000727191eb24e0, 0x0000727191eb3160]
Event: 6,732 Thread 0x000072719c1b3d10 4154       4       java.lang.PublicMethods$MethodList::filter (104 bytes)
Event: 6,735 Thread 0x000072719c1b5200 4158 %     3       org.springframework.util.ReflectionUtils::findMethod @ 51 (109 bytes)
Event: 6,737 Thread 0x000072719c1b5200 nmethod 4158% 0x000072718aa44790 code [0x000072718aa44a40, 0x000072718aa456a0]
Event: 6,745 Thread 0x000072719c1b3d10 nmethod 4154 0x0000727191eb3790 code [0x0000727191eb3940, 0x0000727191eb4298]
Event: 6,745 Thread 0x000072719c1b3d10 4152       4       org.springframework.core.annotation.TypeMappedAnnotations$IsPresent::doWithAnnotations (183 bytes)

GC Heap History (20 events):
Event: 1,501 GC heap before
{Heap before GC invocations=1 (full 0):
 garbage-first heap   total 126976K, used 15604K [0x0000000085a00000, 0x0000000100000000)
  region size 1024K, 10 young (10240K), 2 survivors (2048K)
 Metaspace       used 15142K, committed 15360K, reserved 1114112K
  class space    used 1687K, committed 1792K, reserved 1048576K
}
Event: 1,506 GC heap after
{Heap after GC invocations=2 (full 0):
 garbage-first heap   total 126976K, used 8568K [0x0000000085a00000, 0x0000000100000000)
  region size 1024K, 2 young (2048K), 2 survivors (2048K)
 Metaspace       used 15142K, committed 15360K, reserved 1114112K
  class space    used 1687K, committed 1792K, reserved 1048576K
}
Event: 2,191 GC heap before
{Heap before GC invocations=2 (full 0):
 garbage-first heap   total 126976K, used 30072K [0x0000000085a00000, 0x0000000100000000)
  region size 1024K, 24 young (24576K), 2 survivors (2048K)
 Metaspace       used 20723K, committed 20928K, reserved 1114112K
  class space    used 2467K, committed 2560K, reserved 1048576K
}
Event: 2,200 GC heap after
{Heap after GC invocations=3 (full 0):
 garbage-first heap   total 126976K, used 10082K [0x0000000085a00000, 0x0000000100000000)
  region size 1024K, 3 young (3072K), 3 survivors (3072K)
 Metaspace       used 20723K, committed 20928K, reserved 1114112K
  class space    used 2467K, committed 2560K, reserved 1048576K
}
Event: 2,282 GC heap before
{Heap before GC invocations=3 (full 0):
 garbage-first heap   total 126976K, used 12130K [0x0000000085a00000, 0x0000000100000000)
  region size 1024K, 6 young (6144K), 3 survivors (3072K)
 Metaspace       used 21263K, committed 21504K, reserved 1114112K
  class space    used 2584K, committed 2688K, reserved 1048576K
}
Event: 2,287 GC heap after
{Heap after GC invocations=4 (full 0):
 garbage-first heap   total 126976K, used 10337K [0x0000000085a00000, 0x0000000100000000)
  region size 1024K, 3 young (3072K), 3 survivors (3072K)
 Metaspace       used 21263K, committed 21504K, reserved 1114112K
  class space    used 2584K, committed 2688K, reserved 1048576K
}
Event: 2,733 GC heap before
{Heap before GC invocations=5 (full 0):
 garbage-first heap   total 40960K, used 29793K [0x0000000085a00000, 0x0000000100000000)
  region size 1024K, 23 young (23552K), 3 survivors (3072K)
 Metaspace       used 25939K, committed 26240K, reserved 1114112K
  class space    used 3199K, committed 3328K, reserved 1048576K
}
Event: 2,742 GC heap after
{Heap after GC invocations=6 (full 0):
 garbage-first heap   total 40960K, used 11916K [0x0000000085a00000, 0x0000000100000000)
  region size 1024K, 5 young (5120K), 5 survivors (5120K)
 Metaspace       used 25939K, committed 26240K, reserved 1114112K
  class space    used 3199K, committed 3328K, reserved 1048576K
}
Event: 3,001 GC heap before
{Heap before GC invocations=6 (full 0):
 garbage-first heap   total 40960K, used 25228K [0x0000000085a00000, 0x0000000100000000)
  region size 1024K, 19 young (19456K), 5 survivors (5120K)
 Metaspace       used 28063K, committed 28352K, reserved 1114112K
  class space    used 3446K, committed 3584K, reserved 1048576K
}
Event: 3,009 GC heap after
{Heap after GC invocations=7 (full 0):
 garbage-first heap   total 40960K, used 13359K [0x0000000085a00000, 0x0000000100000000)
  region size 1024K, 2 young (2048K), 2 survivors (2048K)
 Metaspace       used 28063K, committed 28352K, reserved 1114112K
  class space    used 3446K, committed 3584K, reserved 1048576K
}
Event: 3,397 GC heap before
{Heap before GC invocations=7 (full 0):
 garbage-first heap   total 40960K, used 27695K [0x0000000085a00000, 0x0000000100000000)
  region size 1024K, 16 young (16384K), 2 survivors (2048K)
 Metaspace       used 29790K, committed 30144K, reserved 1114112K
  class space    used 3669K, committed 3840K, reserved 1048576K
}
Event: 3,408 GC heap after
{Heap after GC invocations=8 (full 0):
 garbage-first heap   total 49152K, used 15336K [0x0000000085a00000, 0x0000000100000000)
  region size 1024K, 2 young (2048K), 2 survivors (2048K)
 Metaspace       used 29790K, committed 30144K, reserved 1114112K
  class space    used 3669K, committed 3840K, reserved 1048576K
}
Event: 4,417 GC heap before
{Heap before GC invocations=8 (full 0):
 garbage-first heap   total 49152K, used 34792K [0x0000000085a00000, 0x0000000100000000)
  region size 1024K, 21 young (21504K), 2 survivors (2048K)
 Metaspace       used 31933K, committed 32256K, reserved 1114112K
  class space    used 3930K, committed 4096K, reserved 1048576K
}
Event: 4,428 GC heap after
{Heap after GC invocations=9 (full 0):
 garbage-first heap   total 49152K, used 17149K [0x0000000085a00000, 0x0000000100000000)
  region size 1024K, 2 young (2048K), 2 survivors (2048K)
 Metaspace       used 31933K, committed 32256K, reserved 1114112K
  class space    used 3930K, committed 4096K, reserved 1048576K
}
Event: 5,187 GC heap before
{Heap before GC invocations=9 (full 0):
 garbage-first heap   total 49152K, used 35581K [0x0000000085a00000, 0x0000000100000000)
  region size 1024K, 20 young (20480K), 2 survivors (2048K)
 Metaspace       used 34887K, committed 35136K, reserved 1114112K
  class space    used 4297K, committed 4416K, reserved 1048576K
}
Event: 5,194 GC heap after
{Heap after GC invocations=10 (full 0):
 garbage-first heap   total 49152K, used 18532K [0x0000000085a00000, 0x0000000100000000)
  region size 1024K, 2 young (2048K), 2 survivors (2048K)
 Metaspace       used 34887K, committed 35136K, reserved 1114112K
  class space    used 4297K, committed 4416K, reserved 1048576K
}
Event: 5,530 GC heap before
{Heap before GC invocations=10 (full 0):
 garbage-first heap   total 49152K, used 27748K [0x0000000085a00000, 0x0000000100000000)
  region size 1024K, 12 young (12288K), 2 survivors (2048K)
 Metaspace       used 35700K, committed 35968K, reserved 1114112K
  class space    used 4420K, committed 4544K, reserved 1048576K
}
Event: 5,537 GC heap after
{Heap after GC invocations=11 (full 0):
 garbage-first heap   total 49152K, used 19495K [0x0000000085a00000, 0x0000000100000000)
  region size 1024K, 3 young (3072K), 3 survivors (3072K)
 Metaspace       used 35700K, committed 35968K, reserved 1114112K
  class space    used 4420K, committed 4544K, reserved 1048576K
}
Event: 6,264 GC heap before
{Heap before GC invocations=12 (full 0):
 garbage-first heap   total 49152K, used 35879K [0x0000000085a00000, 0x0000000100000000)
  region size 1024K, 19 young (19456K), 3 survivors (3072K)
 Metaspace       used 38415K, committed 38848K, reserved 1114112K
  class space    used 4838K, committed 5056K, reserved 1048576K
}
Event: 6,272 GC heap after
{Heap after GC invocations=13 (full 0):
 garbage-first heap   total 49152K, used 20975K [0x0000000085a00000, 0x0000000100000000)
  region size 1024K, 3 young (3072K), 3 survivors (3072K)
 Metaspace       used 38415K, committed 38848K, reserved 1114112K
  class space    used 4838K, committed 5056K, reserved 1048576K
}

Dll operation events (8 events):
Event: 0,002 Loaded shared library /home/antonio/.vscode/extensions/redhat.java-1.35.1-linux-x64/jre/17.0.12-linux-x86_64/lib/libjava.so
Event: 0,335 Loaded shared library /home/antonio/.vscode/extensions/redhat.java-1.35.1-linux-x64/jre/17.0.12-linux-x86_64/lib/libnio.so
Event: 0,337 Loaded shared library /home/antonio/.vscode/extensions/redhat.java-1.35.1-linux-x64/jre/17.0.12-linux-x86_64/lib/libjimage.so
Event: 0,357 Loaded shared library /home/antonio/.vscode/extensions/redhat.java-1.35.1-linux-x64/jre/17.0.12-linux-x86_64/lib/libzip.so
Event: 0,441 Loaded shared library /home/antonio/.vscode/extensions/redhat.java-1.35.1-linux-x64/jre/17.0.12-linux-x86_64/lib/libmanagement.so
Event: 0,457 Loaded shared library /home/antonio/.vscode/extensions/redhat.java-1.35.1-linux-x64/jre/17.0.12-linux-x86_64/lib/libmanagement_ext.so
Event: 0,549 Loaded shared library /home/antonio/.vscode/extensions/redhat.java-1.35.1-linux-x64/jre/17.0.12-linux-x86_64/lib/libnet.so
Event: 1,006 Loaded shared library /home/antonio/.vscode/extensions/redhat.java-1.35.1-linux-x64/jre/17.0.12-linux-x86_64/lib/libextnet.so

Deoptimization events (20 events):
Event: 6,362 Thread 0x000072719c029cd0 Uncommon trap: trap_request=0xffffffd6 fr.pc=0x0000727191e92938 relative=0x0000000000000378
Event: 6,362 Thread 0x000072719c029cd0 Uncommon trap: reason=array_check action=maybe_recompile pc=0x0000727191e92938 method=java.util.AbstractCollection.toArray([Ljava/lang/Object;)[Ljava/lang/Object; @ 116 c2
Event: 6,362 Thread 0x000072719c029cd0 DEOPT PACKING pc=0x0000727191e92938 sp=0x00007271a0b13590
Event: 6,362 Thread 0x000072719c029cd0 DEOPT UNPACKING pc=0x000072719178d699 sp=0x00007271a0b13540 mode 2
Event: 6,362 Thread 0x000072719c029cd0 Uncommon trap: trap_request=0xffffffd6 fr.pc=0x0000727191e92938 relative=0x0000000000000378
Event: 6,362 Thread 0x000072719c029cd0 Uncommon trap: reason=array_check action=maybe_recompile pc=0x0000727191e92938 method=java.util.AbstractCollection.toArray([Ljava/lang/Object;)[Ljava/lang/Object; @ 116 c2
Event: 6,362 Thread 0x000072719c029cd0 DEOPT PACKING pc=0x0000727191e92938 sp=0x00007271a0b12aa0
Event: 6,362 Thread 0x000072719c029cd0 DEOPT UNPACKING pc=0x000072719178d699 sp=0x00007271a0b12a50 mode 2
Event: 6,362 Thread 0x000072719c029cd0 Uncommon trap: trap_request=0xffffffd6 fr.pc=0x0000727191e92938 relative=0x0000000000000378
Event: 6,362 Thread 0x000072719c029cd0 Uncommon trap: reason=array_check action=maybe_recompile pc=0x0000727191e92938 method=java.util.AbstractCollection.toArray([Ljava/lang/Object;)[Ljava/lang/Object; @ 116 c2
Event: 6,362 Thread 0x000072719c029cd0 DEOPT PACKING pc=0x0000727191e92938 sp=0x00007271a0b12d90
Event: 6,362 Thread 0x000072719c029cd0 DEOPT UNPACKING pc=0x000072719178d699 sp=0x00007271a0b12d40 mode 2
Event: 6,379 Thread 0x000072719c029cd0 Uncommon trap: trap_request=0xffffffde fr.pc=0x0000727191dd2e38 relative=0x00000000000012f8
Event: 6,379 Thread 0x000072719c029cd0 Uncommon trap: reason=class_check action=maybe_recompile pc=0x0000727191dd2e38 method=java.util.concurrent.ConcurrentHashMap.putVal(Ljava/lang/Object;Ljava/lang/Object;Z)Ljava/lang/Object; @ 242 c2
Event: 6,379 Thread 0x000072719c029cd0 DEOPT PACKING pc=0x0000727191dd2e38 sp=0x00007271a0b13640
Event: 6,379 Thread 0x000072719c029cd0 DEOPT UNPACKING pc=0x000072719178d699 sp=0x00007271a0b135c0 mode 2
Event: 6,396 Thread 0x000072719c029cd0 Uncommon trap: trap_request=0xffffff45 fr.pc=0x0000727191d8e0fc relative=0x000000000000025c
Event: 6,396 Thread 0x000072719c029cd0 Uncommon trap: reason=unstable_if action=reinterpret pc=0x0000727191d8e0fc method=java.util.concurrent.ConcurrentHashMap.get(Ljava/lang/Object;)Ljava/lang/Object; @ 152 c2
Event: 6,396 Thread 0x000072719c029cd0 DEOPT PACKING pc=0x0000727191d8e0fc sp=0x00007271a0b15e40
Event: 6,396 Thread 0x000072719c029cd0 DEOPT UNPACKING pc=0x000072719178d699 sp=0x00007271a0b15dd8 mode 2

Classes loaded (20 events):
Event: 6,329 Loading class java/lang/invoke/MethodHandleImpl$BindCaller$1
Event: 6,329 Loading class java/lang/invoke/MethodHandleImpl$BindCaller$1 done
Event: 6,337 Loading class java/beans/Introspector
Event: 6,338 Loading class java/beans/Introspector done
Event: 6,338 Loading class java/beans/EventSetDescriptor
Event: 6,338 Loading class java/beans/EventSetDescriptor done
Event: 6,338 Loading class java/beans/Introspector$1
Event: 6,338 Loading class jdk/internal/access/JavaBeansAccess
Event: 6,338 Loading class jdk/internal/access/JavaBeansAccess done
Event: 6,338 Loading class java/beans/Introspector$1 done
Event: 6,404 Loading class java/util/function/ObjIntConsumer
Event: 6,404 Loading class java/util/function/ObjIntConsumer done
Event: 6,447 Loading class javax/management/MBeanRegistrationException
Event: 6,447 Loading class javax/management/MBeanException
Event: 6,447 Loading class javax/management/MBeanException done
Event: 6,448 Loading class javax/management/MBeanRegistrationException done
Event: 6,448 Loading class javax/management/InstanceNotFoundException
Event: 6,448 Loading class javax/management/InstanceNotFoundException done
Event: 6,689 Loading class java/util/regex/Pattern$1
Event: 6,689 Loading class java/util/regex/Pattern$1 done

Classes unloaded (0 events):
No events

Classes redefined (0 events):
No events

Internal exceptions (20 events):
Event: 5,614 Thread 0x000072719c029cd0 Exception <a 'java/lang/NoSuchMethodError'{0x000000008d2ab608}: 'java.lang.Object java.lang.invoke.Invokers$Holder.invoke_MT(java.lang.Object, java.lang.Object, java.lang.Object, java.lang.Object, java.lang.Object, java.lang.Object, java.lang.Object, java.lang.Object, java.lang.Object, java.lang.Object)'> (0x000000008d2ab608) 
thrown [src/hotspot/share/interpreter/linkResolver.cpp, line 758]
Event: 5,622 Thread 0x000072719c029cd0 Exception <a 'java/lang/NoSuchMethodError'{0x000000008d2eadf0}: 'java.lang.Object java.lang.invoke.DirectMethodHandle$Holder.invokeSpecial(java.lang.Object, java.lang.Object, int, java.lang.Object, java.lang.Object)'> (0x000000008d2eadf0) 
thrown [src/hotspot/share/interpreter/linkResolver.cpp, line 758]
Event: 5,622 Thread 0x000072719c029cd0 Exception <a 'java/lang/NoSuchMethodError'{0x000000008d2eea98}: 'java.lang.Object java.lang.invoke.DelegatingMethodHandle$Holder.delegate(java.lang.Object, int, java.lang.Object, java.lang.Object)'> (0x000000008d2eea98) 
thrown [src/hotspot/share/interpreter/linkResolver.cpp, line 758]
Event: 5,624 Thread 0x000072719c029cd0 Exception <a 'java/lang/NoSuchMethodError'{0x000000008d2ff900}: 'int java.lang.invoke.Invokers$Holder.linkToTargetMethod(java.lang.Object, java.lang.Object, java.lang.Object)'> (0x000000008d2ff900) 
thrown [src/hotspot/share/interpreter/linkResolver.cpp, line 758]
Event: 5,744 Thread 0x000072719c029cd0 Exception <a 'java/lang/NoClassDefFoundError'{0x000000008855ecf8}: org/flywaydb/core/Flyway> (0x000000008855ecf8) 
thrown [src/hotspot/share/classfile/systemDictionary.cpp, line 245]
Event: 5,744 Thread 0x000072719c029cd0 Exception <a 'java/lang/NoClassDefFoundError'{0x0000000088560230}: liquibase/integration/spring/SpringLiquibase> (0x0000000088560230) 
thrown [src/hotspot/share/classfile/systemDictionary.cpp, line 245]
Event: 5,863 Thread 0x000072719c029cd0 Exception <a 'java/lang/NoClassDefFoundError'{0x00000000882123d8}: org/jooq/DSLContext> (0x00000000882123d8) 
thrown [src/hotspot/share/classfile/systemDictionary.cpp, line 245]
Event: 5,866 Thread 0x000072719c029cd0 Exception <a 'java/lang/NoClassDefFoundError'{0x0000000088231a30}: org/springframework/batch/core/repository/JobRepository> (0x0000000088231a30) 
thrown [src/hotspot/share/classfile/systemDictionary.cpp, line 245]
Event: 5,866 Thread 0x000072719c029cd0 Exception <a 'java/lang/NoClassDefFoundError'{0x0000000088232d38}: org/quartz/Scheduler> (0x0000000088232d38) 
thrown [src/hotspot/share/classfile/systemDictionary.cpp, line 245]
Event: 5,866 Thread 0x000072719c029cd0 Exception <a 'java/lang/NoClassDefFoundError'{0x00000000882344b8}: org/springframework/session/jdbc/JdbcIndexedSessionRepository> (0x00000000882344b8) 
thrown [src/hotspot/share/classfile/systemDictionary.cpp, line 245]
Event: 5,930 Thread 0x000072719c029cd0 Exception <a 'java/lang/NoSuchMethodError'{0x00000000881b9c28}: 'void java.lang.invoke.DirectMethodHandle$Holder.invokeSpecial(java.lang.Object, java.lang.Object, java.lang.Object, java.lang.Object, java.lang.Object, java.lang.Object)'> (0x00000000881b9c28) 
thrown [src/hotspot/share/interpreter/linkResolver.cpp, line 758]
Event: 6,221 Thread 0x000072719c029cd0 Exception <a 'java/lang/NoSuchMethodError'{0x00000000878e2a88}: 'java.lang.Object java.lang.invoke.DirectMethodHandle$Holder.invokeSpecialIFC(java.lang.Object, java.lang.Object, java.lang.Object)'> (0x00000000878e2a88) 
thrown [src/hotspot/share/interpreter/linkResolver.cpp, line 758]
Event: 6,421 Thread 0x000072719c029cd0 Exception <a 'java/lang/NoSuchMethodError'{0x000000008d0ebfb0}: 'void java.lang.invoke.DirectMethodHandle$Holder.invokeInterface(java.lang.Object, java.lang.Object, int)'> (0x000000008d0ebfb0) 
thrown [src/hotspot/share/interpreter/linkResolver.cpp, line 758]
Event: 6,432 Thread 0x000072719c029cd0 Exception <a 'java/lang/IncompatibleClassChangeError'{0x000000008853c5f8}: Found class java.lang.Object, but interface was expected> (0x000000008853c5f8) 
thrown [src/hotspot/share/interpreter/linkResolver.cpp, line 826]
Event: 6,435 Thread 0x000072719c029cd0 Exception <a 'java/lang/NoSuchMethodError'{0x000000008855fc68}: 'void java.lang.invoke.DirectMethodHandle$Holder.invokeStatic(java.lang.Object, int, java.lang.Object)'> (0x000000008855fc68) 
thrown [src/hotspot/share/interpreter/linkResolver.cpp, line 758]
Event: 6,448 Thread 0x000072719c029cd0 Exception <a 'java/lang/NoSuchMethodError'{0x000000008859d100}: 'void java.lang.invoke.DirectMethodHandle$Holder.invokeVirtual(java.lang.Object, java.lang.Object, int)'> (0x000000008859d100) 
thrown [src/hotspot/share/interpreter/linkResolver.cpp, line 758]
Event: 6,449 Thread 0x000072719c029cd0 Exception <a 'java/lang/NoSuchMethodError'{0x00000000885a3338}: 'void java.lang.invoke.DirectMethodHandle$Holder.invokeStatic(java.lang.Object, java.lang.Object, java.lang.Object, int, java.lang.Object)'> (0x00000000885a3338) 
thrown [src/hotspot/share/interpreter/linkResolver.cpp, line 758]
Event: 6,450 Thread 0x000072719c029cd0 Exception <a 'java/lang/NoSuchMethodError'{0x00000000885aa840}: 'java.lang.Object java.lang.invoke.DirectMethodHandle$Holder.newInvokeSpecial(java.lang.Object, java.lang.Object, java.lang.Object, int)'> (0x00000000885aa840) 
thrown [src/hotspot/share/interpreter/linkResolver.cpp, line 758]
Event: 6,450 Thread 0x000072719c029cd0 Exception <a 'java/lang/NoSuchMethodError'{0x00000000885aeb28}: 'java.lang.Object java.lang.invoke.DirectMethodHandle$Holder.invokeSpecial(java.lang.Object, java.lang.Object, java.lang.Object, java.lang.Object, int)'> (0x00000000885aeb28) 
thrown [src/hotspot/share/interpreter/linkResolver.cpp, line 758]
Event: 6,451 Thread 0x000072719c029cd0 Exception <a 'java/lang/NoSuchMethodError'{0x00000000885b26f0}: 'java.lang.Object java.lang.invoke.Invokers$Holder.linkToTargetMethod(java.lang.Object, java.lang.Object, int, java.lang.Object)'> (0x00000000885b26f0) 
thrown [src/hotspot/share/interpreter/linkResolver.cpp, line 758]

VM Operations (20 events):
Event: 5,530 Executing VM operation: CollectForMetadataAllocation
Event: 5,538 Executing VM operation: CollectForMetadataAllocation done
Event: 5,581 Executing VM operation: G1PauseRemark
Event: 5,585 Executing VM operation: G1PauseRemark done
Event: 5,602 Executing VM operation: HandshakeAllThreads
Event: 5,602 Executing VM operation: HandshakeAllThreads done
Event: 5,606 Executing VM operation: G1PauseCleanup
Event: 5,606 Executing VM operation: G1PauseCleanup done
Event: 5,606 Executing VM operation: HandshakeAllThreads
Event: 5,606 Executing VM operation: HandshakeAllThreads done
Event: 5,951 Executing VM operation: HandshakeAllThreads
Event: 5,951 Executing VM operation: HandshakeAllThreads done
Event: 5,962 Executing VM operation: HandshakeAllThreads
Event: 5,962 Executing VM operation: HandshakeAllThreads done
Event: 5,977 Executing VM operation: HandshakeAllThreads
Event: 5,977 Executing VM operation: HandshakeAllThreads done
Event: 6,264 Executing VM operation: G1CollectForAllocation
Event: 6,272 Executing VM operation: G1CollectForAllocation done
Event: 6,520 Executing VM operation: HandshakeAllThreads
Event: 6,520 Executing VM operation: HandshakeAllThreads done

Events (20 events):
Event: 0,063 Thread 0x000072719c1be670 Thread added: 0x000072719c1be670
Event: 0,063 Protecting memory [0x0000727184804000,0x0000727184808000] with protection modes 0
Event: 0,148 Thread 0x000072719c22cab0 Thread added: 0x000072719c22cab0
Event: 0,149 Protecting memory [0x0000727184704000,0x0000727184708000] with protection modes 0
Event: 0,208 Thread 0x000072719c277600 Thread added: 0x000072719c277600
Event: 0,208 Protecting memory [0x0000727184604000,0x0000727184608000] with protection modes 0
Event: 1,010 Thread 0x000072719c6a9960 Thread added: 0x000072719c6a9960
Event: 1,010 Protecting memory [0x0000727184504000,0x0000727184508000] with protection modes 0
Event: 1,027 Thread 0x000072719c6b2b10 Thread added: 0x000072719c6b2b10
Event: 1,027 Protecting memory [0x0000727184404000,0x0000727184408000] with protection modes 0
Event: 1,078 Thread 0x000072719c7128c0 Thread added: 0x000072719c7128c0
Event: 1,079 Protecting memory [0x0000727184304000,0x0000727184308000] with protection modes 0
Event: 1,321 Thread 0x00007271344039c0 Thread added: 0x00007271344039c0
Event: 1,322 Protecting memory [0x000072717dcfe000,0x000072717dd02000] with protection modes 0
Event: 1,964 Thread 0x000072719ca3eee0 Thread added: 0x000072719ca3eee0
Event: 1,964 Protecting memory [0x000072717dbfe000,0x000072717dc02000] with protection modes 0
Event: 3,245 Thread 0x000072719ca3eee0 Thread exited: 0x000072719ca3eee0
Event: 3,361 Thread 0x000072719cc3c190 Thread added: 0x000072719cc3c190
Event: 3,361 Protecting memory [0x000072717dbfe000,0x000072717dc02000] with protection modes 0
Event: 3,420 Thread 0x000072719cc3c190 Thread exited: 0x000072719cc3c190


Dynamic libraries:
85a00000-88600000 rw-p 00000000 00:00 0 
88600000-8d000000 ---p 00000000 00:00 0 
8d000000-8d300000 rw-p 00000000 00:00 0 
8d300000-8d500000 ---p 00000000 00:00 0 
8d500000-8d600000 rw-p 00000000 00:00 0 
8d600000-100000000 ---p 00000000 00:00 0 
100000000-100010000 rw-p 00000000 00:00 0 
100010000-100030000 rw-p 00000000 00:00 0 
100030000-1000b0000 rw-p 00000000 00:00 0 
1000b0000-1000d0000 rw-p 00000000 00:00 0 
1000d0000-100130000 rw-p 00000000 00:00 0 
100130000-100150000 rw-p 00000000 00:00 0 
100150000-1001b0000 rw-p 00000000 00:00 0 
1001b0000-1001f0000 rw-p 00000000 00:00 0 
1001f0000-1003b0000 rw-p 00000000 00:00 0 
1003b0000-1003e0000 rw-p 00000000 00:00 0 
1003e0000-100400000 ---p 00000000 00:00 0 
100400000-100540000 rw-p 00000000 00:00 0 
100540000-140000000 ---p 00000000 00:00 0 
5a9296bd8000-5a9296bd9000 r--p 00000000 08:08 44939                      /home/antonio/.vscode/extensions/redhat.java-1.35.1-linux-x64/jre/17.0.12-linux-x86_64/bin/java
5a9296bd9000-5a9296bda000 r-xp 00001000 08:08 44939                      /home/antonio/.vscode/extensions/redhat.java-1.35.1-linux-x64/jre/17.0.12-linux-x86_64/bin/java
5a9296bda000-5a9296bdb000 r--p 00002000 08:08 44939                      /home/antonio/.vscode/extensions/redhat.java-1.35.1-linux-x64/jre/17.0.12-linux-x86_64/bin/java
5a9296bdb000-5a9296bdc000 r--p 00002000 08:08 44939                      /home/antonio/.vscode/extensions/redhat.java-1.35.1-linux-x64/jre/17.0.12-linux-x86_64/bin/java
5a9296bdc000-5a9296bdd000 rw-p 00003000 08:08 44939                      /home/antonio/.vscode/extensions/redhat.java-1.35.1-linux-x64/jre/17.0.12-linux-x86_64/bin/java
5a92984ee000-5a9298538000 rw-p 00000000 00:00 0                          [heap]
7270e4000000-7270e43b7000 rw-p 00000000 00:00 0 
7270e43b7000-7270e8000000 ---p 00000000 00:00 0 
7270ec000000-7270ecd75000 rw-p 00000000 00:00 0 
7270ecd75000-7270f0000000 ---p 00000000 00:00 0 
7270f0000000-7270f0021000 rw-p 00000000 00:00 0 
7270f0021000-7270f4000000 ---p 00000000 00:00 0 
7270f8000000-7270f8021000 rw-p 00000000 00:00 0 
7270f8021000-7270fc000000 ---p 00000000 00:00 0 
7270fc000000-7270fc021000 rw-p 00000000 00:00 0 
7270fc021000-727100000000 ---p 00000000 00:00 0 
727104000000-727104021000 rw-p 00000000 00:00 0 
727104021000-727108000000 ---p 00000000 00:00 0 
727108000000-727108021000 rw-p 00000000 00:00 0 
727108021000-72710c000000 ---p 00000000 00:00 0 
727110000000-727110021000 rw-p 00000000 00:00 0 
727110021000-727114000000 ---p 00000000 00:00 0 
727114000000-727114021000 rw-p 00000000 00:00 0 
727114021000-727118000000 ---p 00000000 00:00 0 
72711c000000-72711c021000 rw-p 00000000 00:00 0 
72711c021000-727120000000 ---p 00000000 00:00 0 
727120000000-727120021000 rw-p 00000000 00:00 0 
727120021000-727124000000 ---p 00000000 00:00 0 
727128000000-727128021000 rw-p 00000000 00:00 0 
727128021000-72712c000000 ---p 00000000 00:00 0 
72712c000000-72712c021000 rw-p 00000000 00:00 0 
72712c021000-727130000000 ---p 00000000 00:00 0 
727134000000-7271346ea000 rw-p 00000000 00:00 0 
7271346ea000-727138000000 ---p 00000000 00:00 0 
727138000000-727139146000 rw-p 00000000 00:00 0 
727139146000-72713c000000 ---p 00000000 00:00 0 
727140000000-727140021000 rw-p 00000000 00:00 0 
727140021000-727144000000 ---p 00000000 00:00 0 
727144000000-727144021000 rw-p 00000000 00:00 0 
727144021000-727148000000 ---p 00000000 00:00 0 
72714c000000-72714c021000 rw-p 00000000 00:00 0 
72714c021000-727150000000 ---p 00000000 00:00 0 
727150000000-727150021000 rw-p 00000000 00:00 0 
727150021000-727154000000 ---p 00000000 00:00 0 
727158000000-727158021000 rw-p 00000000 00:00 0 
727158021000-72715c000000 ---p 00000000 00:00 0 
72715c000000-72715c021000 rw-p 00000000 00:00 0 
72715c021000-727160000000 ---p 00000000 00:00 0 
727164000000-7271643f0000 rw-p 00000000 00:00 0 
7271643f0000-727164410000 rw-p 00000000 00:00 0 
727164410000-727164430000 rw-p 00000000 00:00 0 
727164430000-727164470000 rw-p 00000000 00:00 0 
727164470000-7271644f0000 rw-p 00000000 00:00 0 
7271644f0000-7271646f0000 rw-p 00000000 00:00 0 
7271646f0000-727164710000 rw-p 00000000 00:00 0 
727164710000-727164730000 rw-p 00000000 00:00 0 
727164730000-727164770000 rw-p 00000000 00:00 0 
727164770000-7271648f0000 rw-p 00000000 00:00 0 
7271648f0000-727164910000 rw-p 00000000 00:00 0 
727164910000-727164930000 rw-p 00000000 00:00 0 
727164930000-727164970000 rw-p 00000000 00:00 0 
727164970000-727164af0000 rw-p 00000000 00:00 0 
727164af0000-727164bb0000 rw-p 00000000 00:00 0 
727164bb0000-727164bf0000 rw-p 00000000 00:00 0 
727164bf0000-727164cf0000 rw-p 00000000 00:00 0 
727164cf0000-727164df0000 rw-p 00000000 00:00 0 
727164df0000-7271651b0000 rw-p 00000000 00:00 0 
7271651b0000-7271651f0000 rw-p 00000000 00:00 0 
7271651f0000-727165370000 rw-p 00000000 00:00 0 
727165370000-7271653f0000 rw-p 00000000 00:00 0 
7271653f0000-7271655d0000 rw-p 00000000 00:00 0 
7271655d0000-7271655f0000 rw-p 00000000 00:00 0 
7271655f0000-7271656f0000 rw-p 00000000 00:00 0 
7271656f0000-7271657f0000 rw-p 00000000 00:00 0 
7271657f0000-727165f70000 rw-p 00000000 00:00 0 
727165f70000-727165fd0000 rw-p 00000000 00:00 0 
727165fd0000-727166000000 ---p 00000000 00:00 0 
727166000000-727166220000 rw-p 00000000 00:00 0 
727166220000-727168000000 ---p 00000000 00:00 0 
727168000000-727168021000 rw-p 00000000 00:00 0 
727168021000-72716c000000 ---p 00000000 00:00 0 
72716c000000-72716c021000 rw-p 00000000 00:00 0 
72716c021000-727170000000 ---p 00000000 00:00 0 
727174000000-727174021000 rw-p 00000000 00:00 0 
727174021000-727178000000 ---p 00000000 00:00 0 
727178000000-727178021000 rw-p 00000000 00:00 0 
727178021000-72717c000000 ---p 00000000 00:00 0 
72717d800000-72717da92000 rw-p 00000000 00:00 0 
72717dbfe000-72717dc02000 ---p 00000000 00:00 0 
72717dc02000-72717dcfe000 rw-p 00000000 00:00 0 
72717dcfe000-72717dd02000 ---p 00000000 00:00 0 
72717dd02000-72717ddfe000 rw-p 00000000 00:00 0 
72717ddfe000-72717ddff000 ---p 00000000 00:00 0 
72717ddff000-72717deff000 rw-p 00000000 00:00 0 
72717deff000-72717df00000 ---p 00000000 00:00 0 
72717df00000-72717e000000 rw-p 00000000 00:00 0 
72717e000000-727180000000 rw-p 00000000 00:00 0 
727180000000-727180021000 rw-p 00000000 00:00 0 
727180021000-727184000000 ---p 00000000 00:00 0 
727184001000-727184002000 ---p 00000000 00:00 0 
727184002000-727184102000 rw-p 00000000 00:00 0 
727184102000-727184103000 ---p 00000000 00:00 0 
727184103000-727184203000 rw-p 00000000 00:00 0 
727184203000-727184204000 ---p 00000000 00:00 0 
727184204000-727184304000 rw-p 00000000 00:00 0 
727184304000-727184308000 ---p 00000000 00:00 0 
727184308000-727184404000 rw-p 00000000 00:00 0 
727184404000-727184408000 ---p 00000000 00:00 0 
727184408000-727184504000 rw-p 00000000 00:00 0 
727184504000-727184508000 ---p 00000000 00:00 0 
727184508000-727184604000 rw-p 00000000 00:00 0 
727184604000-727184608000 ---p 00000000 00:00 0 
727184608000-727184704000 rw-p 00000000 00:00 0 
727184704000-727184708000 ---p 00000000 00:00 0 
727184708000-727184804000 rw-p 00000000 00:00 0 
727184804000-727184808000 ---p 00000000 00:00 0 
727184808000-727184904000 rw-p 00000000 00:00 0 
727184904000-727184908000 ---p 00000000 00:00 0 
727184908000-727184a04000 rw-p 00000000 00:00 0 
727184a04000-727184a08000 ---p 00000000 00:00 0 
727184a08000-727184b04000 rw-p 00000000 00:00 0 
727184b04000-727184b08000 ---p 00000000 00:00 0 
727184b08000-727184c04000 rw-p 00000000 00:00 0 
727184c04000-727184c08000 ---p 00000000 00:00 0 
727184c08000-727184d04000 rw-p 00000000 00:00 0 
727184d04000-727184d08000 ---p 00000000 00:00 0 
727184d08000-727184e04000 rw-p 00000000 00:00 0 
727184e04000-72718507c000 r--p 00000000 07:21 188                        /snap/code/173/usr/lib/locale/aa_DJ.utf8/LC_COLLATE
72718507c000-727185080000 ---p 00000000 00:00 0 
727185080000-72718517c000 rw-p 00000000 00:00 0 
72718517c000-727185180000 ---p 00000000 00:00 0 
727185180000-72718527c000 rw-p 00000000 00:00 0 
72718527c000-72718527d000 ---p 00000000 00:00 0 
72718527d000-72718537d000 rw-p 00000000 00:00 0 
72718537d000-7271853fe000 rw-p 00000000 00:00 0 
7271853fe000-7271853ff000 ---p 00000000 00:00 0 
7271853ff000-7271854ff000 rw-p 00000000 00:00 0 
7271854ff000-727185500000 ---p 00000000 00:00 0 
727185500000-727185600000 rw-p 00000000 00:00 0 
727185600000-7271856b0000 rw-p 00000000 00:00 0 
7271856b0000-7271857d8000 ---p 00000000 00:00 0 
7271857d8000-7271857e4000 rw-p 00000000 00:00 0 
7271857e4000-7271857ec000 ---p 00000000 00:00 0 
7271857ec000-7271857f0000 rw-p 00000000 00:00 0 
7271857f0000-727187498000 ---p 00000000 00:00 0 
7271874ff000-7271876b0000 rw-p 00000000 00:00 0 
7271876b0000-7271877d8000 ---p 00000000 00:00 0 
7271877d8000-7271877e4000 rw-p 00000000 00:00 0 
7271877e4000-7271877ec000 ---p 00000000 00:00 0 
7271877ec000-7271877f0000 rw-p 00000000 00:00 0 
7271877f0000-727189498000 ---p 00000000 00:00 0 
7271894ab000-7271894ff000 r--p 00000000 07:21 189                        /snap/code/173/usr/lib/locale/aa_DJ.utf8/LC_CTYPE
7271894ff000-727189616000 rw-p 00000000 00:00 0 
727189616000-72718963b000 ---p 00000000 00:00 0 
72718963b000-72718963e000 rw-p 00000000 00:00 0 
72718963e000-7271899d3000 ---p 00000000 00:00 0 
727189a00000-727189a16000 rw-p 00000000 00:00 0 
727189a16000-727189a3b000 ---p 00000000 00:00 0 
727189a3b000-727189a3e000 rw-p 00000000 00:00 0 
727189a3e000-727189dd3000 ---p 00000000 00:00 0 
727189ddb000-727189e00000 r--p 00000000 08:08 7499311                    /usr/share/locale-langpack/fr/LC_MESSAGES/libc.mo
727189e00000-727189e16000 rw-p 00000000 00:00 0 
727189e16000-727189e3b000 ---p 00000000 00:00 0 
727189e3b000-727189e3e000 rw-p 00000000 00:00 0 
727189e3e000-72718a1d3000 ---p 00000000 00:00 0 
72718a1db000-72718a1dc000 r--p 00000000 08:08 6958661                    /usr/lib/x86_64-linux-gnu/libnss_mdns4_minimal.so.2
72718a1dc000-72718a1de000 r-xp 00001000 08:08 6958661                    /usr/lib/x86_64-linux-gnu/libnss_mdns4_minimal.so.2
72718a1de000-72718a1df000 r--p 00003000 08:08 6958661                    /usr/lib/x86_64-linux-gnu/libnss_mdns4_minimal.so.2
72718a1df000-72718a1e0000 r--p 00003000 08:08 6958661                    /usr/lib/x86_64-linux-gnu/libnss_mdns4_minimal.so.2
72718a1e0000-72718a1e1000 rw-p 00004000 08:08 6958661                    /usr/lib/x86_64-linux-gnu/libnss_mdns4_minimal.so.2
72718a1f7000-72718a1f9000 r--p 00000000 08:08 44838                      /home/antonio/.vscode/extensions/redhat.java-1.35.1-linux-x64/jre/17.0.12-linux-x86_64/lib/libmanagement_ext.so
72718a1f9000-72718a1fc000 r-xp 00002000 08:08 44838                      /home/antonio/.vscode/extensions/redhat.java-1.35.1-linux-x64/jre/17.0.12-linux-x86_64/lib/libmanagement_ext.so
72718a1fc000-72718a1fd000 r--p 00005000 08:08 44838                      /home/antonio/.vscode/extensions/redhat.java-1.35.1-linux-x64/jre/17.0.12-linux-x86_64/lib/libmanagement_ext.so
72718a1fd000-72718a1fe000 ---p 00006000 08:08 44838                      /home/antonio/.vscode/extensions/redhat.java-1.35.1-linux-x64/jre/17.0.12-linux-x86_64/lib/libmanagement_ext.so
72718a1fe000-72718a1ff000 r--p 00006000 08:08 44838                      /home/antonio/.vscode/extensions/redhat.java-1.35.1-linux-x64/jre/17.0.12-linux-x86_64/lib/libmanagement_ext.so
72718a1ff000-72718a200000 rw-p 00007000 08:08 44838                      /home/antonio/.vscode/extensions/redhat.java-1.35.1-linux-x64/jre/17.0.12-linux-x86_64/lib/libmanagement_ext.so
72718a200000-72718aa50000 rwxp 00000000 00:00 0 
72718aa50000-727191737000 ---p 00000000 00:00 0 
727191737000-7271919a7000 rwxp 00000000 00:00 0 
7271919a7000-727191cc8000 ---p 00000000 00:00 0 
727191cc8000-727191f38000 rwxp 00000000 00:00 0 
727191f38000-727199200000 ---p 00000000 00:00 0 
727199200000-72719be2e000 r--s 00000000 08:08 44807                      /home/antonio/.vscode/extensions/redhat.java-1.35.1-linux-x64/jre/17.0.12-linux-x86_64/lib/modules
72719be32000-72719c000000 rw-p 00000000 00:00 0 
72719c000000-72719cf9f000 rw-p 00000000 00:00 0 
72719cf9f000-7271a0000000 ---p 00000000 00:00 0 
7271a0005000-7271a0008000 r--p 00000000 08:08 44843                      /home/antonio/.vscode/extensions/redhat.java-1.35.1-linux-x64/jre/17.0.12-linux-x86_64/lib/libmanagement.so
7271a0008000-7271a0009000 r-xp 00003000 08:08 44843                      /home/antonio/.vscode/extensions/redhat.java-1.35.1-linux-x64/jre/17.0.12-linux-x86_64/lib/libmanagement.so
7271a0009000-7271a000a000 r--p 00004000 08:08 44843                      /home/antonio/.vscode/extensions/redhat.java-1.35.1-linux-x64/jre/17.0.12-linux-x86_64/lib/libmanagement.so
7271a000a000-7271a000b000 r--p 00004000 08:08 44843                      /home/antonio/.vscode/extensions/redhat.java-1.35.1-linux-x64/jre/17.0.12-linux-x86_64/lib/libmanagement.so
7271a000b000-7271a000c000 rw-p 00005000 08:08 44843                      /home/antonio/.vscode/extensions/redhat.java-1.35.1-linux-x64/jre/17.0.12-linux-x86_64/lib/libmanagement.so
7271a000c000-7271a0010000 r--p 00000000 08:08 44836                      /home/antonio/.vscode/extensions/redhat.java-1.35.1-linux-x64/jre/17.0.12-linux-x86_64/lib/libnet.so
7271a0010000-7271a001e000 r-xp 00004000 08:08 44836                      /home/antonio/.vscode/extensions/redhat.java-1.35.1-linux-x64/jre/17.0.12-linux-x86_64/lib/libnet.so
7271a001e000-7271a0022000 r--p 00012000 08:08 44836                      /home/antonio/.vscode/extensions/redhat.java-1.35.1-linux-x64/jre/17.0.12-linux-x86_64/lib/libnet.so
7271a0022000-7271a0023000 r--p 00015000 08:08 44836                      /home/antonio/.vscode/extensions/redhat.java-1.35.1-linux-x64/jre/17.0.12-linux-x86_64/lib/libnet.so
7271a0023000-7271a0024000 rw-p 00016000 08:08 44836                      /home/antonio/.vscode/extensions/redhat.java-1.35.1-linux-x64/jre/17.0.12-linux-x86_64/lib/libnet.so
7271a0024000-7271a002b000 r--p 00000000 08:08 44832                      /home/antonio/.vscode/extensions/redhat.java-1.35.1-linux-x64/jre/17.0.12-linux-x86_64/lib/libnio.so
7271a002b000-7271a0034000 r-xp 00007000 08:08 44832                      /home/antonio/.vscode/extensions/redhat.java-1.35.1-linux-x64/jre/17.0.12-linux-x86_64/lib/libnio.so
7271a0034000-7271a0038000 r--p 00010000 08:08 44832                      /home/antonio/.vscode/extensions/redhat.java-1.35.1-linux-x64/jre/17.0.12-linux-x86_64/lib/libnio.so
7271a0038000-7271a0039000 ---p 00014000 08:08 44832                      /home/antonio/.vscode/extensions/redhat.java-1.35.1-linux-x64/jre/17.0.12-linux-x86_64/lib/libnio.so
7271a0039000-7271a003a000 r--p 00014000 08:08 44832                      /home/antonio/.vscode/extensions/redhat.java-1.35.1-linux-x64/jre/17.0.12-linux-x86_64/lib/libnio.so
7271a003a000-7271a003b000 rw-p 00015000 08:08 44832                      /home/antonio/.vscode/extensions/redhat.java-1.35.1-linux-x64/jre/17.0.12-linux-x86_64/lib/libnio.so
7271a003b000-7271a013c000 rw-p 00000000 00:00 0 
7271a013c000-7271a013d000 ---p 00000000 00:00 0 
7271a013d000-7271a023d000 rw-p 00000000 00:00 0 
7271a023d000-7271a023e000 ---p 00000000 00:00 0 
7271a023e000-7271a033e000 rw-p 00000000 00:00 0 
7271a033e000-7271a033f000 ---p 00000000 00:00 0 
7271a033f000-7271a043f000 rw-p 00000000 00:00 0 
7271a043f000-7271a0848000 rw-p 00000000 00:00 0 
7271a0848000-7271a092e000 ---p 00000000 00:00 0 
7271a092e000-7271a093f000 rw-p 00000000 00:00 0 
7271a093f000-7271a0a19000 ---p 00000000 00:00 0 
7271a0a19000-7271a0a1d000 ---p 00000000 00:00 0 
7271a0a1d000-7271a0b19000 rw-p 00000000 00:00 0 
7271a0b19000-7271a0b27000 r--p 00000000 08:08 6949031                    /usr/lib/x86_64-linux-gnu/libm.so.6
7271a0b27000-7271a0ba3000 r-xp 0000e000 08:08 6949031                    /usr/lib/x86_64-linux-gnu/libm.so.6
7271a0ba3000-7271a0bfe000 r--p 0008a000 08:08 6949031                    /usr/lib/x86_64-linux-gnu/libm.so.6
7271a0bfe000-7271a0bff000 r--p 000e4000 08:08 6949031                    /usr/lib/x86_64-linux-gnu/libm.so.6
7271a0bff000-7271a0c00000 rw-p 000e5000 08:08 6949031                    /usr/lib/x86_64-linux-gnu/libm.so.6
7271a0c00000-7271a0e53000 r--p 00000000 08:08 44987                      /home/antonio/.vscode/extensions/redhat.java-1.35.1-linux-x64/jre/17.0.12-linux-x86_64/lib/server/libjvm.so
7271a0e53000-7271a1b7b000 r-xp 00253000 08:08 44987                      /home/antonio/.vscode/extensions/redhat.java-1.35.1-linux-x64/jre/17.0.12-linux-x86_64/lib/server/libjvm.so
7271a1b7b000-7271a1e08000 r--p 00f7b000 08:08 44987                      /home/antonio/.vscode/extensions/redhat.java-1.35.1-linux-x64/jre/17.0.12-linux-x86_64/lib/server/libjvm.so
7271a1e08000-7271a1ec1000 r--p 01207000 08:08 44987                      /home/antonio/.vscode/extensions/redhat.java-1.35.1-linux-x64/jre/17.0.12-linux-x86_64/lib/server/libjvm.so
7271a1ec1000-7271a1ef6000 rw-p 012c0000 08:08 44987                      /home/antonio/.vscode/extensions/redhat.java-1.35.1-linux-x64/jre/17.0.12-linux-x86_64/lib/server/libjvm.so
7271a1ef6000-7271a1f50000 rw-p 00000000 00:00 0 
7271a1f50000-7271a1f51000 r--p 00000000 08:08 44868                      /home/antonio/.vscode/extensions/redhat.java-1.35.1-linux-x64/jre/17.0.12-linux-x86_64/lib/libextnet.so
7271a1f51000-7271a1f52000 r-xp 00001000 08:08 44868                      /home/antonio/.vscode/extensions/redhat.java-1.35.1-linux-x64/jre/17.0.12-linux-x86_64/lib/libextnet.so
7271a1f52000-7271a1f53000 r--p 00002000 08:08 44868                      /home/antonio/.vscode/extensions/redhat.java-1.35.1-linux-x64/jre/17.0.12-linux-x86_64/lib/libextnet.so
7271a1f53000-7271a1f54000 r--p 00002000 08:08 44868                      /home/antonio/.vscode/extensions/redhat.java-1.35.1-linux-x64/jre/17.0.12-linux-x86_64/lib/libextnet.so
7271a1f54000-7271a1f55000 rw-p 00003000 08:08 44868                      /home/antonio/.vscode/extensions/redhat.java-1.35.1-linux-x64/jre/17.0.12-linux-x86_64/lib/libextnet.so
7271a1f55000-7271a1f56000 r--p 00000000 07:21 1190                       /snap/code/173/usr/lib/locale/br_FR.utf8/LC_NUMERIC
7271a1f56000-7271a1f58000 r--p 00000000 08:08 44810                      /home/antonio/.vscode/extensions/redhat.java-1.35.1-linux-x64/jre/17.0.12-linux-x86_64/lib/libzip.so
7271a1f58000-7271a1f6a000 r-xp 00002000 08:08 44810                      /home/antonio/.vscode/extensions/redhat.java-1.35.1-linux-x64/jre/17.0.12-linux-x86_64/lib/libzip.so
7271a1f6a000-7271a1f72000 r--p 00014000 08:08 44810                      /home/antonio/.vscode/extensions/redhat.java-1.35.1-linux-x64/jre/17.0.12-linux-x86_64/lib/libzip.so
7271a1f72000-7271a1f73000 r--p 0001b000 08:08 44810                      /home/antonio/.vscode/extensions/redhat.java-1.35.1-linux-x64/jre/17.0.12-linux-x86_64/lib/libzip.so
7271a1f73000-7271a1f74000 rw-p 0001c000 08:08 44810                      /home/antonio/.vscode/extensions/redhat.java-1.35.1-linux-x64/jre/17.0.12-linux-x86_64/lib/libzip.so
7271a1f74000-7271a1fb6000 rw-p 00000000 00:00 0 
7271a1fb6000-7271a1fc4000 r--p 00000000 08:08 44857                      /home/antonio/.vscode/extensions/redhat.java-1.35.1-linux-x64/jre/17.0.12-linux-x86_64/lib/libjava.so
7271a1fc4000-7271a1fd6000 r-xp 0000e000 08:08 44857                      /home/antonio/.vscode/extensions/redhat.java-1.35.1-linux-x64/jre/17.0.12-linux-x86_64/lib/libjava.so
7271a1fd6000-7271a1fdc000 r--p 00020000 08:08 44857                      /home/antonio/.vscode/extensions/redhat.java-1.35.1-linux-x64/jre/17.0.12-linux-x86_64/lib/libjava.so
7271a1fdc000-7271a1fdd000 ---p 00026000 08:08 44857                      /home/antonio/.vscode/extensions/redhat.java-1.35.1-linux-x64/jre/17.0.12-linux-x86_64/lib/libjava.so
7271a1fdd000-7271a1fde000 r--p 00026000 08:08 44857                      /home/antonio/.vscode/extensions/redhat.java-1.35.1-linux-x64/jre/17.0.12-linux-x86_64/lib/libjava.so
7271a1fde000-7271a1fdf000 rw-p 00027000 08:08 44857                      /home/antonio/.vscode/extensions/redhat.java-1.35.1-linux-x64/jre/17.0.12-linux-x86_64/lib/libjava.so
7271a1fdf000-7271a1fe0000 rw-p 00000000 00:00 0 
7271a1fe0000-7271a1fe4000 r--p 00000000 08:08 44851                      /home/antonio/.vscode/extensions/redhat.java-1.35.1-linux-x64/jre/17.0.12-linux-x86_64/lib/libjimage.so
7271a1fe4000-7271a1ff7000 r-xp 00004000 08:08 44851                      /home/antonio/.vscode/extensions/redhat.java-1.35.1-linux-x64/jre/17.0.12-linux-x86_64/lib/libjimage.so
7271a1ff7000-7271a1ffd000 r--p 00017000 08:08 44851                      /home/antonio/.vscode/extensions/redhat.java-1.35.1-linux-x64/jre/17.0.12-linux-x86_64/lib/libjimage.so
7271a1ffd000-7271a1fff000 r--p 0001c000 08:08 44851                      /home/antonio/.vscode/extensions/redhat.java-1.35.1-linux-x64/jre/17.0.12-linux-x86_64/lib/libjimage.so
7271a1fff000-7271a2000000 rw-p 0001e000 08:08 44851                      /home/antonio/.vscode/extensions/redhat.java-1.35.1-linux-x64/jre/17.0.12-linux-x86_64/lib/libjimage.so
7271a2000000-7271a2028000 r--p 00000000 08:08 6949005                    /usr/lib/x86_64-linux-gnu/libc.so.6
7271a2028000-7271a21bd000 r-xp 00028000 08:08 6949005                    /usr/lib/x86_64-linux-gnu/libc.so.6
7271a21bd000-7271a2215000 r--p 001bd000 08:08 6949005                    /usr/lib/x86_64-linux-gnu/libc.so.6
7271a2215000-7271a2216000 ---p 00215000 08:08 6949005                    /usr/lib/x86_64-linux-gnu/libc.so.6
7271a2216000-7271a221a000 r--p 00215000 08:08 6949005                    /usr/lib/x86_64-linux-gnu/libc.so.6
7271a221a000-7271a221c000 rw-p 00219000 08:08 6949005                    /usr/lib/x86_64-linux-gnu/libc.so.6
7271a221c000-7271a2229000 rw-p 00000000 00:00 0 
7271a2229000-7271a222a000 r--p 00000000 07:21 3433                       /snap/code/173/usr/lib/locale/fr_FR.utf8/LC_TIME
7271a222a000-7271a222b000 r--p 00000000 07:21 1188                       /snap/code/173/usr/lib/locale/br_FR.utf8/LC_MONETARY
7271a222b000-7271a222c000 r--p 00000000 07:21 3371                       /snap/code/173/usr/lib/locale/fr_CA.utf8/LC_MESSAGES/SYS_LC_MESSAGES
7271a222c000-7271a222d000 r--p 00000000 07:21 197                        /snap/code/173/usr/lib/locale/aa_DJ.utf8/LC_PAPER
7271a222d000-7271a222e000 r--p 00000000 07:21 1189                       /snap/code/173/usr/lib/locale/br_FR.utf8/LC_NAME
7271a222e000-7271a222f000 r--p 00000000 07:21 3169                       /snap/code/173/usr/lib/locale/eu_FR.utf8/LC_ADDRESS
7271a222f000-7271a2230000 r--p 00000000 07:21 1192                       /snap/code/173/usr/lib/locale/br_FR.utf8/LC_TELEPHONE
7271a2230000-7271a2231000 r--p 00000000 07:21 191                        /snap/code/173/usr/lib/locale/aa_DJ.utf8/LC_MEASUREMENT
7271a2231000-7271a2238000 r--s 00000000 08:08 7103195                    /usr/lib/x86_64-linux-gnu/gconv/gconv-modules.cache
7271a2238000-7271a2239000 r--p 00000000 07:21 3424                       /snap/code/173/usr/lib/locale/fr_FR.utf8/LC_IDENTIFICATION
7271a2239000-7271a223a000 r--p 00000000 08:08 6949124                    /usr/lib/x86_64-linux-gnu/librt.so.1
7271a223a000-7271a223b000 r-xp 00001000 08:08 6949124                    /usr/lib/x86_64-linux-gnu/librt.so.1
7271a223b000-7271a223c000 r--p 00002000 08:08 6949124                    /usr/lib/x86_64-linux-gnu/librt.so.1
7271a223c000-7271a223d000 r--p 00002000 08:08 6949124                    /usr/lib/x86_64-linux-gnu/librt.so.1
7271a223d000-7271a223e000 rw-p 00003000 08:08 6949124                    /usr/lib/x86_64-linux-gnu/librt.so.1
7271a223e000-7271a2240000 rw-p 00000000 00:00 0 
7271a2240000-7271a2241000 r--p 00000000 08:08 6949016                    /usr/lib/x86_64-linux-gnu/libdl.so.2
7271a2241000-7271a2242000 r-xp 00001000 08:08 6949016                    /usr/lib/x86_64-linux-gnu/libdl.so.2
7271a2242000-7271a2243000 r--p 00002000 08:08 6949016                    /usr/lib/x86_64-linux-gnu/libdl.so.2
7271a2243000-7271a2244000 r--p 00002000 08:08 6949016                    /usr/lib/x86_64-linux-gnu/libdl.so.2
7271a2244000-7271a2245000 rw-p 00003000 08:08 6949016                    /usr/lib/x86_64-linux-gnu/libdl.so.2
7271a2245000-7271a2246000 r--p 00000000 08:08 6949096                    /usr/lib/x86_64-linux-gnu/libpthread.so.0
7271a2246000-7271a2247000 r-xp 00001000 08:08 6949096                    /usr/lib/x86_64-linux-gnu/libpthread.so.0
7271a2247000-7271a2248000 r--p 00002000 08:08 6949096                    /usr/lib/x86_64-linux-gnu/libpthread.so.0
7271a2248000-7271a2249000 r--p 00002000 08:08 6949096                    /usr/lib/x86_64-linux-gnu/libpthread.so.0
7271a2249000-7271a224a000 rw-p 00003000 08:08 6949096                    /usr/lib/x86_64-linux-gnu/libpthread.so.0
7271a224a000-7271a224f000 rw-p 00000000 00:00 0 
7271a224f000-7271a2256000 ---p 00000000 00:00 0 
7271a2256000-7271a225e000 rw-s 00000000 08:08 5112092                    /tmp/hsperfdata_antonio/7723
7271a225e000-7271a225f000 ---p 00000000 00:00 0 
7271a225f000-7271a2260000 r--p 00000000 00:00 0 
7271a2260000-7271a2263000 r--p 00000000 08:08 44850                      /home/antonio/.vscode/extensions/redhat.java-1.35.1-linux-x64/jre/17.0.12-linux-x86_64/lib/libjli.so
7271a2263000-7271a2273000 r-xp 00003000 08:08 44850                      /home/antonio/.vscode/extensions/redhat.java-1.35.1-linux-x64/jre/17.0.12-linux-x86_64/lib/libjli.so
7271a2273000-7271a227a000 r--p 00013000 08:08 44850                      /home/antonio/.vscode/extensions/redhat.java-1.35.1-linux-x64/jre/17.0.12-linux-x86_64/lib/libjli.so
7271a227a000-7271a227b000 r--p 00019000 08:08 44850                      /home/antonio/.vscode/extensions/redhat.java-1.35.1-linux-x64/jre/17.0.12-linux-x86_64/lib/libjli.so
7271a227b000-7271a227c000 rw-p 0001a000 08:08 44850                      /home/antonio/.vscode/extensions/redhat.java-1.35.1-linux-x64/jre/17.0.12-linux-x86_64/lib/libjli.so
7271a227c000-7271a227e000 rw-p 00000000 00:00 0 
7271a227e000-7271a2280000 r--p 00000000 08:08 6948975                    /usr/lib/x86_64-linux-gnu/ld-linux-x86-64.so.2
7271a2280000-7271a22aa000 r-xp 00002000 08:08 6948975                    /usr/lib/x86_64-linux-gnu/ld-linux-x86-64.so.2
7271a22aa000-7271a22b5000 r--p 0002c000 08:08 6948975                    /usr/lib/x86_64-linux-gnu/ld-linux-x86-64.so.2
7271a22b5000-7271a22b6000 ---p 00000000 00:00 0 
7271a22b6000-7271a22b8000 r--p 00037000 08:08 6948975                    /usr/lib/x86_64-linux-gnu/ld-linux-x86-64.so.2
7271a22b8000-7271a22ba000 rw-p 00039000 08:08 6948975                    /usr/lib/x86_64-linux-gnu/ld-linux-x86-64.so.2
7fff7adb5000-7fff7add7000 rw-p 00000000 00:00 0                          [stack]
7fff7adf9000-7fff7adfd000 r--p 00000000 00:00 0                          [vvar]
7fff7adfd000-7fff7adff000 r-xp 00000000 00:00 0                          [vdso]
ffffffffff600000-ffffffffff601000 --xp 00000000 00:00 0                  [vsyscall]


VM Arguments:
jvm_args: -Dcom.sun.management.jmxremote -Dcom.sun.management.jmxremote.port=45967 -Dcom.sun.management.jmxremote.authenticate=false -Dcom.sun.management.jmxremote.ssl=false -Dspring.jmx.enabled=true -Djava.rmi.server.hostname=localhost -Dspring.application.admin.enabled=true -Dspring.boot.project.name=gestionDigitalisation -XX:+ShowCodeDetailsInExceptionMessages 
java_command: com.example.gestiondigitalisation.GestionDigitalisationApplication
java_class_path (initial): /home/antonio/IdeaProjects/gestionDigitalisation/target/classes:/home/antonio/.m2/repository/org/springframework/boot/spring-boot-starter-security/3.3.3/spring-boot-starter-security-3.3.3.jar:/home/antonio/.m2/repository/org/springframework/boot/spring-boot-starter/3.3.3/spring-boot-starter-3.3.3.jar:/home/antonio/.m2/repository/org/springframework/boot/spring-boot/3.3.3/spring-boot-3.3.3.jar:/home/antonio/.m2/repository/org/springframework/boot/spring-boot-autoconfigure/3.3.3/spring-boot-autoconfigure-3.3.3.jar:/home/antonio/.m2/repository/org/springframework/boot/spring-boot-starter-logging/3.3.3/spring-boot-starter-logging-3.3.3.jar:/home/antonio/.m2/repository/ch/qos/logback/logback-classic/1.5.7/logback-classic-1.5.7.jar:/home/antonio/.m2/repository/ch/qos/logback/logback-core/1.5.7/logback-core-1.5.7.jar:/home/antonio/.m2/repository/org/apache/logging/log4j/log4j-to-slf4j/2.23.1/log4j-to-slf4j-2.23.1.jar:/home/antonio/.m2/repository/org/apache/logging/log4j/log4j-api/2.23.1/log4j-api-2.23.1.jar:/home/antonio/.m2/repository/org/slf4j/jul-to-slf4j/2.0.16/jul-to-slf4j-2.0.16.jar:/home/antonio/.m2/repository/jakarta/annotation/jakarta.annotation-api/2.1.1/jakarta.annotation-api-2.1.1.jar:/home/antonio/.m2/repository/org/yaml/snakeyaml/2.2/snakeyaml-2.2.jar:/home/antonio/.m2/repository/org/springframework/spring-aop/6.1.12/spring-aop-6.1.12.jar:/home/antonio/.m2/repository/org/springframework/spring-beans/6.1.12/spring-beans-6.1.12.jar:/home/antonio/.m2/repository/org/springframework/security/spring-security-config/6.3.3/spring-security-config-6.3.3.jar:/home/antonio/.m2/repository/org/springframework/security/spring-security-core/6.3.3/spring-security-core-6.3.3.jar:/home/antonio/.m2/repository/org/springframework/security/spring-security-crypto/6.3.3/spring-security-crypto-6.3.3.jar:/home/antonio/.m2/repository/org/springframework/spring-context/6.1.12/spring-context-6.1.12.jar:/home/antonio/.m2/repository/org/springframework/security
Launcher Type: SUN_STANDARD

[Global flags]
     intx CICompilerCount                          = 3                                         {product} {ergonomic}
     uint ConcGCThreads                            = 1                                         {product} {ergonomic}
     uint G1ConcRefinementThreads                  = 4                                         {product} {ergonomic}
   size_t G1HeapRegionSize                         = 1048576                                   {product} {ergonomic}
    uintx GCDrainStackTargetSize                   = 64                                        {product} {ergonomic}
   size_t InitialHeapSize                          = 130023424                                 {product} {ergonomic}
     bool ManagementServer                         = true                                      {product} {command line}
   size_t MarkStackSize                            = 4194304                                   {product} {ergonomic}
   size_t MaxHeapSize                              = 2053111808                                {product} {ergonomic}
   size_t MaxNewSize                               = 1231028224                                {product} {ergonomic}
   size_t MinHeapDeltaBytes                        = 1048576                                   {product} {ergonomic}
   size_t MinHeapSize                              = 8388608                                   {product} {ergonomic}
    uintx NonNMethodCodeHeapSize                   = 5832780                                {pd product} {ergonomic}
    uintx NonProfiledCodeHeapSize                  = 122912730                              {pd product} {ergonomic}
    uintx ProfiledCodeHeapSize                     = 122912730                              {pd product} {ergonomic}
    uintx ReservedCodeCacheSize                    = 251658240                              {pd product} {ergonomic}
     bool SegmentedCodeCache                       = true                                      {product} {ergonomic}
     bool ShowCodeDetailsInExceptionMessages       = true                                   {manageable} {command line}
   size_t SoftMaxHeapSize                          = 2053111808                             {manageable} {ergonomic}
     bool UseCompressedClassPointers               = true                           {product lp64_product} {ergonomic}
     bool UseCompressedOops                        = true                           {product lp64_product} {ergonomic}
     bool UseG1GC                                  = true                                      {product} {ergonomic}

Logging:
Log output configuration:
 #0: stdout all=warning uptime,level,tags
 #1: stderr all=off uptime,level,tags

Environment Variables:
PATH=/usr/local/sbin:/usr/local/bin:/usr/sbin:/usr/bin:/sbin:/bin:/usr/games:/usr/local/games:/snap/bin:/snap/bin
USERNAME=antonio
SHELL=/bin/bash
DISPLAY=:0
LANG=fr_FR.UTF-8
TERM=xterm-256color

Active Locale:
LC_ALL=fr_FR.UTF-8
LC_COLLATE=fr_FR.UTF-8
LC_CTYPE=fr_FR.UTF-8
LC_MESSAGES=fr_FR.UTF-8
LC_MONETARY=fr_FR.UTF-8
LC_NUMERIC=fr_FR.UTF-8
LC_TIME=fr_FR.UTF-8

Signal Handlers:
   SIGSEGV: crash_handler in libjvm.so, mask=11100100010111111101111111111110, flags=SA_RESTART|SA_SIGINFO, unblocked
    SIGBUS: crash_handler in libjvm.so, mask=11100100010111111101111111111110, flags=SA_RESTART|SA_SIGINFO, unblocked
    SIGFPE: crash_handler in libjvm.so, mask=11100100010111111101111111111110, flags=SA_RESTART|SA_SIGINFO, unblocked
   SIGPIPE: javaSignalHandler in libjvm.so, mask=11100100010111111101111111111110, flags=SA_RESTART|SA_SIGINFO, blocked
   SIGXFSZ: javaSignalHandler in libjvm.so, mask=11100100010111111101111111111110, flags=SA_RESTART|SA_SIGINFO, blocked
    SIGILL: crash_handler in libjvm.so, mask=11100100010111111101111111111110, flags=SA_RESTART|SA_SIGINFO, unblocked
   SIGUSR2: SR_handler in libjvm.so, mask=00000000000000000000000000000000, flags=SA_RESTART|SA_SIGINFO, blocked
    SIGHUP: UserHandler in libjvm.so, mask=11100100010111111101111111111110, flags=SA_RESTART|SA_SIGINFO, blocked
    SIGINT: UserHandler in libjvm.so, mask=11100100010111111101111111111110, flags=SA_RESTART|SA_SIGINFO, blocked
   SIGTERM: UserHandler in libjvm.so, mask=11100100010111111101111111111110, flags=SA_RESTART|SA_SIGINFO, blocked
   SIGQUIT: UserHandler in libjvm.so, mask=11100100010111111101111111111110, flags=SA_RESTART|SA_SIGINFO, blocked
   SIGTRAP: crash_handler in libjvm.so, mask=11100100010111111101111111111110, flags=SA_RESTART|SA_SIGINFO, unblocked


Periodic native trim disabled


---------------  S Y S T E M  ---------------

OS:
DISTRIB_ID=Ubuntu
DISTRIB_RELEASE=22.04
DISTRIB_CODENAME=jammy
DISTRIB_DESCRIPTION="Ubuntu 22.04.3 LTS"
uname: Linux 6.8.0-45-generic #45~22.04.1-Ubuntu SMP PREEMPT_DYNAMIC Wed Sep 11 15:25:05 UTC 2 x86_64
OS uptime: 0 days 0:20 hours
libc: glibc 2.35 NPTL 2.35 
rlimit (soft/hard): STACK 8192k/infinity , CORE 0k/infinity , NPROC 31008/31008 , NOFILE 4096/4096 , AS infinity/infinity , CPU infinity/infinity , DATA infinity/infinity , FSIZE infinity/infinity , MEMLOCK 1002008k/1002008k
load average: 9,86 8,19 6,02

/proc/meminfo:
MemTotal:        8016080 kB
MemFree:          451492 kB
MemAvailable:    2658336 kB
Buffers:          495792 kB
Cached:          1630108 kB
SwapCached:        35596 kB
Active:          3530296 kB
Inactive:        2828764 kB
Active(anon):    2843076 kB
Inactive(anon):  1728696 kB
Active(file):     687220 kB
Inactive(file):  1100068 kB
Unevictable:       54172 kB
Mlocked:              16 kB
SwapTotal:       2097148 kB
SwapFree:        1712784 kB
Zswap:                 0 kB
Zswapped:              0 kB
Dirty:              1368 kB
Writeback:            16 kB
AnonPages:       4255504 kB
Mapped:           804200 kB
Shmem:            338584 kB
KReclaimable:     724940 kB
Slab:             946720 kB
SReclaimable:     724940 kB
SUnreclaim:       221780 kB
KernelStack:       19632 kB
PageTables:        65936 kB
SecPageTables:         0 kB
NFS_Unstable:          0 kB
Bounce:                0 kB
WritebackTmp:          0 kB
CommitLimit:     6105188 kB
Committed_AS:   30220144 kB
VmallocTotal:   34359738367 kB
VmallocUsed:       49984 kB
VmallocChunk:          0 kB
Percpu:             7712 kB
HardwareCorrupted:     0 kB
AnonHugePages:         0 kB
ShmemHugePages:        0 kB
ShmemPmdMapped:        0 kB
FileHugePages:         0 kB
FilePmdMapped:         0 kB
Unaccepted:            0 kB
HugePages_Total:       0
HugePages_Free:        0
HugePages_Rsvd:        0
HugePages_Surp:        0
Hugepagesize:       2048 kB
Hugetlb:               0 kB
DirectMap4k:      192196 kB
DirectMap2M:     8081408 kB

/sys/kernel/mm/transparent_hugepage/enabled: always [madvise] never
/sys/kernel/mm/transparent_hugepage/hpage_pmd_size: 2097152
/sys/kernel/mm/transparent_hugepage/defrag (defrag/compaction efforts parameter): always defer defer+madvise [madvise] never

Process Memory:
Virtual Size: 5356472K (peak: 5419376K)
Resident Set Size: 191764K (peak: 191764K) (anon: 162452K, file: 29312K, shmem: 0K)
Swapped out: 0K
C-Heap outstanding allocations: 58655K, retained: 13640K
glibc malloc tunables: (default)

/proc/sys/kernel/threads-max (system-wide limit on the number of threads): 62017
/proc/sys/vm/max_map_count (maximum number of memory map areas a process may have): 65530
/proc/sys/vm/swappiness (control to define how aggressively the kernel swaps out anonymous memory): 60
/proc/sys/kernel/pid_max (system-wide limit on number of process identifiers): 4194304

container (cgroup) information:
container_type: cgroupv2
cpu_cpuset_cpus: not supported
cpu_memory_nodes: not supported
active_processor_count: 4
cpu_quota: not supported
cpu_period: not supported
cpu_shares: not supported
memory_limit_in_bytes: unlimited
memory_and_swap_limit_in_bytes: unlimited
memory_soft_limit_in_bytes: unlimited
memory_usage_in_bytes: 4367048 k
memory_max_usage_in_bytes: not supported
memory_swap_current_in_bytes: 174656 k
memory_swap_max_limit_in_bytes: unlimited
maximum number of tasks: 9302
current number of tasks: 379

Steal ticks since vm start: 0
Steal ticks percentage since vm start:  0,000

CPU: total 4 (initial active 4) (2 cores per cpu, 2 threads per core) family 6 model 58 stepping 9 microcode 0x21, cx8, cmov, fxsr, ht, mmx, sse, sse2, sse3, ssse3, sse4.1, sse4.2, popcnt, tsc, tscinvbit, avx, aes, erms, clmul, vzeroupper, clflush
CPU Model and flags from /proc/cpuinfo:
model name	: Intel(R) Core(TM) i5-3210M CPU @ 2.50GHz
flags		: fpu vme de pse tsc msr pae mce cx8 apic sep mtrr pge mca cmov pat pse36 clflush dts acpi mmx fxsr sse sse2 ss ht tm pbe syscall nx rdtscp lm constant_tsc arch_perfmon pebs bts rep_good nopl xtopology nonstop_tsc cpuid aperfmperf pni pclmulqdq dtes64 monitor ds_cpl vmx est tm2 ssse3 cx16 xtpr pdcm pcid sse4_1 sse4_2 x2apic popcnt tsc_deadline_timer aes xsave avx f16c rdrand lahf_lm cpuid_fault epb pti ssbd ibrs ibpb stibp tpr_shadow flexpriority ept vpid fsgsbase smep erms xsaveopt dtherm ida arat pln pts vnmi md_clear flush_l1d

Online cpus: 0-3
Offline cpus: 4-7
BIOS frequency limitation: <Not Available>
Frequency switch latency (ns): 20000
Available cpu frequencies: <Not Available>
Current governor: schedutil
Core performance/turbo boost: <Not Available>

Memory: 4k page, physical 8016080k(451492k free), swap 2097148k(1712784k free)
Page Sizes: 4k

vm_info: OpenJDK 64-Bit Server VM (17.0.12+7) for linux-amd64 JRE (17.0.12+7), built on Jul 16 2024 00:00:00 by "admin" with gcc 10.3.0

END.
