#
# A fatal error has been detected by the Java Runtime Environment:
#
#  SIGSEGV (0xb) at pc=0x000078b8afd3e244, pid=5340, tid=5418
#
# JRE version: OpenJDK Runtime Environment Temurin-17.0.12+7 (17.0.12+7) (build 17.0.12+7)
# Java VM: OpenJDK 64-Bit Server VM Temurin-17.0.12+7 (17.0.12+7, mixed mode, tiered, compressed oops, compressed class ptrs, parallel gc, linux-amd64)
# Problematic frame:
# V  [libjvm.so+0x53e244]  PhaseChaitin::gather_lrg_masks(bool)+0x294
#
# Core dump will be written. Default location: Core dumps may be processed with "/usr/share/apport/apport -p%p -s%s -c%c -d%d -P%P -u%u -g%g -- %E" (or dumping to /home/antonio/IdeaProjects/gestionDigitalisation/core.5340)
#
# If you would like to submit a bug report, please visit:
#   https://github.com/adoptium/adoptium-support/issues
#

---------------  S U M M A R Y ------------

Command Line: --add-modules=ALL-SYSTEM --add-opens=java.base/java.util=ALL-UNNAMED --add-opens=java.base/java.lang=ALL-UNNAMED --add-opens=java.base/sun.nio.fs=ALL-UNNAMED -Declipse.application=org.eclipse.jdt.ls.core.id1 -Dosgi.bundles.defaultStartLevel=4 -Declipse.product=org.eclipse.jdt.ls.core.product -Djava.import.generatesMetadataFilesAtProjectRoot=false -DDetectVMInstallationsJob.disabled=true -Dfile.encoding=utf8 -XX:+UseParallelGC -XX:GCTimeRatio=4 -XX:AdaptiveSizePolicyWeight=90 -Dsun.zip.disableMemoryMapping=true -Xmx1G -Xms100m -Xlog:disable -javaagent:/home/antonio/.vscode/extensions/redhat.java-1.35.1-linux-x64/lombok/lombok-1.18.33.jar -XX:+HeapDumpOnOutOfMemoryError -XX:HeapDumpPath=/home/antonio/.config/Code/User/workspaceStorage/de0fecb80f93f92d03237fd5b95827b8/redhat.java -Daether.dependencyCollector.impl=bf /home/antonio/.vscode/extensions/redhat.java-1.35.1-linux-x64/server/plugins/org.eclipse.equinox.launcher_1.6.900.v20240613-2009.jar -configuration /home/antonio/.config/Code/User/globalStorage/redhat.java/1.35.1/config_linux -data /home/antonio/.config/Code/User/workspaceStorage/de0fecb80f93f92d03237fd5b95827b8/redhat.java/jdt_ws --pipe=/run/user/1000/lsp-cfd1d2b69831007f0f75efaceb4b8563.sock

Host: Intel(R) Core(TM) i5-3210M CPU @ 2.50GHz, 4 cores, 7G, Ubuntu 22.04.3 LTS
Time: Sat Oct 26 12:01:40 2024 EEST elapsed time: 37.977861 seconds (0d 0h 0m 37s)

---------------  T H R E A D  ---------------

Current thread (0x000078b85cf11990):  JavaThread "C2 CompilerThread1" daemon [_thread_in_native, id=5418, stack(0x000078b884700000,0x000078b884800000)]


Current CompileTask:
C2:  37977 15409       4       org.eclipse.jdt.internal.compiler.lookup.ModuleBinding::getVisiblePackage (472 bytes)

Stack: [0x000078b884700000,0x000078b884800000],  sp=0x000078b8847fb3a0,  free space=1004k
Native frames: (J=compiled Java code, j=interpreted, Vv=VM code, C=native code)
V  [libjvm.so+0x53e244]  PhaseChaitin::gather_lrg_masks(bool)+0x294
V  [libjvm.so+0x78e58d]  PhaseCFG::global_code_motion()+0x94d
V  [libjvm.so+0x78f6ca]  PhaseCFG::do_global_code_motion()+0x4a
V  [libjvm.so+0x5d16fa]  Compile::Code_Gen()+0x29a
V  [libjvm.so+0x5d7277]  Compile::Compile(ciEnv*, ciMethod*, int, bool, bool, bool, bool, bool, DirectiveSet*)+0x13f7
V  [libjvm.so+0x516279]  C2Compiler::compile_method(ciEnv*, ciMethod*, int, bool, DirectiveSet*)+0xe9
V  [libjvm.so+0x5dfcc3]  CompileBroker::invoke_compiler_on_method(CompileTask*)+0xea3
V  [libjvm.so+0x5e0ba8]  CompileBroker::compiler_thread_loop()+0x6a8
V  [libjvm.so+0xe68306]  JavaThread::thread_main_inner()+0x196
V  [libjvm.so+0xe6bcba]  Thread::call_run()+0xaa
V  [libjvm.so+0xc29c13]  thread_native_entry(Thread*)+0xe3


siginfo: si_signo: 11 (SIGSEGV), si_code: 1 (SEGV_MAPERR), si_addr: 0x000001000000002c

Registers:
RAX=0x0000010000000000, RBX=0x0000000000000010, RCX=0x000000ffffffffff, RDX=0x000078b8b0b464b0
RSP=0x000078b8847fb3a0, RBP=0x000078b8847fb410, RSI=0x0000000000000003, RDI=0x000078b85dafcd98
R8 =0x0000000000000000, R9 =0x0000000000000000, R10=0x0000000000000000, R11=0x000078b864864f90
R12=0x000078b85dafcd60, R13=0x000078b8847fb610, R14=0x000078b864797120, R15=0x0000000000000002
RIP=0x000078b8afd3e244, EFLAGS=0x0000000000010203, CSGSFS=0x002b000000000033, ERR=0x0000000000000004
  TRAPNO=0x000000000000000e


Register to memory mapping:

RAX=0x0000010000000000 is an unknown value
RBX=0x0000000000000010 is an unknown value
RCX=0x000000ffffffffff is an unknown value
RDX=0x000078b8b0b464b0: <offset 0x00000000013464b0> in /home/antonio/.vscode/extensions/redhat.java-1.35.1-linux-x64/jre/17.0.12-linux-x86_64/lib/server/libjvm.so at 0x000078b8af800000
RSP=0x000078b8847fb3a0 is pointing into the stack for thread: 0x000078b85cf11990
RBP=0x000078b8847fb410 is pointing into the stack for thread: 0x000078b85cf11990
RSI=0x0000000000000003 is an unknown value
RDI=0x000078b85dafcd98 points into unknown readable memory: 0x0001000105555455 | 55 54 55 05 01 00 01 00
R8 =0x0 is NULL
R9 =0x0 is NULL
R10=0x0 is NULL
R11=0x000078b864864f90 points into unknown readable memory: 0x0001000105555455 | 55 54 55 05 01 00 01 00
R12=0x000078b85dafcd60 points into unknown readable memory: 0x0000000000000000 | 00 00 00 00 00 00 00 00
R13=0x000078b8847fb610 is pointing into the stack for thread: 0x000078b85cf11990
R14=0x000078b864797120 points into unknown readable memory: 0x000078b8b0a9b390 | 90 b3 a9 b0 b8 78 00 00
R15=0x0000000000000002 is an unknown value


Top of Stack: (sp=0x000078b8847fb3a0)
0x000078b8847fb3a0:   0000000000002c7d 000000020000010e
0x000078b8847fb3b0:   000078b85dafcd98 0000000affffffff
0x000078b8847fb3c0:   000078b864864f90 000078b865135900
0x000078b8847fb3d0:   0000000300000003 000078b86473f740
0x000078b8847fb3e0:   000078b8847fb850 000078b85c471a10
0x000078b8847fb3f0:   000078b8847fb490 000078b8847fb850
0x000078b8847fb400:   000078b8847fb5a0 000078b8847fb610
0x000078b8847fb410:   000078b8847fb7b0 000078b8aff8e58d
0x000078b8847fb420:   000078b8847fb648 000078b8847fb540
0x000078b8847fb430:   000078b8847fb5a0 000078b8847fb500
0x000078b8847fb440:   00000000000003d8 000078b7f856b848
0x000078b8847fb450:   000078b7f856b460 000078b7f856b470
0x000078b8847fb460:   000078b8847fb4d0 000078b800002c7d
0x000078b8847fb470:   000000000025d5e8 000078b85c6686a8
0x000078b8847fb480:   000078b85c666b10 000078b85c6606c0
0x000078b8847fb490:   000078b800000200 000078b86484cf60
0x000078b8847fb4a0:   000078b800000200 000078b85c471a10
0x000078b8847fb4b0:   000078b85d5ae8a0 000078b85d5b9a00
0x000078b8847fb4c0:   000078b85d5ae8b0 000078b85c471a10
0x000078b8847fb4d0:   0000007b00000006 000078b7f856b460
0x000078b8847fb4e0:   000078b865419ca0 000078b86541e198
0x000078b8847fb4f0:   000078b865421c88 0000000000787030
0x000078b8847fb500:   000000000000000c 000078b8847fde20
0x000078b8847fb510:   000078b85d91d7e0 0000000000000000
0x000078b8847fb520:   000078b85dada620 0000007b00002c7d
0x000078b8847fb530:   000078b8847fb4d0 000078b7f856b470
0x000078b8847fb540:   000078b8847f0000 0000000000000000
0x000078b8847fb550:   000078b8847ff640 000078b8b04cbb00
0x000078b8847fb560:   000078b8847fb5c0 000078b8b079eb84
0x000078b8847fb570:   0000000000000000 0000000000000000
0x000078b8847fb580:   0000000000000000 000078b8b079eb84
0x000078b8847fb590:   000078b85d18e900 000078b85d189c58 

Instructions: (pc=0x000078b8afd3e244)
0x000078b8afd3e144:   85 08 01 00 00 44 8b 24 90 45 85 e4 74 d2 44 39
0x000078b8afd3e154:   7d a8 74 98 80 7d ae 00 74 0e 41 80 bd 18 01 00
0x000078b8afd3e164:   00 00 0f 85 be 07 00 00 49 8b 45 70 4b 8d 14 a4
0x000078b8afd3e174:   44 89 fe 4c 89 f7 49 8d 14 94 48 8b 40 20 4c 8d
0x000078b8afd3e184:   24 d0 49 8b 06 ff 90 80 00 00 00 80 7d af 00 49
0x000078b8afd3e194:   89 c3 0f 85 ea 01 00 00 49 8b 46 08 48 8b 55 c8
0x000078b8afd3e1a4:   48 8b 3c 18 49 8b 45 48 f2 0f 10 42 08 f2 0f 59
0x000078b8afd3e1b4:   05 b7 c4 a4 00 8b 4f 28 48 8b 40 78 48 8b 04 c8
0x000078b8afd3e1c4:   f2 0f 10 48 08 66 0f 2f c8 0f 86 b3 01 00 00 49
0x000078b8afd3e1d4:   8d 44 24 38 4c 89 5d b0 48 89 45 a0 48 8b 07 ff
0x000078b8afd3e1e4:   50 68 89 c7 89 45 c0 e8 d0 13 78 00 8b 75 c0 49
0x000078b8afd3e1f4:   8d 7c 24 38 88 45 b8 e8 d0 24 78 00 0f b6 4d b8
0x000078b8afd3e204:   4c 8b 5d b0 84 c0 74 09 41 80 8c 24 a6 00 00 00
0x000078b8afd3e214:   40 84 c9 75 47 66 41 83 bc 24 9c 00 00 00 02 0f
0x000078b8afd3e224:   84 5f 02 00 00 41 8b 46 2c 83 e0 1f 83 f8 12 74
0x000078b8afd3e234:   2b 49 8b 44 24 18 48 8d 48 ff 48 83 f9 fd 77 0b
0x000078b8afd3e244:   8b 40 2c 83 e0 1f 83 f8 12 74 11 48 8b 7d a0 e8
0x000078b8afd3e254:   88 15 78 00 84 c0 0f 85 60 02 00 00 48 8b 45 c8
0x000078b8afd3e264:   f2 0f 10 40 08 66 41 0f 2f 44 24 10 0f 86 ae fe
0x000078b8afd3e274:   ff ff f2 41 0f 11 44 24 10 41 83 c7 01 48 83 c3
0x000078b8afd3e284:   08 44 3b 7d c4 0f 85 a7 fe ff ff 4d 89 ef 48 8b
0x000078b8afd3e294:   5d c8 83 45 9c 01 8b 45 9c 39 43 28 0f 87 aa fd
0x000078b8afd3e2a4:   ff ff 49 8b 57 48 8b 4a 40 83 45 98 01 8b 45 98
0x000078b8afd3e2b4:   39 c8 0f 82 6c fd ff ff 41 8b 87 e0 00 00 00 45
0x000078b8afd3e2c4:   31 e4 85 c0 75 46 e9 32 06 00 00 90 48 8d 7b 38
0x000078b8afd3e2d4:   e8 87 29 78 00 0f b7 93 9c 00 00 00 89 83 98 00
0x000078b8afd3e2e4:   00 00 39 d0 79 0e 80 8b a6 00 00 00 80 c7 43 30
0x000078b8afd3e2f4:   2f 75 00 00 c7 43 34 00 00 00 00 41 83 c4 01 45
0x000078b8afd3e304:   3b a7 e0 00 00 00 0f 83 f1 05 00 00 44 89 e0 49
0x000078b8afd3e314:   8b 4f 70 48 8d 14 80 48 8d 14 90 48 8b 41 20 48
0x000078b8afd3e324:   8d 1c d0 0f b7 83 9c 00 00 00 66 83 f8 01 76 0d
0x000078b8afd3e334:   f6 83 a7 00 00 00 02 0f 84 af 05 00 00 48 83 bb 


Stack slot to memory mapping:
stack at sp + 0 slots: 0x0000000000002c7d is an unknown value
stack at sp + 1 slots: 0x000000020000010e is an unknown value
stack at sp + 2 slots: 0x000078b85dafcd98 points into unknown readable memory: 0x0001000105555455 | 55 54 55 05 01 00 01 00
stack at sp + 3 slots: 0x0000000affffffff is an unknown value
stack at sp + 4 slots: 0x000078b864864f90 points into unknown readable memory: 0x0001000105555455 | 55 54 55 05 01 00 01 00
stack at sp + 5 slots: 0x000078b865135900 points into unknown readable memory: 0x0000000000000000 | 00 00 00 00 00 00 00 00
stack at sp + 6 slots: 0x0000000300000003 is an unknown value
stack at sp + 7 slots: 0x000078b86473f740 points into unknown readable memory: 0x000078b8b0a0a670 | 70 a6 a0 b0 b8 78 00 00


---------------  P R O C E S S  ---------------

Threads class SMR info:
_java_thread_list=0x000078b84c243f00, length=35, elements={
0x000078b8a8029750, 0x000078b8a8164240, 0x000078b8a81657c0, 0x000078b8a8196bc0,
0x000078b8a819a4b0, 0x000078b8a819b450, 0x000078b8a819cab0, 0x000078b8a819df70,
0x000078b8a81a73b0, 0x000078b8a8265d20, 0x000078b8a8358690, 0x000078b8a8567160,
0x000078b8a85b2c60, 0x000078b8a85b5a10, 0x000078b81c3bc910, 0x000078b81c49fbc0,
0x000078b81c398750, 0x000078b81c3f1e60, 0x000078b81c1d5460, 0x000078b7fc000ff0,
0x000078b81c9d3590, 0x000078b7fc014b50, 0x000078b7e4000ff0, 0x000078b8a8229fd0,
0x000078b8a8458be0, 0x000078b8a845a990, 0x000078b7fc193f60, 0x000078b7fc194680,
0x000078b7fc59cda0, 0x000078b7e40e7350, 0x000078b7e407e880, 0x000078b7e407f0c0,
0x000078b7e0074920, 0x000078b85cf11990, 0x000078b84c240c30
}

Java Threads: ( => current thread )
  0x000078b8a8029750 JavaThread "main" [_thread_blocked, id=5341, stack(0x000078b8af619000,0x000078b8af719000)]
  0x000078b8a8164240 JavaThread "Reference Handler" daemon [_thread_blocked, id=5344, stack(0x000078b88ddff000,0x000078b88deff000)]
  0x000078b8a81657c0 JavaThread "Finalizer" daemon [_thread_blocked, id=5345, stack(0x000078b88dcff000,0x000078b88ddff000)]
  0x000078b8a8196bc0 JavaThread "Signal Dispatcher" daemon [_thread_blocked, id=5346, stack(0x000078b88d987000,0x000078b88da87000)]
  0x000078b8a819a4b0 JavaThread "Service Thread" daemon [_thread_blocked, id=5347, stack(0x000078b88d887000,0x000078b88d987000)]
  0x000078b8a819b450 JavaThread "Monitor Deflation Thread" daemon [_thread_blocked, id=5348, stack(0x000078b88d787000,0x000078b88d887000)]
  0x000078b8a819cab0 JavaThread "C2 CompilerThread0" daemon [_thread_in_native, id=5349, stack(0x000078b88d687000,0x000078b88d787000)]
  0x000078b8a819df70 JavaThread "C1 CompilerThread0" daemon [_thread_blocked, id=5350, stack(0x000078b88d587000,0x000078b88d687000)]
  0x000078b8a81a73b0 JavaThread "Sweeper thread" daemon [_thread_blocked, id=5351, stack(0x000078b88d487000,0x000078b88d587000)]
  0x000078b8a8265d20 JavaThread "Common-Cleaner" daemon [_thread_blocked, id=5352, stack(0x000078b88d387000,0x000078b88d487000)]
  0x000078b8a8358690 JavaThread "Notification Thread" daemon [_thread_blocked, id=5354, stack(0x000078b88d187000,0x000078b88d287000)]
  0x000078b8a8567160 JavaThread "Active Thread: Equinox Container: 67136a8d-ee10-4bca-be94-57d7b42ccc95" [_thread_blocked, id=5360, stack(0x000078b88cc83000,0x000078b88cd83000)]
  0x000078b8a85b2c60 JavaThread "Framework Event Dispatcher: Equinox Container: 67136a8d-ee10-4bca-be94-57d7b42ccc95" daemon [_thread_blocked, id=5361, stack(0x000078b88cb83000,0x000078b88cc83000)]
  0x000078b8a85b5a10 JavaThread "Start Level: Equinox Container: 67136a8d-ee10-4bca-be94-57d7b42ccc95" daemon [_thread_blocked, id=5362, stack(0x000078b88ca83000,0x000078b88cb83000)]
  0x000078b81c3bc910 JavaThread "Bundle File Closer" daemon [_thread_blocked, id=5365, stack(0x000078b88d287000,0x000078b88d387000)]
  0x000078b81c49fbc0 JavaThread "SCR Component Actor" daemon [_thread_blocked, id=5366, stack(0x000078b88c983000,0x000078b88ca83000)]
  0x000078b81c398750 JavaThread "Worker-JM" [_thread_blocked, id=5369, stack(0x000078b88c500000,0x000078b88c600000)]
  0x000078b81c3f1e60 JavaThread "Worker-0" [_thread_blocked, id=5376, stack(0x000078b88c400000,0x000078b88c500000)]
  0x000078b81c1d5460 JavaThread "Worker-1: Publish Diagnostics" [_thread_blocked, id=5377, stack(0x000078b88c300000,0x000078b88c400000)]
  0x000078b7fc000ff0 JavaThread "Worker-2" [_thread_blocked, id=5378, stack(0x000078b88c200000,0x000078b88c300000)]
  0x000078b81c9d3590 JavaThread "Java indexing" daemon [_thread_blocked, id=5382, stack(0x000078b88c100000,0x000078b88c200000)]
  0x000078b7fc014b50 JavaThread "Worker-3" [_thread_blocked, id=5383, stack(0x000078b88c000000,0x000078b88c100000)]
  0x000078b7e4000ff0 JavaThread "Worker-4: Initialize workspace" [_thread_blocked, id=5384, stack(0x000078b887f00000,0x000078b888000000)]
  0x000078b8a8229fd0 JavaThread "pool-2-thread-1" [_thread_blocked, id=5385, stack(0x000078b887ccc000,0x000078b887dcc000)]
  0x000078b8a8458be0 JavaThread "WorkspaceEventsHandler" [_thread_blocked, id=5386, stack(0x000078b887bcc000,0x000078b887ccc000)]
  0x000078b8a845a990 JavaThread "pool-1-thread-1" [_thread_in_native, id=5387, stack(0x000078b887acc000,0x000078b887bcc000)]
  0x000078b7fc193f60 JavaThread "Compiler Source File Reader" daemon [_thread_blocked, id=5388, stack(0x000078b88c883000,0x000078b88c983000)]
  0x000078b7fc194680 JavaThread "Compiler Source File Reader" daemon [_thread_blocked, id=5389, stack(0x000078b8879cc000,0x000078b887acc000)]
  0x000078b7fc59cda0 JavaThread "Compiler Processing Task" daemon [_thread_blocked, id=5395, stack(0x000078b8878cc000,0x000078b8879cc000)]
  0x000078b7e40e7350 JavaThread "ForkJoinPool.commonPool-worker-1" daemon [_thread_blocked, id=5414, stack(0x000078b884a00000,0x000078b884b00000)]
  0x000078b7e407e880 JavaThread "ForkJoinPool.commonPool-worker-2" daemon [_thread_blocked, id=5415, stack(0x000078b884b00000,0x000078b884c00000)]
  0x000078b7e407f0c0 JavaThread "ForkJoinPool.commonPool-worker-3" daemon [_thread_blocked, id=5416, stack(0x000078b884900000,0x000078b884a00000)]
  0x000078b7e0074920 JavaThread "SCR Component Registry" daemon [_thread_blocked, id=5417, stack(0x000078b884800000,0x000078b884900000)]
=>0x000078b85cf11990 JavaThread "C2 CompilerThread1" daemon [_thread_in_native, id=5418, stack(0x000078b884700000,0x000078b884800000)]
  0x000078b84c240c30 JavaThread "Cleaner-0" daemon [_thread_blocked, id=5425, stack(0x000078b887dcc000,0x000078b887ecc000)]

Other Threads:
  0x000078b8a806a760 VMThread "VM Thread" [stack: 0x000078b88df00000,0x000078b88e000000] [id=5343]
  0x000078b8a82fb060 WatcherThread [stack: 0x000078b88d087000,0x000078b88d187000] [id=5355]
  0x000078b8a8041070 GCTaskThread "GC Thread#0" [stack: 0x000078b8ac700000,0x000078b8ac800000] [id=5342]
  0x000078b888001230 GCTaskThread "GC Thread#1" [stack: 0x000078b88cf86000,0x000078b88d086000] [id=5357]
  0x000078b888002bd0 GCTaskThread "GC Thread#2" [stack: 0x000078b88ce85000,0x000078b88cf85000] [id=5358]
  0x000078b8880035e0 GCTaskThread "GC Thread#3" [stack: 0x000078b88cd84000,0x000078b88ce84000] [id=5359]

Threads with active compile tasks:
C2 CompilerThread0    37989 15417       4       org.eclipse.jdt.internal.compiler.lookup.PackageBinding::getTypeOrPackage (368 bytes)
C1 CompilerThread0    37989 15655       2       org.eclipse.jdt.internal.compiler.ast.TypeDeclaration::addClinit (100 bytes)
C2 CompilerThread1    37989 15409       4       org.eclipse.jdt.internal.compiler.lookup.ModuleBinding::getVisiblePackage (472 bytes)

VM state: at safepoint (normal execution)

VM Mutex/Monitor currently owned by a thread:  ([mutex/lock_event])
[0x000078b8a80264c0] Threads_lock - owner thread: 0x000078b8a806a760
[0x000078b8a8026c70] Heap_lock - owner thread: 0x000078b81c1d5460

Heap address: 0x00000000c0000000, size: 1024 MB, Compressed Oops mode: 32-bit

CDS archive(s) not mapped
Compressed class space mapped at: 0x0000000100000000-0x0000000140000000, reserved size: 1073741824
Narrow klass base: 0x0000000000000000, Narrow klass shift: 3, Narrow klass range: 0x140000000

GC Precious Log:
 CPUs: 4 total, 4 available
 Memory: 7828M
 Large Page Support: Disabled
 NUMA Support: Disabled
 Compressed Oops: Enabled (32-bit)
 Alignments: Space 512K, Generation 512K, Heap 2M
 Heap Min Capacity: 100M
 Heap Initial Capacity: 100M
 Heap Max Capacity: 1G
 Pre-touch: Disabled
 Parallel Workers: 4

Heap:
 PSYoungGen      total 12288K, used 12272K [0x00000000eab00000, 0x00000000eb900000, 0x0000000100000000)
  eden space 11264K, 100% used [0x00000000eab00000,0x00000000eb600000,0x00000000eb600000)
  from space 1024K, 98% used [0x00000000eb600000,0x00000000eb6fc030,0x00000000eb700000)
  to   space 1536K, 35% used [0x00000000eb780000,0x00000000eb808000,0x00000000eb900000)
 ParOldGen       total 97280K, used 76589K [0x00000000c0000000, 0x00000000c5f00000, 0x00000000eab00000)
  object space 97280K, 78% used [0x00000000c0000000,0x00000000c4acb650,0x00000000c5f00000)
 Metaspace       used 79398K, committed 80768K, reserved 1179648K
  class space    used 7991K, committed 8640K, reserved 1048576K

Card table byte_map: [0x000078b8ac400000,0x000078b8ac601000] _byte_map_base: 0x000078b8abe00000

Marking Bits: (ParMarkBitMap*) 0x000078b8b0b28460
 Begin Bits: [0x000078b892000000, 0x000078b893000000)
 End Bits:   [0x000078b893000000, 0x000078b894000000)

Polling page: 0x000078b8b0f09000

Metaspace:

Usage:
  Non-class:     69,73 MB used.
      Class:      7,80 MB used.
       Both:     77,54 MB used.

Virtual space:
  Non-class space:      128,00 MB reserved,      70,44 MB ( 55%) committed,  2 nodes.
      Class space:        1,00 GB reserved,       8,44 MB ( <1%) committed,  1 nodes.
             Both:        1,12 GB reserved,      78,88 MB (  7%) committed. 

Chunk freelists:
   Non-Class:  9,50 MB
       Class:  7,50 MB
        Both:  17,00 MB

MaxMetaspaceSize: unlimited
CompressedClassSpaceSize: 1,00 GB
Initial GC threshold: 21,00 MB
Current GC threshold: 130,31 MB
CDS: off
MetaspaceReclaimPolicy: balanced
 - commit_granule_bytes: 65536.
 - commit_granule_words: 8192.
 - virtual_space_node_default_size: 8388608.
 - enlarge_chunks_in_place: 1.
 - new_chunks_are_fully_committed: 0.
 - uncommit_free_chunks: 1.
 - use_allocation_guard: 0.
 - handle_deallocations: 1.


Internal statistics:

num_allocs_failed_limit: 9.
num_arena_births: 976.
num_arena_deaths: 30.
num_vsnodes_births: 3.
num_vsnodes_deaths: 0.
num_space_committed: 1262.
num_space_uncommitted: 0.
num_chunks_returned_to_freelist: 41.
num_chunks_taken_from_freelist: 4446.
num_chunk_merges: 14.
num_chunk_splits: 2709.
num_chunks_enlarged: 1479.
num_inconsistent_stats: 0.

CodeHeap 'non-profiled nmethods': size=120032Kb used=7131Kb max_used=7131Kb free=112900Kb
 bounds [0x000078b8a0ac8000, 0x000078b8a11d8000, 0x000078b8a8000000]
CodeHeap 'profiled nmethods': size=120028Kb used=28615Kb max_used=28615Kb free=91412Kb
 bounds [0x000078b899000000, 0x000078b89ac00000, 0x000078b8a0537000]
CodeHeap 'non-nmethods': size=5700Kb used=1375Kb max_used=1451Kb free=4325Kb
 bounds [0x000078b8a0537000, 0x000078b8a07a7000, 0x000078b8a0ac8000]
 total_blobs=13261 nmethods=12533 adapters=640
 compilation: enabled
              stopped_count=0, restarted_count=0
 full_count=0

Compilation events (20 events):
Event: 37,954 Thread 0x000078b8a819df70 nmethod 15636 0x000078b89abec310 code [0x000078b89abec4c0, 0x000078b89abec630]
Event: 37,954 Thread 0x000078b8a819df70 15642       3       org.eclipse.jdt.internal.core.CompilationUnitStructureRequestor::getMemberValuePairs (37 bytes)
Event: 37,954 Thread 0x000078b8a819df70 nmethod 15642 0x000078b89abec790 code [0x000078b89abec960, 0x000078b89abecd80]
Event: 37,954 Thread 0x000078b8a819df70 15637       2       lombok.eclipse.handlers.SetGeneratedByVisitor::visit (19 bytes)
Event: 37,955 Thread 0x000078b8a819df70 nmethod 15637 0x000078b89abecf10 code [0x000078b89abed0c0, 0x000078b89abed220]
Event: 37,959 Thread 0x000078b8a819df70 15645       2       org.eclipse.lsp4j.Range::<init> (31 bytes)
Event: 37,960 Thread 0x000078b8a819df70 nmethod 15645 0x000078b89abed390 code [0x000078b89abed580, 0x000078b89abed8f0]
Event: 37,960 Thread 0x000078b8a819df70 15643       2       org.eclipse.jdt.internal.core.CompilationUnitStructureRequestor$$Lambda$663/0x00000001007cf920::apply (5 bytes)
Event: 37,960 Thread 0x000078b8a819df70 nmethod 15643 0x000078b89abedb10 code [0x000078b89abedca0, 0x000078b89abede30]
Event: 37,960 Thread 0x000078b8a819df70 15644       2       org.eclipse.jdt.internal.core.CompilationUnitStructureRequestor::lambda$0 (5 bytes)
Event: 37,960 Thread 0x000078b8a819df70 nmethod 15644 0x000078b89abedf10 code [0x000078b89abee0a0, 0x000078b89abee210]
Event: 37,968 Thread 0x000078b8a819df70 15652       3       org.eclipse.jdt.internal.compiler.ast.IfStatement::<init> (58 bytes)
Event: 37,969 Thread 0x000078b8a819df70 nmethod 15652 0x000078b89abee290 code [0x000078b89abee440, 0x000078b89abee7f0]
Event: 37,969 Thread 0x000078b8a819df70 15646       2       org.eclipse.core.internal.utils.FileUtil::toCharArray (17 bytes)
Event: 37,969 Thread 0x000078b8a819df70 nmethod 15646 0x000078b89abee990 code [0x000078b89abeeb40, 0x000078b89abeec90]
Event: 37,969 Thread 0x000078b8a819df70 15647       2       org.eclipse.core.internal.utils.FileUtil::getContentStart (92 bytes)
Event: 37,970 Thread 0x000078b8a819df70 nmethod 15647 0x000078b89abeed90 code [0x000078b89abeef80, 0x000078b89abef390]
Event: 37,970 Thread 0x000078b8a819df70 15648       2       java.util.Arrays::equals (56 bytes)
Event: 37,970 Thread 0x000078b8a819df70 nmethod 15648 0x000078b89abef690 code [0x000078b89abef860, 0x000078b89abefa40]
Event: 37,970 Thread 0x000078b8a819df70 15649       2       jdk.internal.util.ArraysSupport::mismatch (103 bytes)

GC Heap History (20 events):
Event: 37,038 GC heap before
{Heap before GC invocations=131 (full 5):
 PSYoungGen      total 12288K, used 12272K [0x00000000eab00000, 0x00000000eb900000, 0x0000000100000000)
  eden space 11264K, 100% used [0x00000000eab00000,0x00000000eb600000,0x00000000eb600000)
  from space 1024K, 98% used [0x00000000eb600000,0x00000000eb6fc368,0x00000000eb700000)
  to   space 1536K, 0% used [0x00000000eb780000,0x00000000eb780000,0x00000000eb900000)
 ParOldGen       total 89600K, used 87978K [0x00000000c0000000, 0x00000000c5780000, 0x00000000eab00000)
  object space 89600K, 98% used [0x00000000c0000000,0x00000000c55eab48,0x00000000c5780000)
 Metaspace       used 78509K, committed 79872K, reserved 1179648K
  class space    used 7899K, committed 8576K, reserved 1048576K
}
Event: 37,042 GC heap after
{Heap after GC invocations=131 (full 5):
 PSYoungGen      total 12288K, used 752K [0x00000000eab00000, 0x00000000eb880000, 0x0000000100000000)
  eden space 11264K, 0% used [0x00000000eab00000,0x00000000eab00000,0x00000000eb600000)
  from space 1024K, 73% used [0x00000000eb780000,0x00000000eb83c010,0x00000000eb880000)
  to   space 1024K, 0% used [0x00000000eb600000,0x00000000eb600000,0x00000000eb700000)
 ParOldGen       total 89600K, used 88682K [0x00000000c0000000, 0x00000000c5780000, 0x00000000eab00000)
  object space 89600K, 98% used [0x00000000c0000000,0x00000000c569a968,0x00000000c5780000)
 Metaspace       used 78509K, committed 79872K, reserved 1179648K
  class space    used 7899K, committed 8576K, reserved 1048576K
}
Event: 37,095 GC heap before
{Heap before GC invocations=132 (full 5):
 PSYoungGen      total 12288K, used 12016K [0x00000000eab00000, 0x00000000eb880000, 0x0000000100000000)
  eden space 11264K, 100% used [0x00000000eab00000,0x00000000eb600000,0x00000000eb600000)
  from space 1024K, 73% used [0x00000000eb780000,0x00000000eb83c010,0x00000000eb880000)
  to   space 1024K, 0% used [0x00000000eb600000,0x00000000eb600000,0x00000000eb700000)
 ParOldGen       total 89600K, used 88682K [0x00000000c0000000, 0x00000000c5780000, 0x00000000eab00000)
  object space 89600K, 98% used [0x00000000c0000000,0x00000000c569a968,0x00000000c5780000)
 Metaspace       used 78658K, committed 80064K, reserved 1179648K
  class space    used 7914K, committed 8576K, reserved 1048576K
}
Event: 37,098 GC heap after
{Heap after GC invocations=132 (full 5):
 PSYoungGen      total 12288K, used 528K [0x00000000eab00000, 0x00000000eb800000, 0x0000000100000000)
  eden space 11264K, 0% used [0x00000000eab00000,0x00000000eab00000,0x00000000eb600000)
  from space 1024K, 51% used [0x00000000eb600000,0x00000000eb684010,0x00000000eb700000)
  to   space 1024K, 0% used [0x00000000eb700000,0x00000000eb700000,0x00000000eb800000)
 ParOldGen       total 89600K, used 89151K [0x00000000c0000000, 0x00000000c5780000, 0x00000000eab00000)
  object space 89600K, 99% used [0x00000000c0000000,0x00000000c570fc48,0x00000000c5780000)
 Metaspace       used 78658K, committed 80064K, reserved 1179648K
  class space    used 7914K, committed 8576K, reserved 1048576K
}
Event: 37,099 GC heap before
{Heap before GC invocations=133 (full 6):
 PSYoungGen      total 12288K, used 528K [0x00000000eab00000, 0x00000000eb800000, 0x0000000100000000)
  eden space 11264K, 0% used [0x00000000eab00000,0x00000000eab00000,0x00000000eb600000)
  from space 1024K, 51% used [0x00000000eb600000,0x00000000eb684010,0x00000000eb700000)
  to   space 1024K, 0% used [0x00000000eb700000,0x00000000eb700000,0x00000000eb800000)
 ParOldGen       total 89600K, used 89151K [0x00000000c0000000, 0x00000000c5780000, 0x00000000eab00000)
  object space 89600K, 99% used [0x00000000c0000000,0x00000000c570fc48,0x00000000c5780000)
 Metaspace       used 78658K, committed 80064K, reserved 1179648K
  class space    used 7914K, committed 8576K, reserved 1048576K
}
Event: 37,262 GC heap after
{Heap after GC invocations=133 (full 6):
 PSYoungGen      total 12288K, used 0K [0x00000000eab00000, 0x00000000eb800000, 0x0000000100000000)
  eden space 11264K, 0% used [0x00000000eab00000,0x00000000eab00000,0x00000000eb600000)
  from space 1024K, 0% used [0x00000000eb700000,0x00000000eb700000,0x00000000eb800000)
  to   space 1024K, 0% used [0x00000000eb600000,0x00000000eb600000,0x00000000eb700000)
 ParOldGen       total 97280K, used 72355K [0x00000000c0000000, 0x00000000c5f00000, 0x00000000eab00000)
  object space 97280K, 74% used [0x00000000c0000000,0x00000000c46a8ca0,0x00000000c5f00000)
 Metaspace       used 78658K, committed 80064K, reserved 1179648K
  class space    used 7914K, committed 8576K, reserved 1048576K
}
Event: 37,389 GC heap before
{Heap before GC invocations=134 (full 6):
 PSYoungGen      total 12288K, used 11264K [0x00000000eab00000, 0x00000000eb800000, 0x0000000100000000)
  eden space 11264K, 100% used [0x00000000eab00000,0x00000000eb600000,0x00000000eb600000)
  from space 1024K, 0% used [0x00000000eb700000,0x00000000eb700000,0x00000000eb800000)
  to   space 1024K, 0% used [0x00000000eb600000,0x00000000eb600000,0x00000000eb700000)
 ParOldGen       total 97280K, used 72355K [0x00000000c0000000, 0x00000000c5f00000, 0x00000000eab00000)
  object space 97280K, 74% used [0x00000000c0000000,0x00000000c46a8ca0,0x00000000c5f00000)
 Metaspace       used 78992K, committed 80384K, reserved 1179648K
  class space    used 7940K, committed 8576K, reserved 1048576K
}
Event: 37,394 GC heap after
{Heap after GC invocations=134 (full 6):
 PSYoungGen      total 12288K, used 800K [0x00000000eab00000, 0x00000000eb800000, 0x0000000100000000)
  eden space 11264K, 0% used [0x00000000eab00000,0x00000000eab00000,0x00000000eb600000)
  from space 1024K, 78% used [0x00000000eb600000,0x00000000eb6c8000,0x00000000eb700000)
  to   space 1024K, 0% used [0x00000000eb700000,0x00000000eb700000,0x00000000eb800000)
 ParOldGen       total 97280K, used 72363K [0x00000000c0000000, 0x00000000c5f00000, 0x00000000eab00000)
  object space 97280K, 74% used [0x00000000c0000000,0x00000000c46aaca0,0x00000000c5f00000)
 Metaspace       used 78992K, committed 80384K, reserved 1179648K
  class space    used 7940K, committed 8576K, reserved 1048576K
}
Event: 37,510 GC heap before
{Heap before GC invocations=135 (full 6):
 PSYoungGen      total 12288K, used 12064K [0x00000000eab00000, 0x00000000eb800000, 0x0000000100000000)
  eden space 11264K, 100% used [0x00000000eab00000,0x00000000eb600000,0x00000000eb600000)
  from space 1024K, 78% used [0x00000000eb600000,0x00000000eb6c8000,0x00000000eb700000)
  to   space 1024K, 0% used [0x00000000eb700000,0x00000000eb700000,0x00000000eb800000)
 ParOldGen       total 97280K, used 72363K [0x00000000c0000000, 0x00000000c5f00000, 0x00000000eab00000)
  object space 97280K, 74% used [0x00000000c0000000,0x00000000c46aaca0,0x00000000c5f00000)
 Metaspace       used 79090K, committed 80448K, reserved 1179648K
  class space    used 7952K, committed 8576K, reserved 1048576K
}
Event: 37,514 GC heap after
{Heap after GC invocations=135 (full 6):
 PSYoungGen      total 12288K, used 628K [0x00000000eab00000, 0x00000000eb800000, 0x0000000100000000)
  eden space 11264K, 0% used [0x00000000eab00000,0x00000000eab00000,0x00000000eb600000)
  from space 1024K, 61% used [0x00000000eb700000,0x00000000eb79d200,0x00000000eb800000)
  to   space 1024K, 0% used [0x00000000eb600000,0x00000000eb600000,0x00000000eb700000)
 ParOldGen       total 97280K, used 72975K [0x00000000c0000000, 0x00000000c5f00000, 0x00000000eab00000)
  object space 97280K, 75% used [0x00000000c0000000,0x00000000c4743c18,0x00000000c5f00000)
 Metaspace       used 79090K, committed 80448K, reserved 1179648K
  class space    used 7952K, committed 8576K, reserved 1048576K
}
Event: 37,577 GC heap before
{Heap before GC invocations=136 (full 6):
 PSYoungGen      total 12288K, used 11892K [0x00000000eab00000, 0x00000000eb800000, 0x0000000100000000)
  eden space 11264K, 99% used [0x00000000eab00000,0x00000000eb5ffff8,0x00000000eb600000)
  from space 1024K, 61% used [0x00000000eb700000,0x00000000eb79d200,0x00000000eb800000)
  to   space 1024K, 0% used [0x00000000eb600000,0x00000000eb600000,0x00000000eb700000)
 ParOldGen       total 97280K, used 72975K [0x00000000c0000000, 0x00000000c5f00000, 0x00000000eab00000)
  object space 97280K, 75% used [0x00000000c0000000,0x00000000c4743c18,0x00000000c5f00000)
 Metaspace       used 79162K, committed 80576K, reserved 1179648K
  class space    used 7963K, committed 8640K, reserved 1048576K
}
Event: 37,581 GC heap after
{Heap after GC invocations=136 (full 6):
 PSYoungGen      total 12288K, used 832K [0x00000000eab00000, 0x00000000eb800000, 0x0000000100000000)
  eden space 11264K, 0% used [0x00000000eab00000,0x00000000eab00000,0x00000000eb600000)
  from space 1024K, 81% used [0x00000000eb600000,0x00000000eb6d0020,0x00000000eb700000)
  to   space 1024K, 0% used [0x00000000eb700000,0x00000000eb700000,0x00000000eb800000)
 ParOldGen       total 97280K, used 73416K [0x00000000c0000000, 0x00000000c5f00000, 0x00000000eab00000)
  object space 97280K, 75% used [0x00000000c0000000,0x00000000c47b20d8,0x00000000c5f00000)
 Metaspace       used 79162K, committed 80576K, reserved 1179648K
  class space    used 7963K, committed 8640K, reserved 1048576K
}
Event: 37,648 GC heap before
{Heap before GC invocations=137 (full 6):
 PSYoungGen      total 12288K, used 12096K [0x00000000eab00000, 0x00000000eb800000, 0x0000000100000000)
  eden space 11264K, 100% used [0x00000000eab00000,0x00000000eb600000,0x00000000eb600000)
  from space 1024K, 81% used [0x00000000eb600000,0x00000000eb6d0020,0x00000000eb700000)
  to   space 1024K, 0% used [0x00000000eb700000,0x00000000eb700000,0x00000000eb800000)
 ParOldGen       total 97280K, used 73416K [0x00000000c0000000, 0x00000000c5f00000, 0x00000000eab00000)
  object space 97280K, 75% used [0x00000000c0000000,0x00000000c47b20d8,0x00000000c5f00000)
 Metaspace       used 79250K, committed 80640K, reserved 1179648K
  class space    used 7979K, committed 8640K, reserved 1048576K
}
Event: 37,652 GC heap after
{Heap after GC invocations=137 (full 6):
 PSYoungGen      total 12288K, used 752K [0x00000000eab00000, 0x00000000eb800000, 0x0000000100000000)
  eden space 11264K, 0% used [0x00000000eab00000,0x00000000eab00000,0x00000000eb600000)
  from space 1024K, 73% used [0x00000000eb700000,0x00000000eb7bc030,0x00000000eb800000)
  to   space 1024K, 0% used [0x00000000eb600000,0x00000000eb600000,0x00000000eb700000)
 ParOldGen       total 97280K, used 74074K [0x00000000c0000000, 0x00000000c5f00000, 0x00000000eab00000)
  object space 97280K, 76% used [0x00000000c0000000,0x00000000c4856808,0x00000000c5f00000)
 Metaspace       used 79250K, committed 80640K, reserved 1179648K
  class space    used 7979K, committed 8640K, reserved 1048576K
}
Event: 37,716 GC heap before
{Heap before GC invocations=138 (full 6):
 PSYoungGen      total 12288K, used 12016K [0x00000000eab00000, 0x00000000eb800000, 0x0000000100000000)
  eden space 11264K, 100% used [0x00000000eab00000,0x00000000eb600000,0x00000000eb600000)
  from space 1024K, 73% used [0x00000000eb700000,0x00000000eb7bc030,0x00000000eb800000)
  to   space 1024K, 0% used [0x00000000eb600000,0x00000000eb600000,0x00000000eb700000)
 ParOldGen       total 97280K, used 74074K [0x00000000c0000000, 0x00000000c5f00000, 0x00000000eab00000)
  object space 97280K, 76% used [0x00000000c0000000,0x00000000c4856808,0x00000000c5f00000)
 Metaspace       used 79336K, committed 80704K, reserved 1179648K
  class space    used 7991K, committed 8640K, reserved 1048576K
}
Event: 37,720 GC heap after
{Heap after GC invocations=138 (full 6):
 PSYoungGen      total 12288K, used 768K [0x00000000eab00000, 0x00000000eb800000, 0x0000000100000000)
  eden space 11264K, 0% used [0x00000000eab00000,0x00000000eab00000,0x00000000eb600000)
  from space 1024K, 75% used [0x00000000eb600000,0x00000000eb6c0020,0x00000000eb700000)
  to   space 1024K, 0% used [0x00000000eb700000,0x00000000eb700000,0x00000000eb800000)
 ParOldGen       total 97280K, used 74559K [0x00000000c0000000, 0x00000000c5f00000, 0x00000000eab00000)
  object space 97280K, 76% used [0x00000000c0000000,0x00000000c48cfea8,0x00000000c5f00000)
 Metaspace       used 79336K, committed 80704K, reserved 1179648K
  class space    used 7991K, committed 8640K, reserved 1048576K
}
Event: 37,862 GC heap before
{Heap before GC invocations=139 (full 6):
 PSYoungGen      total 12288K, used 12032K [0x00000000eab00000, 0x00000000eb800000, 0x0000000100000000)
  eden space 11264K, 100% used [0x00000000eab00000,0x00000000eb600000,0x00000000eb600000)
  from space 1024K, 75% used [0x00000000eb600000,0x00000000eb6c0020,0x00000000eb700000)
  to   space 1024K, 0% used [0x00000000eb700000,0x00000000eb700000,0x00000000eb800000)
 ParOldGen       total 97280K, used 74559K [0x00000000c0000000, 0x00000000c5f00000, 0x00000000eab00000)
  object space 97280K, 76% used [0x00000000c0000000,0x00000000c48cfea8,0x00000000c5f00000)
 Metaspace       used 79370K, committed 80704K, reserved 1179648K
  class space    used 7991K, committed 8640K, reserved 1048576K
}
Event: 37,867 GC heap after
{Heap after GC invocations=139 (full 6):
 PSYoungGen      total 12288K, used 780K [0x00000000eab00000, 0x00000000eb800000, 0x0000000100000000)
  eden space 11264K, 0% used [0x00000000eab00000,0x00000000eab00000,0x00000000eb600000)
  from space 1024K, 76% used [0x00000000eb700000,0x00000000eb7c33b0,0x00000000eb800000)
  to   space 1024K, 0% used [0x00000000eb600000,0x00000000eb600000,0x00000000eb700000)
 ParOldGen       total 97280K, used 75143K [0x00000000c0000000, 0x00000000c5f00000, 0x00000000eab00000)
  object space 97280K, 77% used [0x00000000c0000000,0x00000000c4961ee8,0x00000000c5f00000)
 Metaspace       used 79370K, committed 80704K, reserved 1179648K
  class space    used 7991K, committed 8640K, reserved 1048576K
}
Event: 37,940 GC heap before
{Heap before GC invocations=140 (full 6):
 PSYoungGen      total 12288K, used 12044K [0x00000000eab00000, 0x00000000eb800000, 0x0000000100000000)
  eden space 11264K, 100% used [0x00000000eab00000,0x00000000eb600000,0x00000000eb600000)
  from space 1024K, 76% used [0x00000000eb700000,0x00000000eb7c33b0,0x00000000eb800000)
  to   space 1024K, 0% used [0x00000000eb600000,0x00000000eb600000,0x00000000eb700000)
 ParOldGen       total 97280K, used 75143K [0x00000000c0000000, 0x00000000c5f00000, 0x00000000eab00000)
  object space 97280K, 77% used [0x00000000c0000000,0x00000000c4961ee8,0x00000000c5f00000)
 Metaspace       used 79387K, committed 80768K, reserved 1179648K
  class space    used 7991K, committed 8640K, reserved 1048576K
}
Event: 37,945 GC heap after
{Heap after GC invocations=140 (full 6):
 PSYoungGen      total 12288K, used 1008K [0x00000000eab00000, 0x00000000eb900000, 0x0000000100000000)
  eden space 11264K, 0% used [0x00000000eab00000,0x00000000eab00000,0x00000000eb600000)
  from space 1024K, 98% used [0x00000000eb600000,0x00000000eb6fc030,0x00000000eb700000)
  to   space 1536K, 0% used [0x00000000eb780000,0x00000000eb780000,0x00000000eb900000)
 ParOldGen       total 97280K, used 75838K [0x00000000c0000000, 0x00000000c5f00000, 0x00000000eab00000)
  object space 97280K, 77% used [0x00000000c0000000,0x00000000c4a0fb90,0x00000000c5f00000)
 Metaspace       used 79387K, committed 80768K, reserved 1179648K
  class space    used 7991K, committed 8640K, reserved 1048576K
}

Dll operation events (9 events):
Event: 0,065 Loaded shared library /home/antonio/.vscode/extensions/redhat.java-1.35.1-linux-x64/jre/17.0.12-linux-x86_64/lib/libjava.so
Event: 0,565 Loaded shared library /home/antonio/.vscode/extensions/redhat.java-1.35.1-linux-x64/jre/17.0.12-linux-x86_64/lib/libzip.so
Event: 0,584 Loaded shared library /home/antonio/.vscode/extensions/redhat.java-1.35.1-linux-x64/jre/17.0.12-linux-x86_64/lib/libinstrument.so
Event: 0,606 Loaded shared library /home/antonio/.vscode/extensions/redhat.java-1.35.1-linux-x64/jre/17.0.12-linux-x86_64/lib/libnio.so
Event: 0,615 Loaded shared library /home/antonio/.vscode/extensions/redhat.java-1.35.1-linux-x64/jre/17.0.12-linux-x86_64/lib/libzip.so
Event: 0,633 Loaded shared library /home/antonio/.vscode/extensions/redhat.java-1.35.1-linux-x64/jre/17.0.12-linux-x86_64/lib/libjimage.so
Event: 0,734 Loaded shared library /home/antonio/.vscode/extensions/redhat.java-1.35.1-linux-x64/jre/17.0.12-linux-x86_64/lib/libverify.so
Event: 2,084 Loaded shared library /home/antonio/.vscode/extensions/redhat.java-1.35.1-linux-x64/jre/17.0.12-linux-x86_64/lib/libnet.so
Event: 2,730 Loaded shared library /home/antonio/.config/Code/User/globalStorage/redhat.java/1.35.1/config_linux/org.eclipse.equinox.launcher/org.eclipse.equinox.launcher.gtk.linux.x86_64_1.2.1100.v20240722-2106/eclipse_11904.so

Deoptimization events (20 events):
Event: 37,561 Thread 0x000078b7e407e880 Uncommon trap: trap_request=0xffffff45 fr.pc=0x000078b8a0f9ff48 relative=0x0000000000000348
Event: 37,561 Thread 0x000078b7e407e880 Uncommon trap: reason=unstable_if action=reinterpret pc=0x000078b8a0f9ff48 method=org.eclipse.jdt.internal.compiler.lookup.ModuleBinding$UnNamedModule.canAccess(Lorg/eclipse/jdt/internal/compiler/lookup/PackageBinding;)Z @ 4 c2
Event: 37,561 Thread 0x000078b7e407e880 DEOPT PACKING pc=0x000078b8a0f9ff48 sp=0x000078b884bfd2c0
Event: 37,561 Thread 0x000078b7e407e880 DEOPT UNPACKING pc=0x000078b8a058d399 sp=0x000078b884bfd280 mode 2
Event: 37,625 Thread 0x000078b7e407e880 DEOPT PACKING pc=0x000078b8998330c0 sp=0x000078b884bf8620
Event: 37,625 Thread 0x000078b7e407e880 DEOPT UNPACKING pc=0x000078b8a058db2f sp=0x000078b884bf7bd8 mode 0
Event: 37,663 Thread 0x000078b7e4000ff0 DEOPT PACKING pc=0x000078b89955a7a5 sp=0x000078b887ffe490
Event: 37,663 Thread 0x000078b7e4000ff0 DEOPT UNPACKING pc=0x000078b8a058db2f sp=0x000078b887ffd9a0 mode 0
Event: 37,665 Thread 0x000078b7e407e880 Uncommon trap: trap_request=0xffffffde fr.pc=0x000078b8a10f8708 relative=0x0000000000000068
Event: 37,665 Thread 0x000078b7e407e880 Uncommon trap: reason=class_check action=maybe_recompile pc=0x000078b8a10f8708 method=java.util.LinkedHashMap.afterNodeInsertion(Z)V @ 15 c2
Event: 37,665 Thread 0x000078b7e407e880 DEOPT PACKING pc=0x000078b8a10f8708 sp=0x000078b884bfe130
Event: 37,665 Thread 0x000078b7e407e880 DEOPT UNPACKING pc=0x000078b8a058d399 sp=0x000078b884bfe0c8 mode 2
Event: 37,774 Thread 0x000078b81c1d5460 DEOPT PACKING pc=0x000078b89a122683 sp=0x000078b88c3fcf70
Event: 37,774 Thread 0x000078b81c1d5460 DEOPT UNPACKING pc=0x000078b8a058db2f sp=0x000078b88c3fc510 mode 0
Event: 37,778 Thread 0x000078b7e4000ff0 Uncommon trap: trap_request=0xffffff45 fr.pc=0x000078b8a0ef63f8 relative=0x0000000000003578
Event: 37,778 Thread 0x000078b7e4000ff0 Uncommon trap: reason=unstable_if action=reinterpret pc=0x000078b8a0ef63f8 method=lombok.core.AST.buildWithField0(Ljava/lang/Class;Ljava/lang/Object;Llombok/core/AST$FieldAccess;Ljava/util/Collection;)V @ 67 c2
Event: 37,778 Thread 0x000078b7e4000ff0 DEOPT PACKING pc=0x000078b8a0ef63f8 sp=0x000078b887ffcd40
Event: 37,778 Thread 0x000078b7e4000ff0 DEOPT UNPACKING pc=0x000078b8a058d399 sp=0x000078b887ffcdc8 mode 2
Event: 37,842 Thread 0x000078b81c1d5460 DEOPT PACKING pc=0x000078b89a1f98ed sp=0x000078b88c3fd690
Event: 37,842 Thread 0x000078b81c1d5460 DEOPT UNPACKING pc=0x000078b8a058db2f sp=0x000078b88c3fcb18 mode 0

Classes loaded (20 events):
Event: 32,839 Loading class java/io/SequenceInputStream
Event: 32,839 Loading class java/io/SequenceInputStream done
Event: 33,165 Loading class java/util/concurrent/CompletionException
Event: 33,165 Loading class java/util/concurrent/CompletionException done
Event: 33,431 Loading class java/util/Hashtable$KeySet
Event: 33,431 Loading class java/util/Hashtable$KeySet done
Event: 33,639 Loading class java/lang/UnsupportedClassVersionError
Event: 33,639 Loading class java/lang/UnsupportedClassVersionError done
Event: 33,639 Loading class java/io/FileReader
Event: 33,639 Loading class java/io/FileReader done
Event: 33,648 Loading class jdk/internal/reflect/UnsafeQualifiedStaticIntegerFieldAccessorImpl
Event: 33,648 Loading class jdk/internal/reflect/UnsafeQualifiedStaticIntegerFieldAccessorImpl done
Event: 33,673 Loading class java/lang/invoke/MethodHandleImpl$CountingWrapper$1
Event: 33,673 Loading class java/lang/invoke/MethodHandleImpl$CountingWrapper$1 done
Event: 35,453 Loading class java/util/concurrent/ForkJoinTask$AdaptedCallable
Event: 35,453 Loading class java/util/concurrent/ForkJoinTask$AdaptedCallable done
Event: 35,453 Loading class java/util/concurrent/CountedCompleter
Event: 35,454 Loading class java/util/concurrent/CountedCompleter done
Event: 37,047 Loading class jdk/internal/ref/CleanerImpl$InnocuousThreadFactory
Event: 37,047 Loading class jdk/internal/ref/CleanerImpl$InnocuousThreadFactory done

Classes unloaded (15 events):
Event: 13,306 Thread 0x000078b8a806a760 Unloading class 0x0000000100250400 'java/lang/invoke/LambdaForm$MH+0x0000000100250400'
Event: 13,306 Thread 0x000078b8a806a760 Unloading class 0x0000000100250000 'java/lang/invoke/LambdaForm$MH+0x0000000100250000'
Event: 13,306 Thread 0x000078b8a806a760 Unloading class 0x000000010024fc00 'java/lang/invoke/LambdaForm$MH+0x000000010024fc00'
Event: 13,306 Thread 0x000078b8a806a760 Unloading class 0x000000010024f800 'java/lang/invoke/LambdaForm$MH+0x000000010024f800'
Event: 13,306 Thread 0x000078b8a806a760 Unloading class 0x000000010024f400 'java/lang/invoke/LambdaForm$BMH+0x000000010024f400'
Event: 13,306 Thread 0x000078b8a806a760 Unloading class 0x000000010024f000 'java/lang/invoke/LambdaForm$DMH+0x000000010024f000'
Event: 13,306 Thread 0x000078b8a806a760 Unloading class 0x000000010024c400 'java/lang/invoke/LambdaForm$DMH+0x000000010024c400'
Event: 34,314 Thread 0x000078b8a806a760 Unloading class 0x00000001007b9000 'java/lang/invoke/LambdaForm$DMH+0x00000001007b9000'
Event: 34,314 Thread 0x000078b8a806a760 Unloading class 0x00000001007b8c00 'java/lang/invoke/LambdaForm$DMH+0x00000001007b8c00'
Event: 34,314 Thread 0x000078b8a806a760 Unloading class 0x000000010076e000 'java/lang/invoke/LambdaForm$MH+0x000000010076e000'
Event: 34,314 Thread 0x000078b8a806a760 Unloading class 0x000000010076dc00 'java/lang/invoke/LambdaForm$MH+0x000000010076dc00'
Event: 34,314 Thread 0x000078b8a806a760 Unloading class 0x000000010076d800 'java/lang/invoke/LambdaForm$MH+0x000000010076d800'
Event: 34,314 Thread 0x000078b8a806a760 Unloading class 0x000000010076d000 'java/lang/invoke/LambdaForm$MH+0x000000010076d000'
Event: 34,314 Thread 0x000078b8a806a760 Unloading class 0x000000010076cc00 'java/lang/invoke/LambdaForm$DMH+0x000000010076cc00'
Event: 34,314 Thread 0x000078b8a806a760 Unloading class 0x000000010076c800 'java/lang/invoke/LambdaForm$DMH+0x000000010076c800'

Classes redefined (0 events):
No events

Internal exceptions (20 events):
Event: 31,659 Thread 0x000078b81c1d5460 Exception <a 'java/lang/NoSuchMethodError'{0x00000000eb4c3110}: 'int java.lang.invoke.DirectMethodHandle$Holder.invokeSpecialIFC(java.lang.Object, java.lang.Object, java.lang.Object, java.lang.Object)'> (0x00000000eb4c3110) 
thrown [src/hotspot/share/interpreter/linkResolver.cpp, line 758]
Event: 31,681 Thread 0x000078b81c1d5460 Implicit null exception at 0x000078b8a1110048 to 0x000078b8a11105a4
Event: 32,427 Thread 0x000078b81c1d5460 Exception <a 'java/lang/NoSuchMethodError'{0x00000000eae758d0}: 'int java.lang.invoke.DirectMethodHandle$Holder.invokeInterface(java.lang.Object, java.lang.Object)'> (0x00000000eae758d0) 
thrown [src/hotspot/share/interpreter/linkResolver.cpp, line 758]
Event: 32,427 Thread 0x000078b81c1d5460 Exception <a 'java/lang/IncompatibleClassChangeError'{0x00000000eae78bb8}: Found class java.lang.Object, but interface was expected> (0x00000000eae78bb8) 
thrown [src/hotspot/share/interpreter/linkResolver.cpp, line 826]
Event: 32,555 Thread 0x000078b7e407e880 Exception <a 'java/lang/NoSuchMethodError'{0x00000000eb4b9f70}: 'java.lang.Object java.lang.invoke.DirectMethodHandle$Holder.invokeInterface(java.lang.Object, java.lang.Object, java.lang.Object)'> (0x00000000eb4b9f70) 
thrown [src/hotspot/share/interpreter/linkResolver.cpp, line 758]
Event: 32,557 Thread 0x000078b7e407f0c0 Exception <a 'java/lang/NoSuchMethodError'{0x00000000eb40bf20}: 'java.lang.Object java.lang.invoke.DirectMethodHandle$Holder.invokeInterface(java.lang.Object, java.lang.Object, java.lang.Object)'> (0x00000000eb40bf20) 
thrown [src/hotspot/share/interpreter/linkResolver.cpp, line 758]
Event: 32,557 Thread 0x000078b8a845a990 Exception <a 'java/lang/NoSuchMethodError'{0x00000000eb4e0420}: 'java.lang.Object java.lang.invoke.DirectMethodHandle$Holder.invokeInterface(java.lang.Object, java.lang.Object, java.lang.Object)'> (0x00000000eb4e0420) 
thrown [src/hotspot/share/interpreter/linkResolver.cpp, line 758]
Event: 32,563 Thread 0x000078b7e407e880 Implicit null exception at 0x000078b8a0e25614 to 0x000078b8a0e261f0
Event: 32,567 Thread 0x000078b8a845a990 Implicit null exception at 0x000078b8a0dfcb5f to 0x000078b8a0dfce44
Event: 32,857 Thread 0x000078b8a845a990 Exception <a 'java/io/FileNotFoundException'{0x00000000eb5183d0}> (0x00000000eb5183d0) 
thrown [src/hotspot/share/prims/jni.cpp, line 516]
Event: 32,857 Thread 0x000078b8a845a990 Exception <a 'java/io/FileNotFoundException'{0x00000000eb519390}> (0x00000000eb519390) 
thrown [src/hotspot/share/prims/jni.cpp, line 516]
Event: 33,457 Thread 0x000078b7e4000ff0 Exception <a 'java/io/FileNotFoundException'{0x00000000eb678870}> (0x00000000eb678870) 
thrown [src/hotspot/share/prims/jni.cpp, line 516]
Event: 33,457 Thread 0x000078b7e4000ff0 Exception <a 'java/io/FileNotFoundException'{0x00000000eb6797f0}> (0x00000000eb6797f0) 
thrown [src/hotspot/share/prims/jni.cpp, line 516]
Event: 33,485 Thread 0x000078b7e4000ff0 Exception <a 'java/lang/NoSuchMethodError'{0x00000000eb76cfa0}: 'void java.lang.invoke.DirectMethodHandle$Holder.invokeSpecial(java.lang.Object, java.lang.Object, java.lang.Object, java.lang.Object, java.lang.Object)'> (0x00000000eb76cfa0) 
thrown [src/hotspot/share/interpreter/linkResolver.cpp, line 758]
Event: 33,598 Thread 0x000078b81c1d5460 Exception <a 'java/lang/NoSuchMethodError'{0x00000000eb203188}: 'java.lang.Object java.lang.invoke.DirectMethodHandle$Holder.invokeSpecial(java.lang.Object, java.lang.Object, int, long)'> (0x00000000eb203188) 
thrown [src/hotspot/share/interpreter/linkResolver.cpp, line 758]
Event: 33,858 Thread 0x000078b7e40e7350 Implicit null exception at 0x000078b8a0b2b17b to 0x000078b8a0b2b6fc
Event: 34,678 Thread 0x000078b7e40e7350 Exception <a 'java/lang/IncompatibleClassChangeError'{0x00000000eacbee68}: Found class java.lang.Object, but interface was expected> (0x00000000eacbee68) 
thrown [src/hotspot/share/interpreter/linkResolver.cpp, line 826]
Event: 35,354 Thread 0x000078b81c1d5460 Exception <a 'java/lang/NoSuchMethodError'{0x00000000eb096fb0}: 'int java.lang.invoke.DirectMethodHandle$Holder.invokeStatic(java.lang.Object, java.lang.Object, java.lang.Object, int)'> (0x00000000eb096fb0) 
thrown [src/hotspot/share/interpreter/linkResolver.cpp, line 758]
Event: 35,428 Thread 0x000078b81c1d5460 Exception <a 'sun/nio/fs/UnixException'{0x00000000eb158528}> (0x00000000eb158528) 
thrown [src/hotspot/share/prims/jni.cpp, line 516]
Event: 35,452 Thread 0x000078b7e4000ff0 Exception <a 'java/lang/NoSuchMethodError'{0x00000000eb23dc20}: 'java.lang.Object java.lang.invoke.DirectMethodHandle$Holder.invokeStatic(java.lang.Object, java.lang.Object, int, java.lang.Object)'> (0x00000000eb23dc20) 
thrown [src/hotspot/share/interpreter/linkResolver.cpp, line 758]

VM Operations (20 events):
Event: 37,037 Executing VM operation: ParallelGCFailedAllocation
Event: 37,042 Executing VM operation: ParallelGCFailedAllocation done
Event: 37,093 Executing VM operation: ParallelGCFailedAllocation
Event: 37,265 Executing VM operation: ParallelGCFailedAllocation done
Event: 37,386 Executing VM operation: ParallelGCFailedAllocation
Event: 37,394 Executing VM operation: ParallelGCFailedAllocation done
Event: 37,438 Executing VM operation: HandshakeAllThreads
Event: 37,440 Executing VM operation: HandshakeAllThreads done
Event: 37,510 Executing VM operation: ParallelGCFailedAllocation
Event: 37,514 Executing VM operation: ParallelGCFailedAllocation done
Event: 37,577 Executing VM operation: ParallelGCFailedAllocation
Event: 37,581 Executing VM operation: ParallelGCFailedAllocation done
Event: 37,648 Executing VM operation: ParallelGCFailedAllocation
Event: 37,652 Executing VM operation: ParallelGCFailedAllocation done
Event: 37,715 Executing VM operation: ParallelGCFailedAllocation
Event: 37,720 Executing VM operation: ParallelGCFailedAllocation done
Event: 37,862 Executing VM operation: ParallelGCFailedAllocation
Event: 37,868 Executing VM operation: ParallelGCFailedAllocation done
Event: 37,940 Executing VM operation: ParallelGCFailedAllocation
Event: 37,945 Executing VM operation: ParallelGCFailedAllocation done

Events (20 events):
Event: 37,453 Thread 0x000078b8a81a73b0 flushing nmethod 0x000078b89912af90
Event: 37,454 Thread 0x000078b8a81a73b0 flushing nmethod 0x000078b8991e2310
Event: 37,454 Thread 0x000078b8a81a73b0 flushing nmethod 0x000078b8991e4790
Event: 37,454 Thread 0x000078b8a81a73b0 flushing nmethod 0x000078b8991ee510
Event: 37,454 Thread 0x000078b8a81a73b0 flushing nmethod 0x000078b8991f6590
Event: 37,455 Thread 0x000078b8a81a73b0 flushing nmethod 0x000078b8992fae10
Event: 37,455 Thread 0x000078b8a81a73b0 flushing nmethod 0x000078b899359910
Event: 37,464 Thread 0x000078b8a81a73b0 flushing nmethod 0x000078b899a4ce90
Event: 37,469 Thread 0x000078b8a81a73b0 flushing nmethod 0x000078b899e49a90
Event: 37,469 Thread 0x000078b8a81a73b0 flushing nmethod 0x000078b899e97f10
Event: 37,472 Thread 0x000078b8a81a73b0 flushing nmethod 0x000078b899f8ce90
Event: 37,477 Thread 0x000078b8a81a73b0 flushing nmethod 0x000078b89a1e0110
Event: 37,488 Thread 0x000078b8a81a73b0 flushing nmethod 0x000078b89a63f190
Event: 37,488 Thread 0x000078b8a81a73b0 flushing nmethod 0x000078b89a66cb10
Event: 37,488 Thread 0x000078b8a81a73b0 flushing nmethod 0x000078b89a6b7190
Event: 37,488 Thread 0x000078b8a81a73b0 flushing nmethod 0x000078b89a6d4b90
Event: 37,489 Thread 0x000078b8a81a73b0 flushing nmethod 0x000078b89a789590
Event: 37,489 Thread 0x000078b8a81a73b0 flushing nmethod 0x000078b89a7d5f90
Event: 37,489 Thread 0x000078b8a81a73b0 flushing nmethod 0x000078b89a7d8d10
Event: 37,489 Thread 0x000078b8a81a73b0 flushing nmethod 0x000078b89a7fc410


Dynamic libraries:
c0000000-c5f00000 rw-p 00000000 00:00 0 
c5f00000-eab00000 ---p 00000000 00:00 0 
eab00000-eb880000 rw-p 00000000 00:00 0 
eb880000-100000000 ---p 00000000 00:00 0 
100000000-100010000 rw-p 00000000 00:00 0 
100010000-100030000 rw-p 00000000 00:00 0 
100030000-1000b0000 rw-p 00000000 00:00 0 
1000b0000-1000d0000 rw-p 00000000 00:00 0 
1000d0000-100130000 rw-p 00000000 00:00 0 
100130000-100170000 rw-p 00000000 00:00 0 
100170000-1001b0000 rw-p 00000000 00:00 0 
1001b0000-1001f0000 rw-p 00000000 00:00 0 
1001f0000-1002f0000 rw-p 00000000 00:00 0 
1002f0000-1003d0000 rw-p 00000000 00:00 0 
1003d0000-1003f0000 rw-p 00000000 00:00 0 
1003f0000-1004b0000 rw-p 00000000 00:00 0 
1004b0000-1004f0000 rw-p 00000000 00:00 0 
1004f0000-100500000 ---p 00000000 00:00 0 
100500000-100880000 rw-p 00000000 00:00 0 
100880000-140000000 ---p 00000000 00:00 0 
5ba22da85000-5ba22da86000 r--p 00000000 08:08 44939                      /home/antonio/.vscode/extensions/redhat.java-1.35.1-linux-x64/jre/17.0.12-linux-x86_64/bin/java
5ba22da86000-5ba22da87000 r-xp 00001000 08:08 44939                      /home/antonio/.vscode/extensions/redhat.java-1.35.1-linux-x64/jre/17.0.12-linux-x86_64/bin/java
5ba22da87000-5ba22da88000 r--p 00002000 08:08 44939                      /home/antonio/.vscode/extensions/redhat.java-1.35.1-linux-x64/jre/17.0.12-linux-x86_64/bin/java
5ba22da88000-5ba22da89000 r--p 00002000 08:08 44939                      /home/antonio/.vscode/extensions/redhat.java-1.35.1-linux-x64/jre/17.0.12-linux-x86_64/bin/java
5ba22da89000-5ba22da8a000 rw-p 00003000 08:08 44939                      /home/antonio/.vscode/extensions/redhat.java-1.35.1-linux-x64/jre/17.0.12-linux-x86_64/bin/java
5ba22eed3000-5ba22ef1c000 rw-p 00000000 00:00 0                          [heap]
78b7dc000000-78b7dc680000 rw-p 00000000 00:00 0 
78b7dc680000-78b7e0000000 ---p 00000000 00:00 0 
78b7e0000000-78b7e009e000 rw-p 00000000 00:00 0 
78b7e009e000-78b7e4000000 ---p 00000000 00:00 0 
78b7e4000000-78b7e414e000 rw-p 00000000 00:00 0 
78b7e414e000-78b7e8000000 ---p 00000000 00:00 0 
78b7ec000000-78b7ec021000 rw-p 00000000 00:00 0 
78b7ec021000-78b7f0000000 ---p 00000000 00:00 0 
78b7f0000000-78b7f216a000 rw-p 00000000 00:00 0 
78b7f216a000-78b7f4000000 ---p 00000000 00:00 0 
78b7f8000000-78b7f8c20000 rw-p 00000000 00:00 0 
78b7f8c20000-78b7fc000000 ---p 00000000 00:00 0 
78b7fc000000-78b7fc757000 rw-p 00000000 00:00 0 
78b7fc757000-78b800000000 ---p 00000000 00:00 0 
78b804000000-78b804105000 rw-p 00000000 00:00 0 
78b804105000-78b808000000 ---p 00000000 00:00 0 
78b808000000-78b808099000 rw-p 00000000 00:00 0 
78b808099000-78b80c000000 ---p 00000000 00:00 0 
78b810000000-78b810021000 rw-p 00000000 00:00 0 
78b810021000-78b814000000 ---p 00000000 00:00 0 
78b814000000-78b814021000 rw-p 00000000 00:00 0 
78b814021000-78b818000000 ---p 00000000 00:00 0 
78b81c000000-78b81d046000 rw-p 00000000 00:00 0 
78b81d046000-78b820000000 ---p 00000000 00:00 0 
78b820000000-78b820021000 rw-p 00000000 00:00 0 
78b820021000-78b824000000 ---p 00000000 00:00 0 
78b828000000-78b828021000 rw-p 00000000 00:00 0 
78b828021000-78b82c000000 ---p 00000000 00:00 0 
78b82c000000-78b82c021000 rw-p 00000000 00:00 0 
78b82c021000-78b830000000 ---p 00000000 00:00 0 
78b834000000-78b834023000 rw-p 00000000 00:00 0 
78b834023000-78b838000000 ---p 00000000 00:00 0 
78b838000000-78b838027000 rw-p 00000000 00:00 0 
78b838027000-78b83c000000 ---p 00000000 00:00 0 
78b840000000-78b8408a6000 rw-p 00000000 00:00 0 
78b8408a6000-78b844000000 ---p 00000000 00:00 0 
78b844000000-78b844456000 rw-p 00000000 00:00 0 
78b844456000-78b848000000 ---p 00000000 00:00 0 
78b84c000000-78b84c4e2000 rw-p 00000000 00:00 0 
78b84c4e2000-78b850000000 ---p 00000000 00:00 0 
78b850000000-78b85005d000 rw-p 00000000 00:00 0 
78b85005d000-78b854000000 ---p 00000000 00:00 0 
78b858000000-78b8580b2000 rw-p 00000000 00:00 0 
78b8580b2000-78b85c000000 ---p 00000000 00:00 0 
78b85c000000-78b85e095000 rw-p 00000000 00:00 0 
78b85e095000-78b860000000 ---p 00000000 00:00 0 
78b864000000-78b8667be000 rw-p 00000000 00:00 0 
78b8667be000-78b868000000 ---p 00000000 00:00 0 
78b868000000-78b868021000 rw-p 00000000 00:00 0 
78b868021000-78b86c000000 ---p 00000000 00:00 0 
78b870000000-78b870021000 rw-p 00000000 00:00 0 
78b870021000-78b874000000 ---p 00000000 00:00 0 
78b874000000-78b874021000 rw-p 00000000 00:00 0 
78b874021000-78b878000000 ---p 00000000 00:00 0 
78b87c000000-78b87c021000 rw-p 00000000 00:00 0 
78b87c021000-78b880000000 ---p 00000000 00:00 0 
78b880000000-78b880021000 rw-p 00000000 00:00 0 
78b880021000-78b884000000 ---p 00000000 00:00 0 
78b884700000-78b884704000 ---p 00000000 00:00 0 
78b884704000-78b884800000 rw-p 00000000 00:00 0 
78b884800000-78b884804000 ---p 00000000 00:00 0 
78b884804000-78b884900000 rw-p 00000000 00:00 0 
78b884900000-78b884904000 ---p 00000000 00:00 0 
78b884904000-78b884a00000 rw-p 00000000 00:00 0 
78b884a00000-78b884a04000 ---p 00000000 00:00 0 
78b884a04000-78b884b00000 rw-p 00000000 00:00 0 
78b884b00000-78b884b04000 ---p 00000000 00:00 0 
78b884b04000-78b884c00000 rw-p 00000000 00:00 0 
78b884c00000-78b88782e000 r--s 00000000 08:08 44807                      /home/antonio/.vscode/extensions/redhat.java-1.35.1-linux-x64/jre/17.0.12-linux-x86_64/lib/modules
78b8878cc000-78b8878d0000 ---p 00000000 00:00 0 
78b8878d0000-78b8879cc000 rw-p 00000000 00:00 0 
78b8879cc000-78b8879d0000 ---p 00000000 00:00 0 
78b8879d0000-78b887acc000 rw-p 00000000 00:00 0 
78b887acc000-78b887ad0000 ---p 00000000 00:00 0 
78b887ad0000-78b887bcc000 rw-p 00000000 00:00 0 
78b887bcc000-78b887bd0000 ---p 00000000 00:00 0 
78b887bd0000-78b887ccc000 rw-p 00000000 00:00 0 
78b887ccc000-78b887cd0000 ---p 00000000 00:00 0 
78b887cd0000-78b887dcc000 rw-p 00000000 00:00 0 
78b887dcc000-78b887dd0000 ---p 00000000 00:00 0 
78b887dd0000-78b887ecc000 rw-p 00000000 00:00 0 
78b887f00000-78b887f04000 ---p 00000000 00:00 0 
78b887f04000-78b888000000 rw-p 00000000 00:00 0 
78b888000000-78b888021000 rw-p 00000000 00:00 0 
78b888021000-78b88c000000 ---p 00000000 00:00 0 
78b88c000000-78b88c004000 ---p 00000000 00:00 0 
78b88c004000-78b88c100000 rw-p 00000000 00:00 0 
78b88c100000-78b88c104000 ---p 00000000 00:00 0 
78b88c104000-78b88c200000 rw-p 00000000 00:00 0 
78b88c200000-78b88c204000 ---p 00000000 00:00 0 
78b88c204000-78b88c300000 rw-p 00000000 00:00 0 
78b88c300000-78b88c304000 ---p 00000000 00:00 0 
78b88c304000-78b88c400000 rw-p 00000000 00:00 0 
78b88c400000-78b88c404000 ---p 00000000 00:00 0 
78b88c404000-78b88c500000 rw-p 00000000 00:00 0 
78b88c500000-78b88c504000 ---p 00000000 00:00 0 
78b88c504000-78b88c600000 rw-p 00000000 00:00 0 
78b88c600000-78b88c610000 r-xp 00000000 08:08 45379                      /home/antonio/.config/Code/User/globalStorage/redhat.java/1.35.1/config_linux/org.eclipse.equinox.launcher/org.eclipse.equinox.launcher.gtk.linux.x86_64_1.2.1100.v20240722-2106/eclipse_11904.so
78b88c610000-78b88c810000 ---p 00010000 08:08 45379                      /home/antonio/.config/Code/User/globalStorage/redhat.java/1.35.1/config_linux/org.eclipse.equinox.launcher/org.eclipse.equinox.launcher.gtk.linux.x86_64_1.2.1100.v20240722-2106/eclipse_11904.so
78b88c810000-78b88c811000 r--p 00010000 08:08 45379                      /home/antonio/.config/Code/User/globalStorage/redhat.java/1.35.1/config_linux/org.eclipse.equinox.launcher/org.eclipse.equinox.launcher.gtk.linux.x86_64_1.2.1100.v20240722-2106/eclipse_11904.so
78b88c811000-78b88c812000 rw-p 00011000 08:08 45379                      /home/antonio/.config/Code/User/globalStorage/redhat.java/1.35.1/config_linux/org.eclipse.equinox.launcher/org.eclipse.equinox.launcher.gtk.linux.x86_64_1.2.1100.v20240722-2106/eclipse_11904.so
78b88c812000-78b88c813000 rw-p 00000000 00:00 0 
78b88c883000-78b88c887000 ---p 00000000 00:00 0 
78b88c887000-78b88c983000 rw-p 00000000 00:00 0 
78b88c983000-78b88c987000 ---p 00000000 00:00 0 
78b88c987000-78b88ca83000 rw-p 00000000 00:00 0 
78b88ca83000-78b88ca87000 ---p 00000000 00:00 0 
78b88ca87000-78b88cb83000 rw-p 00000000 00:00 0 
78b88cb83000-78b88cb87000 ---p 00000000 00:00 0 
78b88cb87000-78b88cc83000 rw-p 00000000 00:00 0 
78b88cc83000-78b88cc87000 ---p 00000000 00:00 0 
78b88cc87000-78b88cd83000 rw-p 00000000 00:00 0 
78b88cd83000-78b88cd84000 ---p 00000000 00:00 0 
78b88cd84000-78b88ce84000 rw-p 00000000 00:00 0 
78b88ce84000-78b88ce85000 ---p 00000000 00:00 0 
78b88ce85000-78b88cf85000 rw-p 00000000 00:00 0 
78b88cf85000-78b88cf86000 ---p 00000000 00:00 0 
78b88cf86000-78b88d086000 rw-p 00000000 00:00 0 
78b88d086000-78b88d087000 ---p 00000000 00:00 0 
78b88d087000-78b88d187000 rw-p 00000000 00:00 0 
78b88d187000-78b88d18b000 ---p 00000000 00:00 0 
78b88d18b000-78b88d287000 rw-p 00000000 00:00 0 
78b88d287000-78b88d28b000 ---p 00000000 00:00 0 
78b88d28b000-78b88d387000 rw-p 00000000 00:00 0 
78b88d387000-78b88d38b000 ---p 00000000 00:00 0 
78b88d38b000-78b88d487000 rw-p 00000000 00:00 0 
78b88d487000-78b88d48b000 ---p 00000000 00:00 0 
78b88d48b000-78b88d587000 rw-p 00000000 00:00 0 
78b88d587000-78b88d58b000 ---p 00000000 00:00 0 
78b88d58b000-78b88d687000 rw-p 00000000 00:00 0 
78b88d687000-78b88d68b000 ---p 00000000 00:00 0 
78b88d68b000-78b88d787000 rw-p 00000000 00:00 0 
78b88d787000-78b88d78b000 ---p 00000000 00:00 0 
78b88d78b000-78b88d887000 rw-p 00000000 00:00 0 
78b88d887000-78b88d88b000 ---p 00000000 00:00 0 
78b88d88b000-78b88d987000 rw-p 00000000 00:00 0 
78b88d987000-78b88d98b000 ---p 00000000 00:00 0 
78b88d98b000-78b88da87000 rw-p 00000000 00:00 0 
78b88da87000-78b88dcff000 r--p 00000000 07:03 188                        /snap/code/172/usr/lib/locale/aa_DJ.utf8/LC_COLLATE
78b88dcff000-78b88dd03000 ---p 00000000 00:00 0 
78b88dd03000-78b88ddff000 rw-p 00000000 00:00 0 
78b88ddff000-78b88de03000 ---p 00000000 00:00 0 
78b88de03000-78b88deff000 rw-p 00000000 00:00 0 
78b88deff000-78b88df00000 ---p 00000000 00:00 0 
78b88df00000-78b88e000000 rw-p 00000000 00:00 0 
78b88e000000-78b88e3f0000 rw-p 00000000 00:00 0 
78b88e3f0000-78b88e450000 rw-p 00000000 00:00 0 
78b88e450000-78b88e470000 rw-p 00000000 00:00 0 
78b88e470000-78b88e4f0000 rw-p 00000000 00:00 0 
78b88e4f0000-78b88e7f0000 rw-p 00000000 00:00 0 
78b88e7f0000-78b88e8f0000 rw-p 00000000 00:00 0 
78b88e8f0000-78b88eaf0000 rw-p 00000000 00:00 0 
78b88eaf0000-78b88ebf0000 rw-p 00000000 00:00 0 
78b88ebf0000-78b88ed30000 rw-p 00000000 00:00 0 
78b88ed30000-78b88ed70000 rw-p 00000000 00:00 0 
78b88ed70000-78b88eef0000 rw-p 00000000 00:00 0 
78b88eef0000-78b88eff0000 rw-p 00000000 00:00 0 
78b88eff0000-78b88f0f0000 rw-p 00000000 00:00 0 
78b88f0f0000-78b88f1f0000 rw-p 00000000 00:00 0 
78b88f1f0000-78b88f5f0000 rw-p 00000000 00:00 0 
78b88f5f0000-78b88fff0000 rw-p 00000000 00:00 0 
78b88fff0000-78b8901f0000 rw-p 00000000 00:00 0 
78b8901f0000-78b8902f0000 rw-p 00000000 00:00 0 
78b8902f0000-78b8903f0000 rw-p 00000000 00:00 0 
78b8903f0000-78b8906f0000 rw-p 00000000 00:00 0 
78b8906f0000-78b8907f0000 rw-p 00000000 00:00 0 
78b8907f0000-78b8914f0000 rw-p 00000000 00:00 0 
78b8914f0000-78b8915f0000 rw-p 00000000 00:00 0 
78b8915f0000-78b891600000 ---p 00000000 00:00 0 
78b891600000-78b891ff0000 rw-p 00000000 00:00 0 
78b891ff0000-78b894000000 rw-p 00000000 00:00 0 
78b894000000-78b894021000 rw-p 00000000 00:00 0 
78b894021000-78b898000000 ---p 00000000 00:00 0 
78b8980f3000-78b899000000 rw-p 00000000 00:00 0 
78b899000000-78b89ac00000 rwxp 00000000 00:00 0 
78b89ac00000-78b8a0537000 ---p 00000000 00:00 0 
78b8a0537000-78b8a07a7000 rwxp 00000000 00:00 0 
78b8a07a7000-78b8a0ac8000 ---p 00000000 00:00 0 
78b8a0ac8000-78b8a11d8000 rwxp 00000000 00:00 0 
78b8a11d8000-78b8a8000000 ---p 00000000 00:00 0 
78b8a8000000-78b8a85e7000 rw-p 00000000 00:00 0 
78b8a85e7000-78b8ac000000 ---p 00000000 00:00 0 
78b8ac0a8000-78b8ac2da000 rw-p 00000000 00:00 0 
78b8ac2da000-78b8ac400000 ---p 00000000 00:00 0 
78b8ac400000-78b8ac430000 rw-p 00000000 00:00 0 
78b8ac430000-78b8ac555000 ---p 00000000 00:00 0 
78b8ac555000-78b8ac55d000 rw-p 00000000 00:00 0 
78b8ac55d000-78b8ac600000 ---p 00000000 00:00 0 
78b8ac600000-78b8ac601000 rw-p 00000000 00:00 0 
78b8ac605000-78b8ac62a000 r--p 00000000 08:08 7499311                    /usr/share/locale-langpack/fr/LC_MESSAGES/libc.mo
78b8ac62a000-78b8ac67e000 r--p 00000000 07:03 189                        /snap/code/172/usr/lib/locale/aa_DJ.utf8/LC_CTYPE
78b8ac67e000-78b8ac6ff000 rw-p 00000000 00:00 0 
78b8ac6ff000-78b8ac700000 ---p 00000000 00:00 0 
78b8ac700000-78b8ac800000 rw-p 00000000 00:00 0 
78b8ac800000-78b8af42e000 r--s 00000000 08:08 44807                      /home/antonio/.vscode/extensions/redhat.java-1.35.1-linux-x64/jre/17.0.12-linux-x86_64/lib/modules
78b8af433000-78b8af437000 r--p 00000000 08:08 44813                      /home/antonio/.vscode/extensions/redhat.java-1.35.1-linux-x64/jre/17.0.12-linux-x86_64/lib/libverify.so
78b8af437000-78b8af43e000 r-xp 00004000 08:08 44813                      /home/antonio/.vscode/extensions/redhat.java-1.35.1-linux-x64/jre/17.0.12-linux-x86_64/lib/libverify.so
78b8af43e000-78b8af440000 r--p 0000b000 08:08 44813                      /home/antonio/.vscode/extensions/redhat.java-1.35.1-linux-x64/jre/17.0.12-linux-x86_64/lib/libverify.so
78b8af440000-78b8af442000 r--p 0000c000 08:08 44813                      /home/antonio/.vscode/extensions/redhat.java-1.35.1-linux-x64/jre/17.0.12-linux-x86_64/lib/libverify.so
78b8af442000-78b8af443000 rw-p 0000e000 08:08 44813                      /home/antonio/.vscode/extensions/redhat.java-1.35.1-linux-x64/jre/17.0.12-linux-x86_64/lib/libverify.so
78b8af443000-78b8af452000 rw-p 00000000 00:00 0 
78b8af452000-78b8af52e000 ---p 00000000 00:00 0 
78b8af52e000-78b8af566000 rw-p 00000000 00:00 0 
78b8af566000-78b8af619000 ---p 00000000 00:00 0 
78b8af619000-78b8af61d000 ---p 00000000 00:00 0 
78b8af61d000-78b8af719000 rw-p 00000000 00:00 0 
78b8af719000-78b8af727000 r--p 00000000 08:08 6949031                    /usr/lib/x86_64-linux-gnu/libm.so.6
78b8af727000-78b8af7a3000 r-xp 0000e000 08:08 6949031                    /usr/lib/x86_64-linux-gnu/libm.so.6
78b8af7a3000-78b8af7fe000 r--p 0008a000 08:08 6949031                    /usr/lib/x86_64-linux-gnu/libm.so.6
78b8af7fe000-78b8af7ff000 r--p 000e4000 08:08 6949031                    /usr/lib/x86_64-linux-gnu/libm.so.6
78b8af7ff000-78b8af800000 rw-p 000e5000 08:08 6949031                    /usr/lib/x86_64-linux-gnu/libm.so.6
78b8af800000-78b8afa53000 r--p 00000000 08:08 44987                      /home/antonio/.vscode/extensions/redhat.java-1.35.1-linux-x64/jre/17.0.12-linux-x86_64/lib/server/libjvm.so
78b8afa53000-78b8b077b000 r-xp 00253000 08:08 44987                      /home/antonio/.vscode/extensions/redhat.java-1.35.1-linux-x64/jre/17.0.12-linux-x86_64/lib/server/libjvm.so
78b8b077b000-78b8b0a08000 r--p 00f7b000 08:08 44987                      /home/antonio/.vscode/extensions/redhat.java-1.35.1-linux-x64/jre/17.0.12-linux-x86_64/lib/server/libjvm.so
78b8b0a08000-78b8b0ac1000 r--p 01207000 08:08 44987                      /home/antonio/.vscode/extensions/redhat.java-1.35.1-linux-x64/jre/17.0.12-linux-x86_64/lib/server/libjvm.so
78b8b0ac1000-78b8b0af6000 rw-p 012c0000 08:08 44987                      /home/antonio/.vscode/extensions/redhat.java-1.35.1-linux-x64/jre/17.0.12-linux-x86_64/lib/server/libjvm.so
78b8b0af6000-78b8b0b50000 rw-p 00000000 00:00 0 
78b8b0b56000-78b8b0b5a000 r--p 00000000 08:08 44836                      /home/antonio/.vscode/extensions/redhat.java-1.35.1-linux-x64/jre/17.0.12-linux-x86_64/lib/libnet.so
78b8b0b5a000-78b8b0b68000 r-xp 00004000 08:08 44836                      /home/antonio/.vscode/extensions/redhat.java-1.35.1-linux-x64/jre/17.0.12-linux-x86_64/lib/libnet.so
78b8b0b68000-78b8b0b6c000 r--p 00012000 08:08 44836                      /home/antonio/.vscode/extensions/redhat.java-1.35.1-linux-x64/jre/17.0.12-linux-x86_64/lib/libnet.so
78b8b0b6c000-78b8b0b6d000 r--p 00015000 08:08 44836                      /home/antonio/.vscode/extensions/redhat.java-1.35.1-linux-x64/jre/17.0.12-linux-x86_64/lib/libnet.so
78b8b0b6d000-78b8b0b6e000 rw-p 00016000 08:08 44836                      /home/antonio/.vscode/extensions/redhat.java-1.35.1-linux-x64/jre/17.0.12-linux-x86_64/lib/libnet.so
78b8b0b6e000-78b8b0b75000 r--p 00000000 08:08 44832                      /home/antonio/.vscode/extensions/redhat.java-1.35.1-linux-x64/jre/17.0.12-linux-x86_64/lib/libnio.so
78b8b0b75000-78b8b0b7e000 r-xp 00007000 08:08 44832                      /home/antonio/.vscode/extensions/redhat.java-1.35.1-linux-x64/jre/17.0.12-linux-x86_64/lib/libnio.so
78b8b0b7e000-78b8b0b82000 r--p 00010000 08:08 44832                      /home/antonio/.vscode/extensions/redhat.java-1.35.1-linux-x64/jre/17.0.12-linux-x86_64/lib/libnio.so
78b8b0b82000-78b8b0b83000 ---p 00014000 08:08 44832                      /home/antonio/.vscode/extensions/redhat.java-1.35.1-linux-x64/jre/17.0.12-linux-x86_64/lib/libnio.so
78b8b0b83000-78b8b0b84000 r--p 00014000 08:08 44832                      /home/antonio/.vscode/extensions/redhat.java-1.35.1-linux-x64/jre/17.0.12-linux-x86_64/lib/libnio.so
78b8b0b84000-78b8b0b85000 rw-p 00015000 08:08 44832                      /home/antonio/.vscode/extensions/redhat.java-1.35.1-linux-x64/jre/17.0.12-linux-x86_64/lib/libnio.so
78b8b0b85000-78b8b0b86000 r--p 00000000 07:03 1190                       /snap/code/172/usr/lib/locale/br_FR.utf8/LC_NUMERIC
78b8b0b86000-78b8b0b87000 r--p 00000000 07:03 3433                       /snap/code/172/usr/lib/locale/fr_FR.utf8/LC_TIME
78b8b0b87000-78b8b0b89000 r--p 00000000 08:08 44810                      /home/antonio/.vscode/extensions/redhat.java-1.35.1-linux-x64/jre/17.0.12-linux-x86_64/lib/libzip.so
78b8b0b89000-78b8b0b9b000 r-xp 00002000 08:08 44810                      /home/antonio/.vscode/extensions/redhat.java-1.35.1-linux-x64/jre/17.0.12-linux-x86_64/lib/libzip.so
78b8b0b9b000-78b8b0ba3000 r--p 00014000 08:08 44810                      /home/antonio/.vscode/extensions/redhat.java-1.35.1-linux-x64/jre/17.0.12-linux-x86_64/lib/libzip.so
78b8b0ba3000-78b8b0ba4000 r--p 0001b000 08:08 44810                      /home/antonio/.vscode/extensions/redhat.java-1.35.1-linux-x64/jre/17.0.12-linux-x86_64/lib/libzip.so
78b8b0ba4000-78b8b0ba5000 rw-p 0001c000 08:08 44810                      /home/antonio/.vscode/extensions/redhat.java-1.35.1-linux-x64/jre/17.0.12-linux-x86_64/lib/libzip.so
78b8b0ba5000-78b8b0c00000 rw-p 00000000 00:00 0 
78b8b0c00000-78b8b0c28000 r--p 00000000 08:08 6949005                    /usr/lib/x86_64-linux-gnu/libc.so.6
78b8b0c28000-78b8b0dbd000 r-xp 00028000 08:08 6949005                    /usr/lib/x86_64-linux-gnu/libc.so.6
78b8b0dbd000-78b8b0e15000 r--p 001bd000 08:08 6949005                    /usr/lib/x86_64-linux-gnu/libc.so.6
78b8b0e15000-78b8b0e16000 ---p 00215000 08:08 6949005                    /usr/lib/x86_64-linux-gnu/libc.so.6
78b8b0e16000-78b8b0e1a000 r--p 00215000 08:08 6949005                    /usr/lib/x86_64-linux-gnu/libc.so.6
78b8b0e1a000-78b8b0e1c000 rw-p 00219000 08:08 6949005                    /usr/lib/x86_64-linux-gnu/libc.so.6
78b8b0e1c000-78b8b0e29000 rw-p 00000000 00:00 0 
78b8b0e29000-78b8b0e2a000 r--p 00000000 07:03 1188                       /snap/code/172/usr/lib/locale/br_FR.utf8/LC_MONETARY
78b8b0e2a000-78b8b0e31000 r--s 00000000 08:08 7103195                    /usr/lib/x86_64-linux-gnu/gconv/gconv-modules.cache
78b8b0e31000-78b8b0e8b000 rw-p 00000000 00:00 0 
78b8b0e8b000-78b8b0e92000 ---p 00000000 00:00 0 
78b8b0e92000-78b8b0e9a000 rw-s 00000000 08:08 5111859                    /tmp/hsperfdata_antonio/5340
78b8b0e9a000-78b8b0ea8000 r--p 00000000 08:08 44857                      /home/antonio/.vscode/extensions/redhat.java-1.35.1-linux-x64/jre/17.0.12-linux-x86_64/lib/libjava.so
78b8b0ea8000-78b8b0eba000 r-xp 0000e000 08:08 44857                      /home/antonio/.vscode/extensions/redhat.java-1.35.1-linux-x64/jre/17.0.12-linux-x86_64/lib/libjava.so
78b8b0eba000-78b8b0ec0000 r--p 00020000 08:08 44857                      /home/antonio/.vscode/extensions/redhat.java-1.35.1-linux-x64/jre/17.0.12-linux-x86_64/lib/libjava.so
78b8b0ec0000-78b8b0ec1000 ---p 00026000 08:08 44857                      /home/antonio/.vscode/extensions/redhat.java-1.35.1-linux-x64/jre/17.0.12-linux-x86_64/lib/libjava.so
78b8b0ec1000-78b8b0ec2000 r--p 00026000 08:08 44857                      /home/antonio/.vscode/extensions/redhat.java-1.35.1-linux-x64/jre/17.0.12-linux-x86_64/lib/libjava.so
78b8b0ec2000-78b8b0ec3000 rw-p 00027000 08:08 44857                      /home/antonio/.vscode/extensions/redhat.java-1.35.1-linux-x64/jre/17.0.12-linux-x86_64/lib/libjava.so
78b8b0ec3000-78b8b0ec4000 rw-p 00000000 00:00 0 
78b8b0ec4000-78b8b0ec8000 r--p 00000000 08:08 44851                      /home/antonio/.vscode/extensions/redhat.java-1.35.1-linux-x64/jre/17.0.12-linux-x86_64/lib/libjimage.so
78b8b0ec8000-78b8b0edb000 r-xp 00004000 08:08 44851                      /home/antonio/.vscode/extensions/redhat.java-1.35.1-linux-x64/jre/17.0.12-linux-x86_64/lib/libjimage.so
78b8b0edb000-78b8b0ee1000 r--p 00017000 08:08 44851                      /home/antonio/.vscode/extensions/redhat.java-1.35.1-linux-x64/jre/17.0.12-linux-x86_64/lib/libjimage.so
78b8b0ee1000-78b8b0ee3000 r--p 0001c000 08:08 44851                      /home/antonio/.vscode/extensions/redhat.java-1.35.1-linux-x64/jre/17.0.12-linux-x86_64/lib/libjimage.so
78b8b0ee3000-78b8b0ee4000 rw-p 0001e000 08:08 44851                      /home/antonio/.vscode/extensions/redhat.java-1.35.1-linux-x64/jre/17.0.12-linux-x86_64/lib/libjimage.so
78b8b0ee4000-78b8b0ee5000 r--p 00000000 08:08 6949124                    /usr/lib/x86_64-linux-gnu/librt.so.1
78b8b0ee5000-78b8b0ee6000 r-xp 00001000 08:08 6949124                    /usr/lib/x86_64-linux-gnu/librt.so.1
78b8b0ee6000-78b8b0ee7000 r--p 00002000 08:08 6949124                    /usr/lib/x86_64-linux-gnu/librt.so.1
78b8b0ee7000-78b8b0ee8000 r--p 00002000 08:08 6949124                    /usr/lib/x86_64-linux-gnu/librt.so.1
78b8b0ee8000-78b8b0ee9000 rw-p 00003000 08:08 6949124                    /usr/lib/x86_64-linux-gnu/librt.so.1
78b8b0ee9000-78b8b0eeb000 rw-p 00000000 00:00 0 
78b8b0eeb000-78b8b0eec000 r--p 00000000 08:08 6949016                    /usr/lib/x86_64-linux-gnu/libdl.so.2
78b8b0eec000-78b8b0eed000 r-xp 00001000 08:08 6949016                    /usr/lib/x86_64-linux-gnu/libdl.so.2
78b8b0eed000-78b8b0eee000 r--p 00002000 08:08 6949016                    /usr/lib/x86_64-linux-gnu/libdl.so.2
78b8b0eee000-78b8b0eef000 r--p 00002000 08:08 6949016                    /usr/lib/x86_64-linux-gnu/libdl.so.2
78b8b0eef000-78b8b0ef0000 rw-p 00003000 08:08 6949016                    /usr/lib/x86_64-linux-gnu/libdl.so.2
78b8b0ef0000-78b8b0ef1000 r--p 00000000 08:08 6949096                    /usr/lib/x86_64-linux-gnu/libpthread.so.0
78b8b0ef1000-78b8b0ef2000 r-xp 00001000 08:08 6949096                    /usr/lib/x86_64-linux-gnu/libpthread.so.0
78b8b0ef2000-78b8b0ef3000 r--p 00002000 08:08 6949096                    /usr/lib/x86_64-linux-gnu/libpthread.so.0
78b8b0ef3000-78b8b0ef4000 r--p 00002000 08:08 6949096                    /usr/lib/x86_64-linux-gnu/libpthread.so.0
78b8b0ef4000-78b8b0ef5000 rw-p 00003000 08:08 6949096                    /usr/lib/x86_64-linux-gnu/libpthread.so.0
78b8b0ef5000-78b8b0ef6000 r--p 00000000 07:03 3371                       /snap/code/172/usr/lib/locale/fr_CA.utf8/LC_MESSAGES/SYS_LC_MESSAGES
78b8b0ef6000-78b8b0ef7000 r--p 00000000 07:03 197                        /snap/code/172/usr/lib/locale/aa_DJ.utf8/LC_PAPER
78b8b0ef7000-78b8b0ef8000 r--p 00000000 07:03 1189                       /snap/code/172/usr/lib/locale/br_FR.utf8/LC_NAME
78b8b0ef8000-78b8b0ef9000 r--p 00000000 07:03 3169                       /snap/code/172/usr/lib/locale/eu_FR.utf8/LC_ADDRESS
78b8b0ef9000-78b8b0efa000 r--p 00000000 07:03 1192                       /snap/code/172/usr/lib/locale/br_FR.utf8/LC_TELEPHONE
78b8b0efa000-78b8b0efb000 r--p 00000000 07:03 191                        /snap/code/172/usr/lib/locale/aa_DJ.utf8/LC_MEASUREMENT
78b8b0efb000-78b8b0efc000 r--p 00000000 07:03 3424                       /snap/code/172/usr/lib/locale/fr_FR.utf8/LC_IDENTIFICATION
78b8b0efc000-78b8b0efe000 r--p 00000000 08:08 44864                      /home/antonio/.vscode/extensions/redhat.java-1.35.1-linux-x64/jre/17.0.12-linux-x86_64/lib/libinstrument.so
78b8b0efe000-78b8b0f04000 r-xp 00002000 08:08 44864                      /home/antonio/.vscode/extensions/redhat.java-1.35.1-linux-x64/jre/17.0.12-linux-x86_64/lib/libinstrument.so
78b8b0f04000-78b8b0f07000 r--p 00008000 08:08 44864                      /home/antonio/.vscode/extensions/redhat.java-1.35.1-linux-x64/jre/17.0.12-linux-x86_64/lib/libinstrument.so
78b8b0f07000-78b8b0f08000 r--p 0000a000 08:08 44864                      /home/antonio/.vscode/extensions/redhat.java-1.35.1-linux-x64/jre/17.0.12-linux-x86_64/lib/libinstrument.so
78b8b0f08000-78b8b0f09000 rw-p 0000b000 08:08 44864                      /home/antonio/.vscode/extensions/redhat.java-1.35.1-linux-x64/jre/17.0.12-linux-x86_64/lib/libinstrument.so
78b8b0f09000-78b8b0f0a000 ---p 00000000 00:00 0 
78b8b0f0a000-78b8b0f0b000 r--p 00000000 00:00 0 
78b8b0f0b000-78b8b0f0e000 r--p 00000000 08:08 44850                      /home/antonio/.vscode/extensions/redhat.java-1.35.1-linux-x64/jre/17.0.12-linux-x86_64/lib/libjli.so
78b8b0f0e000-78b8b0f1e000 r-xp 00003000 08:08 44850                      /home/antonio/.vscode/extensions/redhat.java-1.35.1-linux-x64/jre/17.0.12-linux-x86_64/lib/libjli.so
78b8b0f1e000-78b8b0f25000 r--p 00013000 08:08 44850                      /home/antonio/.vscode/extensions/redhat.java-1.35.1-linux-x64/jre/17.0.12-linux-x86_64/lib/libjli.so
78b8b0f25000-78b8b0f26000 r--p 00019000 08:08 44850                      /home/antonio/.vscode/extensions/redhat.java-1.35.1-linux-x64/jre/17.0.12-linux-x86_64/lib/libjli.so
78b8b0f26000-78b8b0f27000 rw-p 0001a000 08:08 44850                      /home/antonio/.vscode/extensions/redhat.java-1.35.1-linux-x64/jre/17.0.12-linux-x86_64/lib/libjli.so
78b8b0f27000-78b8b0f29000 rw-p 00000000 00:00 0 
78b8b0f29000-78b8b0f2b000 r--p 00000000 08:08 6948975                    /usr/lib/x86_64-linux-gnu/ld-linux-x86-64.so.2
78b8b0f2b000-78b8b0f55000 r-xp 00002000 08:08 6948975                    /usr/lib/x86_64-linux-gnu/ld-linux-x86-64.so.2
78b8b0f55000-78b8b0f60000 r--p 0002c000 08:08 6948975                    /usr/lib/x86_64-linux-gnu/ld-linux-x86-64.so.2
78b8b0f60000-78b8b0f61000 ---p 00000000 00:00 0 
78b8b0f61000-78b8b0f63000 r--p 00037000 08:08 6948975                    /usr/lib/x86_64-linux-gnu/ld-linux-x86-64.so.2
78b8b0f63000-78b8b0f65000 rw-p 00039000 08:08 6948975                    /usr/lib/x86_64-linux-gnu/ld-linux-x86-64.so.2
7ffeff5a2000-7ffeff5c4000 rw-p 00000000 00:00 0                          [stack]
7ffeff5c6000-7ffeff5ca000 r--p 00000000 00:00 0                          [vvar]
7ffeff5ca000-7ffeff5cc000 r-xp 00000000 00:00 0                          [vdso]
ffffffffff600000-ffffffffff601000 --xp 00000000 00:00 0                  [vsyscall]


VM Arguments:
jvm_args: --add-modules=ALL-SYSTEM --add-opens=java.base/java.util=ALL-UNNAMED --add-opens=java.base/java.lang=ALL-UNNAMED --add-opens=java.base/sun.nio.fs=ALL-UNNAMED -Declipse.application=org.eclipse.jdt.ls.core.id1 -Dosgi.bundles.defaultStartLevel=4 -Declipse.product=org.eclipse.jdt.ls.core.product -Djava.import.generatesMetadataFilesAtProjectRoot=false -DDetectVMInstallationsJob.disabled=true -Dfile.encoding=utf8 -XX:+UseParallelGC -XX:GCTimeRatio=4 -XX:AdaptiveSizePolicyWeight=90 -Dsun.zip.disableMemoryMapping=true -Xmx1G -Xms100m -Xlog:disable -javaagent:/home/antonio/.vscode/extensions/redhat.java-1.35.1-linux-x64/lombok/lombok-1.18.33.jar -XX:+HeapDumpOnOutOfMemoryError -XX:HeapDumpPath=/home/antonio/.config/Code/User/workspaceStorage/de0fecb80f93f92d03237fd5b95827b8/redhat.java -Daether.dependencyCollector.impl=bf 
java_command: /home/antonio/.vscode/extensions/redhat.java-1.35.1-linux-x64/server/plugins/org.eclipse.equinox.launcher_1.6.900.v20240613-2009.jar -configuration /home/antonio/.config/Code/User/globalStorage/redhat.java/1.35.1/config_linux -data /home/antonio/.config/Code/User/workspaceStorage/de0fecb80f93f92d03237fd5b95827b8/redhat.java/jdt_ws --pipe=/run/user/1000/lsp-cfd1d2b69831007f0f75efaceb4b8563.sock
java_class_path (initial): /home/antonio/.vscode/extensions/redhat.java-1.35.1-linux-x64/server/plugins/org.eclipse.equinox.launcher_1.6.900.v20240613-2009.jar
Launcher Type: SUN_STANDARD

[Global flags]
    uintx AdaptiveSizePolicyWeight                 = 90                                        {product} {command line}
     intx CICompilerCount                          = 3                                         {product} {ergonomic}
    uintx GCTimeRatio                              = 4                                         {product} {command line}
     bool HeapDumpOnOutOfMemoryError               = true                                   {manageable} {command line}
    ccstr HeapDumpPath                             = /home/antonio/.config/Code/User/workspaceStorage/de0fecb80f93f92d03237fd5b95827b8/redhat.java         {manageable} {command line}
   size_t InitialHeapSize                          = 104857600                                 {product} {command line}
   size_t MaxHeapSize                              = 1073741824                                {product} {command line}
   size_t MaxNewSize                               = 357564416                                 {product} {ergonomic}
   size_t MinHeapDeltaBytes                        = 524288                                    {product} {ergonomic}
   size_t MinHeapSize                              = 104857600                                 {product} {command line}
   size_t NewSize                                  = 34603008                                  {product} {ergonomic}
    uintx NonNMethodCodeHeapSize                   = 5832780                                {pd product} {ergonomic}
    uintx NonProfiledCodeHeapSize                  = 122912730                              {pd product} {ergonomic}
   size_t OldSize                                  = 70254592                                  {product} {ergonomic}
    uintx ProfiledCodeHeapSize                     = 122912730                              {pd product} {ergonomic}
    uintx ReservedCodeCacheSize                    = 251658240                              {pd product} {ergonomic}
     bool SegmentedCodeCache                       = true                                      {product} {ergonomic}
   size_t SoftMaxHeapSize                          = 1073741824                             {manageable} {ergonomic}
     bool UseCompressedClassPointers               = true                           {product lp64_product} {ergonomic}
     bool UseCompressedOops                        = true                           {product lp64_product} {ergonomic}
     bool UseParallelGC                            = true                                      {product} {command line}

Logging:
Log output configuration:
 #0: stdout all=off uptime,level,tags
 #1: stderr all=off uptime,level,tags

Environment Variables:
PATH=/usr/local/sbin:/usr/local/bin:/usr/sbin:/usr/bin:/sbin:/bin:/usr/games:/usr/local/games:/snap/bin:/snap/bin
USERNAME=antonio
SHELL=/bin/bash
DISPLAY=:0
LANG=fr_FR.UTF-8

Active Locale:
LC_ALL=fr_FR.UTF-8
LC_COLLATE=fr_FR.UTF-8
LC_CTYPE=fr_FR.UTF-8
LC_MESSAGES=fr_FR.UTF-8
LC_MONETARY=fr_FR.UTF-8
LC_NUMERIC=fr_FR.UTF-8
LC_TIME=fr_FR.UTF-8

Signal Handlers:
   SIGSEGV: crash_handler in libjvm.so, mask=11100100010111111101111111111110, flags=SA_RESTART|SA_SIGINFO, unblocked
    SIGBUS: crash_handler in libjvm.so, mask=11100100010111111101111111111110, flags=SA_RESTART|SA_SIGINFO, unblocked
    SIGFPE: crash_handler in libjvm.so, mask=11100100010111111101111111111110, flags=SA_RESTART|SA_SIGINFO, unblocked
   SIGPIPE: javaSignalHandler in libjvm.so, mask=11100100010111111101111111111110, flags=SA_RESTART|SA_SIGINFO, blocked
   SIGXFSZ: javaSignalHandler in libjvm.so, mask=11100100010111111101111111111110, flags=SA_RESTART|SA_SIGINFO, blocked
    SIGILL: crash_handler in libjvm.so, mask=11100100010111111101111111111110, flags=SA_RESTART|SA_SIGINFO, unblocked
   SIGUSR2: SR_handler in libjvm.so, mask=00000000000000000000000000000000, flags=SA_RESTART|SA_SIGINFO, blocked
    SIGHUP: UserHandler in libjvm.so, mask=11100100010111111101111111111110, flags=SA_RESTART|SA_SIGINFO, blocked
    SIGINT: UserHandler in libjvm.so, mask=11100100010111111101111111111110, flags=SA_RESTART|SA_SIGINFO, blocked
   SIGTERM: UserHandler in libjvm.so, mask=11100100010111111101111111111110, flags=SA_RESTART|SA_SIGINFO, blocked
   SIGQUIT: UserHandler in libjvm.so, mask=11100100010111111101111111111110, flags=SA_RESTART|SA_SIGINFO, blocked
   SIGTRAP: crash_handler in libjvm.so, mask=11100100010111111101111111111110, flags=SA_RESTART|SA_SIGINFO, unblocked


Periodic native trim disabled


---------------  S Y S T E M  ---------------

OS:
DISTRIB_ID=Ubuntu
DISTRIB_RELEASE=22.04
DISTRIB_CODENAME=jammy
DISTRIB_DESCRIPTION="Ubuntu 22.04.3 LTS"
uname: Linux 6.8.0-45-generic #45~22.04.1-Ubuntu SMP PREEMPT_DYNAMIC Wed Sep 11 15:25:05 UTC 2 x86_64
OS uptime: 0 days 0:49 hours
libc: glibc 2.35 NPTL 2.35 
rlimit (soft/hard): STACK 8192k/infinity , CORE 0k/infinity , NPROC 31008/31008 , NOFILE 4096/4096 , AS infinity/infinity , CPU infinity/infinity , DATA infinity/infinity , FSIZE infinity/infinity , MEMLOCK 1002008k/1002008k
load average: 3,82 1,75 1,81

/proc/meminfo:
MemTotal:        8016092 kB
MemFree:         1301440 kB
MemAvailable:    4751908 kB
Buffers:          893692 kB
Cached:          1137156 kB
SwapCached:        39164 kB
Active:          2747648 kB
Inactive:        1603512 kB
Active(anon):    1742552 kB
Inactive(anon):   740080 kB
Active(file):    1005096 kB
Inactive(file):   863432 kB
Unevictable:       72592 kB
Mlocked:               0 kB
SwapTotal:       2097148 kB
SwapFree:        1767404 kB
Zswap:                 0 kB
Zswapped:              0 kB
Dirty:              2368 kB
Writeback:             0 kB
AnonPages:       2365980 kB
Mapped:           415024 kB
Shmem:            162312 kB
KReclaimable:    1887324 kB
Slab:            2149344 kB
SReclaimable:    1887324 kB
SUnreclaim:       262020 kB
KernelStack:       13392 kB
PageTables:        36168 kB
SecPageTables:         0 kB
NFS_Unstable:          0 kB
Bounce:                0 kB
WritebackTmp:          0 kB
CommitLimit:     6105192 kB
Committed_AS:    8888228 kB
VmallocTotal:   34359738367 kB
VmallocUsed:       43376 kB
VmallocChunk:          0 kB
Percpu:             7584 kB
HardwareCorrupted:     0 kB
AnonHugePages:         0 kB
ShmemHugePages:        0 kB
ShmemPmdMapped:        0 kB
FileHugePages:         0 kB
FilePmdMapped:         0 kB
Unaccepted:            0 kB
HugePages_Total:       0
HugePages_Free:        0
HugePages_Rsvd:        0
HugePages_Surp:        0
Hugepagesize:       2048 kB
Hugetlb:               0 kB
DirectMap4k:      175812 kB
DirectMap2M:     8097792 kB

/sys/kernel/mm/transparent_hugepage/enabled: always [madvise] never
/sys/kernel/mm/transparent_hugepage/hpage_pmd_size: 2097152
/sys/kernel/mm/transparent_hugepage/defrag (defrag/compaction efforts parameter): always defer defer+madvise [madvise] never

Process Memory:
Virtual Size: 4724668K (peak: 4724668K)
Resident Set Size: 419860K (peak: 419860K) (anon: 386580K, file: 33280K, shmem: 0K)
Swapped out: 0K
C-Heap outstanding allocations: 101974K, retained: 77385K
glibc malloc tunables: (default)

/proc/sys/kernel/threads-max (system-wide limit on the number of threads): 62017
/proc/sys/vm/max_map_count (maximum number of memory map areas a process may have): 65530
/proc/sys/vm/swappiness (control to define how aggressively the kernel swaps out anonymous memory): 60
/proc/sys/kernel/pid_max (system-wide limit on number of process identifiers): 4194304

container (cgroup) information:
container_type: cgroupv2
cpu_cpuset_cpus: not supported
cpu_memory_nodes: not supported
active_processor_count: 4
cpu_quota: not supported
cpu_period: not supported
cpu_shares: not supported
memory_limit_in_bytes: unlimited
memory_and_swap_limit_in_bytes: unlimited
memory_soft_limit_in_bytes: unlimited
memory_usage_in_bytes: 4201972 k
memory_max_usage_in_bytes: not supported
memory_swap_current_in_bytes: 94064 k
memory_swap_max_limit_in_bytes: unlimited
maximum number of tasks: 9302
current number of tasks: 250

Steal ticks since vm start: 0
Steal ticks percentage since vm start:  0,000

CPU: total 4 (initial active 4) (2 cores per cpu, 2 threads per core) family 6 model 58 stepping 9 microcode 0x21, cx8, cmov, fxsr, ht, mmx, sse, sse2, sse3, ssse3, sse4.1, sse4.2, popcnt, tsc, tscinvbit, avx, aes, erms, clmul, vzeroupper, clflush
CPU Model and flags from /proc/cpuinfo:
model name	: Intel(R) Core(TM) i5-3210M CPU @ 2.50GHz
flags		: fpu vme de pse tsc msr pae mce cx8 apic sep mtrr pge mca cmov pat pse36 clflush dts acpi mmx fxsr sse sse2 ss ht tm pbe syscall nx rdtscp lm constant_tsc arch_perfmon pebs bts rep_good nopl xtopology nonstop_tsc cpuid aperfmperf pni pclmulqdq dtes64 monitor ds_cpl vmx est tm2 ssse3 cx16 xtpr pdcm pcid sse4_1 sse4_2 x2apic popcnt tsc_deadline_timer aes xsave avx f16c rdrand lahf_lm cpuid_fault epb pti ssbd ibrs ibpb stibp tpr_shadow flexpriority ept vpid fsgsbase smep erms xsaveopt dtherm ida arat pln pts vnmi md_clear flush_l1d

Online cpus: 0-3
Offline cpus: 4-7
BIOS frequency limitation: <Not Available>
Frequency switch latency (ns): 20000
Available cpu frequencies: <Not Available>
Current governor: schedutil
Core performance/turbo boost: <Not Available>

Memory: 4k page, physical 8016092k(1301440k free), swap 2097148k(1767404k free)
Page Sizes: 4k

vm_info: OpenJDK 64-Bit Server VM (17.0.12+7) for linux-amd64 JRE (17.0.12+7), built on Jul 16 2024 00:00:00 by "admin" with gcc 10.3.0

END.
