#
# A fatal error has been detected by the Java Runtime Environment:
#
#  SIGSEGV (0xb) at pc=0x000077ec0c7ea436, pid=30621, tid=30657
#
# JRE version: OpenJDK Runtime Environment (23.0+37) (build 23+37-2369)
# Java VM: OpenJDK 64-Bit Server VM (23+37-2369, mixed mode, emulated-client, sharing, tiered, compressed oops, compressed class ptrs, g1 gc, linux-amd64)
# Problematic frame:
# V  [libjvm.so+0x7ea436]  G1ParScanThreadState::trim_queue_to_threshold(unsigned int)+0x15f6
#
# Core dump will be written. Default location: Core dumps may be processed with "/usr/share/apport/apport -p%p -s%s -c%c -d%d -P%P -u%u -g%g -- %E" (or dumping to /home/antonio/IdeaProjects/gestionDigitalisation/core.30621)
#
# If you would like to submit a bug report, please visit:
#   https://bugreport.java.com/bugreport/crash.jsp
#

---------------  S U M M A R Y ------------

Command Line: -XX:TieredStopAtLevel=1 -Dspring.output.ansi.enabled=always -Dcom.sun.management.jmxremote -Dspring.jmx.enabled=true -Dspring.liveBeansView.mbeanDomain -Dspring.application.admin.enabled=true -Dmanagement.endpoints.jmx.exposure.include=* -javaagent:/snap/intellij-idea-ultimate/532/lib/idea_rt.jar=46827:/snap/intellij-idea-ultimate/532/bin -Dfile.encoding=UTF-8 -Dsun.stdout.encoding=UTF-8 -Dsun.stderr.encoding=UTF-8 com.example.gestiondigitalisation.GestionDigitalisationApplication

Host: Intel(R) Core(TM) i5-3210M CPU @ 2.50GHz, 4 cores, 7G, Ubuntu 22.04.3 LTS
Time: Wed Oct  9 19:01:47 2024 EEST elapsed time: 2.457467 seconds (0d 0h 0m 2s)

---------------  T H R E A D  ---------------

Current thread (0x000077eb88008280):  WorkerThread "GC Thread#2"    [id=30657, stack(0x000077ebf18ff000,0x000077ebf19ff000) (1024K)]

Stack: [0x000077ebf18ff000,0x000077ebf19ff000],  sp=0x000077ebf19fd9a0,  free space=1018k
Native frames: (J=compiled Java code, j=interpreted, Vv=VM code, C=native code)
V  [libjvm.so+0x7ea436]  G1ParScanThreadState::trim_queue_to_threshold(unsigned int)+0x15f6
V  [libjvm.so+0x801e65]  G1ScanHRForRegionClosure::scan_heap_roots(G1HeapRegion*)+0x455
V  [libjvm.so+0x7ffb6d]  G1RemSet::scan_heap_roots(G1ParScanThreadState*, unsigned int, G1GCPhaseTimes::GCParPhases, G1GCPhaseTimes::GCParPhases, bool)+0x1ed
V  [libjvm.so+0x820a5b]  G1EvacuateRegionsTask::scan_roots(G1ParScanThreadState*, unsigned int)+0x4b
V  [libjvm.so+0x820c75]  G1EvacuateRegionsBaseTask::work(unsigned int)+0x85
V  [libjvm.so+0xf6c7a0]  WorkerThread::run()+0x80
V  [libjvm.so+0xeaa40f]  Thread::call_run()+0x9f
V  [libjvm.so+0xcc61b5]  thread_native_entry(Thread*)+0xd5

siginfo: si_signo: 11 (SIGSEGV), si_code: 1 (SEGV_MAPERR), si_addr: 0x0000000000004000

Registers:
RAX=0x000077ec04081d72, RBX=0x000077eb34006bd0, RCX=0x0000000000000014, RDX=0x0000000000000000
RSP=0x000077ebf19fd9a0, RBP=0x000077ebf19fda30, RSI=0x0000000000000000, RDI=0x0000000000000000
R8 =0x0000000000000000, R9 =0x0000000000000000, R10=0x000000008aefe2a8, R11=0x0000000000000000
R12=0x000000008aef8995, R13=0x000077ec040498e0, R14=0x0000000000004000, R15=0x000077ec0d404e60
RIP=0x000077ec0c7ea436, EFLAGS=0x0000000000010246, CSGSFS=0x002b000000000033, ERR=0x0000000000000004
  TRAPNO=0x000000000000000e


Register to memory mapping:

RAX=0x000077ec04081d72 points into unknown readable memory: 00 00 00 00 00 00
RBX=0x000077eb34006bd0 points into unknown readable memory: 0x000077ec0d33c670 | 70 c6 33 0d ec 77 00 00
RCX=0x0000000000000014 is an unknown value
RDX=0x0 is null
RSP=0x000077ebf19fd9a0 points into unknown readable memory: 0x000077ec04101d90 | 90 1d 10 04 ec 77 00 00
RBP=0x000077ebf19fda30 points into unknown readable memory: 0x000077ebf19fdb60 | 60 db 9f f1 eb 77 00 00
RSI=0x0 is null
RDI=0x0 is null
R8 =0x0 is null
R9 =0x0 is null
R10=0x000000008aefe2a8 is an oop: sun.util.locale.BaseLocale 
{0x000000008aefe2a8} - klass: 'sun/util/locale/BaseLocale'
 - ---- fields (total size 4 words):
 - private 'hash' 'I' @12  3506324 (0x00358094)
 - private final 'language' 'Ljava/lang/String;' @16  "ro"{0x00000000ffeae578} (0xffeae578)
 - private final 'script' 'Ljava/lang/String;' @20  ""{0x00000000ffea1fc0} (0xffea1fc0)
 - private final 'region' 'Ljava/lang/String;' @24  "MD"{0x000000008aefe2c8} (0x8aefe2c8)
 - private final 'variant' 'Ljava/lang/String;' @28  ""{0x00000000ffea1fc0} (0xffea1fc0)
R11=0x0 is null
R12=
[error occurred during error reporting (printing register info), id 0xb, SIGSEGV (0xb) at pc=0x000077ec0c79438b]
R13=0x000077ec040498e0 points into unknown readable memory: 0x0000000000000000 | 00 00 00 00 00 00 00 00
R14=0x0000000000004000 is an unknown value
R15=0x000077ec0d404e60: <offset 0x0000000001404e60> in /home/antonio/.jdks/openjdk-23/lib/server/libjvm.so at 0x000077ec0c000000

Top of Stack: (sp=0x000077ebf19fd9a0)
0x000077ebf19fd9a0:   000077ec04101d90 000000008aef8708
0x000077ebf19fd9b0:   0000000000000001 0000000000000402
0x000077ebf19fd9c0:   0000000000000000 000077ec0411a100
0x000077ebf19fd9d0:   0000004008202adf 000000008aefe2f8
0x000077ebf19fd9e0:   000077eb9a1fae78 000077ec0d443a8c
0x000077ebf19fd9f0:   000001eb0040f150 0000000000000001
0x000077ebf19fda00:   0000000000008474 000077eb34006bd0
0x000077ebf19fda10:   000077ec08202adf 000077ebf19fdb00
0x000077ebf19fda20:   000077ec08202ae0 0000000085f5be18
0x000077ebf19fda30:   000077ebf19fdb60 000077ec0c801e65
0x000077ebf19fda40:   000077eb64176390 000077eb641763a0
0x000077ebf19fda50:   000077eb64176390 000077eb641763a0
0x000077ebf19fda60:   00000000000003d8 000077eb88008630
0x000077ebf19fda70:   000077ebf19fdac0 000077ebf19fdae0
0x000077ebf19fda80:   000077eb34003990 0000000000000014
0x000077ebf19fda90:   0000000000000005 000077eb64176778
0x000077ebf19fdaa0:   000077ec0405f020 000077ebf19fdc10
0x000077ebf19fdab0:   000077ec08202adf 000077ec08202ae0
0x000077ebf19fdac0:   010077ebf19fdc78 000077ebf19fdc10
0x000077ebf19fdad0:   00000000000001c0 000000016be7fac2
0x000077ebf19fdae0:   00000000922f4bc2 000000016be964f9
0x000077ebf19fdaf0:   0000000000000028 0000000000000007
0x000077ebf19fdb00:   000077ec0d33c770 0000000000000000
0x000077ebf19fdb10:   000077ec04040f20 000077eb34006bd0
0x000077ebf19fdb20:   000077ebf19fdc60 000077ec0c7c97ae
0x000077ebf19fdb30:   00000000920ea60f 000077ec04040f20
0x000077ebf19fdb40:   000077ec040b0fd0 000077ebf19fdbe0
0x000077ebf19fdb50:   000077ec0d443a70 0000000000000001
0x000077ebf19fdb60:   000077ebf19fdcd0 000077ec0c7ffb6d
0x000077ebf19fdb70:   000077ec0405efe0 0000001400000000
0x000077ebf19fdb80:   0000000000000000 000077ec0405f020
0x000077ebf19fdb90:   000077ebf19fdc10 0000000000000010 

Instructions: (pc=0x000077ec0c7ea436)
0x000077ec0c7ea336:   40 00 49 8b b4 24 b0 02 00 00 48 c1 e0 03 48 85
0x000077ec0c7ea346:   f6 0f 85 7f 03 00 00 49 8b 94 24 80 02 00 00 48
0x000077ec0c7ea356:   8d 78 08 48 8d 05 f0 f4 fa ff 4c 89 4d a8 44 89
0x000077ec0c7ea366:   45 b0 4d 8d 94 24 80 02 00 00 48 8b 12 48 89 4d
0x000077ec0c7ea376:   b8 48 39 c2 0f 85 19 1a 00 00 31 d2 be 05 00 00
0x000077ec0c7ea386:   00 e8 54 dc c0 ff 48 8b 4d b8 44 8b 45 b0 48 89
0x000077ec0c7ea396:   c2 49 8b 84 24 88 02 00 00 4c 8b 4d a8 48 8d 04
0x000077ec0c7ea3a6:   c2 49 8b b4 24 b8 02 00 00 48 89 30 49 8b 84 24
0x000077ec0c7ea3b6:   a8 02 00 00 49 89 94 24 b8 02 00 00 48 85 f6 74
0x000077ec0c7ea3c6:   08 49 03 84 24 88 02 00 00 49 89 84 24 a8 02 00
0x000077ec0c7ea3d6:   00 b8 01 00 00 00 e9 85 fd ff ff 0f 1f 80 00 00
0x000077ec0c7ea3e6:   00 00 4c 8d 3d 71 aa c1 00 45 8b 74 24 ff 48 8b
0x000077ec0c7ea3f6:   53 08 41 8b 7f 08 49 8b 37 89 f9 49 d3 e6 8b 8a
0x000077ec0c7ea406:   c8 05 00 00 49 01 f6 4c 89 f0 48 d3 e8 48 8d 04
0x000077ec0c7ea416:   40 48 03 82 b8 05 00 00 0f b6 50 01 44 0f b6 08
0x000077ec0c7ea426:   44 0f b6 40 02 88 55 c3 84 d2 0f 88 42 f5 ff ff
0x000077ec0c7ea436:   4d 8b 16 4c 89 d0 83 e0 03 48 89 45 b8 48 83 f8
0x000077ec0c7ea446:   03 0f 85 69 05 00 00 48 8d 05 38 96 c5 00 49 83
0x000077ec0c7ea456:   e2 fc 4d 89 d0 48 89 45 b8 4c 89 c0 89 f9 49 83
0x000077ec0c7ea466:   ec 01 48 29 f0 48 8b 75 b8 48 d3 e8 41 89 04 24
0x000077ec0c7ea476:   4c 89 e0 8b 0e 4c 31 c0 48 d3 e8 48 85 c0 0f 84
0x000077ec0c7ea486:   ee f4 ff ff 48 8b 43 08 4c 89 e2 8b 88 c8 05 00
0x000077ec0c7ea496:   00 48 8b 80 b8 05 00 00 48 d3 ea 48 8d 14 52 80
0x000077ec0c7ea4a6:   7c 10 01 fe 0f 84 c8 f4 ff ff 49 d3 e8 4b 8d 14
0x000077ec0c7ea4b6:   40 48 01 d0 80 78 01 00 0f b6 10 0f 89 bf 10 00
0x000077ec0c7ea4c6:   00 84 d2 0f 84 a9 f4 ff ff 48 8d 15 aa ad c4 00
0x000077ec0c7ea4d6:   48 8b 43 58 8b 0a 49 d3 ec 4c 89 e6 e9 66 f4 ff
0x000077ec0c7ea4e6:   ff 66 0f 1f 84 00 00 00 00 00 48 89 fe 48 83 c2
0x000077ec0c7ea4f6:   08 48 89 cf ff d0 4c 8b 5d b0 e9 0e ec ff ff 0f
0x000077ec0c7ea506:   1f 00 49 8b b7 b0 02 00 00 48 c1 e0 03 48 85 f6
0x000077ec0c7ea516:   0f 85 ff 02 00 00 49 8b 97 80 02 00 00 48 8d 78
0x000077ec0c7ea526:   08 48 8d 05 22 f3 fa ff 48 89 4d b8 4d 8d 87 80 


Stack slot to memory mapping:

stack at sp + 0 slots: 0x000077ec04101d90 points into unknown readable memory: 0x000000008b900000 | 00 00 90 8b 00 00 00 00
stack at sp + 1 slots: 0x000000008aef8708 is an oop: [Ljava.util.concurrent.ConcurrentHashMap$Node; 
{0x000000008aef8708} - klass: 'java/util/concurrent/ConcurrentHashMap$Node'[]
 - length: 2048
stack at sp + 2 slots: 0x0000000000000001 is an unknown value
stack at sp + 3 slots: 0x0000000000000402 is an unknown value
stack at sp + 4 slots: 0x0 is null
stack at sp + 5 slots: 0x000077ec0411a100 points into unknown readable memory: 0x0000000200000000 | 00 00 00 00 02 00 00 00
stack at sp + 6 slots: 0x0000004008202adf is an unknown value
stack at sp + 7 slots: 0x000000008aefe2f8 is an oop: java.util.Locale 
{0x000000008aefe2f8} - klass: 'java/util/Locale'
 - ---- fields (total size 4 words):
 - private transient 'hashCodeValue' 'I' @12  3506324 (0x00358094)
 - private transient 'baseLocale' 'Lsun/util/locale/BaseLocale;' @16  a 'sun/util/locale/BaseLocale'{0x000000008aefe2a8} (0x8aefe2a8)
 - private transient 'localeExtensions' 'Lsun/util/locale/LocaleExtensions;' @20  null (0x00000000)
 - private volatile transient 'languageTag' 'Ljava/lang/String;' @24  null (0x00000000)


---------------  P R O C E S S  ---------------

Threads class SMR info:
_java_thread_list=0x000077eb10115cb0, length=17, elements={
0x000077ec0402e620, 0x000077ec0414a790, 0x000077ec0414bd00, 0x000077ec0414d510,
0x000077ec0414eb50, 0x000077ec041500f0, 0x000077ec041517b0, 0x000077ec04162a10,
0x000077eb640aa4f0, 0x000077eb640ab840, 0x000077eb78000f50, 0x000077ec044b1c40,
0x000077ec044b2bb0, 0x000077ec0453c2e0, 0x000077eb30002ce0, 0x000077eb2800dfc0,
0x000077eb28012f80
}

Java Threads: ( => current thread )
  0x000077ec0402e620 JavaThread "main"                              [_thread_blocked, id=30624, stack(0x000077ec0bf00000,0x000077ec0c000000) (1024K)]
  0x000077ec0414a790 JavaThread "Reference Handler"          daemon [_thread_blocked, id=30641, stack(0x000077ebf8df7000,0x000077ebf8ef7000) (1024K)]
  0x000077ec0414bd00 JavaThread "Finalizer"                  daemon [_thread_blocked, id=30642, stack(0x000077ebf8500000,0x000077ebf8600000) (1024K)]
  0x000077ec0414d510 JavaThread "Signal Dispatcher"          daemon [_thread_blocked, id=30643, stack(0x000077ebf8400000,0x000077ebf8500000) (1024K)]
  0x000077ec0414eb50 JavaThread "Service Thread"             daemon [_thread_blocked, id=30644, stack(0x000077ebf8300000,0x000077ebf8400000) (1024K)]
  0x000077ec041500f0 JavaThread "Monitor Deflation Thread"   daemon [_thread_blocked, id=30645, stack(0x000077ebf8200000,0x000077ebf8300000) (1024K)]
  0x000077ec041517b0 JavaThread "C1 CompilerThread0"         daemon [_thread_blocked, id=30646, stack(0x000077ebf8100000,0x000077ebf8200000) (1024K)]
  0x000077ec04162a10 JavaThread "Common-Cleaner"             daemon [_thread_blocked, id=30649, stack(0x000077ebf8000000,0x000077ebf8100000) (1024K)]
  0x000077eb640aa4f0 JavaThread "C1 CompilerThread1"         daemon [_thread_blocked, id=30650, stack(0x000077ebf1f00000,0x000077ebf2000000) (1024K)]
  0x000077eb640ab840 JavaThread "C1 CompilerThread2"         daemon [_thread_blocked, id=30651, stack(0x000077ebf1e00000,0x000077ebf1f00000) (1024K)]
  0x000077eb78000f50 JavaThread "Attach Listener"            daemon [_thread_blocked, id=30653, stack(0x000077ebf1d00000,0x000077ebf1e00000) (1024K)]
  0x000077ec044b1c40 JavaThread "Monitor Ctrl-Break"         daemon [_thread_in_native, id=30654, stack(0x000077ebf1c00000,0x000077ebf1d00000) (1024K)]
  0x000077ec044b2bb0 JavaThread "Notification Thread"        daemon [_thread_blocked, id=30655, stack(0x000077ebf1b00000,0x000077ebf1c00000) (1024K)]
  0x000077ec0453c2e0 JavaThread "RMI TCP Accept-0"           daemon [_thread_in_native, id=30659, stack(0x000077ebf17fe000,0x000077ebf18fe000) (1024K)]
  0x000077eb30002ce0 JavaThread "RMI TCP Connection(1)-192.168.88.244" daemon [_thread_in_native, id=30661, stack(0x000077ebf16fe000,0x000077ebf17fe000) (1024K)]
  0x000077eb2800dfc0 JavaThread "RMI Scheduler(0)"           daemon [_thread_blocked, id=30662, stack(0x000077ebf15fe000,0x000077ebf16fe000) (1024K)]
  0x000077eb28012f80 JavaThread "JMX server connection timeout 27" daemon [_thread_blocked, id=30663, stack(0x000077ebf14fe000,0x000077ebf15fe000) (1024K)]
Total: 17

Other Threads:
  0x000077ec04140bc0 VMThread "VM Thread"                           [id=30633, stack(0x000077ebf8ef8000,0x000077ebf8ff8000) (1024K)]
  0x000077ec0412f6b0 WatcherThread "VM Periodic Task Thread"        [id=30632, stack(0x000077ebf8ff9000,0x000077ebf90f9000) (1024K)]
  0x000077ec04084e40 WorkerThread "GC Thread#0"                     [id=30625, stack(0x000077ec08100000,0x000077ec08200000) (1024K)]
  0x000077eb88007760 WorkerThread "GC Thread#1"                     [id=30656, stack(0x000077ebf1a00000,0x000077ebf1b00000) (1024K)]
=>0x000077eb88008280 WorkerThread "GC Thread#2"                     [id=30657, stack(0x000077ebf18ff000,0x000077ebf19ff000) (1024K)]
  0x000077eb880102e0 WorkerThread "GC Thread#3"                     [id=30668, stack(0x000077ebf13fe000,0x000077ebf14fe000) (1024K)]
  0x000077ec04099690 ConcurrentGCThread "G1 Main Marker"            [id=30626, stack(0x000077ebfb700000,0x000077ebfb800000) (1024K)]
  0x000077ec0409a630 WorkerThread "G1 Conc#0"                       [id=30627, stack(0x000077ebf9700000,0x000077ebf9800000) (1024K)]
  0x000077ec0411bf30 ConcurrentGCThread "G1 Refine#0"               [id=30628, stack(0x000077ebf91fb000,0x000077ebf92fb000) (1024K)]
  0x000077ec0411cef0 ConcurrentGCThread "G1 Service"                [id=30629, stack(0x000077ebf90fa000,0x000077ebf91fa000) (1024K)]
Total: 10

Threads with active compile tasks:
Total: 0

VM state: at safepoint (normal execution)

VM Mutex/Monitor currently owned by a thread:  ([mutex/lock_event])
[0x000077ec0d4706f8] Threads_lock - owner thread: 0x000077ec04140bc0
[0x000077ec0d4705f8] Heap_lock - owner thread: 0x000077ec0402e620

Heap address: 0x0000000085a00000, size: 1958 MB, Compressed Oops mode: 32-bit

CDS archive(s) mapped at: [0x000077eb9a000000-0x000077eb9ad8e000-0x000077eb9ad8e000), size 14213120, SharedBaseAddress: 0x000077eb9a000000, ArchiveRelocationMode: 1.
Compressed class space mapped at: 0x000077eb9b000000-0x000077ebdb000000, reserved size: 1073741824
Narrow klass base: 0x000077eb9a000000, Narrow klass shift: 0, Narrow klass range: 0x100000000

GC Precious Log:
 CardTable entry size: 512
 Card Set container configuration: InlinePtr #cards 5 size 8 Array Of Cards #cards 10 size 36 Howl #buckets 4 coarsen threshold 1843 Howl Bitmap #cards 512 size 80 coarsen threshold 460 Card regions per heap region 1 cards per card region 2048
 CPUs: 4 total, 4 available
 Memory: 7828M
 Large Page Support: Disabled
 NUMA Support: Disabled
 Compressed Oops: Enabled (32-bit)
 Heap Region Size: 1M
 Heap Min Capacity: 8M
 Heap Initial Capacity: 124M
 Heap Max Capacity: 1958M
 Pre-touch: Disabled
 Parallel Workers: 4
 Concurrent Workers: 1
 Concurrent Refinement Workers: 4
 Periodic GC: Disabled

Heap:
 garbage-first heap   total reserved 2004992K, committed 129024K, used 45953K [0x0000000085a00000, 0x0000000100000000)
  region size 1024K, 39 young (39936K), 5 survivors (5120K)
 Metaspace       used 21076K, committed 21440K, reserved 1114112K
  class space    used 2819K, committed 2944K, reserved 1048576K

Heap Regions: E=young(eden), S=young(survivor), O=old, HS=humongous(starts), HC=humongous(continues), CS=collection set, F=free, TAMS=top-at-mark-start, PB=parsable bottom
|   0|0x0000000085a00000, 0x0000000085b00000, 0x0000000085b00000|100%|HS|  |TAMS 0x0000000085a00000| PB 0x0000000085a00000| Complete |  0
|   1|0x0000000085b00000, 0x0000000085c00000, 0x0000000085c00000|100%| O|  |TAMS 0x0000000085b00000| PB 0x0000000085b00000| Untracked |  0
|   2|0x0000000085c00000, 0x0000000085d00000, 0x0000000085d00000|100%| O|  |TAMS 0x0000000085c00000| PB 0x0000000085c00000| Untracked |  0
|   3|0x0000000085d00000, 0x0000000085e00000, 0x0000000085e00000|100%| O|  |TAMS 0x0000000085d00000| PB 0x0000000085d00000| Untracked |  0
|   4|0x0000000085e00000, 0x0000000085f00000, 0x0000000085f00000|100%| O|  |TAMS 0x0000000085e00000| PB 0x0000000085e00000| Untracked |  0
|   5|0x0000000085f00000, 0x0000000086000000, 0x0000000086000000|100%| O|  |TAMS 0x0000000085f00000| PB 0x0000000085f00000| Untracked |  0
|   6|0x0000000086000000, 0x0000000086100000, 0x0000000086100000|100%| O|  |TAMS 0x0000000086000000| PB 0x0000000086000000| Untracked |  0
|   7|0x0000000086100000, 0x0000000086200000, 0x0000000086200000|100%| O|  |TAMS 0x0000000086100000| PB 0x0000000086100000| Untracked |  0
|   8|0x0000000086200000, 0x0000000086229580, 0x0000000086300000| 16%| O|  |TAMS 0x0000000086200000| PB 0x0000000086200000| Untracked |  0
|   9|0x0000000086300000, 0x0000000086300000, 0x0000000086400000|  0%| F|  |TAMS 0x0000000086300000| PB 0x0000000086300000| Untracked |  0
|  10|0x0000000086400000, 0x0000000086400000, 0x0000000086500000|  0%| F|  |TAMS 0x0000000086400000| PB 0x0000000086400000| Untracked |  0
|  11|0x0000000086500000, 0x0000000086500000, 0x0000000086600000|  0%| F|  |TAMS 0x0000000086500000| PB 0x0000000086500000| Untracked |  0
|  12|0x0000000086600000, 0x0000000086600000, 0x0000000086700000|  0%| F|  |TAMS 0x0000000086600000| PB 0x0000000086600000| Untracked |  0
|  13|0x0000000086700000, 0x0000000086700000, 0x0000000086800000|  0%| F|  |TAMS 0x0000000086700000| PB 0x0000000086700000| Untracked |  0
|  14|0x0000000086800000, 0x0000000086800000, 0x0000000086900000|  0%| F|  |TAMS 0x0000000086800000| PB 0x0000000086800000| Untracked |  0
|  15|0x0000000086900000, 0x0000000086900000, 0x0000000086a00000|  0%| F|  |TAMS 0x0000000086900000| PB 0x0000000086900000| Untracked |  0
|  16|0x0000000086a00000, 0x0000000086a00000, 0x0000000086b00000|  0%| F|  |TAMS 0x0000000086a00000| PB 0x0000000086a00000| Untracked |  0
|  17|0x0000000086b00000, 0x0000000086b00000, 0x0000000086c00000|  0%| F|  |TAMS 0x0000000086b00000| PB 0x0000000086b00000| Untracked |  0
|  18|0x0000000086c00000, 0x0000000086c00000, 0x0000000086d00000|  0%| F|  |TAMS 0x0000000086c00000| PB 0x0000000086c00000| Untracked |  0
|  19|0x0000000086d00000, 0x0000000086d00000, 0x0000000086e00000|  0%| F|  |TAMS 0x0000000086d00000| PB 0x0000000086d00000| Untracked |  0
|  20|0x0000000086e00000, 0x0000000086e00000, 0x0000000086f00000|  0%| F|  |TAMS 0x0000000086e00000| PB 0x0000000086e00000| Untracked |  0
|  21|0x0000000086f00000, 0x0000000086f00000, 0x0000000087000000|  0%| F|  |TAMS 0x0000000086f00000| PB 0x0000000086f00000| Untracked |  0
|  22|0x0000000087000000, 0x0000000087000000, 0x0000000087100000|  0%| F|  |TAMS 0x0000000087000000| PB 0x0000000087000000| Untracked |  0
|  23|0x0000000087100000, 0x0000000087100000, 0x0000000087200000|  0%| F|  |TAMS 0x0000000087100000| PB 0x0000000087100000| Untracked |  0
|  24|0x0000000087200000, 0x0000000087200000, 0x0000000087300000|  0%| F|  |TAMS 0x0000000087200000| PB 0x0000000087200000| Untracked |  0
|  25|0x0000000087300000, 0x0000000087300000, 0x0000000087400000|  0%| F|  |TAMS 0x0000000087300000| PB 0x0000000087300000| Untracked |  0
|  26|0x0000000087400000, 0x0000000087400000, 0x0000000087500000|  0%| F|  |TAMS 0x0000000087400000| PB 0x0000000087400000| Untracked |  0
|  27|0x0000000087500000, 0x0000000087500000, 0x0000000087600000|  0%| F|  |TAMS 0x0000000087500000| PB 0x0000000087500000| Untracked |  0
|  28|0x0000000087600000, 0x0000000087600000, 0x0000000087700000|  0%| F|  |TAMS 0x0000000087600000| PB 0x0000000087600000| Untracked |  0
|  29|0x0000000087700000, 0x0000000087700000, 0x0000000087800000|  0%| F|  |TAMS 0x0000000087700000| PB 0x0000000087700000| Untracked |  0
|  30|0x0000000087800000, 0x0000000087800000, 0x0000000087900000|  0%| F|  |TAMS 0x0000000087800000| PB 0x0000000087800000| Untracked |  0
|  31|0x0000000087900000, 0x0000000087900000, 0x0000000087a00000|  0%| F|  |TAMS 0x0000000087900000| PB 0x0000000087900000| Untracked |  0
|  32|0x0000000087a00000, 0x0000000087a00000, 0x0000000087b00000|  0%| F|  |TAMS 0x0000000087a00000| PB 0x0000000087a00000| Untracked |  0
|  33|0x0000000087b00000, 0x0000000087b00000, 0x0000000087c00000|  0%| F|  |TAMS 0x0000000087b00000| PB 0x0000000087b00000| Untracked |  0
|  34|0x0000000087c00000, 0x0000000087c00000, 0x0000000087d00000|  0%| F|  |TAMS 0x0000000087c00000| PB 0x0000000087c00000| Untracked |  0
|  35|0x0000000087d00000, 0x0000000087d00000, 0x0000000087e00000|  0%| F|  |TAMS 0x0000000087d00000| PB 0x0000000087d00000| Untracked |  0
|  36|0x0000000087e00000, 0x0000000087e00000, 0x0000000087f00000|  0%| F|  |TAMS 0x0000000087e00000| PB 0x0000000087e00000| Untracked |  0
|  37|0x0000000087f00000, 0x0000000087f00000, 0x0000000088000000|  0%| F|  |TAMS 0x0000000087f00000| PB 0x0000000087f00000| Untracked |  0
|  38|0x0000000088000000, 0x0000000088000000, 0x0000000088100000|  0%| F|  |TAMS 0x0000000088000000| PB 0x0000000088000000| Untracked |  0
|  39|0x0000000088100000, 0x0000000088100000, 0x0000000088200000|  0%| F|  |TAMS 0x0000000088100000| PB 0x0000000088100000| Untracked |  0
|  40|0x0000000088200000, 0x0000000088200000, 0x0000000088300000|  0%| F|  |TAMS 0x0000000088200000| PB 0x0000000088200000| Untracked |  0
|  41|0x0000000088300000, 0x0000000088300000, 0x0000000088400000|  0%| F|  |TAMS 0x0000000088300000| PB 0x0000000088300000| Untracked |  0
|  42|0x0000000088400000, 0x0000000088400000, 0x0000000088500000|  0%| F|  |TAMS 0x0000000088400000| PB 0x0000000088400000| Untracked |  0
|  43|0x0000000088500000, 0x0000000088500000, 0x0000000088600000|  0%| F|  |TAMS 0x0000000088500000| PB 0x0000000088500000| Untracked |  0
|  44|0x0000000088600000, 0x0000000088600000, 0x0000000088700000|  0%| F|  |TAMS 0x0000000088600000| PB 0x0000000088600000| Untracked |  0
|  45|0x0000000088700000, 0x0000000088700000, 0x0000000088800000|  0%| F|  |TAMS 0x0000000088700000| PB 0x0000000088700000| Untracked |  0
|  46|0x0000000088800000, 0x0000000088800000, 0x0000000088900000|  0%| F|  |TAMS 0x0000000088800000| PB 0x0000000088800000| Untracked |  0
|  47|0x0000000088900000, 0x0000000088900000, 0x0000000088a00000|  0%| F|  |TAMS 0x0000000088900000| PB 0x0000000088900000| Untracked |  0
|  48|0x0000000088a00000, 0x0000000088a00000, 0x0000000088b00000|  0%| F|  |TAMS 0x0000000088a00000| PB 0x0000000088a00000| Untracked |  0
|  49|0x0000000088b00000, 0x0000000088b00000, 0x0000000088c00000|  0%| F|  |TAMS 0x0000000088b00000| PB 0x0000000088b00000| Untracked |  0
|  50|0x0000000088c00000, 0x0000000088c00000, 0x0000000088d00000|  0%| F|  |TAMS 0x0000000088c00000| PB 0x0000000088c00000| Untracked |  0
|  51|0x0000000088d00000, 0x0000000088d00000, 0x0000000088e00000|  0%| F|  |TAMS 0x0000000088d00000| PB 0x0000000088d00000| Untracked |  0
|  52|0x0000000088e00000, 0x0000000088e00000, 0x0000000088f00000|  0%| F|  |TAMS 0x0000000088e00000| PB 0x0000000088e00000| Untracked |  0
|  53|0x0000000088f00000, 0x0000000088f00000, 0x0000000089000000|  0%| F|  |TAMS 0x0000000088f00000| PB 0x0000000088f00000| Untracked |  0
|  54|0x0000000089000000, 0x0000000089000000, 0x0000000089100000|  0%| F|  |TAMS 0x0000000089000000| PB 0x0000000089000000| Untracked |  0
|  55|0x0000000089100000, 0x0000000089100000, 0x0000000089200000|  0%| F|  |TAMS 0x0000000089100000| PB 0x0000000089100000| Untracked |  0
|  56|0x0000000089200000, 0x0000000089200000, 0x0000000089300000|  0%| F|  |TAMS 0x0000000089200000| PB 0x0000000089200000| Untracked |  0
|  57|0x0000000089300000, 0x0000000089300000, 0x0000000089400000|  0%| F|  |TAMS 0x0000000089300000| PB 0x0000000089300000| Untracked |  0
|  58|0x0000000089400000, 0x0000000089400000, 0x0000000089500000|  0%| F|  |TAMS 0x0000000089400000| PB 0x0000000089400000| Untracked |  0
|  59|0x0000000089500000, 0x0000000089500000, 0x0000000089600000|  0%| F|  |TAMS 0x0000000089500000| PB 0x0000000089500000| Untracked |  0
|  60|0x0000000089600000, 0x0000000089600000, 0x0000000089700000|  0%| F|  |TAMS 0x0000000089600000| PB 0x0000000089600000| Untracked |  0
|  61|0x0000000089700000, 0x0000000089700000, 0x0000000089800000|  0%| F|  |TAMS 0x0000000089700000| PB 0x0000000089700000| Untracked |  0
|  62|0x0000000089800000, 0x0000000089800000, 0x0000000089900000|  0%| F|  |TAMS 0x0000000089800000| PB 0x0000000089800000| Untracked |  0
|  63|0x0000000089900000, 0x0000000089900000, 0x0000000089a00000|  0%| F|  |TAMS 0x0000000089900000| PB 0x0000000089900000| Untracked |  0
|  64|0x0000000089a00000, 0x0000000089a00000, 0x0000000089b00000|  0%| F|  |TAMS 0x0000000089a00000| PB 0x0000000089a00000| Untracked |  0
|  65|0x0000000089b00000, 0x0000000089b00000, 0x0000000089c00000|  0%| F|  |TAMS 0x0000000089b00000| PB 0x0000000089b00000| Untracked |  0
|  66|0x0000000089c00000, 0x0000000089c00000, 0x0000000089d00000|  0%| F|  |TAMS 0x0000000089c00000| PB 0x0000000089c00000| Untracked |  0
|  67|0x0000000089d00000, 0x0000000089d00000, 0x0000000089e00000|  0%| F|  |TAMS 0x0000000089d00000| PB 0x0000000089d00000| Untracked |  0
|  68|0x0000000089e00000, 0x0000000089e00000, 0x0000000089f00000|  0%| F|  |TAMS 0x0000000089e00000| PB 0x0000000089e00000| Untracked |  0
|  69|0x0000000089f00000, 0x0000000089f00000, 0x000000008a000000|  0%| F|  |TAMS 0x0000000089f00000| PB 0x0000000089f00000| Untracked |  0
|  70|0x000000008a000000, 0x000000008a000000, 0x000000008a100000|  0%| F|  |TAMS 0x000000008a000000| PB 0x000000008a000000| Untracked |  0
|  71|0x000000008a100000, 0x000000008a100000, 0x000000008a200000|  0%| F|  |TAMS 0x000000008a100000| PB 0x000000008a100000| Untracked |  0
|  72|0x000000008a200000, 0x000000008a200000, 0x000000008a300000|  0%| F|  |TAMS 0x000000008a200000| PB 0x000000008a200000| Untracked |  0
|  73|0x000000008a300000, 0x000000008a300000, 0x000000008a400000|  0%| F|  |TAMS 0x000000008a300000| PB 0x000000008a300000| Untracked |  0
|  74|0x000000008a400000, 0x000000008a400000, 0x000000008a500000|  0%| F|  |TAMS 0x000000008a400000| PB 0x000000008a400000| Untracked |  0
|  75|0x000000008a500000, 0x000000008a500000, 0x000000008a600000|  0%| F|  |TAMS 0x000000008a500000| PB 0x000000008a500000| Untracked |  0
|  76|0x000000008a600000, 0x000000008a600000, 0x000000008a700000|  0%| F|  |TAMS 0x000000008a600000| PB 0x000000008a600000| Untracked |  0
|  77|0x000000008a700000, 0x000000008a700000, 0x000000008a800000|  0%| F|  |TAMS 0x000000008a700000| PB 0x000000008a700000| Untracked |  0
|  78|0x000000008a800000, 0x000000008a800000, 0x000000008a900000|  0%| F|  |TAMS 0x000000008a800000| PB 0x000000008a800000| Untracked |  0
|  79|0x000000008a900000, 0x000000008a900000, 0x000000008aa00000|  0%| F|  |TAMS 0x000000008a900000| PB 0x000000008a900000| Untracked |  0
|  80|0x000000008aa00000, 0x000000008aa00000, 0x000000008ab00000|  0%| F|  |TAMS 0x000000008aa00000| PB 0x000000008aa00000| Untracked |  0
|  81|0x000000008ab00000, 0x000000008ac00000, 0x000000008ac00000|100%| S|  |TAMS 0x000000008ab00000| PB 0x000000008ab00000| Complete |  0
|  82|0x000000008ac00000, 0x000000008ad00000, 0x000000008ad00000|100%| S|  |TAMS 0x000000008ac00000| PB 0x000000008ac00000| Complete |  0
|  83|0x000000008ad00000, 0x000000008ae00000, 0x000000008ae00000|100%| S|  |TAMS 0x000000008ad00000| PB 0x000000008ad00000| Complete |  0
|  84|0x000000008ae00000, 0x000000008af00000, 0x000000008af00000|100%| S|  |TAMS 0x000000008ae00000| PB 0x000000008ae00000| Complete |  0
|  85|0x000000008af00000, 0x000000008b000000, 0x000000008b000000|100%| S|  |TAMS 0x000000008af00000| PB 0x000000008af00000| Complete |  0
|  86|0x000000008b000000, 0x000000008b100000, 0x000000008b100000|100%| E|CS|TAMS 0x000000008b000000| PB 0x000000008b000000| Complete |  0
|  87|0x000000008b100000, 0x000000008b200000, 0x000000008b200000|100%| E|CS|TAMS 0x000000008b100000| PB 0x000000008b100000| Complete |  0
|  88|0x000000008b200000, 0x000000008b300000, 0x000000008b300000|100%| E|CS|TAMS 0x000000008b200000| PB 0x000000008b200000| Complete |  0
|  89|0x000000008b300000, 0x000000008b400000, 0x000000008b400000|100%| E|CS|TAMS 0x000000008b300000| PB 0x000000008b300000| Complete |  0
|  90|0x000000008b400000, 0x000000008b500000, 0x000000008b500000|100%| E|CS|TAMS 0x000000008b400000| PB 0x000000008b400000| Complete |  0
|  91|0x000000008b500000, 0x000000008b600000, 0x000000008b600000|100%| E|CS|TAMS 0x000000008b500000| PB 0x000000008b500000| Complete |  0
|  92|0x000000008b600000, 0x000000008b680028, 0x000000008b700000| 50%| E|CS|TAMS 0x000000008b600000| PB 0x000000008b600000| Complete |  0
|  93|0x000000008b700000, 0x000000008b800000, 0x000000008b800000|100%| E|CS|TAMS 0x000000008b700000| PB 0x000000008b700000| Complete |  0
|  94|0x000000008b800000, 0x000000008b900000, 0x000000008b900000|100%| E|CS|TAMS 0x000000008b800000| PB 0x000000008b800000| Complete |  0
|  95|0x000000008b900000, 0x000000008ba00000, 0x000000008ba00000|100%| E|CS|TAMS 0x000000008b900000| PB 0x000000008b900000| Complete |  0
|  96|0x000000008ba00000, 0x000000008bb00000, 0x000000008bb00000|100%| E|CS|TAMS 0x000000008ba00000| PB 0x000000008ba00000| Complete |  0
|  97|0x000000008bb00000, 0x000000008bc00000, 0x000000008bc00000|100%| E|CS|TAMS 0x000000008bb00000| PB 0x000000008bb00000| Complete |  0
|  98|0x000000008bc00000, 0x000000008bd00000, 0x000000008bd00000|100%| E|CS|TAMS 0x000000008bc00000| PB 0x000000008bc00000| Complete |  0
|  99|0x000000008bd00000, 0x000000008be00000, 0x000000008be00000|100%| E|CS|TAMS 0x000000008bd00000| PB 0x000000008bd00000| Complete |  0
| 100|0x000000008be00000, 0x000000008bf00000, 0x000000008bf00000|100%| E|CS|TAMS 0x000000008be00000| PB 0x000000008be00000| Complete |  0
| 101|0x000000008bf00000, 0x000000008c000000, 0x000000008c000000|100%| E|CS|TAMS 0x000000008bf00000| PB 0x000000008bf00000| Complete |  0
| 102|0x000000008c000000, 0x000000008c100000, 0x000000008c100000|100%| E|CS|TAMS 0x000000008c000000| PB 0x000000008c000000| Complete |  0
| 103|0x000000008c100000, 0x000000008c200000, 0x000000008c200000|100%| E|CS|TAMS 0x000000008c100000| PB 0x000000008c100000| Complete |  0
| 104|0x000000008c200000, 0x000000008c300000, 0x000000008c300000|100%| E|CS|TAMS 0x000000008c200000| PB 0x000000008c200000| Complete |  0
| 105|0x000000008c300000, 0x000000008c400000, 0x000000008c400000|100%| E|CS|TAMS 0x000000008c300000| PB 0x000000008c300000| Complete |  0
| 106|0x000000008c400000, 0x000000008c500000, 0x000000008c500000|100%| E|CS|TAMS 0x000000008c400000| PB 0x000000008c400000| Complete |  0
| 107|0x000000008c500000, 0x000000008c600000, 0x000000008c600000|100%| E|CS|TAMS 0x000000008c500000| PB 0x000000008c500000| Complete |  0
| 108|0x000000008c600000, 0x000000008c700000, 0x000000008c700000|100%| E|CS|TAMS 0x000000008c600000| PB 0x000000008c600000| Complete |  0
| 109|0x000000008c700000, 0x000000008c800000, 0x000000008c800000|100%| E|CS|TAMS 0x000000008c700000| PB 0x000000008c700000| Complete |  0
| 110|0x000000008c800000, 0x000000008c900000, 0x000000008c900000|100%| E|CS|TAMS 0x000000008c800000| PB 0x000000008c800000| Complete |  0
| 111|0x000000008c900000, 0x000000008ca00000, 0x000000008ca00000|100%| E|CS|TAMS 0x000000008c900000| PB 0x000000008c900000| Complete |  0
| 112|0x000000008ca00000, 0x000000008cb00000, 0x000000008cb00000|100%| E|CS|TAMS 0x000000008ca00000| PB 0x000000008ca00000| Complete |  0
| 113|0x000000008cb00000, 0x000000008cc00000, 0x000000008cc00000|100%| E|CS|TAMS 0x000000008cb00000| PB 0x000000008cb00000| Complete |  0
| 114|0x000000008cc00000, 0x000000008cd00000, 0x000000008cd00000|100%| E|CS|TAMS 0x000000008cc00000| PB 0x000000008cc00000| Complete |  0
| 115|0x000000008cd00000, 0x000000008ce00000, 0x000000008ce00000|100%| E|CS|TAMS 0x000000008cd00000| PB 0x000000008cd00000| Complete |  0
| 116|0x000000008ce00000, 0x000000008cf00000, 0x000000008cf00000|100%| E|CS|TAMS 0x000000008ce00000| PB 0x000000008ce00000| Complete |  0
| 117|0x000000008cf00000, 0x000000008d000000, 0x000000008d000000|100%| E|CS|TAMS 0x000000008cf00000| PB 0x000000008cf00000| Complete |  0
| 118|0x000000008d000000, 0x000000008d100000, 0x000000008d100000|100%| E|CS|TAMS 0x000000008d000000| PB 0x000000008d000000| Complete |  0
| 119|0x000000008d100000, 0x000000008d200000, 0x000000008d200000|100%| E|CS|TAMS 0x000000008d100000| PB 0x000000008d100000| Complete |  0
| 120|0x000000008d200000, 0x000000008d300000, 0x000000008d300000|100%| E|CS|TAMS 0x000000008d200000| PB 0x000000008d200000| Complete |  0
| 121|0x000000008d300000, 0x000000008d400000, 0x000000008d400000|100%| E|CS|TAMS 0x000000008d300000| PB 0x000000008d300000| Complete |  0
| 122|0x000000008d400000, 0x000000008d500000, 0x000000008d500000|100%| E|CS|TAMS 0x000000008d400000| PB 0x000000008d400000| Complete |  0
| 123|0x000000008d500000, 0x000000008d600000, 0x000000008d600000|100%| E|CS|TAMS 0x000000008d500000| PB 0x000000008d500000| Complete |  0
|1956|0x00000000ffe00000, 0x00000000fff00000, 0x00000000fff00000|100%| O|  |TAMS 0x00000000ffe00000| PB 0x00000000ffe00000| Untracked |  0
|1957|0x00000000fff00000, 0x00000000fff1e6b0, 0x0000000100000000| 11%| O|  |TAMS 0x00000000fff00000| PB 0x00000000fff00000| Untracked |  0

Card table byte_map: [0x000077ec08200000,0x000077ec085d3000] _byte_map_base: 0x000077ec07dd3000

Marking Bits: (CMBitMap*) 0x000077ec04085970
 Bits: [0x000077ebf9800000, 0x000077ebfb698000)

Polling page: 0x000077ec0d900000

Metaspace:

Usage:
  Non-class:     17,83 MB used.
      Class:      2,75 MB used.
       Both:     20,58 MB used.

Virtual space:
  Non-class space:       64,00 MB reserved,      18,06 MB ( 28%) committed,  1 nodes.
      Class space:        1,00 GB reserved,       2,88 MB ( <1%) committed,  1 nodes.
             Both:        1,06 GB reserved,      20,94 MB (  2%) committed. 

Chunk freelists:
   Non-Class:  13,48 MB
       Class:  13,12 MB
        Both:  26,61 MB

MaxMetaspaceSize: unlimited
CompressedClassSpaceSize: 1,00 GB
Initial GC threshold: 21,00 MB
Current GC threshold: 21,00 MB
CDS: on
 - commit_granule_bytes: 65536.
 - commit_granule_words: 8192.
 - virtual_space_node_default_size: 8388608.
 - enlarge_chunks_in_place: 1.
 - use_allocation_guard: 0.


Internal statistics:

num_allocs_failed_limit: 0.
num_arena_births: 394.
num_arena_deaths: 0.
num_vsnodes_births: 2.
num_vsnodes_deaths: 0.
num_space_committed: 335.
num_space_uncommitted: 0.
num_chunks_returned_to_freelist: 0.
num_chunks_taken_from_freelist: 966.
num_chunk_merges: 0.
num_chunk_splits: 660.
num_chunks_enlarged: 476.
num_inconsistent_stats: 0.

CodeCache: size=49152Kb used=6097Kb max_used=6097Kb free=43054Kb
 bounds [0x000077ec08e00000, 0x000077ec09400000, 0x000077ec0be00000]
 total_blobs=3730, nmethods=3183, adapters=471, full_count=0
Compilation: enabled, stopped_count=0, restarted_count=0

Compilation events (20 events):
Event: 2,425 Thread 0x000077eb640aa4f0 3174       1       java.lang.invoke.LambdaFormEditor$TransformKey::packedBytes (37 bytes)
Event: 2,425 Thread 0x000077eb640aa4f0 nmethod 3174 0x000077ec093f2608 code [0x000077ec093f2720, 0x000077ec093f27d0]
Event: 2,429 Thread 0x000077eb640ab840 3175       1       java.lang.invoke.DelegatingMethodHandle$Holder::reinvoke_L (20 bytes)
Event: 2,429 Thread 0x000077eb640ab840 nmethod 3175 0x000077ec093f2908 code [0x000077ec093f2a40, 0x000077ec093f2b90]
Event: 2,430 Thread 0x000077eb640aa4f0 3176       1       org.springframework.util.StringUtils::delimitedListToStringArray (7 bytes)
Event: 2,431 Thread 0x000077eb640aa4f0 nmethod 3176 0x000077ec093f2c08 code [0x000077ec093f2d20, 0x000077ec093f2de8]
Event: 2,431 Thread 0x000077eb640ab840 3177       1       java.util.Arrays$ArrayList::size (6 bytes)
Event: 2,431 Thread 0x000077eb640ab840 nmethod 3177 0x000077ec093f2f08 code [0x000077ec093f3020, 0x000077ec093f30e8]
Event: 2,433 Thread 0x000077ec041517b0 3178       1       java.util.Arrays$ArrayList::iterator (12 bytes)
Event: 2,433 Thread 0x000077eb640aa4f0 3179       1       java.util.Arrays$ArrayItr::<init> (10 bytes)
Event: 2,433 Thread 0x000077eb640aa4f0 nmethod 3179 0x000077ec093f3208 code [0x000077ec093f3320, 0x000077ec093f3428]
Event: 2,433 Thread 0x000077ec041517b0 nmethod 3178 0x000077ec093f3508 code [0x000077ec093f3620, 0x000077ec093f3788]
Event: 2,433 Thread 0x000077ec041517b0 3180       1       java.lang.invoke.LambdaForm$MH/0x000077eb9b00a800::invoke (45 bytes)
Event: 2,433 Thread 0x000077eb640ab840 3181       1       java.lang.invoke.DirectMethodHandle$Holder::invokeStatic (14 bytes)
Event: 2,434 Thread 0x000077ec041517b0 nmethod 3180 0x000077ec093f3808 code [0x000077ec093f3940, 0x000077ec093f3b18]
Event: 2,434 Thread 0x000077eb640ab840 nmethod 3181 0x000077ec093f3b88 code [0x000077ec093f3ca0, 0x000077ec093f3db8]
Event: 2,438 Thread 0x000077eb640aa4f0 3183       1       java.lang.invoke.LambdaForm$MH/0x000077eb9b00bc00::invoke (46 bytes)
Event: 2,438 Thread 0x000077ec041517b0 3182       1       java.lang.invoke.LambdaForm$MH/0x000077eb9b00c400::invoke (110 bytes)
Event: 2,438 Thread 0x000077eb640aa4f0 nmethod 3183 0x000077ec093f3e88 code [0x000077ec093f3fc0, 0x000077ec093f4190]
Event: 2,438 Thread 0x000077ec041517b0 nmethod 3182 0x000077ec093f4208 code [0x000077ec093f4380, 0x000077ec093f4700]

GC Heap History (7 events):
Event: 0,778 GC heap before
{Heap before GC invocations=0 (full 0):
 garbage-first heap   total reserved 2004992K, committed 129024K, used 15481K [0x0000000085a00000, 0x0000000100000000)
  region size 1024K, 14 young (14336K), 0 survivors (0K)
 Metaspace       used 4364K, committed 4544K, reserved 1114112K
  class space    used 543K, committed 640K, reserved 1048576K
}
Event: 0,784 GC heap after
{Heap after GC invocations=1 (full 0):
 garbage-first heap   total reserved 2004992K, committed 129024K, used 7484K [0x0000000085a00000, 0x0000000100000000)
  region size 1024K, 2 young (2048K), 2 survivors (2048K)
 Metaspace       used 4364K, committed 4544K, reserved 1114112K
  class space    used 543K, committed 640K, reserved 1048576K
}
Event: 1,238 GC heap before
{Heap before GC invocations=1 (full 0):
 garbage-first heap   total reserved 2004992K, committed 129024K, used 18748K [0x0000000085a00000, 0x0000000100000000)
  region size 1024K, 13 young (13312K), 2 survivors (2048K)
 Metaspace       used 8424K, committed 8704K, reserved 1114112K
  class space    used 1101K, committed 1216K, reserved 1048576K
}
Event: 1,249 GC heap after
{Heap after GC invocations=2 (full 0):
 garbage-first heap   total reserved 2004992K, committed 129024K, used 9146K [0x0000000085a00000, 0x0000000100000000)
  region size 1024K, 2 young (2048K), 2 survivors (2048K)
 Metaspace       used 8424K, committed 8704K, reserved 1114112K
  class space    used 1101K, committed 1216K, reserved 1048576K
}
Event: 1,928 GC heap before
{Heap before GC invocations=2 (full 0):
 garbage-first heap   total reserved 2004992K, committed 129024K, used 34746K [0x0000000085a00000, 0x0000000100000000)
  region size 1024K, 28 young (28672K), 2 survivors (2048K)
 Metaspace       used 15802K, committed 16128K, reserved 1114112K
  class space    used 2106K, committed 2240K, reserved 1048576K
}
Event: 1,935 GC heap after
{Heap after GC invocations=3 (full 0):
 garbage-first heap   total reserved 2004992K, committed 129024K, used 11137K [0x0000000085a00000, 0x0000000100000000)
  region size 1024K, 4 young (4096K), 4 survivors (4096K)
 Metaspace       used 15802K, committed 16128K, reserved 1114112K
  class space    used 2106K, committed 2240K, reserved 1048576K
}
Event: 2,449 GC heap before
{Heap before GC invocations=3 (full 0):
 garbage-first heap   total reserved 2004992K, committed 129024K, used 44929K [0x0000000085a00000, 0x0000000100000000)
  region size 1024K, 38 young (38912K), 4 survivors (4096K)
 Metaspace       used 21076K, committed 21440K, reserved 1114112K
  class space    used 2819K, committed 2944K, reserved 1048576K
}

Dll operation events (10 events):
Event: 0,004 Loaded shared library /home/antonio/.jdks/openjdk-23/lib/libjava.so
Event: 0,140 Loaded shared library /home/antonio/.jdks/openjdk-23/lib/libzip.so
Event: 0,144 Loaded shared library /home/antonio/.jdks/openjdk-23/lib/libinstrument.so
Event: 0,147 Loaded shared library /home/antonio/.jdks/openjdk-23/lib/libnio.so
Event: 0,155 Loaded shared library /home/antonio/.jdks/openjdk-23/lib/libzip.so
Event: 0,285 Loaded shared library /home/antonio/.jdks/openjdk-23/lib/libnet.so
Event: 0,291 Loaded shared library /home/antonio/.jdks/openjdk-23/lib/libjimage.so
Event: 0,309 Loaded shared library /home/antonio/.jdks/openjdk-23/lib/libextnet.so
Event: 0,341 Loaded shared library /home/antonio/.jdks/openjdk-23/lib/libmanagement.so
Event: 0,373 Loaded shared library /home/antonio/.jdks/openjdk-23/lib/libmanagement_ext.so

Deoptimization events (0 events):
No events

Classes loaded (20 events):
Event: 2,297 Loading class javax/security/auth/login/FailedLoginException
Event: 2,297 Loading class javax/security/auth/login/FailedLoginException done
Event: 2,298 Loading class javax/security/auth/callback/CallbackHandler
Event: 2,298 Loading class javax/security/auth/callback/CallbackHandler done
Event: 2,302 Loading class sun/security/provider/certpath/ldap/JdkLDAP
Event: 2,302 Loading class sun/security/provider/certpath/ldap/JdkLDAP done
Event: 2,303 Loading class sun/security/provider/certpath/ldap/JdkLDAP$ProviderService
Event: 2,303 Loading class sun/security/provider/certpath/ldap/JdkLDAP$ProviderService done
Event: 2,303 Loading class com/sun/security/sasl/Provider
Event: 2,303 Loading class com/sun/security/sasl/Provider done
Event: 2,303 Loading class com/sun/security/sasl/Provider$1
Event: 2,303 Loading class com/sun/security/sasl/Provider$1 done
Event: 2,303 Loading class com/sun/security/sasl/Provider$ProviderService
Event: 2,303 Loading class com/sun/security/sasl/Provider$ProviderService done
Event: 2,424 Loading class java/lang/Thread$ThreadNumbering
Event: 2,424 Loading class java/lang/Thread$ThreadNumbering done
Event: 2,433 Loading class javax/naming/ldap/LdapContext
Event: 2,433 Loading class javax/naming/directory/DirContext
Event: 2,433 Loading class javax/naming/directory/DirContext done
Event: 2,433 Loading class javax/naming/ldap/LdapContext done

Classes unloaded (0 events):
No events

Classes redefined (0 events):
No events

Internal exceptions (20 events):
Event: 1,658 Thread 0x000077ec0402e620 Exception <a 'java/lang/NoSuchMethodError'{0x000000008c8f33b8}: 'void java.lang.invoke.DirectMethodHandle$Holder.invokeStatic(java.lang.Object, java.lang.Object, int)'> (0x000000008c8f33b8) 
thrown [open/src/hotspot/share/interpreter/linkResolver.cpp, line 795]
Event: 1,664 Thread 0x000077ec0402e620 Exception <a 'java/lang/NoSuchMethodError'{0x000000008c719830}: 'void java.lang.invoke.DirectMethodHandle$Holder.invokeStaticInit(java.lang.Object, java.lang.Object, java.lang.Object)'> (0x000000008c719830) 
thrown [open/src/hotspot/share/interpreter/linkResolver.cpp, line 795]
Event: 1,672 Thread 0x000077ec0402e620 Exception <a 'java/lang/NoSuchMethodError'{0x000000008c763de8}: 'java.lang.Object java.lang.invoke.DirectMethodHandle$Holder.invokeStatic(java.lang.Object, long, java.lang.Object)'> (0x000000008c763de8) 
thrown [open/src/hotspot/share/interpreter/linkResolver.cpp, line 795]
Event: 1,673 Thread 0x000077ec0402e620 Exception <a 'java/lang/NoSuchMethodError'{0x000000008c767488}: 'java.lang.Object java.lang.invoke.DirectMethodHandle$Holder.invokeStaticInit(java.lang.Object, long, java.lang.Object)'> (0x000000008c767488) 
thrown [open/src/hotspot/share/interpreter/linkResolver.cpp, line 795]
Event: 1,673 Thread 0x000077ec0402e620 Exception <a 'java/lang/NoSuchMethodError'{0x000000008c76cd40}: 'java.lang.Object java.lang.invoke.DirectMethodHandle$Holder.newInvokeSpecial(java.lang.Object, long)'> (0x000000008c76cd40) 
thrown [open/src/hotspot/share/interpreter/linkResolver.cpp, line 795]
Event: 1,690 Thread 0x000077ec0402e620 Exception <a 'java/lang/NoSuchMethodError'{0x000000008c7ce310}: 'void java.lang.invoke.DirectMethodHandle$Holder.invokeVirtual(java.lang.Object, java.lang.Object, java.lang.Object, java.lang.Object)'> (0x000000008c7ce310) 
thrown [open/src/hotspot/share/interpreter/linkResolver.cpp, line 795]
Event: 1,739 Thread 0x000077ec0402e620 Exception <a 'java/lang/IncompatibleClassChangeError'{0x000000008c550430}: Found class java.lang.Object, but interface was expected> (0x000000008c550430) 
thrown [open/src/hotspot/share/interpreter/linkResolver.cpp, line 863]
Event: 1,741 Thread 0x000077ec048158e0 Exception <a 'java/lang/NoClassDefFoundError'{0x000000008c579830}: jakarta/validation/Validation> (0x000000008c579830) 
thrown [open/src/hotspot/share/classfile/systemDictionary.cpp, line 302]
Event: 1,866 Thread 0x000077ec0402e620 Exception <a 'java/lang/NoSuchMethodError'{0x000000008bebeb98}: 'java.lang.Object java.lang.invoke.DirectMethodHandle$Holder.invokeStatic(java.lang.Object, int, java.lang.Object)'> (0x000000008bebeb98) 
thrown [open/src/hotspot/share/interpreter/linkResolver.cpp, line 795]
Event: 2,016 Thread 0x000077eb30002ce0 Exception <a 'sun/nio/fs/UnixException'{0x000000008d2b96b8}> (0x000000008d2b96b8) 
thrown [open/src/hotspot/share/prims/jni.cpp, line 520]
Event: 2,016 Thread 0x000077eb30002ce0 Exception <a 'sun/nio/fs/UnixException'{0x000000008d2ba6c0}> (0x000000008d2ba6c0) 
thrown [open/src/hotspot/share/prims/jni.cpp, line 520]
Event: 2,016 Thread 0x000077eb30002ce0 Exception <a 'sun/nio/fs/UnixException'{0x000000008d2bb6c8}> (0x000000008d2bb6c8) 
thrown [open/src/hotspot/share/prims/jni.cpp, line 520]
Event: 2,016 Thread 0x000077eb30002ce0 Exception <a 'sun/nio/fs/UnixException'{0x000000008d2bc6e0}> (0x000000008d2bc6e0) 
thrown [open/src/hotspot/share/prims/jni.cpp, line 520]
Event: 2,016 Thread 0x000077eb30002ce0 Exception <a 'sun/nio/fs/UnixException'{0x000000008d2bd6f8}> (0x000000008d2bd6f8) 
thrown [open/src/hotspot/share/prims/jni.cpp, line 520]
Event: 2,109 Thread 0x000077ec0402e620 Exception <a 'java/lang/NoSuchMethodError'{0x000000008cb68088}: 'int java.lang.invoke.DirectMethodHandle$Holder.invokeSpecial(java.lang.Object, java.lang.Object, java.lang.Object, java.lang.Object, java.lang.Object)'> (0x000000008cb68088) 
thrown [open/src/hotspot/share/interpreter/linkResolver.cpp, line 795]
Event: 2,110 Thread 0x000077ec0402e620 Exception <a 'java/lang/NoSuchMethodError'{0x000000008cb6fa20}: 'void java.lang.invoke.DirectMethodHandle$Holder.invokeVirtual(java.lang.Object, java.lang.Object)'> (0x000000008cb6fa20) 
thrown [open/src/hotspot/share/interpreter/linkResolver.cpp, line 795]
Event: 2,200 Thread 0x000077ec048158e0 Exception <a 'java/lang/NoSuchMethodError'{0x000000008c48b858}: 'long java.lang.invoke.DirectMethodHandle$Holder.invokeStaticInit(java.lang.Object, java.lang.Object)'> (0x000000008c48b858) 
thrown [open/src/hotspot/share/interpreter/linkResolver.cpp, line 795]
Event: 2,203 Thread 0x000077ec048158e0 Exception <a 'java/lang/NoSuchMethodError'{0x000000008c497ae0}: 'long java.lang.invoke.DirectMethodHandle$Holder.invokeInterface(java.lang.Object, java.lang.Object)'> (0x000000008c497ae0) 
thrown [open/src/hotspot/share/interpreter/linkResolver.cpp, line 795]
Event: 2,203 Thread 0x000077ec048158e0 Exception <a 'java/lang/IncompatibleClassChangeError'{0x000000008c49ab20}: Found class java.lang.Object, but interface was expected> (0x000000008c49ab20) 
thrown [open/src/hotspot/share/interpreter/linkResolver.cpp, line 863]
Event: 2,208 Thread 0x000077ec048158e0 Exception <a 'java/lang/NoSuchMethodError'{0x000000008c4b5288}: 'java.lang.Object java.lang.invoke.DirectMethodHandle$Holder.invokeVirtual(java.lang.Object, java.lang.Object, java.lang.Object, java.lang.Object)'> (0x000000008c4b5288) 
thrown [open/src/hotspot/share/interpreter/linkResolver.cpp, line 795]

VM Operations (20 events):
Event: 0,929 Executing VM operation: HandshakeAllThreads (Deoptimize) done
Event: 1,238 Executing VM operation: G1CollectForAllocation (G1 Evacuation Pause)
Event: 1,249 Executing VM operation: G1CollectForAllocation (G1 Evacuation Pause) done
Event: 1,542 Executing VM operation: HandshakeAllThreads (Deoptimize)
Event: 1,542 Executing VM operation: HandshakeAllThreads (Deoptimize) done
Event: 1,724 Executing VM operation: HandshakeAllThreads (Deoptimize)
Event: 1,724 Executing VM operation: HandshakeAllThreads (Deoptimize) done
Event: 1,728 Executing VM operation: HandshakeAllThreads (Deoptimize)
Event: 1,728 Executing VM operation: HandshakeAllThreads (Deoptimize) done
Event: 1,750 Executing VM operation: HandshakeAllThreads (Deoptimize)
Event: 1,750 Executing VM operation: HandshakeAllThreads (Deoptimize) done
Event: 1,928 Executing VM operation: G1CollectForAllocation (G1 Evacuation Pause)
Event: 1,935 Executing VM operation: G1CollectForAllocation (G1 Evacuation Pause) done
Event: 2,045 Executing VM operation: HandshakeAllThreads (Deoptimize)
Event: 2,045 Executing VM operation: HandshakeAllThreads (Deoptimize) done
Event: 2,091 Executing VM operation: HandshakeAllThreads (Deoptimize)
Event: 2,091 Executing VM operation: HandshakeAllThreads (Deoptimize) done
Event: 2,264 Executing VM operation: HandshakeAllThreads (Deoptimize)
Event: 2,264 Executing VM operation: HandshakeAllThreads (Deoptimize) done
Event: 2,449 Executing VM operation: G1CollectForAllocation (G1 Evacuation Pause)

Memory protections (20 events):
Event: 0,045 Protecting memory [0x000077ebf8df7000,0x000077ebf8dfb000] with protection modes 0
Event: 0,045 Protecting memory [0x000077ebf8400000,0x000077ebf8404000] with protection modes 0
Event: 0,046 Protecting memory [0x000077ebf8300000,0x000077ebf8304000] with protection modes 0
Event: 0,046 Protecting memory [0x000077ebf8200000,0x000077ebf8204000] with protection modes 0
Event: 0,046 Protecting memory [0x000077ebf8100000,0x000077ebf8104000] with protection modes 0
Event: 0,097 Protecting memory [0x000077ebf8000000,0x000077ebf8004000] with protection modes 0
Event: 0,116 Protecting memory [0x000077ebf1f00000,0x000077ebf1f04000] with protection modes 0
Event: 0,116 Protecting memory [0x000077ebf1e00000,0x000077ebf1e04000] with protection modes 0
Event: 0,186 Protecting memory [0x000077ebf1d00000,0x000077ebf1d04000] with protection modes 0
Event: 0,280 Protecting memory [0x000077ebf1b00000,0x000077ebf1b04000] with protection modes 0
Event: 0,280 Protecting memory [0x000077ebf1c00000,0x000077ebf1c04000] with protection modes 0
Event: 0,845 Protecting memory [0x000077ebf17fe000,0x000077ebf1802000] with protection modes 0
Event: 0,864 Protecting memory [0x000077ebf16fe000,0x000077ebf1702000] with protection modes 0
Event: 0,907 Protecting memory [0x000077ebf15fe000,0x000077ebf1602000] with protection modes 0
Event: 0,927 Protecting memory [0x000077ebf14fe000,0x000077ebf1502000] with protection modes 0
Event: 1,313 Protecting memory [0x000077ebf12fd000,0x000077ebf1301000] with protection modes 0
Event: 1,735 Protecting memory [0x000077ebf12fd000,0x000077ebf1301000] with protection modes 0
Event: 1,843 Protecting memory [0x000077ebf11fd000,0x000077ebf1201000] with protection modes 0
Event: 2,362 Protecting memory [0x000077ebf12fd000,0x000077ebf1301000] with protection modes 0
Event: 2,425 Protecting memory [0x000077ebf12fd000,0x000077ebf1301000] with protection modes 0

Nmethod flushes (0 events):
No events

Events (20 events):
Event: 0,096 Thread 0x000077ec0402e620 Thread added: 0x000077ec04162a10
Event: 0,116 Thread 0x000077ec041517b0 Thread added: 0x000077eb640aa4f0
Event: 0,116 Thread 0x000077ec041517b0 Thread added: 0x000077eb640ab840
Event: 0,186 Thread 0x000077ec0414d510 Thread added: 0x000077eb78000f50
Event: 0,278 Thread 0x000077ec0402e620 Thread added: 0x000077ec044b1c40
Event: 0,279 Thread 0x000077ec0402e620 Thread added: 0x000077ec044b2bb0
Event: 0,845 Thread 0x000077ec0402e620 Thread added: 0x000077ec0453c2e0
Event: 0,864 Thread 0x000077ec0453c2e0 Thread added: 0x000077eb30002ce0
Event: 0,907 Thread 0x000077eb30002ce0 Thread added: 0x000077eb2800dfc0
Event: 0,925 Thread 0x000077eb30002ce0 Thread added: 0x000077eb28012f80
Event: 1,313 Thread 0x000077eb30002ce0 Thread added: 0x000077eb28026810
Event: 1,339 Thread 0x000077eb28026810 Thread exited: 0x000077eb28026810
Event: 1,735 Thread 0x000077ec0402e620 Thread added: 0x000077ec048158e0
Event: 1,843 Thread 0x000077eb30002ce0 Thread added: 0x000077eb28026810
Event: 1,858 Thread 0x000077eb28026810 Thread exited: 0x000077eb28026810
Event: 2,306 Thread 0x000077ec048158e0 Thread exited: 0x000077ec048158e0
Event: 2,362 Thread 0x000077eb30002ce0 Thread added: 0x000077eb28026810
Event: 2,368 Thread 0x000077eb28026810 Thread exited: 0x000077eb28026810
Event: 2,425 Thread 0x000077ec0402e620 Thread added: 0x000077ec04992ba0
Event: 2,442 Thread 0x000077ec04992ba0 Thread exited: 0x000077ec04992ba0


Dynamic libraries:
85a00000-8d600000 rw-p 00000000 00:00 0 
8d600000-ffe00000 ---p 00000000 00:00 0 
ffe00000-fff1f000 rw-p 00dbd000 08:08 38066                              /home/antonio/.jdks/openjdk-23/lib/server/classes.jsa
fff1f000-100000000 rw-p 00000000 00:00 0 
5d05e0f31000-5d05e0f32000 r-xp 00000000 08:08 37651                      /home/antonio/.jdks/openjdk-23/bin/java
5d05e0f33000-5d05e0f34000 r--p 00001000 08:08 37651                      /home/antonio/.jdks/openjdk-23/bin/java
5d05e0f34000-5d05e0f35000 rw-p 00002000 08:08 37651                      /home/antonio/.jdks/openjdk-23/bin/java
5d05e233b000-5d05e2384000 rw-p 00000000 00:00 0                          [heap]
77eb0c000000-77eb0c021000 rw-p 00000000 00:00 0 
77eb0c021000-77eb10000000 ---p 00000000 00:00 0 
77eb10000000-77eb1029e000 rw-p 00000000 00:00 0 
77eb1029e000-77eb14000000 ---p 00000000 00:00 0 
77eb18000000-77eb18021000 rw-p 00000000 00:00 0 
77eb18021000-77eb1c000000 ---p 00000000 00:00 0 
77eb1c000000-77eb1c021000 rw-p 00000000 00:00 0 
77eb1c021000-77eb20000000 ---p 00000000 00:00 0 
77eb24000000-77eb24021000 rw-p 00000000 00:00 0 
77eb24021000-77eb28000000 ---p 00000000 00:00 0 
77eb28000000-77eb2802d000 rw-p 00000000 00:00 0 
77eb2802d000-77eb2c000000 ---p 00000000 00:00 0 
77eb30000000-77eb30021000 rw-p 00000000 00:00 0 
77eb30021000-77eb34000000 ---p 00000000 00:00 0 
77eb34000000-77eb34021000 rw-p 00000000 00:00 0 
77eb34021000-77eb38000000 ---p 00000000 00:00 0 
77eb3c000000-77eb3c021000 rw-p 00000000 00:00 0 
77eb3c021000-77eb40000000 ---p 00000000 00:00 0 
77eb40000000-77eb40021000 rw-p 00000000 00:00 0 
77eb40021000-77eb44000000 ---p 00000000 00:00 0 
77eb48000000-77eb48021000 rw-p 00000000 00:00 0 
77eb48021000-77eb4c000000 ---p 00000000 00:00 0 
77eb4c000000-77eb4c021000 rw-p 00000000 00:00 0 
77eb4c021000-77eb50000000 ---p 00000000 00:00 0 
77eb54000000-77eb54224000 rw-p 00000000 00:00 0 
77eb54224000-77eb58000000 ---p 00000000 00:00 0 
77eb58000000-77eb581c5000 rw-p 00000000 00:00 0 
77eb581c5000-77eb5c000000 ---p 00000000 00:00 0 
77eb60000000-77eb60021000 rw-p 00000000 00:00 0 
77eb60021000-77eb64000000 ---p 00000000 00:00 0 
77eb64000000-77eb64326000 rw-p 00000000 00:00 0 
77eb64326000-77eb68000000 ---p 00000000 00:00 0 
77eb6c000000-77eb6c021000 rw-p 00000000 00:00 0 
77eb6c021000-77eb70000000 ---p 00000000 00:00 0 
77eb70000000-77eb70021000 rw-p 00000000 00:00 0 
77eb70021000-77eb74000000 ---p 00000000 00:00 0 
77eb78000000-77eb78021000 rw-p 00000000 00:00 0 
77eb78021000-77eb7c000000 ---p 00000000 00:00 0 
77eb7c000000-77eb7c021000 rw-p 00000000 00:00 0 
77eb7c021000-77eb80000000 ---p 00000000 00:00 0 
77eb84000000-77eb84021000 rw-p 00000000 00:00 0 
77eb84021000-77eb88000000 ---p 00000000 00:00 0 
77eb88000000-77eb88021000 rw-p 00000000 00:00 0 
77eb88021000-77eb8c000000 ---p 00000000 00:00 0 
77eb90000000-77eb903f0000 rw-p 00000000 00:00 0 
77eb903f0000-77eb904f0000 rw-p 00000000 00:00 0 
77eb904f0000-77eb906f0000 rw-p 00000000 00:00 0 
77eb906f0000-77eb907f0000 rw-p 00000000 00:00 0 
77eb907f0000-77eb90b70000 rw-p 00000000 00:00 0 
77eb90b70000-77eb90cf0000 rw-p 00000000 00:00 0 
77eb90cf0000-77eb90d80000 rw-p 00000000 00:00 0 
77eb90d80000-77eb90e00000 ---p 00000000 00:00 0 
77eb90e00000-77eb91290000 rw-p 00000000 00:00 0 
77eb91290000-77eb94000000 ---p 00000000 00:00 0 
77eb94000000-77eb94021000 rw-p 00000000 00:00 0 
77eb94021000-77eb98000000 ---p 00000000 00:00 0 
77eb9a000000-77eb9ad8e000 rw-p 00001000 08:08 38066                      /home/antonio/.jdks/openjdk-23/lib/server/classes.jsa
77eb9ad8e000-77eb9b000000 ---p 00000000 00:00 0 
77eb9b000000-77eb9b010000 rw-p 00000000 00:00 0 
77eb9b010000-77eb9b030000 rw-p 00000000 00:00 0 
77eb9b030000-77eb9b0b0000 rw-p 00000000 00:00 0 
77eb9b0b0000-77eb9b0f0000 rw-p 00000000 00:00 0 
77eb9b0f0000-77eb9b1b0000 rw-p 00000000 00:00 0 
77eb9b1b0000-77eb9b1f0000 rw-p 00000000 00:00 0 
77eb9b1f0000-77eb9b2e0000 rw-p 00000000 00:00 0 
77eb9b2e0000-77ebdb000000 ---p 00000000 00:00 0 
77ebdc000000-77ebdc021000 rw-p 00000000 00:00 0 
77ebdc021000-77ebe0000000 ---p 00000000 00:00 0 
77ebe0000000-77ebe0021000 rw-p 00000000 00:00 0 
77ebe0021000-77ebe4000000 ---p 00000000 00:00 0 
77ebe8000000-77ebe8021000 rw-p 00000000 00:00 0 
77ebe8021000-77ebec000000 ---p 00000000 00:00 0 
77ebec000000-77ebec021000 rw-p 00000000 00:00 0 
77ebec021000-77ebf0000000 ---p 00000000 00:00 0 
77ebf0c00000-77ebf0ec8000 rw-p 00000000 00:00 0 
77ebf1087000-77ebf11fd000 rw-p 00000000 00:00 0 
77ebf11fd000-77ebf1201000 ---p 00000000 00:00 0 
77ebf1201000-77ebf12fd000 rw-p 00000000 00:00 0 
77ebf12fd000-77ebf1301000 ---p 00000000 00:00 0 
77ebf1301000-77ebf13fd000 rw-p 00000000 00:00 0 
77ebf13fd000-77ebf13fe000 ---p 00000000 00:00 0 
77ebf13fe000-77ebf14fe000 rw-p 00000000 00:00 0 
77ebf14fe000-77ebf1502000 ---p 00000000 00:00 0 
77ebf1502000-77ebf15fe000 rw-p 00000000 00:00 0 
77ebf15fe000-77ebf1602000 ---p 00000000 00:00 0 
77ebf1602000-77ebf16fe000 rw-p 00000000 00:00 0 
77ebf16fe000-77ebf1702000 ---p 00000000 00:00 0 
77ebf1702000-77ebf17fe000 rw-p 00000000 00:00 0 
77ebf17fe000-77ebf1802000 ---p 00000000 00:00 0 
77ebf1802000-77ebf18fe000 rw-p 00000000 00:00 0 
77ebf18fe000-77ebf18ff000 ---p 00000000 00:00 0 
77ebf18ff000-77ebf19ff000 rw-p 00000000 00:00 0 
77ebf19ff000-77ebf1a00000 ---p 00000000 00:00 0 
77ebf1a00000-77ebf1b00000 rw-p 00000000 00:00 0 
77ebf1b00000-77ebf1b04000 ---p 00000000 00:00 0 
77ebf1b04000-77ebf1c00000 rw-p 00000000 00:00 0 
77ebf1c00000-77ebf1c04000 ---p 00000000 00:00 0 
77ebf1c04000-77ebf1d00000 rw-p 00000000 00:00 0 
77ebf1d00000-77ebf1d04000 ---p 00000000 00:00 0 
77ebf1d04000-77ebf1e00000 rw-p 00000000 00:00 0 
77ebf1e00000-77ebf1e04000 ---p 00000000 00:00 0 
77ebf1e04000-77ebf1f00000 rw-p 00000000 00:00 0 
77ebf1f00000-77ebf1f04000 ---p 00000000 00:00 0 
77ebf1f04000-77ebf2000000 rw-p 00000000 00:00 0 
77ebf2000000-77ebf4000000 rw-p 00000000 00:00 0 
77ebf4000000-77ebf4021000 rw-p 00000000 00:00 0 
77ebf4021000-77ebf8000000 ---p 00000000 00:00 0 
77ebf8000000-77ebf8004000 ---p 00000000 00:00 0 
77ebf8004000-77ebf8100000 rw-p 00000000 00:00 0 
77ebf8100000-77ebf8104000 ---p 00000000 00:00 0 
77ebf8104000-77ebf8200000 rw-p 00000000 00:00 0 
77ebf8200000-77ebf8204000 ---p 00000000 00:00 0 
77ebf8204000-77ebf8300000 rw-p 00000000 00:00 0 
77ebf8300000-77ebf8304000 ---p 00000000 00:00 0 
77ebf8304000-77ebf8400000 rw-p 00000000 00:00 0 
77ebf8400000-77ebf8404000 ---p 00000000 00:00 0 
77ebf8404000-77ebf8500000 rw-p 00000000 00:00 0 
77ebf8500000-77ebf8504000 ---p 00000000 00:00 0 
77ebf8504000-77ebf8600000 rw-p 00000000 00:00 0 
77ebf8600000-77ebf8df0000 r--p 00000000 08:08 6955093                    /usr/lib/locale/locale-archive
77ebf8df7000-77ebf8dfb000 ---p 00000000 00:00 0 
77ebf8dfb000-77ebf8ef7000 rw-p 00000000 00:00 0 
77ebf8ef7000-77ebf8ef8000 ---p 00000000 00:00 0 
77ebf8ef8000-77ebf8ff8000 rw-p 00000000 00:00 0 
77ebf8ff8000-77ebf8ff9000 ---p 00000000 00:00 0 
77ebf8ff9000-77ebf90f9000 rw-p 00000000 00:00 0 
77ebf90f9000-77ebf90fa000 ---p 00000000 00:00 0 
77ebf90fa000-77ebf91fa000 rw-p 00000000 00:00 0 
77ebf91fa000-77ebf91fb000 ---p 00000000 00:00 0 
77ebf91fb000-77ebf92fb000 rw-p 00000000 00:00 0 
77ebf92fb000-77ebf96ff000 rw-p 00000000 00:00 0 
77ebf96ff000-77ebf9700000 ---p 00000000 00:00 0 
77ebf9700000-77ebf9800000 rw-p 00000000 00:00 0 
77ebf9800000-77ebf99f0000 rw-p 00000000 00:00 0 
77ebf99f0000-77ebfb690000 ---p 00000000 00:00 0 
77ebfb690000-77ebfb698000 rw-p 00000000 00:00 0 
77ebfb6ff000-77ebfb700000 ---p 00000000 00:00 0 
77ebfb700000-77ebfb800000 rw-p 00000000 00:00 0 
77ebfb800000-77ec03fa3000 r--s 00000000 08:08 38059                      /home/antonio/.jdks/openjdk-23/lib/modules
77ec04000000-77ec049ed000 rw-p 00000000 00:00 0 
77ec049ed000-77ec08000000 ---p 00000000 00:00 0 
77ec0807e000-77ec080ff000 rw-p 00000000 00:00 0 
77ec080ff000-77ec08100000 ---p 00000000 00:00 0 
77ec08100000-77ec08200000 rw-p 00000000 00:00 0 
77ec08200000-77ec0823e000 rw-p 00000000 00:00 0 
77ec0823e000-77ec085d2000 ---p 00000000 00:00 0 
77ec085d2000-77ec085d3000 rw-p 00000000 00:00 0 
77ec08600000-77ec0863e000 rw-p 00000000 00:00 0 
77ec0863e000-77ec089d2000 ---p 00000000 00:00 0 
77ec089d2000-77ec089d3000 rw-p 00000000 00:00 0 
77ec089fc000-77ec08e00000 rw-p 00000000 00:00 0 
77ec08e00000-77ec09400000 rwxp 00000000 00:00 0 
77ec09400000-77ec0be00000 ---p 00000000 00:00 0 
77ec0be05000-77ec0be06000 r--p 00000000 08:08 6958661                    /usr/lib/x86_64-linux-gnu/libnss_mdns4_minimal.so.2
77ec0be06000-77ec0be08000 r-xp 00001000 08:08 6958661                    /usr/lib/x86_64-linux-gnu/libnss_mdns4_minimal.so.2
77ec0be08000-77ec0be09000 r--p 00003000 08:08 6958661                    /usr/lib/x86_64-linux-gnu/libnss_mdns4_minimal.so.2
77ec0be09000-77ec0be0a000 r--p 00003000 08:08 6958661                    /usr/lib/x86_64-linux-gnu/libnss_mdns4_minimal.so.2
77ec0be0a000-77ec0be0b000 rw-p 00004000 08:08 6958661                    /usr/lib/x86_64-linux-gnu/libnss_mdns4_minimal.so.2
77ec0be1a000-77ec0be21000 r--s 00000000 08:08 7103195                    /usr/lib/x86_64-linux-gnu/gconv/gconv-modules.cache
77ec0be21000-77ec0be26000 r-xp 00000000 08:08 38046                      /home/antonio/.jdks/openjdk-23/lib/libmanagement_ext.so
77ec0be26000-77ec0be27000 ---p 00005000 08:08 38046                      /home/antonio/.jdks/openjdk-23/lib/libmanagement_ext.so
77ec0be27000-77ec0be28000 r--p 00005000 08:08 38046                      /home/antonio/.jdks/openjdk-23/lib/libmanagement_ext.so
77ec0be28000-77ec0be29000 rw-p 00006000 08:08 38046                      /home/antonio/.jdks/openjdk-23/lib/libmanagement_ext.so
77ec0be29000-77ec0be3c000 r-xp 00000000 08:08 38049                      /home/antonio/.jdks/openjdk-23/lib/libnio.so
77ec0be3c000-77ec0be3d000 ---p 00013000 08:08 38049                      /home/antonio/.jdks/openjdk-23/lib/libnio.so
77ec0be3d000-77ec0be3e000 r--p 00013000 08:08 38049                      /home/antonio/.jdks/openjdk-23/lib/libnio.so
77ec0be3e000-77ec0be3f000 rw-p 00014000 08:08 38049                      /home/antonio/.jdks/openjdk-23/lib/libnio.so
77ec0be3f000-77ec0be64000 r--p 00000000 08:08 7499311                    /usr/share/locale-langpack/fr/LC_MESSAGES/libc.mo
77ec0be64000-77ec0bf00000 rw-p 00000000 00:00 0 
77ec0bf00000-77ec0bf04000 ---p 00000000 00:00 0 
77ec0bf04000-77ec0c000000 rw-p 00000000 00:00 0 
77ec0c000000-77ec0d32f000 r-xp 00000000 08:08 38069                      /home/antonio/.jdks/openjdk-23/lib/server/libjvm.so
77ec0d32f000-77ec0d330000 ---p 0132f000 08:08 38069                      /home/antonio/.jdks/openjdk-23/lib/server/libjvm.so
77ec0d330000-77ec0d400000 r--p 0132f000 08:08 38069                      /home/antonio/.jdks/openjdk-23/lib/server/libjvm.so
77ec0d400000-77ec0d42e000 rw-p 013ff000 08:08 38069                      /home/antonio/.jdks/openjdk-23/lib/server/libjvm.so
77ec0d42e000-77ec0d4a4000 rw-p 00000000 00:00 0 
77ec0d4a5000-77ec0d4a9000 r-xp 00000000 08:08 38044                      /home/antonio/.jdks/openjdk-23/lib/libmanagement.so
77ec0d4a9000-77ec0d4aa000 r--p 00003000 08:08 38044                      /home/antonio/.jdks/openjdk-23/lib/libmanagement.so
77ec0d4aa000-77ec0d4ab000 rw-p 00004000 08:08 38044                      /home/antonio/.jdks/openjdk-23/lib/libmanagement.so
77ec0d4ab000-77ec0d4b6000 r-xp 00000000 08:08 38048                      /home/antonio/.jdks/openjdk-23/lib/libnet.so
77ec0d4b6000-77ec0d4b7000 ---p 0000b000 08:08 38048                      /home/antonio/.jdks/openjdk-23/lib/libnet.so
77ec0d4b7000-77ec0d4b8000 r--p 0000b000 08:08 38048                      /home/antonio/.jdks/openjdk-23/lib/libnet.so
77ec0d4b8000-77ec0d4b9000 rw-p 0000c000 08:08 38048                      /home/antonio/.jdks/openjdk-23/lib/libnet.so
77ec0d4b9000-77ec0d4c5000 rw-p 00000000 00:00 0 
77ec0d4c5000-77ec0d519000 ---p 00000000 00:00 0 
77ec0d519000-77ec0d527000 r--p 00000000 08:08 6949031                    /usr/lib/x86_64-linux-gnu/libm.so.6
77ec0d527000-77ec0d5a3000 r-xp 0000e000 08:08 6949031                    /usr/lib/x86_64-linux-gnu/libm.so.6
77ec0d5a3000-77ec0d5fe000 r--p 0008a000 08:08 6949031                    /usr/lib/x86_64-linux-gnu/libm.so.6
77ec0d5fe000-77ec0d5ff000 r--p 000e4000 08:08 6949031                    /usr/lib/x86_64-linux-gnu/libm.so.6
77ec0d5ff000-77ec0d600000 rw-p 000e5000 08:08 6949031                    /usr/lib/x86_64-linux-gnu/libm.so.6
77ec0d600000-77ec0d628000 r--p 00000000 08:08 6949005                    /usr/lib/x86_64-linux-gnu/libc.so.6
77ec0d628000-77ec0d7bd000 r-xp 00028000 08:08 6949005                    /usr/lib/x86_64-linux-gnu/libc.so.6
77ec0d7bd000-77ec0d815000 r--p 001bd000 08:08 6949005                    /usr/lib/x86_64-linux-gnu/libc.so.6
77ec0d815000-77ec0d816000 ---p 00215000 08:08 6949005                    /usr/lib/x86_64-linux-gnu/libc.so.6
77ec0d816000-77ec0d81a000 r--p 00215000 08:08 6949005                    /usr/lib/x86_64-linux-gnu/libc.so.6
77ec0d81a000-77ec0d81c000 rw-p 00219000 08:08 6949005                    /usr/lib/x86_64-linux-gnu/libc.so.6
77ec0d81c000-77ec0d829000 rw-p 00000000 00:00 0 
77ec0d829000-77ec0d82b000 r-xp 00000000 08:08 38027                      /home/antonio/.jdks/openjdk-23/lib/libextnet.so
77ec0d82b000-77ec0d82c000 r--p 00001000 08:08 38027                      /home/antonio/.jdks/openjdk-23/lib/libextnet.so
77ec0d82c000-77ec0d82d000 rw-p 00002000 08:08 38027                      /home/antonio/.jdks/openjdk-23/lib/libextnet.so
77ec0d82d000-77ec0d834000 r-xp 00000000 08:08 38058                      /home/antonio/.jdks/openjdk-23/lib/libzip.so
77ec0d834000-77ec0d835000 ---p 00007000 08:08 38058                      /home/antonio/.jdks/openjdk-23/lib/libzip.so
77ec0d835000-77ec0d836000 r--p 00007000 08:08 38058                      /home/antonio/.jdks/openjdk-23/lib/libzip.so
77ec0d836000-77ec0d837000 rw-p 00008000 08:08 38058                      /home/antonio/.jdks/openjdk-23/lib/libzip.so
77ec0d837000-77ec0d879000 rw-p 00000000 00:00 0 
77ec0d879000-77ec0d898000 r-xp 00000000 08:08 38034                      /home/antonio/.jdks/openjdk-23/lib/libjava.so
77ec0d898000-77ec0d899000 ---p 0001f000 08:08 38034                      /home/antonio/.jdks/openjdk-23/lib/libjava.so
77ec0d899000-77ec0d89a000 r--p 0001f000 08:08 38034                      /home/antonio/.jdks/openjdk-23/lib/libjava.so
77ec0d89a000-77ec0d89b000 rw-p 00020000 08:08 38034                      /home/antonio/.jdks/openjdk-23/lib/libjava.so
77ec0d89b000-77ec0d89c000 rw-p 00000000 00:00 0 
77ec0d89c000-77ec0d8ba000 r-xp 00000000 08:08 38038                      /home/antonio/.jdks/openjdk-23/lib/libjimage.so
77ec0d8ba000-77ec0d8bc000 r--p 0001d000 08:08 38038                      /home/antonio/.jdks/openjdk-23/lib/libjimage.so
77ec0d8bc000-77ec0d8bd000 rw-p 0001f000 08:08 38038                      /home/antonio/.jdks/openjdk-23/lib/libjimage.so
77ec0d8bd000-77ec0d8be000 r--p 00000000 08:08 6949124                    /usr/lib/x86_64-linux-gnu/librt.so.1
77ec0d8be000-77ec0d8bf000 r-xp 00001000 08:08 6949124                    /usr/lib/x86_64-linux-gnu/librt.so.1
77ec0d8bf000-77ec0d8c0000 r--p 00002000 08:08 6949124                    /usr/lib/x86_64-linux-gnu/librt.so.1
77ec0d8c0000-77ec0d8c1000 r--p 00002000 08:08 6949124                    /usr/lib/x86_64-linux-gnu/librt.so.1
77ec0d8c1000-77ec0d8c2000 rw-p 00003000 08:08 6949124                    /usr/lib/x86_64-linux-gnu/librt.so.1
77ec0d8c2000-77ec0d8c6000 rw-p 00000000 00:00 0 
77ec0d8c6000-77ec0d8c7000 r--p 00000000 08:08 6949096                    /usr/lib/x86_64-linux-gnu/libpthread.so.0
77ec0d8c7000-77ec0d8c8000 r-xp 00001000 08:08 6949096                    /usr/lib/x86_64-linux-gnu/libpthread.so.0
77ec0d8c8000-77ec0d8c9000 r--p 00002000 08:08 6949096                    /usr/lib/x86_64-linux-gnu/libpthread.so.0
77ec0d8c9000-77ec0d8ca000 r--p 00002000 08:08 6949096                    /usr/lib/x86_64-linux-gnu/libpthread.so.0
77ec0d8ca000-77ec0d8cb000 rw-p 00003000 08:08 6949096                    /usr/lib/x86_64-linux-gnu/libpthread.so.0
77ec0d8cb000-77ec0d8cc000 r--p 00000000 08:08 6949016                    /usr/lib/x86_64-linux-gnu/libdl.so.2
77ec0d8cc000-77ec0d8cd000 r-xp 00001000 08:08 6949016                    /usr/lib/x86_64-linux-gnu/libdl.so.2
77ec0d8cd000-77ec0d8ce000 r--p 00002000 08:08 6949016                    /usr/lib/x86_64-linux-gnu/libdl.so.2
77ec0d8ce000-77ec0d8cf000 r--p 00002000 08:08 6949016                    /usr/lib/x86_64-linux-gnu/libdl.so.2
77ec0d8cf000-77ec0d8d0000 rw-p 00003000 08:08 6949016                    /usr/lib/x86_64-linux-gnu/libdl.so.2
77ec0d8d0000-77ec0d8d2000 r--p 00000000 08:08 6959238                    /usr/lib/x86_64-linux-gnu/libz.so.1.2.11
77ec0d8d2000-77ec0d8e3000 r-xp 00002000 08:08 6959238                    /usr/lib/x86_64-linux-gnu/libz.so.1.2.11
77ec0d8e3000-77ec0d8e9000 r--p 00013000 08:08 6959238                    /usr/lib/x86_64-linux-gnu/libz.so.1.2.11
77ec0d8e9000-77ec0d8ea000 ---p 00019000 08:08 6959238                    /usr/lib/x86_64-linux-gnu/libz.so.1.2.11
77ec0d8ea000-77ec0d8eb000 r--p 00019000 08:08 6959238                    /usr/lib/x86_64-linux-gnu/libz.so.1.2.11
77ec0d8eb000-77ec0d8ec000 rw-p 0001a000 08:08 6959238                    /usr/lib/x86_64-linux-gnu/libz.so.1.2.11
77ec0d8ec000-77ec0d8f4000 rw-s 00000000 08:08 5112113                    /tmp/hsperfdata_antonio/30621
77ec0d8f4000-77ec0d8fe000 r-xp 00000000 08:08 38029                      /home/antonio/.jdks/openjdk-23/lib/libinstrument.so
77ec0d8fe000-77ec0d8ff000 r--p 00009000 08:08 38029                      /home/antonio/.jdks/openjdk-23/lib/libinstrument.so
77ec0d8ff000-77ec0d900000 rw-p 0000a000 08:08 38029                      /home/antonio/.jdks/openjdk-23/lib/libinstrument.so
77ec0d900000-77ec0d901000 ---p 00000000 00:00 0 
77ec0d901000-77ec0d902000 r--p 00000000 00:00 0 
77ec0d902000-77ec0d911000 r-xp 00000000 08:08 38039                      /home/antonio/.jdks/openjdk-23/lib/libjli.so
77ec0d911000-77ec0d912000 r--p 0000e000 08:08 38039                      /home/antonio/.jdks/openjdk-23/lib/libjli.so
77ec0d912000-77ec0d913000 rw-p 0000f000 08:08 38039                      /home/antonio/.jdks/openjdk-23/lib/libjli.so
77ec0d913000-77ec0d915000 rw-p 00000000 00:00 0 
77ec0d915000-77ec0d917000 r--p 00000000 08:08 6948975                    /usr/lib/x86_64-linux-gnu/ld-linux-x86-64.so.2
77ec0d917000-77ec0d941000 r-xp 00002000 08:08 6948975                    /usr/lib/x86_64-linux-gnu/ld-linux-x86-64.so.2
77ec0d941000-77ec0d94c000 r--p 0002c000 08:08 6948975                    /usr/lib/x86_64-linux-gnu/ld-linux-x86-64.so.2
77ec0d94c000-77ec0d94d000 ---p 00000000 00:00 0 
77ec0d94d000-77ec0d94f000 r--p 00037000 08:08 6948975                    /usr/lib/x86_64-linux-gnu/ld-linux-x86-64.so.2
77ec0d94f000-77ec0d951000 rw-p 00039000 08:08 6948975                    /usr/lib/x86_64-linux-gnu/ld-linux-x86-64.so.2
7fffde726000-7fffde749000 rw-p 00000000 00:00 0                          [stack]
7fffde776000-7fffde77a000 r--p 00000000 00:00 0                          [vvar]
7fffde77a000-7fffde77c000 r-xp 00000000 00:00 0                          [vdso]
ffffffffff600000-ffffffffff601000 --xp 00000000 00:00 0                  [vsyscall]
Total number of mappings: 263


VM Arguments:
jvm_args: -XX:TieredStopAtLevel=1 -Dspring.output.ansi.enabled=always -Dcom.sun.management.jmxremote -Dspring.jmx.enabled=true -Dspring.liveBeansView.mbeanDomain -Dspring.application.admin.enabled=true -Dmanagement.endpoints.jmx.exposure.include=* -javaagent:/snap/intellij-idea-ultimate/532/lib/idea_rt.jar=46827:/snap/intellij-idea-ultimate/532/bin -Dfile.encoding=UTF-8 -Dsun.stdout.encoding=UTF-8 -Dsun.stderr.encoding=UTF-8 
java_command: com.example.gestiondigitalisation.GestionDigitalisationApplication
java_class_path (initial): /home/antonio/IdeaProjects/gestionDigitalisation/target/classes:/home/antonio/.m2/repository/org/springframework/boot/spring-boot-starter-security/3.3.3/spring-boot-starter-security-3.3.3.jar:/home/antonio/.m2/repository/org/springframework/boot/spring-boot-starter/3.3.3/spring-boot-starter-3.3.3.jar:/home/antonio/.m2/repository/org/springframework/boot/spring-boot/3.3.3/spring-boot-3.3.3.jar:/home/antonio/.m2/repository/org/springframework/boot/spring-boot-autoconfigure/3.3.3/spring-boot-autoconfigure-3.3.3.jar:/home/antonio/.m2/repository/org/springframework/boot/spring-boot-starter-logging/3.3.3/spring-boot-starter-logging-3.3.3.jar:/home/antonio/.m2/repository/ch/qos/logback/logback-classic/1.5.7/logback-classic-1.5.7.jar:/home/antonio/.m2/repository/ch/qos/logback/logback-core/1.5.7/logback-core-1.5.7.jar:/home/antonio/.m2/repository/org/apache/logging/log4j/log4j-to-slf4j/2.23.1/log4j-to-slf4j-2.23.1.jar:/home/antonio/.m2/repository/org/apache/logging/log4j/log4j-api/2.23.1/log4j-api-2.23.1.jar:/home/antonio/.m2/repository/org/slf4j/jul-to-slf4j/2.0.16/jul-to-slf4j-2.0.16.jar:/home/antonio/.m2/repository/jakarta/annotation/jakarta.annotation-api/2.1.1/jakarta.annotation-api-2.1.1.jar:/home/antonio/.m2/repository/org/yaml/snakeyaml/2.2/snakeyaml-2.2.jar:/home/antonio/.m2/repository/org/springframework/spring-aop/6.1.12/spring-aop-6.1.12.jar:/home/antonio/.m2/repository/org/springframework/spring-beans/6.1.12/spring-beans-6.1.12.jar:/home/antonio/.m2/repository/org/springframework/security/spring-security-config/6.3.3/spring-security-config-6.3.3.jar:/home/antonio/.m2/repository/org/springframework/security/spring-security-core/6.3.3/spring-security-core-6.3.3.jar:/home/antonio/.m2/repository/org/springframework/security/spring-security-crypto/6.3.3/spring-security-crypto-6.3.3.jar:/home/antonio/.m2/repository/org/springframework/spring-context/6.1.12/spring-context-6.1.12.jar:/home/antonio/.m2/repository/org/springframework/security/spring-security-web/6.3.3/spring-security-web-6.3.3.jar:/home/antonio/.m2/repository/org/springframework/spring-expression/6.1.12/spring-expression-6.1.12.jar:/home/antonio/.m2/repository/org/projectlombok/lombok/1.18.34/lombok-1.18.34.jar:/home/antonio/.m2/repository/org/springframework/boot/spring-boot-starter-data-jpa/3.3.3/spring-boot-starter-data-jpa-3.3.3.jar:/home/antonio/.m2/repository/org/springframework/boot/spring-boot-starter-aop/3.3.3/spring-boot-starter-aop-3.3.3.jar:/home/antonio/.m2/repository/org/aspectj/aspectjweaver/1.9.22.1/aspectjweaver-1.9.22.1.jar:/home/antonio/.m2/repository/org/springframework/boot/spring-boot-starter-jdbc/3.3.3/spring-boot-starter-jdbc-3.3.3.jar:/home/antonio/.m2/repository/com/zaxxer/HikariCP/5.1.0/HikariCP-5.1.0.jar:/home/antonio/.m2/repository/org/springframework/spring-jdbc/6.1.12/spring-jdbc-6.1.12.jar:/home/antonio/.m2/repository/org/hibernate/orm/hibernate-core/6.5.2.Final/hibernate-core-6.5.2.Final.jar:/home/antonio/.m2/repository/jakarta/persistence/jakarta.persistence-api/3.1.0/jakarta.persistence-api-3.1.0.jar:/home/antonio/.m2/repository/jakarta/transaction/jakarta.transaction-api/2.0.1/jakarta.transaction-api-2.0.1.jar:/home/antonio/.m2/repository/org/jboss/logging/jboss-logging/3.5.3.Final/jboss-logging-3.5.3.Final.jar:/home/antonio/.m2/repository/org/hibernate/common/hibernate-commons-annotations/6.0.6.Final/hibernate-commons-annotations-6.0.6.Final.jar:/home/antonio/.m2/repository/io/smallrye/jandex/3.1.2/jandex-3.1.2.jar:/home/antonio/.m2/repository/com/fasterxml/classmate/1.7.0/classmate-1.7.0.jar:/home/antonio/.m2/repository/net/bytebuddy/byte-buddy/1.14.19/byte-buddy-1.14.19.jar:/home/antonio/.m2/repository/org/glassfish/jaxb/jaxb-runtime/4.0.5/jaxb-runtime-4.0.5.jar:/home/antonio/.m2/repository/org/glassfish/jaxb/jaxb-core/4.0.5/jaxb-core-4.0.5.jar:/home/antonio/.m2/repository/org/glassfish/jaxb/txw2/4.0.5/txw2-4.0.5.jar:/home/antonio/.m2/repository/com/sun/istack/istack-commons-runtime/4.1.2/istack-commons-runtime-4.1.2.jar:/home/antonio/.m2/repository/jakarta/inject/jakarta.inject-api/2.0.1/jakarta.inject-api-2.0.1.jar:/home/antonio/.m2/repository/org/antlr/antlr4-runtime/4.13.0/antlr4-runtime-4.13.0.jar:/home/antonio/.m2/repository/org/springframework/data/spring-data-jpa/3.3.3/spring-data-jpa-3.3.3.jar:/home/antonio/.m2/repository/org/springframework/data/spring-data-commons/3.3.3/spring-data-commons-3.3.3.jar:/home/antonio/.m2/repository/org/springframework/spring-orm/6.1.12/spring-orm-6.1.12.jar:/home/antonio/.m2/repository/org/springframework/spring-tx/6.1.12/spring-tx-6.1.12.jar:/home/antonio/.m2/repository/org/slf4j/slf4j-api/2.0.16/slf4j-api-2.0.16.jar:/home/antonio/.m2/repository/org/springframework/spring-aspects/6.1.12/spring-aspects-6.1.12.jar:/home/antonio/.m2/repository/org/springframework/boot/spring-boot-starter-mail/3.3.3/spring-boot-starter-mail-3.3.3.jar:/home/antonio/.m2/repository/org/springframework/spring-context-support/6.1.12/spring-context-support-6.1.12.jar:/home/antonio/.m2/repository/org/eclipse/angus/jakarta.mail/2.0.3/jakarta.mail-2.0.3.jar:/home/antonio/.m2/repository/jakarta/activation/jakarta.activation-api/2.1.3/jakarta.activation-api-2.1.3.jar:/home/antonio/.m2/repository/org/eclipse/angus/angus-activation/2.0.2/angus-activation-2.0.2.jar:/home/antonio/.m2/repository/org/springframework/boot/spring-boot-starter-web/3.3.3/spring-boot-starter-web-3.3.3.jar:/home/antonio/.m2/repository/org/springframework/boot/spring-boot-starter-json/3.3.3/spring-boot-starter-json-3.3.3.jar:/home/antonio/.m2/repository/com/fasterxml/jackson/datatype/jackson-datatype-jdk8/2.17.2/jackson-datatype-jdk8-2.17.2.jar:/home/antonio/.m2/repository/com/fasterxml/jackson/datatype/jackson-datatype-jsr310/2.17.2/jackson-datatype-jsr310-2.17.2.jar:/home/antonio/.m2/repository/com/fasterxml/jackson/module/jackson-module-parameter-names/2.17.2/jackson-module-parameter-names-2.17.2.jar:/home/antonio/.m2/repository/org/springframework/boot/spring-boot-starter-tomcat/3.3.3/spring-boot-starter-tomcat-3.3.3.jar:/home/antonio/.m2/repository/org/apache/tomcat/embed/tomcat-embed-core/10.1.28/tomcat-embed-core-10.1.28.jar:/home/antonio/.m2/repository/org/apache/tomcat/embed/tomcat-embed-el/10.1.28/tomcat-embed-el-10.1.28.jar:/home/antonio/.m2/repository/org/apache/tomcat/embed/tomcat-embed-websocket/10.1.28/tomcat-embed-websocket-10.1.28.jar:/home/antonio/.m2/repository/org/springframework/spring-web/6.1.12/spring-web-6.1.12.jar:/home/antonio/.m2/repository/io/micrometer/micrometer-observation/1.13.3/micrometer-observation-1.13.3.jar:/home/antonio/.m2/repository/io/micrometer/micrometer-commons/1.13.3/micrometer-commons-1.13.3.jar:/home/antonio/.m2/repository/org/springframework/spring-webmvc/6.1.12/spring-webmvc-6.1.12.jar:/home/antonio/.m2/repository/io/jsonwebtoken/jjwt-api/0.11.5/jjwt-api-0.11.5.jar:/home/antonio/.m2/repository/io/jsonwebtoken/jjwt-impl/0.11.5/jjwt-impl-0.11.5.jar:/home/antonio/.m2/repository/io/jsonwebtoken/jjwt-jackson/0.11.5/jjwt-jackson-0.11.5.jar:/home/antonio/.m2/repository/com/fasterxml/jackson/core/jackson-databind/2.17.2/jackson-databind-2.17.2.jar:/home/antonio/.m2/repository/com/fasterxml/jackson/core/jackson-annotations/2.17.2/jackson-annotations-2.17.2.jar:/home/antonio/.m2/repository/com/fasterxml/jackson/core/jackson-core/2.17.2/jackson-core-2.17.2.jar:/home/antonio/.m2/repository/org/postgresql/postgresql/42.7.3/postgresql-42.7.3.jar:/home/antonio/.m2/repository/org/checkerframework/checker-qual/3.42.0/checker-qual-3.42.0.jar:/home/antonio/.m2/repository/com/github/librepdf/openpdf/1.3.8/openpdf-1.3.8.jar:/home/antonio/.m2/repository/com/github/albfernandez/juniversalchardet/2.3.0/juniversalchardet-2.3.0.jar:/home/antonio/.m2/repository/jakarta/xml/bind/jakarta.xml.bind-api/4.0.2/jakarta.xml.bind-api-4.0.2.jar:/home/antonio/.m2/repository/org/springframework/spring-core/6.1.12/spring-core-6.1.12.jar:/home/antonio/.m2/repository/org/springframework/spring-jcl/6.1.12/spring-jcl-6.1.12.jar
Launcher Type: SUN_STANDARD

[Global flags]
     intx CICompilerCount                          = 3                                         {product} {ergonomic}
     uint ConcGCThreads                            = 1                                         {product} {ergonomic}
     uint G1ConcRefinementThreads                  = 4                                         {product} {ergonomic}
   size_t G1HeapRegionSize                         = 1048576                                   {product} {ergonomic}
   size_t InitialHeapSize                          = 130023424                                 {product} {ergonomic}
     bool ManagementServer                         = true                                      {product} {command line}
   size_t MarkStackSize                            = 4194304                                   {product} {ergonomic}
   size_t MarkStackSizeMax                         = 536870912                                 {product} {ergonomic}
   size_t MaxHeapSize                              = 2053111808                                {product} {ergonomic}
   size_t MaxNewSize                               = 1231028224                                {product} {ergonomic}
   size_t MinHeapDeltaBytes                        = 1048576                                   {product} {ergonomic}
   size_t MinHeapSize                              = 8388608                                   {product} {ergonomic}
    uintx NonNMethodCodeHeapSize                   = 4096                                   {pd product} {ergonomic}
    uintx NonProfiledCodeHeapSize                  = 0                                      {pd product} {ergonomic}
     bool ProfileInterpreter                       = false                                  {pd product} {command line}
    uintx ProfiledCodeHeapSize                     = 0                                      {pd product} {ergonomic}
   size_t SoftMaxHeapSize                          = 2053111808                             {manageable} {ergonomic}
     intx TieredStopAtLevel                        = 1                                         {product} {command line}
     bool UseCompressedOops                        = true                           {product lp64_product} {ergonomic}
     bool UseG1GC                                  = true                                      {product} {ergonomic}

Logging:
Log output configuration:
 #0: stdout all=warning uptime,level,tags foldmultilines=false
 #1: stderr all=off uptime,level,tags foldmultilines=false

Environment Variables:
PATH=/usr/local/sbin:/usr/local/bin:/usr/sbin:/usr/bin:/sbin:/bin:/usr/games:/usr/local/games:/snap/bin:/snap/bin
USERNAME=antonio
SHELL=/bin/bash
DISPLAY=:0
LANG=fr_FR.UTF-8

Active Locale:
LC_ALL=fr_FR.UTF-8
LC_COLLATE=fr_FR.UTF-8
LC_CTYPE=fr_FR.UTF-8
LC_MESSAGES=fr_FR.UTF-8
LC_MONETARY=fr_FR.UTF-8
LC_NUMERIC=fr_FR.UTF-8
LC_TIME=fr_FR.UTF-8

Signal Handlers:
   SIGSEGV: crash_handler in libjvm.so, mask=11100100010111111101111111111110, flags=SA_RESTART|SA_SIGINFO, unblocked
    SIGBUS: crash_handler in libjvm.so, mask=11100100010111111101111111111110, flags=SA_RESTART|SA_SIGINFO, unblocked
    SIGFPE: crash_handler in libjvm.so, mask=11100100010111111101111111111110, flags=SA_RESTART|SA_SIGINFO, unblocked
   SIGPIPE: javaSignalHandler in libjvm.so, mask=11100100010111111101111111111110, flags=SA_RESTART|SA_SIGINFO, blocked
   SIGXFSZ: javaSignalHandler in libjvm.so, mask=11100100010111111101111111111110, flags=SA_RESTART|SA_SIGINFO, blocked
    SIGILL: crash_handler in libjvm.so, mask=11100100010111111101111111111110, flags=SA_RESTART|SA_SIGINFO, unblocked
   SIGUSR2: SR_handler in libjvm.so, mask=00000000000000000000000000000000, flags=SA_RESTART|SA_SIGINFO, blocked
    SIGHUP: UserHandler in libjvm.so, mask=11100100010111111101111111111110, flags=SA_RESTART|SA_SIGINFO, blocked
    SIGINT: UserHandler in libjvm.so, mask=11100100010111111101111111111110, flags=SA_RESTART|SA_SIGINFO, blocked
   SIGTERM: UserHandler in libjvm.so, mask=11100100010111111101111111111110, flags=SA_RESTART|SA_SIGINFO, blocked
   SIGQUIT: UserHandler in libjvm.so, mask=11100100010111111101111111111110, flags=SA_RESTART|SA_SIGINFO, blocked
   SIGTRAP: crash_handler in libjvm.so, mask=11100100010111111101111111111110, flags=SA_RESTART|SA_SIGINFO, unblocked


Periodic native trim disabled

---------------  S Y S T E M  ---------------

OS:
DISTRIB_ID=Ubuntu
DISTRIB_RELEASE=22.04
DISTRIB_CODENAME=jammy
DISTRIB_DESCRIPTION="Ubuntu 22.04.3 LTS"
uname: Linux 6.8.0-45-generic #45~22.04.1-Ubuntu SMP PREEMPT_DYNAMIC Wed Sep 11 15:25:05 UTC 2 x86_64
OS uptime: 0 days 9:25 hours
libc: glibc 2.35 NPTL 2.35 
rlimit (soft/hard): STACK 8192k/infinity , CORE 0k/infinity , NPROC 31008/31008 , NOFILE 4096/4096 , AS infinity/infinity , CPU infinity/infinity , DATA infinity/infinity , FSIZE infinity/infinity , MEMLOCK 1002008k/1002008k
load average: 2,12 1,59 1,50

/proc/meminfo:
MemTotal:        8016076 kB
MemFree:          643540 kB
MemAvailable:    1534192 kB
Buffers:           36752 kB
Cached:          1374048 kB
SwapCached:        64076 kB
Active:          1971880 kB
Inactive:        4647524 kB
Active(anon):    1577404 kB
Inactive(anon):  3996776 kB
Active(file):     394476 kB
Inactive(file):   650748 kB
Unevictable:      129188 kB
Mlocked:              32 kB
SwapTotal:       2097148 kB
SwapFree:          14532 kB
Zswap:                 0 kB
Zswapped:              0 kB
Dirty:              1892 kB
Writeback:             0 kB
AnonPages:       5274992 kB
Mapped:           601552 kB
Shmem:            365576 kB
KReclaimable:     193872 kB
Slab:             417884 kB
SReclaimable:     193872 kB
SUnreclaim:       224012 kB
KernelStack:       19456 kB
PageTables:        86564 kB
SecPageTables:         0 kB
NFS_Unstable:          0 kB
Bounce:                0 kB
WritebackTmp:          0 kB
CommitLimit:     6105184 kB
Committed_AS:   21024124 kB
VmallocTotal:   34359738367 kB
VmallocUsed:       53840 kB
VmallocChunk:          0 kB
Percpu:             7648 kB
HardwareCorrupted:     0 kB
AnonHugePages:         0 kB
ShmemHugePages:        0 kB
ShmemPmdMapped:        0 kB
FileHugePages:         0 kB
FilePmdMapped:         0 kB
Unaccepted:            0 kB
HugePages_Total:       0
HugePages_Free:        0
HugePages_Rsvd:        0
HugePages_Surp:        0
Hugepagesize:       2048 kB
Hugetlb:               0 kB
DirectMap4k:      186052 kB
DirectMap2M:     8087552 kB

/sys/kernel/mm/transparent_hugepage/enabled: always [madvise] never
/sys/kernel/mm/transparent_hugepage/hpage_pmd_size: 2097152
/sys/kernel/mm/transparent_hugepage/shmem_enabled: always within_size advise [never] deny force
/sys/kernel/mm/transparent_hugepage/defrag (defrag/compaction efforts parameter): always defer defer+madvise [madvise] never

Process Memory:
Virtual Size: 5374284K (peak: 5374284K)
Resident Set Size: 139256K (peak: 139256K) (anon: 115712K, file: 23544K, shmem: 0K)
Swapped out: 0K
C-Heap outstanding allocations: 34417K, retained: 2870K
glibc malloc tunables: (default)

/proc/sys/kernel/threads-max (system-wide limit on the number of threads): 62017
/proc/sys/vm/max_map_count (maximum number of memory map areas a process may have): 65530
/proc/sys/vm/swappiness (control to define how aggressively the kernel swaps out anonymous memory): 60
/proc/sys/kernel/pid_max (system-wide limit on number of process identifiers): 4194304

container (cgroup) information:
container_type: cgroupv2
cpu_cpuset_cpus: not supported
cpu_memory_nodes: not supported
active_processor_count: 4
cpu_quota: not supported
cpu_period: not supported
cpu_shares: not supported
memory_limit_in_bytes: unlimited
memory_and_swap_limit_in_bytes: unlimited
memory_soft_limit_in_bytes: 0
memory_usage_in_bytes: 3031252 k
memory_max_usage_in_bytes: not supported
rss_usage_in_bytes: 2624148 k
cache_usage_in_bytes: 367216 k
memory_swap_current_in_bytes: 468416 k
memory_swap_max_limit_in_bytes: unlimited
maximum number of tasks: 9302
current number of tasks: 176

Steal ticks since vm start: 0
Steal ticks percentage since vm start:  0,000

CPU: total 4 (initial active 4) (2 cores per cpu, 2 threads per core) family 6 model 58 stepping 9 microcode 0x21, cx8, cmov, fxsr, ht, mmx, sse, sse2, sse3, ssse3, sse4.1, sse4.2, popcnt, tsc, tscinvbit, avx, aes, erms, clmul, vzeroupper, clflush, rdtscp, f16c
CPU Model and flags from /proc/cpuinfo:
model name	: Intel(R) Core(TM) i5-3210M CPU @ 2.50GHz
flags		: fpu vme de pse tsc msr pae mce cx8 apic sep mtrr pge mca cmov pat pse36 clflush dts acpi mmx fxsr sse sse2 ss ht tm pbe syscall nx rdtscp lm constant_tsc arch_perfmon pebs bts rep_good nopl xtopology nonstop_tsc cpuid aperfmperf pni pclmulqdq dtes64 monitor ds_cpl vmx est tm2 ssse3 cx16 xtpr pdcm pcid sse4_1 sse4_2 x2apic popcnt tsc_deadline_timer aes xsave avx f16c rdrand lahf_lm cpuid_fault epb pti ssbd ibrs ibpb stibp tpr_shadow flexpriority ept vpid fsgsbase smep erms xsaveopt dtherm ida arat pln pts vnmi md_clear flush_l1d

Online cpus: 0-3
Offline cpus: 4-7
BIOS frequency limitation: <Not Available>
Frequency switch latency (ns): 20000
Available cpu frequencies: <Not Available>
Current governor: schedutil
Core performance/turbo boost: <Not Available>

Memory: 4k page, physical 8016076k(1534192k free), swap 2097148k(14532k free)
Page Sizes: 4k

vm_info: OpenJDK 64-Bit Server VM (23+37-2369) for linux-amd64 JRE (23+37-2369), built on 2024-08-20T16:01:23Z with gcc 13.2.0

END.
